#
# There is insufficient memory for the Java Runtime Environment to continue.
# Native memory allocation (malloc) failed to allocate 221456 bytes for Chunk::new
# Possible reasons:
#   The system is out of physical RAM or swap space
#   The process is running with CompressedOops enabled, and the Java Heap may be blocking the growth of the native heap
# Possible solutions:
#   Reduce memory load on the system
#   Increase physical memory or swap space
#   Check if swap backing store is full
#   Decrease Java heap size (-Xmx/-Xms)
#   Decrease number of Java threads
#   Decrease Java thread stack sizes (-Xss)
#   Set larger code cache with -XX:ReservedCodeCacheSize=
#   JVM is running with Zero Based Compressed Oops mode in which the Java heap is
#     placed in the first 32GB address space. The Java Heap base address is the
#     maximum limit for the native heap growth. Please use -XX:HeapBaseMinAddress
#     to set the Java Heap base and to place the Java Heap above 32GB virtual address.
# This output file may be truncated or incomplete.
#
#  Out of Memory Error (./src/hotspot/share/memory/arena.cpp:197), pid=11260, tid=23204
#
# JRE version: OpenJDK Runtime Environment Corretto-11.0.8.10.1 (11.0.8+10) (build 11.0.8+10-LTS)
# Java VM: OpenJDK 64-Bit Server VM Corretto-11.0.8.10.1 (11.0.8+10-LTS, mixed mode, tiered, compressed oops, g1 gc, windows-amd64)
# No core dump will be written. Minidumps are not enabled by default on client versions of Windows
#

---------------  S U M M A R Y ------------

Command Line: -agentlib:jdwp=transport=dt_socket,address=127.0.0.1:53338,suspend=y,server=n -javaagent:C:\Users\robin\AppData\Local\JetBrains\IdeaIC2020.3\captureAgent\debugger-agent.jar -Dfile.encoding=UTF-8 nu.borjessons.clubhouse.ClubhouseApplication

Host: Intel(R) Core(TM) i7-7700HQ CPU @ 2.80GHz, 8 cores, 15G,  Windows 10 , 64 bit Build 19041 (10.0.19041.782)
Time: Wed Jan 27 21:01:40 2021 Västeuropa, normaltid elapsed time: 1 seconds (0d 0h 0m 1s)

---------------  T H R E A D  ---------------

Current thread (0x0000026566b70800):  JavaThread "C2 CompilerThread0" daemon [_thread_in_native, id=23204, stack(0x000000b584d00000,0x000000b584e00000)]


Current CompileTask:
C2:   1419 1476 % !   4       java.util.concurrent.ConcurrentHashMap::transfer @ 96 (828 bytes)

Stack: [0x000000b584d00000,0x000000b584e00000]
Native frames: (J=compiled Java code, j=interpreted, Vv=VM code, C=native code)
V  [jvm.dll+0x5dfc8a]
V  [jvm.dll+0x7179be]
V  [jvm.dll+0x71908f]
V  [jvm.dll+0x719753]
V  [jvm.dll+0x240e48]
V  [jvm.dll+0xb96ac]
V  [jvm.dll+0xb9dac]
V  [jvm.dll+0x2b0804]
V  [jvm.dll+0x5000c6]
V  [jvm.dll+0x1fc367]
V  [jvm.dll+0x1f99bf]
V  [jvm.dll+0x17e4ec]
V  [jvm.dll+0x208f27]
V  [jvm.dll+0x20710b]
V  [jvm.dll+0x6dc729]
V  [jvm.dll+0x6d57d4]
V  [jvm.dll+0x5debc6]
C  [ucrtbase.dll+0x21bb2]
C  [KERNEL32.DLL+0x17034]
C  [ntdll.dll+0x4d241]


---------------  P R O C E S S  ---------------

Threads class SMR info:
_java_thread_list=0x0000026567a83990, length=15, elements={
0x000002654075c800, 0x000002656626a800, 0x0000026566274000, 0x0000026566b6e800,
0x0000026566b6f800, 0x0000026566b70800, 0x0000026566b78000, 0x0000026566b7c800,
0x0000026566cf1800, 0x0000026566d18800, 0x0000026566e79800, 0x0000026566dd5800,
0x0000026566dd6800, 0x0000026567127800, 0x0000026567a84000
}

Java Threads: ( => current thread )
  0x000002654075c800 JavaThread "main" [_thread_blocked, id=16064, stack(0x000000b584200000,0x000000b584300000)]
  0x000002656626a800 JavaThread "Reference Handler" daemon [_thread_blocked, id=16968, stack(0x000000b584900000,0x000000b584a00000)]
  0x0000026566274000 JavaThread "Finalizer" daemon [_thread_blocked, id=11028, stack(0x000000b584a00000,0x000000b584b00000)]
  0x0000026566b6e800 JavaThread "Signal Dispatcher" daemon [_thread_blocked, id=2612, stack(0x000000b584b00000,0x000000b584c00000)]
  0x0000026566b6f800 JavaThread "Attach Listener" daemon [_thread_blocked, id=76, stack(0x000000b584c00000,0x000000b584d00000)]
=>0x0000026566b70800 JavaThread "C2 CompilerThread0" daemon [_thread_in_native, id=23204, stack(0x000000b584d00000,0x000000b584e00000)]
  0x0000026566b78000 JavaThread "C1 CompilerThread0" daemon [_thread_blocked, id=21096, stack(0x000000b584e00000,0x000000b584f00000)]
  0x0000026566b7c800 JavaThread "Sweeper thread" daemon [_thread_blocked, id=12100, stack(0x000000b584f00000,0x000000b585000000)]
  0x0000026566cf1800 JavaThread "Common-Cleaner" daemon [_thread_blocked, id=14564, stack(0x000000b585000000,0x000000b585100000)]
  0x0000026566d18800 JavaThread "C2 CompilerThread1" daemon [_thread_blocked, id=548, stack(0x000000b585100000,0x000000b585200000)]
  0x0000026566e79800 JavaThread "JDWP Transport Listener: dt_socket" daemon [_thread_blocked, id=19700, stack(0x000000b585200000,0x000000b585300000)]
  0x0000026566dd5800 JavaThread "JDWP Event Helper Thread" daemon [_thread_blocked, id=10776, stack(0x000000b585300000,0x000000b585400000)]
  0x0000026566dd6800 JavaThread "JDWP Command Reader" daemon [_thread_in_native, id=20872, stack(0x000000b585400000,0x000000b585500000)]
  0x0000026567127800 JavaThread "Service Thread" daemon [_thread_blocked, id=22952, stack(0x000000b585500000,0x000000b585600000)]
  0x0000026567a84000 JavaThread "background-preinit" [_thread_blocked, id=14056, stack(0x000000b585c00000,0x000000b585d00000)]

Other Threads:
  0x0000026566267800 VMThread "VM Thread" [stack: 0x000000b584800000,0x000000b584900000] [id=21540]
  0x0000026566e47000 WatcherThread [stack: 0x000000b585600000,0x000000b585700000] [id=23180]
  0x0000026540774000 GCTaskThread "GC Thread#0" [stack: 0x000000b584300000,0x000000b584400000] [id=13364]
  0x0000026567b1a000 GCTaskThread "GC Thread#1" [stack: 0x000000b585700000,0x000000b585800000] [id=21900]
  0x0000026567acd800 GCTaskThread "GC Thread#2" [stack: 0x000000b585800000,0x000000b585900000] [id=16252]
  0x0000026567ace800 GCTaskThread "GC Thread#3" [stack: 0x000000b585900000,0x000000b585a00000] [id=22340]
  0x0000026567acf000 GCTaskThread "GC Thread#4" [stack: 0x000000b585a00000,0x000000b585b00000] [id=7976]
  0x0000026567ad0000 GCTaskThread "GC Thread#5" [stack: 0x000000b585b00000,0x000000b585c00000] [id=17012]
  0x00000265407d4000 ConcurrentGCThread "G1 Main Marker" [stack: 0x000000b584400000,0x000000b584500000] [id=13652]
  0x00000265407d6800 ConcurrentGCThread "G1 Conc#0" [stack: 0x000000b584500000,0x000000b584600000] [id=17676]
  0x0000026567b02800 ConcurrentGCThread "G1 Conc#1" [stack: 0x000000b585d00000,0x000000b585e00000] [id=13772]
  0x000002656614b800 ConcurrentGCThread "G1 Refine#0" [stack: 0x000000b584600000,0x000000b584700000] [id=18820]
  0x000002656614d000 ConcurrentGCThread "G1 Young RemSet Sampling" [stack: 0x000000b584700000,0x000000b584800000] [id=22308]

Threads with active compile tasks:
C2 CompilerThread0   1440 1476 % !   4       java.util.concurrent.ConcurrentHashMap::transfer @ 96 (828 bytes)
C2 CompilerThread1   1440 1498       4       jdk.internal.org.objectweb.asm.Item::isEqualTo (354 bytes)

VM state:at safepoint (normal execution)

VM Mutex/Monitor currently owned by a thread:  ([mutex/lock_event])
[0x0000026540759ea0] Threads_lock - owner thread: 0x0000026566267800
[0x000002654075a4d0] Heap_lock - owner thread: 0x000002654075c800

Heap address: 0x0000000702400000, size: 4060 MB, Compressed Oops mode: Zero based, Oop shift amount: 3
Narrow klass base: 0x0000000800000000, Narrow klass shift: 0
Compressed class space size: 1073741824 Address: 0x0000000800000000

Heap:
 garbage-first heap   total 260096K, used 8599K [0x0000000702400000, 0x0000000800000000)
  region size 1024K, 5 young (5120K), 5 survivors (5120K)
 Metaspace       used 18490K, capacity 18806K, committed 18816K, reserved 1077248K
  class space    used 2053K, capacity 2168K, committed 2176K, reserved 1048576K
Heap Regions: E=young(eden), S=young(survivor), O=old, HS=humongous(starts), HC=humongous(continues), CS=collection set, F=free, A=archive, TAMS=top-at-mark-start (previous, next)
|   0|0x0000000702400000, 0x0000000702500000, 0x0000000702500000|100%|HS|  |TAMS 0x0000000702400000, 0x0000000702500000| Complete 
|   1|0x0000000702500000, 0x0000000702600000, 0x0000000702600000|100%| O|  |TAMS 0x0000000702500000, 0x0000000702600000| Untracked 
|   2|0x0000000702600000, 0x0000000702700000, 0x0000000702700000|100%| O|  |TAMS 0x0000000702600000, 0x0000000702700000| Untracked 
|   3|0x0000000702700000, 0x0000000702792600, 0x0000000702800000| 57%| O|  |TAMS 0x0000000702700000, 0x0000000702792600| Untracked 
|   4|0x0000000702800000, 0x0000000702800000, 0x0000000702900000|  0%| F|  |TAMS 0x0000000702800000, 0x0000000702800000| Untracked 
|   5|0x0000000702900000, 0x0000000702900000, 0x0000000702a00000|  0%| F|  |TAMS 0x0000000702900000, 0x0000000702900000| Untracked 
|   6|0x0000000702a00000, 0x0000000702a00000, 0x0000000702b00000|  0%| F|  |TAMS 0x0000000702a00000, 0x0000000702a00000| Untracked 
|   7|0x0000000702b00000, 0x0000000702b00000, 0x0000000702c00000|  0%| F|  |TAMS 0x0000000702b00000, 0x0000000702b00000| Untracked 
|   8|0x0000000702c00000, 0x0000000702c00000, 0x0000000702d00000|  0%| F|  |TAMS 0x0000000702c00000, 0x0000000702c00000| Untracked 
|   9|0x0000000702d00000, 0x0000000702d00000, 0x0000000702e00000|  0%| F|  |TAMS 0x0000000702d00000, 0x0000000702d00000| Untracked 
|  10|0x0000000702e00000, 0x0000000702e00000, 0x0000000702f00000|  0%| F|  |TAMS 0x0000000702e00000, 0x0000000702e00000| Untracked 
|  11|0x0000000702f00000, 0x0000000702f00000, 0x0000000703000000|  0%| F|  |TAMS 0x0000000702f00000, 0x0000000702f00000| Untracked 
|  12|0x0000000703000000, 0x0000000703000000, 0x0000000703100000|  0%| F|  |TAMS 0x0000000703000000, 0x0000000703000000| Untracked 
|  13|0x0000000703100000, 0x0000000703100000, 0x0000000703200000|  0%| F|  |TAMS 0x0000000703100000, 0x0000000703100000| Untracked 
|  14|0x0000000703200000, 0x0000000703200000, 0x0000000703300000|  0%| F|  |TAMS 0x0000000703200000, 0x0000000703200000| Untracked 
|  15|0x0000000703300000, 0x0000000703300000, 0x0000000703400000|  0%| F|  |TAMS 0x0000000703300000, 0x0000000703300000| Untracked 
|  16|0x0000000703400000, 0x0000000703400000, 0x0000000703500000|  0%| F|  |TAMS 0x0000000703400000, 0x0000000703400000| Untracked 
|  17|0x0000000703500000, 0x0000000703500000, 0x0000000703600000|  0%| F|  |TAMS 0x0000000703500000, 0x0000000703500000| Untracked 
|  18|0x0000000703600000, 0x0000000703600000, 0x0000000703700000|  0%| F|  |TAMS 0x0000000703600000, 0x0000000703600000| Untracked 
|  19|0x0000000703700000, 0x0000000703700000, 0x0000000703800000|  0%| F|  |TAMS 0x0000000703700000, 0x0000000703700000| Untracked 
|  20|0x0000000703800000, 0x0000000703800000, 0x0000000703900000|  0%| F|  |TAMS 0x0000000703800000, 0x0000000703800000| Untracked 
|  21|0x0000000703900000, 0x0000000703900000, 0x0000000703a00000|  0%| F|  |TAMS 0x0000000703900000, 0x0000000703900000| Untracked 
|  22|0x0000000703a00000, 0x0000000703a00000, 0x0000000703b00000|  0%| F|  |TAMS 0x0000000703a00000, 0x0000000703a00000| Untracked 
|  23|0x0000000703b00000, 0x0000000703b00000, 0x0000000703c00000|  0%| F|  |TAMS 0x0000000703b00000, 0x0000000703b00000| Untracked 
|  24|0x0000000703c00000, 0x0000000703c00000, 0x0000000703d00000|  0%| F|  |TAMS 0x0000000703c00000, 0x0000000703c00000| Untracked 
|  25|0x0000000703d00000, 0x0000000703d00000, 0x0000000703e00000|  0%| F|  |TAMS 0x0000000703d00000, 0x0000000703d00000| Untracked 
|  26|0x0000000703e00000, 0x0000000703e00000, 0x0000000703f00000|  0%| F|  |TAMS 0x0000000703e00000, 0x0000000703e00000| Untracked 
|  27|0x0000000703f00000, 0x0000000703f00000, 0x0000000704000000|  0%| F|  |TAMS 0x0000000703f00000, 0x0000000703f00000| Untracked 
|  28|0x0000000704000000, 0x0000000704000000, 0x0000000704100000|  0%| F|  |TAMS 0x0000000704000000, 0x0000000704000000| Untracked 
|  29|0x0000000704100000, 0x0000000704100000, 0x0000000704200000|  0%| F|  |TAMS 0x0000000704100000, 0x0000000704100000| Untracked 
|  30|0x0000000704200000, 0x0000000704200000, 0x0000000704300000|  0%| F|  |TAMS 0x0000000704200000, 0x0000000704200000| Untracked 
|  31|0x0000000704300000, 0x0000000704300000, 0x0000000704400000|  0%| F|  |TAMS 0x0000000704300000, 0x0000000704300000| Untracked 
|  32|0x0000000704400000, 0x0000000704400000, 0x0000000704500000|  0%| F|  |TAMS 0x0000000704400000, 0x0000000704400000| Untracked 
|  33|0x0000000704500000, 0x0000000704500000, 0x0000000704600000|  0%| F|  |TAMS 0x0000000704500000, 0x0000000704500000| Untracked 
|  34|0x0000000704600000, 0x0000000704600000, 0x0000000704700000|  0%| F|  |TAMS 0x0000000704600000, 0x0000000704600000| Untracked 
|  35|0x0000000704700000, 0x0000000704700000, 0x0000000704800000|  0%| F|  |TAMS 0x0000000704700000, 0x0000000704700000| Untracked 
|  36|0x0000000704800000, 0x0000000704800000, 0x0000000704900000|  0%| F|  |TAMS 0x0000000704800000, 0x0000000704800000| Untracked 
|  37|0x0000000704900000, 0x0000000704900000, 0x0000000704a00000|  0%| F|  |TAMS 0x0000000704900000, 0x0000000704900000| Untracked 
|  38|0x0000000704a00000, 0x0000000704a00000, 0x0000000704b00000|  0%| F|  |TAMS 0x0000000704a00000, 0x0000000704a00000| Untracked 
|  39|0x0000000704b00000, 0x0000000704b00000, 0x0000000704c00000|  0%| F|  |TAMS 0x0000000704b00000, 0x0000000704b00000| Untracked 
|  40|0x0000000704c00000, 0x0000000704c00000, 0x0000000704d00000|  0%| F|  |TAMS 0x0000000704c00000, 0x0000000704c00000| Untracked 
|  41|0x0000000704d00000, 0x0000000704d00000, 0x0000000704e00000|  0%| F|  |TAMS 0x0000000704d00000, 0x0000000704d00000| Untracked 
|  42|0x0000000704e00000, 0x0000000704e00000, 0x0000000704f00000|  0%| F|  |TAMS 0x0000000704e00000, 0x0000000704e00000| Untracked 
|  43|0x0000000704f00000, 0x0000000704f00000, 0x0000000705000000|  0%| F|  |TAMS 0x0000000704f00000, 0x0000000704f00000| Untracked 
|  44|0x0000000705000000, 0x0000000705000000, 0x0000000705100000|  0%| F|  |TAMS 0x0000000705000000, 0x0000000705000000| Untracked 
|  45|0x0000000705100000, 0x0000000705100000, 0x0000000705200000|  0%| F|  |TAMS 0x0000000705100000, 0x0000000705100000| Untracked 
|  46|0x0000000705200000, 0x0000000705200000, 0x0000000705300000|  0%| F|  |TAMS 0x0000000705200000, 0x0000000705200000| Untracked 
|  47|0x0000000705300000, 0x0000000705300000, 0x0000000705400000|  0%| F|  |TAMS 0x0000000705300000, 0x0000000705300000| Untracked 
|  48|0x0000000705400000, 0x0000000705400000, 0x0000000705500000|  0%| F|  |TAMS 0x0000000705400000, 0x0000000705400000| Untracked 
|  49|0x0000000705500000, 0x0000000705500000, 0x0000000705600000|  0%| F|  |TAMS 0x0000000705500000, 0x0000000705500000| Untracked 
|  50|0x0000000705600000, 0x0000000705600000, 0x0000000705700000|  0%| F|  |TAMS 0x0000000705600000, 0x0000000705600000| Untracked 
|  51|0x0000000705700000, 0x0000000705700000, 0x0000000705800000|  0%| F|  |TAMS 0x0000000705700000, 0x0000000705700000| Untracked 
|  52|0x0000000705800000, 0x0000000705800000, 0x0000000705900000|  0%| F|  |TAMS 0x0000000705800000, 0x0000000705800000| Untracked 
|  53|0x0000000705900000, 0x0000000705900000, 0x0000000705a00000|  0%| F|  |TAMS 0x0000000705900000, 0x0000000705900000| Untracked 
|  54|0x0000000705a00000, 0x0000000705a00000, 0x0000000705b00000|  0%| F|  |TAMS 0x0000000705a00000, 0x0000000705a00000| Untracked 
|  55|0x0000000705b00000, 0x0000000705b00000, 0x0000000705c00000|  0%| F|  |TAMS 0x0000000705b00000, 0x0000000705b00000| Untracked 
|  56|0x0000000705c00000, 0x0000000705c00000, 0x0000000705d00000|  0%| F|  |TAMS 0x0000000705c00000, 0x0000000705c00000| Untracked 
|  57|0x0000000705d00000, 0x0000000705d00000, 0x0000000705e00000|  0%| F|  |TAMS 0x0000000705d00000, 0x0000000705d00000| Untracked 
|  58|0x0000000705e00000, 0x0000000705e00000, 0x0000000705f00000|  0%| F|  |TAMS 0x0000000705e00000, 0x0000000705e00000| Untracked 
|  59|0x0000000705f00000, 0x0000000705f00000, 0x0000000706000000|  0%| F|  |TAMS 0x0000000705f00000, 0x0000000705f00000| Untracked 
|  60|0x0000000706000000, 0x0000000706000000, 0x0000000706100000|  0%| F|  |TAMS 0x0000000706000000, 0x0000000706000000| Untracked 
|  61|0x0000000706100000, 0x0000000706100000, 0x0000000706200000|  0%| F|  |TAMS 0x0000000706100000, 0x0000000706100000| Untracked 
|  62|0x0000000706200000, 0x0000000706200000, 0x0000000706300000|  0%| F|  |TAMS 0x0000000706200000, 0x0000000706200000| Untracked 
|  63|0x0000000706300000, 0x0000000706300000, 0x0000000706400000|  0%| F|  |TAMS 0x0000000706300000, 0x0000000706300000| Untracked 
|  64|0x0000000706400000, 0x0000000706400000, 0x0000000706500000|  0%| F|  |TAMS 0x0000000706400000, 0x0000000706400000| Untracked 
|  65|0x0000000706500000, 0x0000000706500000, 0x0000000706600000|  0%| F|  |TAMS 0x0000000706500000, 0x0000000706500000| Untracked 
|  66|0x0000000706600000, 0x0000000706600000, 0x0000000706700000|  0%| F|  |TAMS 0x0000000706600000, 0x0000000706600000| Untracked 
|  67|0x0000000706700000, 0x0000000706700000, 0x0000000706800000|  0%| F|  |TAMS 0x0000000706700000, 0x0000000706700000| Untracked 
|  68|0x0000000706800000, 0x0000000706800000, 0x0000000706900000|  0%| F|  |TAMS 0x0000000706800000, 0x0000000706800000| Untracked 
|  69|0x0000000706900000, 0x0000000706900000, 0x0000000706a00000|  0%| F|  |TAMS 0x0000000706900000, 0x0000000706900000| Untracked 
|  70|0x0000000706a00000, 0x0000000706a00000, 0x0000000706b00000|  0%| F|  |TAMS 0x0000000706a00000, 0x0000000706a00000| Untracked 
|  71|0x0000000706b00000, 0x0000000706b00000, 0x0000000706c00000|  0%| F|  |TAMS 0x0000000706b00000, 0x0000000706b00000| Untracked 
|  72|0x0000000706c00000, 0x0000000706c00000, 0x0000000706d00000|  0%| F|  |TAMS 0x0000000706c00000, 0x0000000706c00000| Untracked 
|  73|0x0000000706d00000, 0x0000000706d00000, 0x0000000706e00000|  0%| F|  |TAMS 0x0000000706d00000, 0x0000000706d00000| Untracked 
|  74|0x0000000706e00000, 0x0000000706e00000, 0x0000000706f00000|  0%| F|  |TAMS 0x0000000706e00000, 0x0000000706e00000| Untracked 
|  75|0x0000000706f00000, 0x0000000706f00000, 0x0000000707000000|  0%| F|  |TAMS 0x0000000706f00000, 0x0000000706f00000| Untracked 
|  76|0x0000000707000000, 0x0000000707000000, 0x0000000707100000|  0%| F|  |TAMS 0x0000000707000000, 0x0000000707000000| Untracked 
|  77|0x0000000707100000, 0x0000000707100000, 0x0000000707200000|  0%| F|  |TAMS 0x0000000707100000, 0x0000000707100000| Untracked 
|  78|0x0000000707200000, 0x0000000707200000, 0x0000000707300000|  0%| F|  |TAMS 0x0000000707200000, 0x0000000707200000| Untracked 
|  79|0x0000000707300000, 0x0000000707300000, 0x0000000707400000|  0%| F|  |TAMS 0x0000000707300000, 0x0000000707300000| Untracked 
|  80|0x0000000707400000, 0x0000000707400000, 0x0000000707500000|  0%| F|  |TAMS 0x0000000707400000, 0x0000000707400000| Untracked 
|  81|0x0000000707500000, 0x0000000707500000, 0x0000000707600000|  0%| F|  |TAMS 0x0000000707500000, 0x0000000707500000| Untracked 
|  82|0x0000000707600000, 0x0000000707600000, 0x0000000707700000|  0%| F|  |TAMS 0x0000000707600000, 0x0000000707600000| Untracked 
|  83|0x0000000707700000, 0x0000000707700000, 0x0000000707800000|  0%| F|  |TAMS 0x0000000707700000, 0x0000000707700000| Untracked 
|  84|0x0000000707800000, 0x0000000707800000, 0x0000000707900000|  0%| F|  |TAMS 0x0000000707800000, 0x0000000707800000| Untracked 
|  85|0x0000000707900000, 0x0000000707900000, 0x0000000707a00000|  0%| F|  |TAMS 0x0000000707900000, 0x0000000707900000| Untracked 
|  86|0x0000000707a00000, 0x0000000707a00000, 0x0000000707b00000|  0%| F|  |TAMS 0x0000000707a00000, 0x0000000707a00000| Untracked 
|  87|0x0000000707b00000, 0x0000000707b00000, 0x0000000707c00000|  0%| F|  |TAMS 0x0000000707b00000, 0x0000000707b00000| Untracked 
|  88|0x0000000707c00000, 0x0000000707c00000, 0x0000000707d00000|  0%| F|  |TAMS 0x0000000707c00000, 0x0000000707c00000| Untracked 
|  89|0x0000000707d00000, 0x0000000707d00000, 0x0000000707e00000|  0%| F|  |TAMS 0x0000000707d00000, 0x0000000707d00000| Untracked 
|  90|0x0000000707e00000, 0x0000000707e00000, 0x0000000707f00000|  0%| F|  |TAMS 0x0000000707e00000, 0x0000000707e00000| Untracked 
|  91|0x0000000707f00000, 0x0000000707f00000, 0x0000000708000000|  0%| F|  |TAMS 0x0000000707f00000, 0x0000000707f00000| Untracked 
|  92|0x0000000708000000, 0x0000000708000000, 0x0000000708100000|  0%| F|  |TAMS 0x0000000708000000, 0x0000000708000000| Untracked 
|  93|0x0000000708100000, 0x0000000708100000, 0x0000000708200000|  0%| F|  |TAMS 0x0000000708100000, 0x0000000708100000| Untracked 
|  94|0x0000000708200000, 0x0000000708200000, 0x0000000708300000|  0%| F|  |TAMS 0x0000000708200000, 0x0000000708200000| Untracked 
|  95|0x0000000708300000, 0x0000000708300000, 0x0000000708400000|  0%| F|  |TAMS 0x0000000708300000, 0x0000000708300000| Untracked 
|  96|0x0000000708400000, 0x0000000708400000, 0x0000000708500000|  0%| F|  |TAMS 0x0000000708400000, 0x0000000708400000| Untracked 
|  97|0x0000000708500000, 0x0000000708500000, 0x0000000708600000|  0%| F|  |TAMS 0x0000000708500000, 0x0000000708500000| Untracked 
|  98|0x0000000708600000, 0x0000000708600000, 0x0000000708700000|  0%| F|  |TAMS 0x0000000708600000, 0x0000000708600000| Untracked 
|  99|0x0000000708700000, 0x0000000708700000, 0x0000000708800000|  0%| F|  |TAMS 0x0000000708700000, 0x0000000708700000| Untracked 
| 100|0x0000000708800000, 0x0000000708800000, 0x0000000708900000|  0%| F|  |TAMS 0x0000000708800000, 0x0000000708800000| Untracked 
| 101|0x0000000708900000, 0x0000000708900000, 0x0000000708a00000|  0%| F|  |TAMS 0x0000000708900000, 0x0000000708900000| Untracked 
| 102|0x0000000708a00000, 0x0000000708a00000, 0x0000000708b00000|  0%| F|  |TAMS 0x0000000708a00000, 0x0000000708a00000| Untracked 
| 103|0x0000000708b00000, 0x0000000708b00000, 0x0000000708c00000|  0%| F|  |TAMS 0x0000000708b00000, 0x0000000708b00000| Untracked 
| 104|0x0000000708c00000, 0x0000000708c00000, 0x0000000708d00000|  0%| F|  |TAMS 0x0000000708c00000, 0x0000000708c00000| Untracked 
| 105|0x0000000708d00000, 0x0000000708d00000, 0x0000000708e00000|  0%| F|  |TAMS 0x0000000708d00000, 0x0000000708d00000| Untracked 
| 106|0x0000000708e00000, 0x0000000708e00000, 0x0000000708f00000|  0%| F|  |TAMS 0x0000000708e00000, 0x0000000708e00000| Untracked 
| 107|0x0000000708f00000, 0x0000000708f00000, 0x0000000709000000|  0%| F|  |TAMS 0x0000000708f00000, 0x0000000708f00000| Untracked 
| 108|0x0000000709000000, 0x0000000709000000, 0x0000000709100000|  0%| F|  |TAMS 0x0000000709000000, 0x0000000709000000| Untracked 
| 109|0x0000000709100000, 0x0000000709100000, 0x0000000709200000|  0%| F|  |TAMS 0x0000000709100000, 0x0000000709100000| Untracked 
| 110|0x0000000709200000, 0x0000000709200000, 0x0000000709300000|  0%| F|  |TAMS 0x0000000709200000, 0x0000000709200000| Untracked 
| 111|0x0000000709300000, 0x0000000709300000, 0x0000000709400000|  0%| F|  |TAMS 0x0000000709300000, 0x0000000709300000| Untracked 
| 112|0x0000000709400000, 0x0000000709400000, 0x0000000709500000|  0%| F|  |TAMS 0x0000000709400000, 0x0000000709400000| Untracked 
| 113|0x0000000709500000, 0x0000000709500000, 0x0000000709600000|  0%| F|  |TAMS 0x0000000709500000, 0x0000000709500000| Untracked 
| 114|0x0000000709600000, 0x0000000709600000, 0x0000000709700000|  0%| F|  |TAMS 0x0000000709600000, 0x0000000709600000| Untracked 
| 115|0x0000000709700000, 0x0000000709700000, 0x0000000709800000|  0%| F|  |TAMS 0x0000000709700000, 0x0000000709700000| Untracked 
| 116|0x0000000709800000, 0x0000000709800000, 0x0000000709900000|  0%| F|  |TAMS 0x0000000709800000, 0x0000000709800000| Untracked 
| 117|0x0000000709900000, 0x0000000709900000, 0x0000000709a00000|  0%| F|  |TAMS 0x0000000709900000, 0x0000000709900000| Untracked 
| 118|0x0000000709a00000, 0x0000000709a00000, 0x0000000709b00000|  0%| F|  |TAMS 0x0000000709a00000, 0x0000000709a00000| Untracked 
| 119|0x0000000709b00000, 0x0000000709b00000, 0x0000000709c00000|  0%| F|  |TAMS 0x0000000709b00000, 0x0000000709b00000| Untracked 
| 120|0x0000000709c00000, 0x0000000709c00000, 0x0000000709d00000|  0%| F|  |TAMS 0x0000000709c00000, 0x0000000709c00000| Untracked 
| 121|0x0000000709d00000, 0x0000000709d00000, 0x0000000709e00000|  0%| F|  |TAMS 0x0000000709d00000, 0x0000000709d00000| Untracked 
| 122|0x0000000709e00000, 0x0000000709e00000, 0x0000000709f00000|  0%| F|  |TAMS 0x0000000709e00000, 0x0000000709e00000| Untracked 
| 123|0x0000000709f00000, 0x0000000709f00000, 0x000000070a000000|  0%| F|  |TAMS 0x0000000709f00000, 0x0000000709f00000| Untracked 
| 124|0x000000070a000000, 0x000000070a000000, 0x000000070a100000|  0%| F|  |TAMS 0x000000070a000000, 0x000000070a000000| Untracked 
| 125|0x000000070a100000, 0x000000070a100000, 0x000000070a200000|  0%| F|  |TAMS 0x000000070a100000, 0x000000070a100000| Untracked 
| 126|0x000000070a200000, 0x000000070a200000, 0x000000070a300000|  0%| F|  |TAMS 0x000000070a200000, 0x000000070a200000| Untracked 
| 127|0x000000070a300000, 0x000000070a300000, 0x000000070a400000|  0%| F|  |TAMS 0x000000070a300000, 0x000000070a300000| Untracked 
| 128|0x000000070a400000, 0x000000070a400000, 0x000000070a500000|  0%| F|  |TAMS 0x000000070a400000, 0x000000070a400000| Untracked 
| 129|0x000000070a500000, 0x000000070a500000, 0x000000070a600000|  0%| F|  |TAMS 0x000000070a500000, 0x000000070a500000| Untracked 
| 130|0x000000070a600000, 0x000000070a600000, 0x000000070a700000|  0%| F|  |TAMS 0x000000070a600000, 0x000000070a600000| Untracked 
| 131|0x000000070a700000, 0x000000070a700000, 0x000000070a800000|  0%| F|  |TAMS 0x000000070a700000, 0x000000070a700000| Untracked 
| 132|0x000000070a800000, 0x000000070a800000, 0x000000070a900000|  0%| F|  |TAMS 0x000000070a800000, 0x000000070a800000| Untracked 
| 133|0x000000070a900000, 0x000000070a900000, 0x000000070aa00000|  0%| F|  |TAMS 0x000000070a900000, 0x000000070a900000| Untracked 
| 134|0x000000070aa00000, 0x000000070aa00000, 0x000000070ab00000|  0%| F|  |TAMS 0x000000070aa00000, 0x000000070aa00000| Untracked 
| 135|0x000000070ab00000, 0x000000070ab00000, 0x000000070ac00000|  0%| F|  |TAMS 0x000000070ab00000, 0x000000070ab00000| Untracked 
| 136|0x000000070ac00000, 0x000000070ac00000, 0x000000070ad00000|  0%| F|  |TAMS 0x000000070ac00000, 0x000000070ac00000| Untracked 
| 137|0x000000070ad00000, 0x000000070ad00000, 0x000000070ae00000|  0%| F|  |TAMS 0x000000070ad00000, 0x000000070ad00000| Untracked 
| 138|0x000000070ae00000, 0x000000070ae00000, 0x000000070af00000|  0%| F|  |TAMS 0x000000070ae00000, 0x000000070ae00000| Untracked 
| 139|0x000000070af00000, 0x000000070af00000, 0x000000070b000000|  0%| F|  |TAMS 0x000000070af00000, 0x000000070af00000| Untracked 
| 140|0x000000070b000000, 0x000000070b000000, 0x000000070b100000|  0%| F|  |TAMS 0x000000070b000000, 0x000000070b000000| Untracked 
| 141|0x000000070b100000, 0x000000070b100000, 0x000000070b200000|  0%| F|  |TAMS 0x000000070b100000, 0x000000070b100000| Untracked 
| 142|0x000000070b200000, 0x000000070b200000, 0x000000070b300000|  0%| F|  |TAMS 0x000000070b200000, 0x000000070b200000| Untracked 
| 143|0x000000070b300000, 0x000000070b300000, 0x000000070b400000|  0%| F|  |TAMS 0x000000070b300000, 0x000000070b300000| Untracked 
| 144|0x000000070b400000, 0x000000070b400000, 0x000000070b500000|  0%| F|  |TAMS 0x000000070b400000, 0x000000070b400000| Untracked 
| 145|0x000000070b500000, 0x000000070b500000, 0x000000070b600000|  0%| F|  |TAMS 0x000000070b500000, 0x000000070b500000| Untracked 
| 146|0x000000070b600000, 0x000000070b600000, 0x000000070b700000|  0%| F|  |TAMS 0x000000070b600000, 0x000000070b600000| Untracked 
| 147|0x000000070b700000, 0x000000070b700000, 0x000000070b800000|  0%| F|  |TAMS 0x000000070b700000, 0x000000070b700000| Untracked 
| 148|0x000000070b800000, 0x000000070b800000, 0x000000070b900000|  0%| F|  |TAMS 0x000000070b800000, 0x000000070b800000| Untracked 
| 149|0x000000070b900000, 0x000000070b900000, 0x000000070ba00000|  0%| F|  |TAMS 0x000000070b900000, 0x000000070b900000| Untracked 
| 150|0x000000070ba00000, 0x000000070ba00000, 0x000000070bb00000|  0%| F|  |TAMS 0x000000070ba00000, 0x000000070ba00000| Untracked 
| 151|0x000000070bb00000, 0x000000070bb00000, 0x000000070bc00000|  0%| F|  |TAMS 0x000000070bb00000, 0x000000070bb00000| Untracked 
| 152|0x000000070bc00000, 0x000000070bc00000, 0x000000070bd00000|  0%| F|  |TAMS 0x000000070bc00000, 0x000000070bc00000| Untracked 
| 153|0x000000070bd00000, 0x000000070bd00000, 0x000000070be00000|  0%| F|  |TAMS 0x000000070bd00000, 0x000000070bd00000| Untracked 
| 154|0x000000070be00000, 0x000000070be00000, 0x000000070bf00000|  0%| F|  |TAMS 0x000000070be00000, 0x000000070be00000| Untracked 
| 155|0x000000070bf00000, 0x000000070bf00000, 0x000000070c000000|  0%| F|  |TAMS 0x000000070bf00000, 0x000000070bf00000| Untracked 
| 156|0x000000070c000000, 0x000000070c000000, 0x000000070c100000|  0%| F|  |TAMS 0x000000070c000000, 0x000000070c000000| Untracked 
| 157|0x000000070c100000, 0x000000070c100000, 0x000000070c200000|  0%| F|  |TAMS 0x000000070c100000, 0x000000070c100000| Untracked 
| 158|0x000000070c200000, 0x000000070c200000, 0x000000070c300000|  0%| F|  |TAMS 0x000000070c200000, 0x000000070c200000| Untracked 
| 159|0x000000070c300000, 0x000000070c300000, 0x000000070c400000|  0%| F|  |TAMS 0x000000070c300000, 0x000000070c300000| Untracked 
| 160|0x000000070c400000, 0x000000070c400000, 0x000000070c500000|  0%| F|  |TAMS 0x000000070c400000, 0x000000070c400000| Untracked 
| 161|0x000000070c500000, 0x000000070c500000, 0x000000070c600000|  0%| F|  |TAMS 0x000000070c500000, 0x000000070c500000| Untracked 
| 162|0x000000070c600000, 0x000000070c600000, 0x000000070c700000|  0%| F|  |TAMS 0x000000070c600000, 0x000000070c600000| Untracked 
| 163|0x000000070c700000, 0x000000070c700000, 0x000000070c800000|  0%| F|  |TAMS 0x000000070c700000, 0x000000070c700000| Untracked 
| 164|0x000000070c800000, 0x000000070c800000, 0x000000070c900000|  0%| F|  |TAMS 0x000000070c800000, 0x000000070c800000| Untracked 
| 165|0x000000070c900000, 0x000000070c900000, 0x000000070ca00000|  0%| F|  |TAMS 0x000000070c900000, 0x000000070c900000| Untracked 
| 166|0x000000070ca00000, 0x000000070ca00000, 0x000000070cb00000|  0%| F|  |TAMS 0x000000070ca00000, 0x000000070ca00000| Untracked 
| 167|0x000000070cb00000, 0x000000070cb00000, 0x000000070cc00000|  0%| F|  |TAMS 0x000000070cb00000, 0x000000070cb00000| Untracked 
| 168|0x000000070cc00000, 0x000000070cc00000, 0x000000070cd00000|  0%| F|  |TAMS 0x000000070cc00000, 0x000000070cc00000| Untracked 
| 169|0x000000070cd00000, 0x000000070cd00000, 0x000000070ce00000|  0%| F|  |TAMS 0x000000070cd00000, 0x000000070cd00000| Untracked 
| 170|0x000000070ce00000, 0x000000070ce00000, 0x000000070cf00000|  0%| F|  |TAMS 0x000000070ce00000, 0x000000070ce00000| Untracked 
| 171|0x000000070cf00000, 0x000000070cf00000, 0x000000070d000000|  0%| F|  |TAMS 0x000000070cf00000, 0x000000070cf00000| Untracked 
| 172|0x000000070d000000, 0x000000070d000000, 0x000000070d100000|  0%| F|  |TAMS 0x000000070d000000, 0x000000070d000000| Untracked 
| 173|0x000000070d100000, 0x000000070d100000, 0x000000070d200000|  0%| F|  |TAMS 0x000000070d100000, 0x000000070d100000| Untracked 
| 174|0x000000070d200000, 0x000000070d200000, 0x000000070d300000|  0%| F|  |TAMS 0x000000070d200000, 0x000000070d200000| Untracked 
| 175|0x000000070d300000, 0x000000070d300000, 0x000000070d400000|  0%| F|  |TAMS 0x000000070d300000, 0x000000070d300000| Untracked 
| 176|0x000000070d400000, 0x000000070d400000, 0x000000070d500000|  0%| F|  |TAMS 0x000000070d400000, 0x000000070d400000| Untracked 
| 177|0x000000070d500000, 0x000000070d500000, 0x000000070d600000|  0%| F|  |TAMS 0x000000070d500000, 0x000000070d500000| Untracked 
| 178|0x000000070d600000, 0x000000070d600000, 0x000000070d700000|  0%| F|  |TAMS 0x000000070d600000, 0x000000070d600000| Untracked 
| 179|0x000000070d700000, 0x000000070d700000, 0x000000070d800000|  0%| F|  |TAMS 0x000000070d700000, 0x000000070d700000| Untracked 
| 180|0x000000070d800000, 0x000000070d800000, 0x000000070d900000|  0%| F|  |TAMS 0x000000070d800000, 0x000000070d800000| Untracked 
| 181|0x000000070d900000, 0x000000070d900000, 0x000000070da00000|  0%| F|  |TAMS 0x000000070d900000, 0x000000070d900000| Untracked 
| 182|0x000000070da00000, 0x000000070da00000, 0x000000070db00000|  0%| F|  |TAMS 0x000000070da00000, 0x000000070da00000| Untracked 
| 183|0x000000070db00000, 0x000000070db00000, 0x000000070dc00000|  0%| F|  |TAMS 0x000000070db00000, 0x000000070db00000| Untracked 
| 184|0x000000070dc00000, 0x000000070dc00000, 0x000000070dd00000|  0%| F|  |TAMS 0x000000070dc00000, 0x000000070dc00000| Untracked 
| 185|0x000000070dd00000, 0x000000070dd00000, 0x000000070de00000|  0%| F|  |TAMS 0x000000070dd00000, 0x000000070dd00000| Untracked 
| 186|0x000000070de00000, 0x000000070de00000, 0x000000070df00000|  0%| F|  |TAMS 0x000000070de00000, 0x000000070de00000| Untracked 
| 187|0x000000070df00000, 0x000000070df00000, 0x000000070e000000|  0%| F|  |TAMS 0x000000070df00000, 0x000000070df00000| Untracked 
| 188|0x000000070e000000, 0x000000070e000000, 0x000000070e100000|  0%| F|  |TAMS 0x000000070e000000, 0x000000070e000000| Untracked 
| 189|0x000000070e100000, 0x000000070e100000, 0x000000070e200000|  0%| F|  |TAMS 0x000000070e100000, 0x000000070e100000| Untracked 
| 190|0x000000070e200000, 0x000000070e200000, 0x000000070e300000|  0%| F|  |TAMS 0x000000070e200000, 0x000000070e200000| Untracked 
| 191|0x000000070e300000, 0x000000070e300000, 0x000000070e400000|  0%| F|  |TAMS 0x000000070e300000, 0x000000070e300000| Untracked 
| 192|0x000000070e400000, 0x000000070e400000, 0x000000070e500000|  0%| F|  |TAMS 0x000000070e400000, 0x000000070e400000| Untracked 
| 193|0x000000070e500000, 0x000000070e500000, 0x000000070e600000|  0%| F|  |TAMS 0x000000070e500000, 0x000000070e500000| Untracked 
| 194|0x000000070e600000, 0x000000070e600000, 0x000000070e700000|  0%| F|  |TAMS 0x000000070e600000, 0x000000070e600000| Untracked 
| 195|0x000000070e700000, 0x000000070e700000, 0x000000070e800000|  0%| F|  |TAMS 0x000000070e700000, 0x000000070e700000| Untracked 
| 196|0x000000070e800000, 0x000000070e800000, 0x000000070e900000|  0%| F|  |TAMS 0x000000070e800000, 0x000000070e800000| Untracked 
| 197|0x000000070e900000, 0x000000070e900000, 0x000000070ea00000|  0%| F|  |TAMS 0x000000070e900000, 0x000000070e900000| Untracked 
| 198|0x000000070ea00000, 0x000000070ea00000, 0x000000070eb00000|  0%| F|  |TAMS 0x000000070ea00000, 0x000000070ea00000| Untracked 
| 199|0x000000070eb00000, 0x000000070eb00000, 0x000000070ec00000|  0%| F|  |TAMS 0x000000070eb00000, 0x000000070eb00000| Untracked 
| 200|0x000000070ec00000, 0x000000070ec00000, 0x000000070ed00000|  0%| F|  |TAMS 0x000000070ec00000, 0x000000070ec00000| Untracked 
| 201|0x000000070ed00000, 0x000000070ed00000, 0x000000070ee00000|  0%| F|  |TAMS 0x000000070ed00000, 0x000000070ed00000| Untracked 
| 202|0x000000070ee00000, 0x000000070ee00000, 0x000000070ef00000|  0%| F|  |TAMS 0x000000070ee00000, 0x000000070ee00000| Untracked 
| 203|0x000000070ef00000, 0x000000070ef00000, 0x000000070f000000|  0%| F|  |TAMS 0x000000070ef00000, 0x000000070ef00000| Untracked 
| 204|0x000000070f000000, 0x000000070f0d36f0, 0x000000070f100000| 82%| S|CS|TAMS 0x000000070f000000, 0x000000070f000000| Complete 
| 205|0x000000070f100000, 0x000000070f200000, 0x000000070f200000|100%| S|CS|TAMS 0x000000070f100000, 0x000000070f100000| Complete 
| 206|0x000000070f200000, 0x000000070f300000, 0x000000070f300000|100%| S|CS|TAMS 0x000000070f200000, 0x000000070f200000| Complete 
| 207|0x000000070f300000, 0x000000070f400000, 0x000000070f400000|100%| S|CS|TAMS 0x000000070f300000, 0x000000070f300000| Complete 
| 208|0x000000070f400000, 0x000000070f500000, 0x000000070f500000|100%| S|CS|TAMS 0x000000070f400000, 0x000000070f400000| Complete 
| 209|0x000000070f500000, 0x000000070f500000, 0x000000070f600000|  0%| F|  |TAMS 0x000000070f500000, 0x000000070f500000| Untracked 
| 210|0x000000070f600000, 0x000000070f600000, 0x000000070f700000|  0%| F|  |TAMS 0x000000070f600000, 0x000000070f600000| Untracked 
| 211|0x000000070f700000, 0x000000070f700000, 0x000000070f800000|  0%| F|  |TAMS 0x000000070f700000, 0x000000070f700000| Untracked 
| 212|0x000000070f800000, 0x000000070f800000, 0x000000070f900000|  0%| F|  |TAMS 0x000000070f800000, 0x000000070f800000| Untracked 
| 213|0x000000070f900000, 0x000000070f900000, 0x000000070fa00000|  0%| F|  |TAMS 0x000000070f900000, 0x000000070f900000| Untracked 
| 214|0x000000070fa00000, 0x000000070fa00000, 0x000000070fb00000|  0%| F|  |TAMS 0x000000070fa00000, 0x000000070fa00000| Untracked 
| 215|0x000000070fb00000, 0x000000070fb00000, 0x000000070fc00000|  0%| F|  |TAMS 0x000000070fb00000, 0x000000070fb00000| Untracked 
| 216|0x000000070fc00000, 0x000000070fc00000, 0x000000070fd00000|  0%| F|  |TAMS 0x000000070fc00000, 0x000000070fc00000| Untracked 
| 217|0x000000070fd00000, 0x000000070fd00000, 0x000000070fe00000|  0%| F|  |TAMS 0x000000070fd00000, 0x000000070fd00000| Untracked 
| 218|0x000000070fe00000, 0x000000070fe00000, 0x000000070ff00000|  0%| F|  |TAMS 0x000000070fe00000, 0x000000070fe00000| Untracked 
| 219|0x000000070ff00000, 0x000000070ff00000, 0x0000000710000000|  0%| F|  |TAMS 0x000000070ff00000, 0x000000070ff00000| Untracked 
| 220|0x0000000710000000, 0x0000000710000000, 0x0000000710100000|  0%| F|  |TAMS 0x0000000710000000, 0x0000000710000000| Untracked 
| 221|0x0000000710100000, 0x0000000710100000, 0x0000000710200000|  0%| F|  |TAMS 0x0000000710100000, 0x0000000710100000| Untracked 
| 222|0x0000000710200000, 0x0000000710200000, 0x0000000710300000|  0%| F|  |TAMS 0x0000000710200000, 0x0000000710200000| Untracked 
| 223|0x0000000710300000, 0x0000000710300000, 0x0000000710400000|  0%| F|  |TAMS 0x0000000710300000, 0x0000000710300000| Untracked 
| 224|0x0000000710400000, 0x0000000710400000, 0x0000000710500000|  0%| F|  |TAMS 0x0000000710400000, 0x0000000710400000| Untracked 
| 225|0x0000000710500000, 0x0000000710500000, 0x0000000710600000|  0%| F|  |TAMS 0x0000000710500000, 0x0000000710500000| Untracked 
| 226|0x0000000710600000, 0x0000000710600000, 0x0000000710700000|  0%| F|  |TAMS 0x0000000710600000, 0x0000000710600000| Untracked 
| 227|0x0000000710700000, 0x0000000710700000, 0x0000000710800000|  0%| F|  |TAMS 0x0000000710700000, 0x0000000710700000| Untracked 
| 228|0x0000000710800000, 0x0000000710800000, 0x0000000710900000|  0%| F|  |TAMS 0x0000000710800000, 0x0000000710800000| Untracked 
| 229|0x0000000710900000, 0x0000000710900000, 0x0000000710a00000|  0%| F|  |TAMS 0x0000000710900000, 0x0000000710900000| Untracked 
| 230|0x0000000710a00000, 0x0000000710a00000, 0x0000000710b00000|  0%| F|  |TAMS 0x0000000710a00000, 0x0000000710a00000| Untracked 
| 231|0x0000000710b00000, 0x0000000710b00000, 0x0000000710c00000|  0%| F|  |TAMS 0x0000000710b00000, 0x0000000710b00000| Untracked 
| 232|0x0000000710c00000, 0x0000000710c00000, 0x0000000710d00000|  0%| F|  |TAMS 0x0000000710c00000, 0x0000000710c00000| Untracked 
| 233|0x0000000710d00000, 0x0000000710d00000, 0x0000000710e00000|  0%| F|  |TAMS 0x0000000710d00000, 0x0000000710d00000| Untracked 
| 234|0x0000000710e00000, 0x0000000710e00000, 0x0000000710f00000|  0%| F|  |TAMS 0x0000000710e00000, 0x0000000710e00000| Untracked 
| 235|0x0000000710f00000, 0x0000000710f00000, 0x0000000711000000|  0%| F|  |TAMS 0x0000000710f00000, 0x0000000710f00000| Untracked 
| 236|0x0000000711000000, 0x0000000711000000, 0x0000000711100000|  0%| F|  |TAMS 0x0000000711000000, 0x0000000711000000| Untracked 
| 237|0x0000000711100000, 0x0000000711100000, 0x0000000711200000|  0%| F|  |TAMS 0x0000000711100000, 0x0000000711100000| Untracked 
| 238|0x0000000711200000, 0x0000000711200000, 0x0000000711300000|  0%| F|  |TAMS 0x0000000711200000, 0x0000000711200000| Untracked 
| 239|0x0000000711300000, 0x0000000711300000, 0x0000000711400000|  0%| F|  |TAMS 0x0000000711300000, 0x0000000711300000| Untracked 
| 240|0x0000000711400000, 0x0000000711400000, 0x0000000711500000|  0%| F|  |TAMS 0x0000000711400000, 0x0000000711400000| Untracked 
| 241|0x0000000711500000, 0x0000000711500000, 0x0000000711600000|  0%| F|  |TAMS 0x0000000711500000, 0x0000000711500000| Untracked 
| 242|0x0000000711600000, 0x0000000711600000, 0x0000000711700000|  0%| F|  |TAMS 0x0000000711600000, 0x0000000711600000| Untracked 
| 243|0x0000000711700000, 0x0000000711700000, 0x0000000711800000|  0%| F|  |TAMS 0x0000000711700000, 0x0000000711700000| Untracked 
| 244|0x0000000711800000, 0x0000000711800000, 0x0000000711900000|  0%| F|  |TAMS 0x0000000711800000, 0x0000000711800000| Untracked 
| 245|0x0000000711900000, 0x0000000711900000, 0x0000000711a00000|  0%| F|  |TAMS 0x0000000711900000, 0x0000000711900000| Untracked 
| 246|0x0000000711a00000, 0x0000000711a00000, 0x0000000711b00000|  0%| F|  |TAMS 0x0000000711a00000, 0x0000000711a00000| Untracked 
| 247|0x0000000711b00000, 0x0000000711b00000, 0x0000000711c00000|  0%| F|  |TAMS 0x0000000711b00000, 0x0000000711b00000| Untracked 
| 248|0x0000000711c00000, 0x0000000711c00000, 0x0000000711d00000|  0%| F|  |TAMS 0x0000000711c00000, 0x0000000711c00000| Untracked 
| 249|0x0000000711d00000, 0x0000000711d00000, 0x0000000711e00000|  0%| F|  |TAMS 0x0000000711d00000, 0x0000000711d00000| Untracked 
| 250|0x0000000711e00000, 0x0000000711e00000, 0x0000000711f00000|  0%| F|  |TAMS 0x0000000711e00000, 0x0000000711e00000| Untracked 
| 251|0x0000000711f00000, 0x0000000711f00000, 0x0000000712000000|  0%| F|  |TAMS 0x0000000711f00000, 0x0000000711f00000| Untracked 
| 252|0x0000000712000000, 0x0000000712000000, 0x0000000712100000|  0%| F|  |TAMS 0x0000000712000000, 0x0000000712000000| Untracked 
| 253|0x0000000712100000, 0x0000000712100000, 0x0000000712200000|  0%| F|  |TAMS 0x0000000712100000, 0x0000000712100000| Untracked 

Card table byte_map: [0x000002655a830000,0x000002655b020000] _byte_map_base: 0x000002655701e000

Marking Bits (Prev, Next): (CMBitMap*) 0x00000265407c3738, (CMBitMap*) 0x00000265407c3770
 Prev Bits: [0x000002655b810000, 0x000002655f780000)
 Next Bits: [0x000002655f780000, 0x00000265636f0000)

Polling page: 0x0000026540830000

Metaspace:

Usage:
  Non-class:     16.25 MB capacity,    16.05 MB ( 99%) used,   164.08 KB ( <1%) free+waste,    37.69 KB ( <1%) overhead. 
      Class:      2.12 MB capacity,     2.01 MB ( 95%) used,    96.26 KB (  4%) free+waste,    17.94 KB ( <1%) overhead. 
       Both:     18.37 MB capacity,    18.06 MB ( 98%) used,   260.34 KB (  1%) free+waste,    55.63 KB ( <1%) overhead. 

Virtual space:
  Non-class space:       28.00 MB reserved,      16.25 MB ( 58%) committed 
      Class space:        1.00 GB reserved,       2.13 MB ( <1%) committed 
             Both:        1.03 GB reserved,      18.38 MB (  2%) committed 

Chunk freelists:
   Non-Class:  2.00 KB
       Class:  8.00 KB
        Both:  10.00 KB

MaxMetaspaceSize: 17179869184.00 GB
CompressedClassSpaceSize: 1.00 GB

CodeHeap 'non-profiled nmethods': size=120000Kb used=552Kb max_used=552Kb free=119447Kb
 bounds [0x00000265520a0000, 0x0000026552310000, 0x00000265595d0000]
CodeHeap 'profiled nmethods': size=120000Kb used=2895Kb max_used=2895Kb free=117104Kb
 bounds [0x000002654ab70000, 0x000002654ae50000, 0x00000265520a0000]
CodeHeap 'non-nmethods': size=5760Kb used=1184Kb max_used=1207Kb free=4575Kb
 bounds [0x000002654a5d0000, 0x000002654a840000, 0x000002654ab70000]
 total_blobs=1911 nmethods=1497 adapters=334
 compilation: enabled
              stopped_count=0, restarted_count=0
 full_count=0

Compilation events (20 events):
Event: 1.384 Thread 0x0000026566b78000 1468       3       java.util.ArrayDeque::peek (5 bytes)
Event: 1.384 Thread 0x0000026566b78000 nmethod 1468 0x000002654ae32810 code [0x000002654ae329e0, 0x000002654ae32bd8]
Event: 1.384 Thread 0x0000026566b78000 1469       3       java.util.ArrayDeque::peekFirst (12 bytes)
Event: 1.384 Thread 0x0000026566b78000 nmethod 1469 0x000002654ae32d10 code [0x000002654ae32ec0, 0x000002654ae33058]
Event: 1.387 Thread 0x0000026566b70800 nmethod 1464 0x0000026552124f10 code [0x00000265521250e0, 0x0000026552125430]
Event: 1.387 Thread 0x0000026566b70800 1465       4       java.util.zip.Inflater::ensureOpen (47 bytes)
Event: 1.388 Thread 0x0000026566b70800 nmethod 1465 0x0000026552125710 code [0x00000265521258a0, 0x0000026552125958]
Event: 1.389 Thread 0x0000026566b78000 1470       3       java.lang.invoke.DirectMethodHandle::preparedLambdaForm (31 bytes)
Event: 1.389 Thread 0x0000026566b78000 nmethod 1470 0x000002654ae33190 code [0x000002654ae33380, 0x000002654ae335c8]
Event: 1.389 Thread 0x0000026566b78000 1471       3       java.lang.System$2::getEnumConstantsShared (8 bytes)
Event: 1.390 Thread 0x0000026566b78000 nmethod 1471 0x000002654ae33710 code [0x000002654ae338e0, 0x000002654ae33b28]
Event: 1.390 Thread 0x0000026566b78000 1472       3       java.util.Collections::emptyIterator (4 bytes)
Event: 1.390 Thread 0x0000026566b78000 nmethod 1472 0x000002654ae33c10 code [0x000002654ae33dc0, 0x000002654ae33eb8]
Event: 1.390 Thread 0x0000026566b78000 1474       3       java.lang.Class::getInterfaces (49 bytes)
Event: 1.390 Thread 0x0000026566b78000 nmethod 1474 0x000002654ae33f10 code [0x000002654ae34120, 0x000002654ae34618]
Event: 1.390 Thread 0x0000026566b78000 1475       3       java.lang.invoke.TypeConvertingMethodAdapter::cast (42 bytes)
Event: 1.391 Thread 0x0000026566b78000 nmethod 1475 0x000002654ae34790 code [0x000002654ae349a0, 0x000002654ae34e28]
Event: 1.391 Thread 0x0000026566b70800 1476 % !   4       java.util.concurrent.ConcurrentHashMap::transfer @ 96 (828 bytes)
Event: 1.392 Thread 0x0000026566b78000 1478       3       java.util.EnumSet::getUniverse (10 bytes)
Event: 1.392 Thread 0x0000026566b78000 nmethod 1478 0x000002654ae35010 code [0x000002654ae351e0, 0x000002654ae35528]

GC Heap History (2 events):
Event: 0.898 GC heap before
{Heap before GC invocations=0 (full 0):
 garbage-first heap   total 260096K, used 24576K [0x0000000702400000, 0x0000000800000000)
  region size 1024K, 24 young (24576K), 0 survivors (0K)
 Metaspace       used 11297K, capacity 11561K, committed 11648K, reserved 1060864K
  class space    used 1068K, capacity 1130K, committed 1152K, reserved 1048576K
}
Event: 0.902 GC heap after
{Heap after GC invocations=1 (full 0):
 garbage-first heap   total 260096K, used 6729K [0x0000000702400000, 0x0000000800000000)
  region size 1024K, 3 young (3072K), 3 survivors (3072K)
 Metaspace       used 11297K, capacity 11561K, committed 11648K, reserved 1060864K
  class space    used 1068K, capacity 1130K, committed 1152K, reserved 1048576K
}

Deoptimization events (20 events):
Event: 1.313 Thread 0x0000026567a84000 DEOPT PACKING pc=0x000002654ad7b9d4 sp=0x000000b585cfee10
Event: 1.313 Thread 0x0000026567a84000 DEOPT UNPACKING pc=0x000002654a60bc4e sp=0x000000b585cfe300 mode 1
Event: 1.324 Thread 0x0000026567a84000 DEOPT PACKING pc=0x000002654ac870ac sp=0x000000b585cfe2a0
Event: 1.324 Thread 0x0000026567a84000 DEOPT UNPACKING pc=0x000002654a60bc4e sp=0x000000b585cfd738 mode 1
Event: 1.324 Thread 0x0000026567a84000 DEOPT PACKING pc=0x000002654ac805e4 sp=0x000000b585cfe370
Event: 1.324 Thread 0x0000026567a84000 DEOPT UNPACKING pc=0x000002654a60bc4e sp=0x000000b585cfd828 mode 1
Event: 1.324 Thread 0x0000026567a84000 DEOPT PACKING pc=0x000002654ad7b9d4 sp=0x000000b585cfee10
Event: 1.324 Thread 0x0000026567a84000 DEOPT UNPACKING pc=0x000002654a60bc4e sp=0x000000b585cfe300 mode 1
Event: 1.377 Thread 0x000002654075c800 DEOPT PACKING pc=0x000002654ac870ac sp=0x000000b5842fdcb0
Event: 1.377 Thread 0x000002654075c800 DEOPT UNPACKING pc=0x000002654a60bc4e sp=0x000000b5842fd148 mode 1
Event: 1.377 Thread 0x000002654075c800 DEOPT PACKING pc=0x000002654ac805e4 sp=0x000000b5842fdd80
Event: 1.377 Thread 0x000002654075c800 DEOPT UNPACKING pc=0x000002654a60bc4e sp=0x000000b5842fd238 mode 1
Event: 1.377 Thread 0x000002654075c800 DEOPT PACKING pc=0x000002654ad7b9d4 sp=0x000000b5842fe820
Event: 1.377 Thread 0x000002654075c800 DEOPT UNPACKING pc=0x000002654a60bc4e sp=0x000000b5842fdd10 mode 1
Event: 1.377 Thread 0x000002654075c800 DEOPT PACKING pc=0x000002654ac870ac sp=0x000000b5842fdcb0
Event: 1.377 Thread 0x000002654075c800 DEOPT UNPACKING pc=0x000002654a60bc4e sp=0x000000b5842fd148 mode 1
Event: 1.377 Thread 0x000002654075c800 DEOPT PACKING pc=0x000002654ac805e4 sp=0x000000b5842fdd80
Event: 1.377 Thread 0x000002654075c800 DEOPT UNPACKING pc=0x000002654a60bc4e sp=0x000000b5842fd238 mode 1
Event: 1.377 Thread 0x000002654075c800 DEOPT PACKING pc=0x000002654ad7b9d4 sp=0x000000b5842fe820
Event: 1.377 Thread 0x000002654075c800 DEOPT UNPACKING pc=0x000002654a60bc4e sp=0x000000b5842fdd10 mode 1

Classes redefined (0 events):
No events

Internal exceptions (20 events):
Event: 0.831 Thread 0x000002654075c800 Exception <a 'java/lang/NoSuchMethodError'{0x0000000710c83770}: 'java.lang.Object java.lang.invoke.DirectMethodHandle$Holder.invokeVirtual(java.lang.Object, java.lang.Object, java.lang.Object)'> (0x0000000710c83770) thrown at [./src/hotspot/share/interpreter/linkResolver.cpp, line 773]
Event: 0.843 Thread 0x000002654075c800 Exception <a 'java/lang/NoSuchMethodError'{0x0000000710ce8890}: 'void java.lang.invoke.DirectMethodHandle$Holder.invokeSpecial(java.lang.Object, java.lang.Object)'> (0x0000000710ce8890) thrown at [./src/hotspot/share/interpreter/linkResolver.cpp, line 773]
Event: 0.978 Thread 0x000002654075c800 Exception <a 'java/lang/NoSuchMethodError'{0x0000000711eed418}: 'java.lang.Object java.lang.invoke.DirectMethodHandle$Holder.invokeStatic(java.lang.Object, java.lang.Object, java.lang.Object, java.lang.Object, java.lang.Object, java.lang.Object, java.lang.Object, java.lang.Object, java.lang.Object, java.lang.Object, java.lang.Object, java.lang.Object, java.lang.Object, java.lang.Object, java.lang.Object)'> (0x0000000711eed418) thrown at [./src/hotspot/share/interpreter/linkResolver.cpp, line 773]
Event: 0.980 Thread 0x000002654075c800 Exception <a 'java/lang/NoSuchMethodError'{0x0000000711efca80}: 'java.lang.Object java.lang.invoke.DirectMethodHandle$Holder.invokeStatic(java.lang.Object, java.lang.Object, java.lang.Object, java.lang.Object, java.lang.Object, java.lang.Object, java.lang.Object, java.lang.Object, java.lang.Object, java.lang.Object, java.lang.Object, java.lang.Object, java.lang.Object, java.lang.Object, java.lang.Object, java.lang.Object)'> (0x0000000711efca80) thrown at [./src/hotspot/share/interpreter/linkResolver.cpp, l
Event: 0.982 Thread 0x000002654075c800 Exception <a 'java/lang/NoSuchMethodError'{0x0000000711c0ae30}: 'java.lang.Object java.lang.invoke.DirectMethodHandle$Holder.invokeSpecial(java.lang.Object, java.lang.Object, int, int, java.lang.Object, java.lang.Object, java.lang.Object, java.lang.Object)'> (0x0000000711c0ae30) thrown at [./src/hotspot/share/interpreter/linkResolver.cpp, line 773]
Event: 0.982 Thread 0x000002654075c800 Exception <a 'java/lang/NoSuchMethodError'{0x0000000711c0e568}: 'java.lang.Object java.lang.invoke.DelegatingMethodHandle$Holder.reinvoke_L(java.lang.Object, int, int, java.lang.Object, java.lang.Object, java.lang.Object, java.lang.Object)'> (0x0000000711c0e568) thrown at [./src/hotspot/share/interpreter/linkResolver.cpp, line 773]
Event: 0.985 Thread 0x000002654075c800 Exception <a 'java/lang/NoSuchMethodError'{0x0000000711c1dba8}: 'java.lang.Object java.lang.invoke.DirectMethodHandle$Holder.invokeStatic(java.lang.Object, java.lang.Object, java.lang.Object, java.lang.Object, java.lang.Object, java.lang.Object, int)'> (0x0000000711c1dba8) thrown at [./src/hotspot/share/interpreter/linkResolver.cpp, line 773]
Event: 1.002 Thread 0x000002654075c800 Exception <a 'java/io/FileNotFoundException'{0x0000000711b2fcb8}> (0x0000000711b2fcb8) thrown at [./src/hotspot/share/prims/jni.cpp, line 615]
Event: 1.049 Thread 0x0000026567a84000 Implicit null exception at 0x00000265520e48f8 to 0x00000265520e498a
Event: 1.106 Thread 0x000002654075c800 Exception <a 'java/lang/NoSuchMethodError'{0x0000000711448e78}: 'int java.lang.invoke.DirectMethodHandle$Holder.invokeSpecial(java.lang.Object, java.lang.Object, java.lang.Object, java.lang.Object)'> (0x0000000711448e78) thrown at [./src/hotspot/share/interpreter/linkResolver.cpp, line 773]
Event: 1.149 Thread 0x000002654075c800 Exception <a 'java/lang/NoSuchMethodError'{0x000000071107ec80}: 'java.lang.Object java.lang.invoke.DirectMethodHandle$Holder.invokeSpecial(java.lang.Object, java.lang.Object, java.lang.Object, java.lang.Object, java.lang.Object, java.lang.Object, int)'> (0x000000071107ec80) thrown at [./src/hotspot/share/interpreter/linkResolver.cpp, line 773]
Event: 1.150 Thread 0x000002654075c800 Exception <a 'java/lang/NoSuchMethodError'{0x0000000710f03fe0}: 'java.lang.Object java.lang.invoke.DirectMethodHandle$Holder.invokeSpecial(java.lang.Object, java.lang.Object, java.lang.Object, java.lang.Object, java.lang.Object, java.lang.Object, java.lang.Object, int)'> (0x0000000710f03fe0) thrown at [./src/hotspot/share/interpreter/linkResolver.cpp, line 773]
Event: 1.151 Thread 0x000002654075c800 Exception <a 'java/lang/NoSuchMethodError'{0x0000000710f07be0}: 'java.lang.Object java.lang.invoke.Invokers$Holder.linkToTargetMethod(java.lang.Object, java.lang.Object, java.lang.Object, java.lang.Object, java.lang.Object, int, java.lang.Object)'> (0x0000000710f07be0) thrown at [./src/hotspot/share/interpreter/linkResolver.cpp, line 773]
Event: 1.164 Thread 0x000002654075c800 Exception <a 'java/lang/NoSuchMethodError'{0x0000000710e281a8}: 'int java.lang.invoke.DirectMethodHandle$Holder.invokeSpecialIFC(java.lang.Object, java.lang.Object, int)'> (0x0000000710e281a8) thrown at [./src/hotspot/share/interpreter/linkResolver.cpp, line 773]
Event: 1.189 Thread 0x000002654075c800 Exception <a 'java/lang/NoSuchMethodError'{0x0000000710d7d3e0}: 'java.lang.Object java.lang.invoke.DirectMethodHandle$Holder.invokeStatic(java.lang.Object, java.lang.Object, int, java.lang.Object)'> (0x0000000710d7d3e0) thrown at [./src/hotspot/share/interpreter/linkResolver.cpp, line 773]
Event: 1.190 Thread 0x000002654075c800 Exception <a 'java/lang/NoSuchMethodError'{0x0000000710c84110}: 'java.lang.Object java.lang.invoke.Invokers$Holder.linkToTargetMethod(java.lang.Object, int, java.lang.Object, java.lang.Object)'> (0x0000000710c84110) thrown at [./src/hotspot/share/interpreter/linkResolver.cpp, line 773]
Event: 1.196 Thread 0x000002654075c800 Exception <a 'java/lang/NoSuchMethodError'{0x0000000710c9c840}: 'java.lang.Object java.lang.invoke.Invokers$Holder.linkToTargetMethod(java.lang.Object, java.lang.Object, java.lang.Object, java.lang.Object, java.lang.Object, java.lang.Object)'> (0x0000000710c9c840) thrown at [./src/hotspot/share/interpreter/linkResolver.cpp, line 773]
Event: 1.233 Thread 0x000002654075c800 Exception <a 'java/lang/NoSuchMethodError'{0x0000000710cb9750}: 'int java.lang.invoke.DirectMethodHandle$Holder.invokeVirtual(java.lang.Object, java.lang.Object)'> (0x0000000710cb9750) thrown at [./src/hotspot/share/interpreter/linkResolver.cpp, line 773]
Event: 1.350 Thread 0x000002654075c800 Exception <a 'java/lang/NoSuchMethodError'{0x000000070fb2e810}: 'void java.lang.invoke.DirectMethodHandle$Holder.invokeStatic(java.lang.Object, java.lang.Object, java.lang.Object, java.lang.Object)'> (0x000000070fb2e810) thrown at [./src/hotspot/share/interpreter/linkResolver.cpp, line 773]
Event: 1.383 Thread 0x000002654075c800 Exception <a 'java/lang/NoSuchMethodError'{0x000000070f75d5c8}: 'void java.lang.invoke.DirectMethodHandle$Holder.invokeStaticInit(java.lang.Object, java.lang.Object)'> (0x000000070f75d5c8) thrown at [./src/hotspot/share/interpreter/linkResolver.cpp, line 773]

Events (20 events):
Event: 1.392 loading class org/hibernate/validator/constraints/br/CPF
Event: 1.392 loading class org/hibernate/validator/constraints/br/CPF done
Event: 1.392 loading class sun/management/spi/PlatformMBeanProvider$PlatformComponent done
Event: 1.392 loading class com/sun/management/internal/PlatformMBeanProviderImpl$1 done
Event: 1.392 loading class com/sun/management/internal/PlatformMBeanProviderImpl$2
Event: 1.392 loading class com/sun/management/internal/PlatformMBeanProviderImpl$2 done
Event: 1.392 loading class org/hibernate/validator/internal/constraintvalidators/hv/br/CPFValidator
Event: 1.392 loading class org/hibernate/validator/internal/constraintvalidators/hv/br/CPFValidator done
Event: 1.392 loading class com/sun/management/internal/PlatformMBeanProviderImpl$3
Event: 1.393 Executing VM operation: CollectForMetadataAllocation
Event: 1.393 Executing VM operation: CollectForMetadataAllocation done
Event: 1.393 loading class com/sun/management/internal/PlatformMBeanProviderImpl$3 done
Event: 1.393 loading class org/hibernate/validator/constraints/CreditCardNumber
Event: 1.393 loading class org/hibernate/validator/constraints/CreditCardNumber done
Event: 1.393 loading class org/hibernate/validator/constraints/time/DurationMax
Event: 1.393 loading class org/hibernate/validator/constraints/time/DurationMax done
Event: 1.394 loading class org/hibernate/validator/internal/constraintvalidators/hv/time/DurationMaxValidator
Event: 1.394 loading class org/hibernate/validator/internal/constraintvalidators/hv/time/DurationMaxValidator done
Event: 1.394 loading class org/hibernate/validator/constraints/time/DurationMin
Event: 1.394 loading class org/hibernate/validator/constraints/time/DurationMin done


Dynamic libraries:
0x00007ff626160000 - 0x00007ff62616d000 	C:\Java\jdk11.0.8_10\bin\java.exe
0x00007ffcec150000 - 0x00007ffcec346000 	C:\WINDOWS\SYSTEM32\ntdll.dll
0x00007ffcea420000 - 0x00007ffcea4dd000 	C:\WINDOWS\System32\KERNEL32.DLL
0x00007ffce9a10000 - 0x00007ffce9cd9000 	C:\WINDOWS\System32\KERNELBASE.dll
0x00007ffce9910000 - 0x00007ffce9a10000 	C:\WINDOWS\System32\ucrtbase.dll
0x00007ffcacf20000 - 0x00007ffcacf35000 	C:\Java\jdk11.0.8_10\bin\VCRUNTIME140.dll
0x00007ffcad1c0000 - 0x00007ffcad1d7000 	C:\Java\jdk11.0.8_10\bin\jli.dll
0x00007ffcea540000 - 0x00007ffcea6e0000 	C:\WINDOWS\System32\USER32.dll
0x00007ffce9fc0000 - 0x00007ffce9fe2000 	C:\WINDOWS\System32\win32u.dll
0x00007ffcd4c90000 - 0x00007ffcd4f2b000 	C:\WINDOWS\WinSxS\amd64_microsoft.windows.common-controls_6595b64144ccf1df_6.0.19041.746_none_ca02b4b61b8320a4\COMCTL32.dll
0x00007ffcea4e0000 - 0x00007ffcea50a000 	C:\WINDOWS\System32\GDI32.dll
0x00007ffcea880000 - 0x00007ffcea91e000 	C:\WINDOWS\System32\msvcrt.dll
0x00007ffce9d60000 - 0x00007ffce9e6b000 	C:\WINDOWS\System32\gdi32full.dll
0x00007ffce9e70000 - 0x00007ffce9f0d000 	C:\WINDOWS\System32\msvcp_win.dll
0x00007ffcea510000 - 0x00007ffcea540000 	C:\WINDOWS\System32\IMM32.DLL
0x00007ffc7f080000 - 0x00007ffc7f11b000 	C:\Java\jdk11.0.8_10\bin\msvcp140.dll
0x00007ffc7e5c0000 - 0x00007ffc7f07d000 	C:\Java\jdk11.0.8_10\bin\server\jvm.dll
0x00007ffcea210000 - 0x00007ffcea2bc000 	C:\WINDOWS\System32\ADVAPI32.dll
0x00007ffcea920000 - 0x00007ffcea9bc000 	C:\WINDOWS\System32\sechost.dll
0x00007ffceb2b0000 - 0x00007ffceb3db000 	C:\WINDOWS\System32\RPCRT4.dll
0x00007ffcebfb0000 - 0x00007ffcebfb8000 	C:\WINDOWS\System32\PSAPI.DLL
0x00007ffcd2f80000 - 0x00007ffcd2f89000 	C:\WINDOWS\SYSTEM32\WSOCK32.dll
0x00007ffcd5a70000 - 0x00007ffcd5a97000 	C:\WINDOWS\SYSTEM32\WINMM.dll
0x00007ffcdec10000 - 0x00007ffcdec1a000 	C:\WINDOWS\SYSTEM32\VERSION.dll
0x00007ffceb3e0000 - 0x00007ffceb44b000 	C:\WINDOWS\System32\WS2_32.dll
0x00007ffce8130000 - 0x00007ffce8142000 	C:\WINDOWS\SYSTEM32\kernel.appcore.dll
0x00007ffcb0e20000 - 0x00007ffcb0e30000 	C:\Java\jdk11.0.8_10\bin\verify.dll
0x00007ffce44b0000 - 0x00007ffce4694000 	C:\WINDOWS\SYSTEM32\DBGHELP.DLL
0x00007ffcd0980000 - 0x00007ffcd09ac000 	C:\WINDOWS\SYSTEM32\dbgcore.DLL
0x00007ffce9ce0000 - 0x00007ffce9d60000 	C:\WINDOWS\System32\bcryptPrimitives.dll
0x00007ffca7e00000 - 0x00007ffca7e28000 	C:\Java\jdk11.0.8_10\bin\java.dll
0x00007ffcb0380000 - 0x00007ffcb038a000 	C:\Java\jdk11.0.8_10\bin\jimage.dll
0x00007ffcd7040000 - 0x00007ffcd7078000 	C:\Java\jdk11.0.8_10\bin\jdwp.dll
0x00007ffce1060000 - 0x00007ffce106e000 	C:\Java\jdk11.0.8_10\bin\instrument.dll
0x00007ffcacd20000 - 0x00007ffcacd37000 	C:\Java\jdk11.0.8_10\bin\zip.dll
0x00007ffceb600000 - 0x00007ffcebd42000 	C:\WINDOWS\System32\SHELL32.dll
0x00007ffce47f0000 - 0x00007ffce4f80000 	C:\WINDOWS\SYSTEM32\windows.storage.dll
0x00007ffceaf50000 - 0x00007ffceb2a6000 	C:\WINDOWS\System32\combase.dll
0x00007ffce92f0000 - 0x00007ffce931c000 	C:\WINDOWS\SYSTEM32\Wldp.dll
0x00007ffcea7d0000 - 0x00007ffcea87e000 	C:\WINDOWS\System32\SHCORE.dll
0x00007ffceb4b0000 - 0x00007ffceb505000 	C:\WINDOWS\System32\shlwapi.dll
0x00007ffce97c0000 - 0x00007ffce97e6000 	C:\WINDOWS\SYSTEM32\profapi.dll
0x00007ffcdfaf0000 - 0x00007ffcdfafa000 	C:\Java\jdk11.0.8_10\bin\dt_socket.dll
0x00007ffce9070000 - 0x00007ffce90da000 	C:\WINDOWS\system32\mswsock.dll
0x00007ffcaccb0000 - 0x00007ffcaccc9000 	C:\Java\jdk11.0.8_10\bin\net.dll
0x00007ffcddcc0000 - 0x00007ffcdddc0000 	C:\WINDOWS\SYSTEM32\WINHTTP.dll
0x00007ffcac9d0000 - 0x00007ffcac9e2000 	C:\Java\jdk11.0.8_10\bin\nio.dll
0x00007ffcdfad0000 - 0x00007ffcdfad9000 	C:\Java\jdk11.0.8_10\bin\management.dll
0x00007ffcde740000 - 0x00007ffcde74b000 	C:\Java\jdk11.0.8_10\bin\management_ext.dll

dbghelp: loaded successfully - version: 4.0.5 - missing functions: none
symbol engine: initialized successfully - sym options: 0x614 - pdb path: .;C:\Java\jdk11.0.8_10\bin;C:\WINDOWS\SYSTEM32;C:\WINDOWS\WinSxS\amd64_microsoft.windows.common-controls_6595b64144ccf1df_6.0.19041.746_none_ca02b4b61b8320a4;C:\Java\jdk11.0.8_10\bin\server

VM Arguments:
jvm_args: -agentlib:jdwp=transport=dt_socket,address=127.0.0.1:53338,suspend=y,server=n -javaagent:C:\Users\robin\AppData\Local\JetBrains\IdeaIC2020.3\captureAgent\debugger-agent.jar -Dfile.encoding=UTF-8 
java_command: nu.borjessons.clubhouse.ClubhouseApplication
java_class_path (initial): C:\Users\robin\projects\clubhouse\clubhouse\target\classes;C:\Users\robin\.m2\repository\org\springframework\boot\spring-boot-starter-data-jpa\2.3.2.RELEASE\spring-boot-starter-data-jpa-2.3.2.RELEASE.jar;C:\Users\robin\.m2\repository\org\springframework\boot\spring-boot-starter-aop\2.3.2.RELEASE\spring-boot-starter-aop-2.3.2.RELEASE.jar;C:\Users\robin\.m2\repository\org\aspectj\aspectjweaver\1.9.6\aspectjweaver-1.9.6.jar;C:\Users\robin\.m2\repository\org\springframework\boot\spring-boot-starter-jdbc\2.3.2.RELEASE\spring-boot-starter-jdbc-2.3.2.RELEASE.jar;C:\Users\robin\.m2\repository\com\zaxxer\HikariCP\3.4.5\HikariCP-3.4.5.jar;C:\Users\robin\.m2\repository\org\springframework\spring-jdbc\5.2.8.RELEASE\spring-jdbc-5.2.8.RELEASE.jar;C:\Users\robin\.m2\repository\jakarta\transaction\jakarta.transaction-api\1.3.3\jakarta.transaction-api-1.3.3.jar;C:\Users\robin\.m2\repository\jakarta\persistence\jakarta.persistence-api\2.2.3\jakarta.persistence-api-2.2.3.jar;C:\Users\robin\.m2\repository\org\hibernate\hibernate-core\5.4.18.Final\hibernate-core-5.4.18.Final.jar;C:\Users\robin\.m2\repository\org\jboss\logging\jboss-logging\3.4.1.Final\jboss-logging-3.4.1.Final.jar;C:\Users\robin\.m2\repository\org\javassist\javassist\3.24.0-GA\javassist-3.24.0-GA.jar;C:\Users\robin\.m2\repository\net\bytebuddy\byte-buddy\1.10.13\byte-buddy-1.10.13.jar;C:\Users\robin\.m2\repository\antlr\antlr\2.7.7\antlr-2.7.7.jar;C:\Users\robin\.m2\repository\org\jboss\jandex\2.1.3.Final\jandex-2.1.3.Final.jar;C:\Users\robin\.m2\repository\com\fasterxml\classmate\1.5.1\classmate-1.5.1.jar;C:\Users\robin\.m2\repository\org\dom4j\dom4j\2.1.3\dom4j-2.1.3.jar;C:\Users\robin\.m2\repository\org\hibernate\common\hibernate-commons-annotations\5.1.0.Final\hibernate-commons-annotations-5.1.0.Final.jar;C:\Users\robin\.m2\repository\org\glassfish\jaxb\jaxb-runtime\2.3.3\jaxb-runtime-2.3.3.jar;C:\Users\robin\.m2\repository\org\glassfish\jaxb\txw2\2.3.3\txw2-2.3.3.jar;C:\Users\robin\.m2\
Launcher Type: SUN_STANDARD

[Global flags]
     intx CICompilerCount                          = 4                                         {product} {ergonomic}
     uint ConcGCThreads                            = 2                                         {product} {ergonomic}
     uint G1ConcRefinementThreads                  = 8                                         {product} {ergonomic}
   size_t G1HeapRegionSize                         = 1048576                                   {product} {ergonomic}
    uintx GCDrainStackTargetSize                   = 64                                        {product} {ergonomic}
   size_t InitialHeapSize                          = 266338304                                 {product} {ergonomic}
   size_t MarkStackSize                            = 4194304                                   {product} {ergonomic}
   size_t MaxHeapSize                              = 4257218560                                {product} {ergonomic}
   size_t MaxNewSize                               = 2554331136                                {product} {ergonomic}
   size_t MinHeapDeltaBytes                        = 1048576                                   {product} {ergonomic}
    uintx NonNMethodCodeHeapSize                   = 5836300                                {pd product} {ergonomic}
    uintx NonProfiledCodeHeapSize                  = 122910970                              {pd product} {ergonomic}
    uintx ProfiledCodeHeapSize                     = 122910970                              {pd product} {ergonomic}
    uintx ReservedCodeCacheSize                    = 251658240                              {pd product} {ergonomic}
     bool SegmentedCodeCache                       = true                                      {product} {ergonomic}
     bool UseCompressedClassPointers               = true                                 {lp64_product} {ergonomic}
     bool UseCompressedOops                        = true                                 {lp64_product} {ergonomic}
     bool UseG1GC                                  = true                                      {product} {ergonomic}
     bool UseLargePagesIndividualAllocation        = false                                  {pd product} {ergonomic}

Logging:
Log output configuration:
 #0: stdout all=warning uptime,level,tags
 #1: stderr all=off uptime,level,tags

Environment Variables:
JAVA_HOME=C:\Java\jdk11.0.8_10
PATH=C:\Python39\Scripts\;C:\Python39\;C:\Python38\Scripts\;C:\Python38\;C:\Program Files (x86)\Razer Chroma SDK\bin;C:\Program Files\Razer Chroma SDK\bin;C:\Java\jdk11.0.8_10\bin;C:\Program Files (x86)\Razer\ChromaBroadcast\bin;C:\Program Files\Razer\ChromaBroadcast\bin;C:\RailsInstaller\Ruby2.3.3\bin;C:\Program Files\ImageMagick-7.0.7-Q16;C:\Program Files\Microsoft MPI\Bin\;C:\Windows\system32;C:\Windows;C:\Windows\System32\Wbem;C:\Windows\System32\WindowsPowerShell\v1.0\;C:\Program Files (x86)\NVIDIA Corporation\PhysX\Common;C:\WINDOWS\system32;C:\WINDOWS;C:\WINDOWS\System32\Wbem;C:\WINDOWS\System32\WindowsPowerShell\v1.0\;C:\WINDOWS\System32\OpenSSH\;C:\ProgramData\chocolatey\bin;C:\Program Files\Microsoft VS Code\bin;C:\Program Files\NVIDIA Corporation\NVIDIA NvDLISR;C:\Users\robin\AppData\Roaming\nvm;C:\Program Files\Microsoft SQL Server\Client SDK\ODBC\130\Tools\Binn\;C:\Program Files (x86)\Microsoft SQL Server\140\Tools\Binn\;C:\Program Files\Microsoft SQL Server\140\Tools\Binn\;C:\Program Files\Microsoft SQL Server\140\DTS\Binn\;C:\Program Files (x86)\Microsoft SQL Server\Client SDK\ODBC\130\Tools\Binn\;C:\Program Files (x86)\Microsoft SQL Server\140\DTS\Binn\;C:\Program Files (x86)\Microsoft SQL Server\140\Tools\Binn\ManagementStudio\;C:\RailsInstaller\DevKit;C:\Program Files\Microsoft\Web Platform Installer\;C:\Program Files\apache-maven-3.6.0\bin;C:\Python37;C:\Python37\Scripts;C:\Octave\Octave-4.2.1\bin;C:\ProgramData\chocolatey\lib\Elixir/bin;C:\Java\jdk-14.0.1\bin;C:\Program Files\MySQL\MySQL Server 8.0\bin;C:\Program Files (x86)\Yarn\bin\;C:\Program Files (x86)\Intel\Intel(R) Management Engine Components\DAL;C:\Program Files\Intel\Intel(R) Management Engine Components\DAL;C:\WINDOWS\system32;C:\WINDOWS;C:\WINDOWS\System32\Wbem;C:\WINDOWS\System32\WindowsPowerShell\v1.0\;C:\WINDOWS\System32\OpenSSH\;C:\WINDOWS\system32\config\systemprofile\AppData\Local\Microsoft\WindowsApps;C:\Program Files\nodejs\;C:\Program Files\Git\cmd;C:\Python37\Scripts\;C:\Python
USERNAME=robin
OS=Windows_NT
PROCESSOR_IDENTIFIER=Intel64 Family 6 Model 158 Stepping 9, GenuineIntel



---------------  S Y S T E M  ---------------

OS: Windows 10 , 64 bit Build 19041 (10.0.19041.782)
OS uptime: 0 days 9:01 hours
HyperV virtualization detected

CPU:total 8 (initial active 8) (4 cores per cpu, 2 threads per core) family 6 model 158 stepping 9, cmov, cx8, fxsr, mmx, sse, sse2, sse3, ssse3, sse4.1, sse4.2, popcnt, avx, avx2, aes, clmul, erms, 3dnowpref, lzcnt, ht, tsc, tscinvbit, bmi1, bmi2, adx, fma

Memory: 4k page, system-wide physical 16235M (4798M free)
TotalPageFile size 17259M (AvailPageFile size 4M)
current process WorkingSet (physical memory assigned to process): 122M, peak: 122M
current process commit charge ("private bytes"): 366M, peak: 367M

vm_info: OpenJDK 64-Bit Server VM (11.0.8+10-LTS) for windows-amd64 JRE (11.0.8+10-LTS), built on Jul 13 2020 00:42:50 by "Administrator" with MS VC++ 15.9 (VS2017)

END.
