#
# There is insufficient memory for the Java Runtime Environment to continue.
# Native memory allocation (malloc) failed to allocate 553776 bytes for Chunk::new
# Possible reasons:
#   The system is out of physical RAM or swap space
#   The process is running with CompressedOops enabled, and the Java Heap may be blocking the growth of the native heap
# Possible solutions:
#   Reduce memory load on the system
#   Increase physical memory or swap space
#   Check if swap backing store is full
#   Decrease Java heap size (-Xmx/-Xms)
#   Decrease number of Java threads
#   Decrease Java thread stack sizes (-Xss)
#   Set larger code cache with -XX:ReservedCodeCacheSize=
#   JVM is running with Zero Based Compressed Oops mode in which the Java heap is
#     placed in the first 32GB address space. The Java Heap base address is the
#     maximum limit for the native heap growth. Please use -XX:HeapBaseMinAddress
#     to set the Java Heap base and to place the Java Heap above 32GB virtual address.
# This output file may be truncated or incomplete.
#
#  Out of Memory Error (./src/hotspot/share/memory/arena.cpp:197), pid=22780, tid=4032
#
# JRE version: OpenJDK Runtime Environment Corretto-11.0.8.10.1 (11.0.8+10) (build 11.0.8+10-LTS)
# Java VM: OpenJDK 64-Bit Server VM Corretto-11.0.8.10.1 (11.0.8+10-LTS, mixed mode, tiered, compressed oops, g1 gc, windows-amd64)
# No core dump will be written. Minidumps are not enabled by default on client versions of Windows
#

---------------  S U M M A R Y ------------

Command Line: -agentlib:jdwp=transport=dt_socket,address=127.0.0.1:50811,suspend=y,server=n -javaagent:C:\Users\robin\AppData\Local\JetBrains\IdeaIC2020.3\captureAgent\debugger-agent.jar -Dfile.encoding=UTF-8 nu.borjessons.clubhouse.ClubhouseApplication

Host: Intel(R) Core(TM) i7-7700HQ CPU @ 2.80GHz, 8 cores, 15G,  Windows 10 , 64 bit Build 19041 (10.0.19041.782)
Time: Wed Jan 27 20:52:39 2021 Västeuropa, normaltid elapsed time: 1867 seconds (0d 0h 31m 7s)

---------------  T H R E A D  ---------------

Current thread (0x000001da8c5de000):  JavaThread "C2 CompilerThread0" daemon [_thread_in_native, id=4032, stack(0x000000ac17f00000,0x000000ac18000000)]


Current CompileTask:
C2:1867461 9158       4       java.util.TreeMap::put (247 bytes)

Stack: [0x000000ac17f00000,0x000000ac18000000]
Native frames: (J=compiled Java code, j=interpreted, Vv=VM code, C=native code)
V  [jvm.dll+0x5dfc8a]
V  [jvm.dll+0x7179be]
V  [jvm.dll+0x71908f]
V  [jvm.dll+0x719753]
V  [jvm.dll+0x240e48]
V  [jvm.dll+0xb96ac]
V  [jvm.dll+0xb9dac]
V  [jvm.dll+0x2b0804]
V  [jvm.dll+0x5000c6]
V  [jvm.dll+0x202a5d]
V  [jvm.dll+0x1fca3a]
V  [jvm.dll+0x1f99bf]
V  [jvm.dll+0x17e4ec]
V  [jvm.dll+0x208f27]
V  [jvm.dll+0x20710b]
V  [jvm.dll+0x6dc729]
V  [jvm.dll+0x6d57d4]
V  [jvm.dll+0x5debc6]
C  [ucrtbase.dll+0x21bb2]
C  [KERNEL32.DLL+0x17034]
C  [ntdll.dll+0x4d241]


---------------  P R O C E S S  ---------------

Threads class SMR info:
_java_thread_list=0x000001da974d4ff0, length=30, elements={
0x000001da8bcd7800, 0x000001da8bcd9000, 0x000001da8bcee000, 0x000001da8c5dd800,
0x000001da8c5de000, 0x000001da8c5e5800, 0x000001da8c64d000, 0x000001da8c756000,
0x000001da8c80e000, 0x000001da8c866000, 0x000001da8c8e5000, 0x000001da8cbfb800,
0x000001da954fe800, 0x000001da9443f800, 0x000001da975c8800, 0x000001da90131800,
0x000001da9379b800, 0x000001da8d39d800, 0x000001da94360800, 0x000001da9580d800,
0x000001da93f1e000, 0x000001da93f1c800, 0x000001da93f1f000, 0x000001da93f1c000,
0x000001da93f20000, 0x000001da93f22800, 0x000001da93f1d800, 0x000001da93f20800,
0x000001da93f21800, 0x000001da91ed5000
}

Java Threads: ( => current thread )
  0x000001da8bcd7800 JavaThread "Reference Handler" daemon [_thread_blocked, id=14068, stack(0x000000ac17b00000,0x000000ac17c00000)]
  0x000001da8bcd9000 JavaThread "Finalizer" daemon [_thread_blocked, id=2428, stack(0x000000ac17c00000,0x000000ac17d00000)]
  0x000001da8bcee000 JavaThread "Signal Dispatcher" daemon [_thread_blocked, id=1292, stack(0x000000ac17d00000,0x000000ac17e00000)]
  0x000001da8c5dd800 JavaThread "Attach Listener" daemon [_thread_blocked, id=22820, stack(0x000000ac17e00000,0x000000ac17f00000)]
=>0x000001da8c5de000 JavaThread "C2 CompilerThread0" daemon [_thread_in_native, id=4032, stack(0x000000ac17f00000,0x000000ac18000000)]
  0x000001da8c5e5800 JavaThread "C1 CompilerThread0" daemon [_thread_blocked, id=3932, stack(0x000000ac18000000,0x000000ac18100000)]
  0x000001da8c64d000 JavaThread "Sweeper thread" daemon [_thread_blocked, id=2548, stack(0x000000ac18100000,0x000000ac18200000)]
  0x000001da8c756000 JavaThread "Common-Cleaner" daemon [_thread_blocked, id=22836, stack(0x000000ac18200000,0x000000ac18300000)]
  0x000001da8c80e000 JavaThread "JDWP Transport Listener: dt_socket" daemon [_thread_blocked, id=11668, stack(0x000000ac18300000,0x000000ac18400000)]
  0x000001da8c866000 JavaThread "JDWP Event Helper Thread" daemon [_thread_blocked, id=20524, stack(0x000000ac18400000,0x000000ac18500000)]
  0x000001da8c8e5000 JavaThread "JDWP Command Reader" daemon [_thread_in_native, id=11344, stack(0x000000ac18500000,0x000000ac18600000)]
  0x000001da8cbfb800 JavaThread "Service Thread" daemon [_thread_blocked, id=16196, stack(0x000000ac18600000,0x000000ac18700000)]
  0x000001da954fe800 JavaThread "HikariPool-1 housekeeper" daemon [_thread_blocked, id=10584, stack(0x000000ac18f00000,0x000000ac19000000)]
  0x000001da9443f800 JavaThread "Catalina-utility-1" [_thread_blocked, id=8564, stack(0x000000ac19200000,0x000000ac19300000)]
  0x000001da975c8800 JavaThread "Catalina-utility-2" [_thread_blocked, id=752, stack(0x000000ac19300000,0x000000ac19400000)]
  0x000001da90131800 JavaThread "container-0" [_thread_blocked, id=4764, stack(0x000000ac19400000,0x000000ac19500000)]
  0x000001da9379b800 JavaThread "http-nio-8080-BlockPoller" daemon [_thread_in_native, id=12068, stack(0x000000ac19100000,0x000000ac19200000)]
  0x000001da8d39d800 JavaThread "http-nio-8080-exec-1" daemon [_thread_blocked, id=23128, stack(0x000000ac19900000,0x000000ac19a00000)]
  0x000001da94360800 JavaThread "http-nio-8080-exec-2" daemon [_thread_blocked, id=20452, stack(0x000000ac19a00000,0x000000ac19b00000)]
  0x000001da9580d800 JavaThread "http-nio-8080-exec-3" daemon [_thread_blocked, id=23192, stack(0x000000ac19b00000,0x000000ac19c00000)]
  0x000001da93f1e000 JavaThread "http-nio-8080-exec-4" daemon [_thread_blocked, id=10404, stack(0x000000ac19c00000,0x000000ac19d00000)]
  0x000001da93f1c800 JavaThread "http-nio-8080-exec-5" daemon [_thread_blocked, id=15632, stack(0x000000ac19d00000,0x000000ac19e00000)]
  0x000001da93f1f000 JavaThread "http-nio-8080-exec-6" daemon [_thread_blocked, id=17888, stack(0x000000ac19e00000,0x000000ac19f00000)]
  0x000001da93f1c000 JavaThread "http-nio-8080-exec-7" daemon [_thread_blocked, id=17896, stack(0x000000ac19f00000,0x000000ac1a000000)]
  0x000001da93f20000 JavaThread "http-nio-8080-exec-8" daemon [_thread_blocked, id=16604, stack(0x000000ac1a000000,0x000000ac1a100000)]
  0x000001da93f22800 JavaThread "http-nio-8080-exec-9" daemon [_thread_blocked, id=23080, stack(0x000000ac1a100000,0x000000ac1a200000)]
  0x000001da93f1d800 JavaThread "http-nio-8080-exec-10" daemon [_thread_blocked, id=16656, stack(0x000000ac1a200000,0x000000ac1a300000)]
  0x000001da93f20800 JavaThread "http-nio-8080-ClientPoller" daemon [_thread_in_native, id=7968, stack(0x000000ac1a300000,0x000000ac1a400000)]
  0x000001da93f21800 JavaThread "http-nio-8080-Acceptor" daemon [_thread_in_native, id=6340, stack(0x000000ac1a400000,0x000000ac1a500000)]
  0x000001da91ed5000 JavaThread "DestroyJavaVM" [_thread_blocked, id=21996, stack(0x000000ac17400000,0x000000ac17500000)]

Other Threads:
  0x000001da8bcd4000 VMThread "VM Thread" [stack: 0x000000ac17a00000,0x000000ac17b00000] [id=22408]
  0x000001da8ca86000 WatcherThread [stack: 0x000000ac18700000,0x000000ac18800000] [id=23448]
  0x000001dae8045000 GCTaskThread "GC Thread#0" [stack: 0x000000ac17500000,0x000000ac17600000] [id=21988]
  0x000001da8d55b800 GCTaskThread "GC Thread#1" [stack: 0x000000ac18a00000,0x000000ac18b00000] [id=14472]
  0x000001da8d55c800 GCTaskThread "GC Thread#2" [stack: 0x000000ac18b00000,0x000000ac18c00000] [id=19404]
  0x000001da8d59f800 GCTaskThread "GC Thread#3" [stack: 0x000000ac18c00000,0x000000ac18d00000] [id=18272]
  0x000001da8d5a0000 GCTaskThread "GC Thread#4" [stack: 0x000000ac18d00000,0x000000ac18e00000] [id=3240]
  0x000001da8d5a0800 GCTaskThread "GC Thread#5" [stack: 0x000000ac18e00000,0x000000ac18f00000] [id=14892]
  0x000001da8fa66800 GCTaskThread "GC Thread#6" [stack: 0x000000ac19600000,0x000000ac19700000] [id=13964]
  0x000001da951ac000 GCTaskThread "GC Thread#7" [stack: 0x000000ac19700000,0x000000ac19800000] [id=11936]
  0x000001dae80a1000 ConcurrentGCThread "G1 Main Marker" [stack: 0x000000ac17600000,0x000000ac17700000] [id=18700]
  0x000001dae80a3000 ConcurrentGCThread "G1 Conc#0" [stack: 0x000000ac17700000,0x000000ac17800000] [id=18644]
  0x000001da8d5f2800 ConcurrentGCThread "G1 Conc#1" [stack: 0x000000ac19000000,0x000000ac19100000] [id=18712]
  0x000001da8bbbf800 ConcurrentGCThread "G1 Refine#0" [stack: 0x000000ac17800000,0x000000ac17900000] [id=23040]
  0x000001da8bbc0800 ConcurrentGCThread "G1 Young RemSet Sampling" [stack: 0x000000ac17900000,0x000000ac17a00000] [id=16268]

Threads with active compile tasks:
C2 CompilerThread01867498 9158       4       java.util.TreeMap::put (247 bytes)

VM state:not at safepoint (normal execution)

VM Mutex/Monitor currently owned by a thread: None

Heap address: 0x0000000702400000, size: 4060 MB, Compressed Oops mode: Zero based, Oop shift amount: 3
Narrow klass base: 0x0000000800000000, Narrow klass shift: 0
Compressed class space size: 1073741824 Address: 0x0000000800000000

Heap:
 garbage-first heap   total 260096K, used 135761K [0x0000000702400000, 0x0000000800000000)
  region size 1024K, 121 young (123904K), 16 survivors (16384K)
 Metaspace       used 82169K, capacity 84170K, committed 84396K, reserved 1122304K
  class space    used 10169K, capacity 10978K, committed 11008K, reserved 1048576K
Heap Regions: E=young(eden), S=young(survivor), O=old, HS=humongous(starts), HC=humongous(continues), CS=collection set, F=free, A=archive, TAMS=top-at-mark-start (previous, next)
|   0|0x0000000702400000, 0x0000000702500000, 0x0000000702500000|100%|HS|  |TAMS 0x0000000702500000, 0x0000000702400000| Complete 
|   1|0x0000000702500000, 0x0000000702600000, 0x0000000702600000|100%| O|  |TAMS 0x0000000702600000, 0x0000000702500000| Untracked 
|   2|0x0000000702600000, 0x0000000702700000, 0x0000000702700000|100%| O|  |TAMS 0x0000000702700000, 0x0000000702600000| Untracked 
|   3|0x0000000702700000, 0x0000000702800000, 0x0000000702800000|100%| O|  |TAMS 0x0000000702800000, 0x0000000702700000| Untracked 
|   4|0x0000000702800000, 0x0000000702900000, 0x0000000702900000|100%| O|  |TAMS 0x0000000702900000, 0x0000000702800000| Untracked 
|   5|0x0000000702900000, 0x0000000702a00000, 0x0000000702a00000|100%| O|  |TAMS 0x0000000702a00000, 0x0000000702900000| Untracked 
|   6|0x0000000702a00000, 0x0000000702b00000, 0x0000000702b00000|100%| O|  |TAMS 0x0000000702b00000, 0x0000000702a00000| Untracked 
|   7|0x0000000702b00000, 0x0000000702c00000, 0x0000000702c00000|100%| O|  |TAMS 0x0000000702c00000, 0x0000000702b00000| Untracked 
|   8|0x0000000702c00000, 0x0000000702d00000, 0x0000000702d00000|100%| O|  |TAMS 0x0000000702d00000, 0x0000000702c00000| Untracked 
|   9|0x0000000702d00000, 0x0000000702e00000, 0x0000000702e00000|100%| O|  |TAMS 0x0000000702e00000, 0x0000000702d00000| Untracked 
|  10|0x0000000702e00000, 0x0000000702f00000, 0x0000000702f00000|100%| O|  |TAMS 0x0000000702e1c000, 0x0000000702e00000| Untracked 
|  11|0x0000000702f00000, 0x0000000703000000, 0x0000000703000000|100%| O|  |TAMS 0x0000000702f00000, 0x0000000702f00000| Untracked 
|  12|0x0000000703000000, 0x0000000703100000, 0x0000000703100000|100%| O|  |TAMS 0x0000000703000000, 0x0000000703000000| Untracked 
|  13|0x0000000703100000, 0x000000070314ee00, 0x0000000703200000| 30%| O|  |TAMS 0x0000000703100000, 0x0000000703100000| Untracked 
|  14|0x0000000703200000, 0x0000000703200000, 0x0000000703300000|  0%| F|  |TAMS 0x0000000703200000, 0x0000000703200000| Untracked 
|  15|0x0000000703300000, 0x0000000703300000, 0x0000000703400000|  0%| F|  |TAMS 0x0000000703300000, 0x0000000703300000| Untracked 
|  16|0x0000000703400000, 0x0000000703400000, 0x0000000703500000|  0%| F|  |TAMS 0x0000000703400000, 0x0000000703400000| Untracked 
|  17|0x0000000703500000, 0x0000000703500000, 0x0000000703600000|  0%| F|  |TAMS 0x0000000703500000, 0x0000000703500000| Untracked 
|  18|0x0000000703600000, 0x0000000703600000, 0x0000000703700000|  0%| F|  |TAMS 0x0000000703600000, 0x0000000703600000| Untracked 
|  19|0x0000000703700000, 0x0000000703700000, 0x0000000703800000|  0%| F|  |TAMS 0x0000000703700000, 0x0000000703700000| Untracked 
|  20|0x0000000703800000, 0x0000000703800000, 0x0000000703900000|  0%| F|  |TAMS 0x0000000703800000, 0x0000000703800000| Untracked 
|  21|0x0000000703900000, 0x0000000703900000, 0x0000000703a00000|  0%| F|  |TAMS 0x0000000703900000, 0x0000000703900000| Untracked 
|  22|0x0000000703a00000, 0x0000000703a00000, 0x0000000703b00000|  0%| F|  |TAMS 0x0000000703a00000, 0x0000000703a00000| Untracked 
|  23|0x0000000703b00000, 0x0000000703b00000, 0x0000000703c00000|  0%| F|  |TAMS 0x0000000703b00000, 0x0000000703b00000| Untracked 
|  24|0x0000000703c00000, 0x0000000703c00000, 0x0000000703d00000|  0%| F|  |TAMS 0x0000000703c00000, 0x0000000703c00000| Untracked 
|  25|0x0000000703d00000, 0x0000000703d00000, 0x0000000703e00000|  0%| F|  |TAMS 0x0000000703d00000, 0x0000000703d00000| Untracked 
|  26|0x0000000703e00000, 0x0000000703e00000, 0x0000000703f00000|  0%| F|  |TAMS 0x0000000703e00000, 0x0000000703e00000| Untracked 
|  27|0x0000000703f00000, 0x0000000703f00000, 0x0000000704000000|  0%| F|  |TAMS 0x0000000703f00000, 0x0000000703f00000| Untracked 
|  28|0x0000000704000000, 0x0000000704000000, 0x0000000704100000|  0%| F|  |TAMS 0x0000000704000000, 0x0000000704000000| Untracked 
|  29|0x0000000704100000, 0x0000000704100000, 0x0000000704200000|  0%| F|  |TAMS 0x0000000704100000, 0x0000000704100000| Untracked 
|  30|0x0000000704200000, 0x0000000704200000, 0x0000000704300000|  0%| F|  |TAMS 0x0000000704200000, 0x0000000704200000| Untracked 
|  31|0x0000000704300000, 0x0000000704300000, 0x0000000704400000|  0%| F|  |TAMS 0x0000000704300000, 0x0000000704300000| Untracked 
|  32|0x0000000704400000, 0x0000000704400000, 0x0000000704500000|  0%| F|  |TAMS 0x0000000704400000, 0x0000000704400000| Untracked 
|  33|0x0000000704500000, 0x0000000704500000, 0x0000000704600000|  0%| F|  |TAMS 0x0000000704500000, 0x0000000704500000| Untracked 
|  34|0x0000000704600000, 0x0000000704600000, 0x0000000704700000|  0%| F|  |TAMS 0x0000000704600000, 0x0000000704600000| Untracked 
|  35|0x0000000704700000, 0x0000000704700000, 0x0000000704800000|  0%| F|  |TAMS 0x0000000704700000, 0x0000000704700000| Untracked 
|  36|0x0000000704800000, 0x0000000704800000, 0x0000000704900000|  0%| F|  |TAMS 0x0000000704800000, 0x0000000704800000| Untracked 
|  37|0x0000000704900000, 0x0000000704900000, 0x0000000704a00000|  0%| F|  |TAMS 0x0000000704900000, 0x0000000704900000| Untracked 
|  38|0x0000000704a00000, 0x0000000704a00000, 0x0000000704b00000|  0%| F|  |TAMS 0x0000000704a00000, 0x0000000704a00000| Untracked 
|  39|0x0000000704b00000, 0x0000000704b00000, 0x0000000704c00000|  0%| F|  |TAMS 0x0000000704b00000, 0x0000000704b00000| Untracked 
|  40|0x0000000704c00000, 0x0000000704c00000, 0x0000000704d00000|  0%| F|  |TAMS 0x0000000704c00000, 0x0000000704c00000| Untracked 
|  41|0x0000000704d00000, 0x0000000704d00000, 0x0000000704e00000|  0%| F|  |TAMS 0x0000000704d00000, 0x0000000704d00000| Untracked 
|  42|0x0000000704e00000, 0x0000000704e00000, 0x0000000704f00000|  0%| F|  |TAMS 0x0000000704e00000, 0x0000000704e00000| Untracked 
|  43|0x0000000704f00000, 0x0000000704f00000, 0x0000000705000000|  0%| F|  |TAMS 0x0000000704f00000, 0x0000000704f00000| Untracked 
|  44|0x0000000705000000, 0x0000000705000000, 0x0000000705100000|  0%| F|  |TAMS 0x0000000705000000, 0x0000000705000000| Untracked 
|  45|0x0000000705100000, 0x0000000705100000, 0x0000000705200000|  0%| F|  |TAMS 0x0000000705100000, 0x0000000705100000| Untracked 
|  46|0x0000000705200000, 0x0000000705200000, 0x0000000705300000|  0%| F|  |TAMS 0x0000000705200000, 0x0000000705200000| Untracked 
|  47|0x0000000705300000, 0x0000000705300000, 0x0000000705400000|  0%| F|  |TAMS 0x0000000705300000, 0x0000000705300000| Untracked 
|  48|0x0000000705400000, 0x0000000705400000, 0x0000000705500000|  0%| F|  |TAMS 0x0000000705400000, 0x0000000705400000| Untracked 
|  49|0x0000000705500000, 0x0000000705500000, 0x0000000705600000|  0%| F|  |TAMS 0x0000000705500000, 0x0000000705500000| Untracked 
|  50|0x0000000705600000, 0x0000000705600000, 0x0000000705700000|  0%| F|  |TAMS 0x0000000705600000, 0x0000000705600000| Untracked 
|  51|0x0000000705700000, 0x0000000705700000, 0x0000000705800000|  0%| F|  |TAMS 0x0000000705700000, 0x0000000705700000| Untracked 
|  52|0x0000000705800000, 0x0000000705800000, 0x0000000705900000|  0%| F|  |TAMS 0x0000000705800000, 0x0000000705800000| Untracked 
|  53|0x0000000705900000, 0x0000000705900000, 0x0000000705a00000|  0%| F|  |TAMS 0x0000000705900000, 0x0000000705900000| Untracked 
|  54|0x0000000705a00000, 0x0000000705a00000, 0x0000000705b00000|  0%| F|  |TAMS 0x0000000705a00000, 0x0000000705a00000| Untracked 
|  55|0x0000000705b00000, 0x0000000705b00000, 0x0000000705c00000|  0%| F|  |TAMS 0x0000000705b00000, 0x0000000705b00000| Untracked 
|  56|0x0000000705c00000, 0x0000000705c00000, 0x0000000705d00000|  0%| F|  |TAMS 0x0000000705c00000, 0x0000000705c00000| Untracked 
|  57|0x0000000705d00000, 0x0000000705d00000, 0x0000000705e00000|  0%| F|  |TAMS 0x0000000705d00000, 0x0000000705d00000| Untracked 
|  58|0x0000000705e00000, 0x0000000705e00000, 0x0000000705f00000|  0%| F|  |TAMS 0x0000000705e00000, 0x0000000705e00000| Untracked 
|  59|0x0000000705f00000, 0x0000000705f00000, 0x0000000706000000|  0%| F|  |TAMS 0x0000000705f00000, 0x0000000705f00000| Untracked 
|  60|0x0000000706000000, 0x0000000706000000, 0x0000000706100000|  0%| F|  |TAMS 0x0000000706000000, 0x0000000706000000| Untracked 
|  61|0x0000000706100000, 0x0000000706100000, 0x0000000706200000|  0%| F|  |TAMS 0x0000000706100000, 0x0000000706100000| Untracked 
|  62|0x0000000706200000, 0x0000000706200000, 0x0000000706300000|  0%| F|  |TAMS 0x0000000706200000, 0x0000000706200000| Untracked 
|  63|0x0000000706300000, 0x0000000706300000, 0x0000000706400000|  0%| F|  |TAMS 0x0000000706300000, 0x0000000706300000| Untracked 
|  64|0x0000000706400000, 0x0000000706400000, 0x0000000706500000|  0%| F|  |TAMS 0x0000000706400000, 0x0000000706400000| Untracked 
|  65|0x0000000706500000, 0x0000000706500000, 0x0000000706600000|  0%| F|  |TAMS 0x0000000706500000, 0x0000000706500000| Untracked 
|  66|0x0000000706600000, 0x0000000706600000, 0x0000000706700000|  0%| F|  |TAMS 0x0000000706600000, 0x0000000706600000| Untracked 
|  67|0x0000000706700000, 0x0000000706700000, 0x0000000706800000|  0%| F|  |TAMS 0x0000000706700000, 0x0000000706700000| Untracked 
|  68|0x0000000706800000, 0x0000000706800000, 0x0000000706900000|  0%| F|  |TAMS 0x0000000706800000, 0x0000000706800000| Untracked 
|  69|0x0000000706900000, 0x0000000706900000, 0x0000000706a00000|  0%| F|  |TAMS 0x0000000706900000, 0x0000000706900000| Untracked 
|  70|0x0000000706a00000, 0x0000000706a00000, 0x0000000706b00000|  0%| F|  |TAMS 0x0000000706a00000, 0x0000000706a00000| Untracked 
|  71|0x0000000706b00000, 0x0000000706b00000, 0x0000000706c00000|  0%| F|  |TAMS 0x0000000706b00000, 0x0000000706b00000| Untracked 
|  72|0x0000000706c00000, 0x0000000706c00000, 0x0000000706d00000|  0%| F|  |TAMS 0x0000000706c00000, 0x0000000706c00000| Untracked 
|  73|0x0000000706d00000, 0x0000000706d00000, 0x0000000706e00000|  0%| F|  |TAMS 0x0000000706d00000, 0x0000000706d00000| Untracked 
|  74|0x0000000706e00000, 0x0000000706e00000, 0x0000000706f00000|  0%| F|  |TAMS 0x0000000706e00000, 0x0000000706e00000| Untracked 
|  75|0x0000000706f00000, 0x0000000706f00000, 0x0000000707000000|  0%| F|  |TAMS 0x0000000706f00000, 0x0000000706f00000| Untracked 
|  76|0x0000000707000000, 0x0000000707000000, 0x0000000707100000|  0%| F|  |TAMS 0x0000000707000000, 0x0000000707000000| Untracked 
|  77|0x0000000707100000, 0x0000000707100000, 0x0000000707200000|  0%| F|  |TAMS 0x0000000707100000, 0x0000000707100000| Untracked 
|  78|0x0000000707200000, 0x0000000707200000, 0x0000000707300000|  0%| F|  |TAMS 0x0000000707200000, 0x0000000707200000| Untracked 
|  79|0x0000000707300000, 0x0000000707300000, 0x0000000707400000|  0%| F|  |TAMS 0x0000000707300000, 0x0000000707300000| Untracked 
|  80|0x0000000707400000, 0x0000000707400000, 0x0000000707500000|  0%| F|  |TAMS 0x0000000707400000, 0x0000000707400000| Untracked 
|  81|0x0000000707500000, 0x0000000707500000, 0x0000000707600000|  0%| F|  |TAMS 0x0000000707500000, 0x0000000707500000| Untracked 
|  82|0x0000000707600000, 0x0000000707600000, 0x0000000707700000|  0%| F|  |TAMS 0x0000000707600000, 0x0000000707600000| Untracked 
|  83|0x0000000707700000, 0x0000000707700000, 0x0000000707800000|  0%| F|  |TAMS 0x0000000707700000, 0x0000000707700000| Untracked 
|  84|0x0000000707800000, 0x0000000707800000, 0x0000000707900000|  0%| F|  |TAMS 0x0000000707800000, 0x0000000707800000| Untracked 
|  85|0x0000000707900000, 0x0000000707900000, 0x0000000707a00000|  0%| F|  |TAMS 0x0000000707900000, 0x0000000707900000| Untracked 
|  86|0x0000000707a00000, 0x0000000707a45888, 0x0000000707b00000| 27%| S|CS|TAMS 0x0000000707a00000, 0x0000000707a00000| Complete 
|  87|0x0000000707b00000, 0x0000000707c00000, 0x0000000707c00000|100%| S|CS|TAMS 0x0000000707b00000, 0x0000000707b00000| Complete 
|  88|0x0000000707c00000, 0x0000000707d00000, 0x0000000707d00000|100%| S|CS|TAMS 0x0000000707c00000, 0x0000000707c00000| Complete 
|  89|0x0000000707d00000, 0x0000000707e00000, 0x0000000707e00000|100%| S|CS|TAMS 0x0000000707d00000, 0x0000000707d00000| Complete 
|  90|0x0000000707e00000, 0x0000000707f00000, 0x0000000707f00000|100%| S|CS|TAMS 0x0000000707e00000, 0x0000000707e00000| Complete 
|  91|0x0000000707f00000, 0x0000000708000000, 0x0000000708000000|100%| S|CS|TAMS 0x0000000707f00000, 0x0000000707f00000| Complete 
|  92|0x0000000708000000, 0x0000000708100000, 0x0000000708100000|100%| S|CS|TAMS 0x0000000708000000, 0x0000000708000000| Complete 
|  93|0x0000000708100000, 0x0000000708200000, 0x0000000708200000|100%| S|CS|TAMS 0x0000000708100000, 0x0000000708100000| Complete 
|  94|0x0000000708200000, 0x0000000708300000, 0x0000000708300000|100%| S|CS|TAMS 0x0000000708200000, 0x0000000708200000| Complete 
|  95|0x0000000708300000, 0x0000000708400000, 0x0000000708400000|100%| S|CS|TAMS 0x0000000708300000, 0x0000000708300000| Complete 
|  96|0x0000000708400000, 0x0000000708500000, 0x0000000708500000|100%| S|CS|TAMS 0x0000000708400000, 0x0000000708400000| Complete 
|  97|0x0000000708500000, 0x0000000708600000, 0x0000000708600000|100%| S|CS|TAMS 0x0000000708500000, 0x0000000708500000| Complete 
|  98|0x0000000708600000, 0x0000000708700000, 0x0000000708700000|100%| S|CS|TAMS 0x0000000708600000, 0x0000000708600000| Complete 
|  99|0x0000000708700000, 0x0000000708800000, 0x0000000708800000|100%| S|CS|TAMS 0x0000000708700000, 0x0000000708700000| Complete 
| 100|0x0000000708800000, 0x0000000708900000, 0x0000000708900000|100%| S|CS|TAMS 0x0000000708800000, 0x0000000708800000| Complete 
| 101|0x0000000708900000, 0x0000000708a00000, 0x0000000708a00000|100%| S|CS|TAMS 0x0000000708900000, 0x0000000708900000| Complete 
| 102|0x0000000708a00000, 0x0000000708a00000, 0x0000000708b00000|  0%| F|  |TAMS 0x0000000708a00000, 0x0000000708a00000| Untracked 
| 103|0x0000000708b00000, 0x0000000708b00000, 0x0000000708c00000|  0%| F|  |TAMS 0x0000000708b00000, 0x0000000708b00000| Untracked 
| 104|0x0000000708c00000, 0x0000000708c00000, 0x0000000708d00000|  0%| F|  |TAMS 0x0000000708c00000, 0x0000000708c00000| Untracked 
| 105|0x0000000708d00000, 0x0000000708d00000, 0x0000000708e00000|  0%| F|  |TAMS 0x0000000708d00000, 0x0000000708d00000| Untracked 
| 106|0x0000000708e00000, 0x0000000708e00000, 0x0000000708f00000|  0%| F|  |TAMS 0x0000000708e00000, 0x0000000708e00000| Untracked 
| 107|0x0000000708f00000, 0x0000000708f00000, 0x0000000709000000|  0%| F|  |TAMS 0x0000000708f00000, 0x0000000708f00000| Untracked 
| 108|0x0000000709000000, 0x0000000709000000, 0x0000000709100000|  0%| F|  |TAMS 0x0000000709000000, 0x0000000709000000| Untracked 
| 109|0x0000000709100000, 0x0000000709100000, 0x0000000709200000|  0%| F|  |TAMS 0x0000000709100000, 0x0000000709100000| Untracked 
| 110|0x0000000709200000, 0x0000000709200000, 0x0000000709300000|  0%| F|  |TAMS 0x0000000709200000, 0x0000000709200000| Untracked 
| 111|0x0000000709300000, 0x0000000709300000, 0x0000000709400000|  0%| F|  |TAMS 0x0000000709300000, 0x0000000709300000| Untracked 
| 112|0x0000000709400000, 0x0000000709400000, 0x0000000709500000|  0%| F|  |TAMS 0x0000000709400000, 0x0000000709400000| Untracked 
| 113|0x0000000709500000, 0x0000000709500000, 0x0000000709600000|  0%| F|  |TAMS 0x0000000709500000, 0x0000000709500000| Untracked 
| 114|0x0000000709600000, 0x0000000709600000, 0x0000000709700000|  0%| F|  |TAMS 0x0000000709600000, 0x0000000709600000| Untracked 
| 115|0x0000000709700000, 0x0000000709700000, 0x0000000709800000|  0%| F|  |TAMS 0x0000000709700000, 0x0000000709700000| Untracked 
| 116|0x0000000709800000, 0x0000000709800000, 0x0000000709900000|  0%| F|  |TAMS 0x0000000709800000, 0x0000000709800000| Untracked 
| 117|0x0000000709900000, 0x0000000709900000, 0x0000000709a00000|  0%| F|  |TAMS 0x0000000709900000, 0x0000000709900000| Untracked 
| 118|0x0000000709a00000, 0x0000000709a00000, 0x0000000709b00000|  0%| F|  |TAMS 0x0000000709a00000, 0x0000000709a00000| Untracked 
| 119|0x0000000709b00000, 0x0000000709b00000, 0x0000000709c00000|  0%| F|  |TAMS 0x0000000709b00000, 0x0000000709b00000| Untracked 
| 120|0x0000000709c00000, 0x0000000709c00000, 0x0000000709d00000|  0%| F|  |TAMS 0x0000000709c00000, 0x0000000709c00000| Untracked 
| 121|0x0000000709d00000, 0x0000000709d00000, 0x0000000709e00000|  0%| F|  |TAMS 0x0000000709d00000, 0x0000000709d00000| Untracked 
| 122|0x0000000709e00000, 0x0000000709e00000, 0x0000000709f00000|  0%| F|  |TAMS 0x0000000709e00000, 0x0000000709e00000| Untracked 
| 123|0x0000000709f00000, 0x0000000709f00000, 0x000000070a000000|  0%| F|  |TAMS 0x0000000709f00000, 0x0000000709f00000| Untracked 
| 124|0x000000070a000000, 0x000000070a000000, 0x000000070a100000|  0%| F|  |TAMS 0x000000070a000000, 0x000000070a000000| Untracked 
| 125|0x000000070a100000, 0x000000070a100000, 0x000000070a200000|  0%| F|  |TAMS 0x000000070a100000, 0x000000070a100000| Untracked 
| 126|0x000000070a200000, 0x000000070a200000, 0x000000070a300000|  0%| F|  |TAMS 0x000000070a200000, 0x000000070a200000| Untracked 
| 127|0x000000070a300000, 0x000000070a300000, 0x000000070a400000|  0%| F|  |TAMS 0x000000070a300000, 0x000000070a300000| Untracked 
| 128|0x000000070a400000, 0x000000070a400000, 0x000000070a500000|  0%| F|  |TAMS 0x000000070a400000, 0x000000070a400000| Untracked 
| 129|0x000000070a500000, 0x000000070a500000, 0x000000070a600000|  0%| F|  |TAMS 0x000000070a500000, 0x000000070a500000| Untracked 
| 130|0x000000070a600000, 0x000000070a600000, 0x000000070a700000|  0%| F|  |TAMS 0x000000070a600000, 0x000000070a600000| Untracked 
| 131|0x000000070a700000, 0x000000070a700000, 0x000000070a800000|  0%| F|  |TAMS 0x000000070a700000, 0x000000070a700000| Untracked 
| 132|0x000000070a800000, 0x000000070a800000, 0x000000070a900000|  0%| F|  |TAMS 0x000000070a800000, 0x000000070a800000| Untracked 
| 133|0x000000070a900000, 0x000000070a900000, 0x000000070aa00000|  0%| F|  |TAMS 0x000000070a900000, 0x000000070a900000| Untracked 
| 134|0x000000070aa00000, 0x000000070aa00000, 0x000000070ab00000|  0%| F|  |TAMS 0x000000070aa00000, 0x000000070aa00000| Untracked 
| 135|0x000000070ab00000, 0x000000070ab00000, 0x000000070ac00000|  0%| F|  |TAMS 0x000000070ab00000, 0x000000070ab00000| Untracked 
| 136|0x000000070ac00000, 0x000000070ac00000, 0x000000070ad00000|  0%| F|  |TAMS 0x000000070ac00000, 0x000000070ac00000| Untracked 
| 137|0x000000070ad00000, 0x000000070ad00000, 0x000000070ae00000|  0%| F|  |TAMS 0x000000070ad00000, 0x000000070ad00000| Untracked 
| 138|0x000000070ae00000, 0x000000070ae00000, 0x000000070af00000|  0%| F|  |TAMS 0x000000070ae00000, 0x000000070ae00000| Untracked 
| 139|0x000000070af00000, 0x000000070af00000, 0x000000070b000000|  0%| F|  |TAMS 0x000000070af00000, 0x000000070af00000| Untracked 
| 140|0x000000070b000000, 0x000000070b000000, 0x000000070b100000|  0%| F|  |TAMS 0x000000070b000000, 0x000000070b000000| Untracked 
| 141|0x000000070b100000, 0x000000070b100000, 0x000000070b200000|  0%| F|  |TAMS 0x000000070b100000, 0x000000070b100000| Untracked 
| 142|0x000000070b200000, 0x000000070b200000, 0x000000070b300000|  0%| F|  |TAMS 0x000000070b200000, 0x000000070b200000| Untracked 
| 143|0x000000070b300000, 0x000000070b300000, 0x000000070b400000|  0%| F|  |TAMS 0x000000070b300000, 0x000000070b300000| Untracked 
| 144|0x000000070b400000, 0x000000070b400000, 0x000000070b500000|  0%| F|  |TAMS 0x000000070b400000, 0x000000070b400000| Untracked 
| 145|0x000000070b500000, 0x000000070b500000, 0x000000070b600000|  0%| F|  |TAMS 0x000000070b500000, 0x000000070b500000| Untracked 
| 146|0x000000070b600000, 0x000000070b600000, 0x000000070b700000|  0%| F|  |TAMS 0x000000070b600000, 0x000000070b600000| Untracked 
| 147|0x000000070b700000, 0x000000070b700000, 0x000000070b800000|  0%| F|  |TAMS 0x000000070b700000, 0x000000070b700000| Untracked 
| 148|0x000000070b800000, 0x000000070b800000, 0x000000070b900000|  0%| F|  |TAMS 0x000000070b800000, 0x000000070b800000| Untracked 
| 149|0x000000070b900000, 0x000000070b980800, 0x000000070ba00000| 50%| E|  |TAMS 0x000000070b900000, 0x000000070b900000| Complete 
| 150|0x000000070ba00000, 0x000000070bb00000, 0x000000070bb00000|100%| E|CS|TAMS 0x000000070ba00000, 0x000000070ba00000| Complete 
| 151|0x000000070bb00000, 0x000000070bc00000, 0x000000070bc00000|100%| E|CS|TAMS 0x000000070bb00000, 0x000000070bb00000| Complete 
| 152|0x000000070bc00000, 0x000000070bd00000, 0x000000070bd00000|100%| E|CS|TAMS 0x000000070bc00000, 0x000000070bc00000| Complete 
| 153|0x000000070bd00000, 0x000000070be00000, 0x000000070be00000|100%| E|CS|TAMS 0x000000070bd00000, 0x000000070bd00000| Complete 
| 154|0x000000070be00000, 0x000000070bf00000, 0x000000070bf00000|100%| E|CS|TAMS 0x000000070be00000, 0x000000070be00000| Complete 
| 155|0x000000070bf00000, 0x000000070c000000, 0x000000070c000000|100%| E|CS|TAMS 0x000000070bf00000, 0x000000070bf00000| Complete 
| 156|0x000000070c000000, 0x000000070c100000, 0x000000070c100000|100%| E|CS|TAMS 0x000000070c000000, 0x000000070c000000| Complete 
| 157|0x000000070c100000, 0x000000070c200000, 0x000000070c200000|100%| E|CS|TAMS 0x000000070c100000, 0x000000070c100000| Complete 
| 158|0x000000070c200000, 0x000000070c300000, 0x000000070c300000|100%| E|CS|TAMS 0x000000070c200000, 0x000000070c200000| Complete 
| 159|0x000000070c300000, 0x000000070c400000, 0x000000070c400000|100%| E|CS|TAMS 0x000000070c300000, 0x000000070c300000| Complete 
| 160|0x000000070c400000, 0x000000070c500000, 0x000000070c500000|100%| E|CS|TAMS 0x000000070c400000, 0x000000070c400000| Complete 
| 161|0x000000070c500000, 0x000000070c600000, 0x000000070c600000|100%| E|CS|TAMS 0x000000070c500000, 0x000000070c500000| Complete 
| 162|0x000000070c600000, 0x000000070c700000, 0x000000070c700000|100%| E|CS|TAMS 0x000000070c600000, 0x000000070c600000| Complete 
| 163|0x000000070c700000, 0x000000070c800000, 0x000000070c800000|100%| E|CS|TAMS 0x000000070c700000, 0x000000070c700000| Complete 
| 164|0x000000070c800000, 0x000000070c900000, 0x000000070c900000|100%| E|CS|TAMS 0x000000070c800000, 0x000000070c800000| Complete 
| 165|0x000000070c900000, 0x000000070ca00000, 0x000000070ca00000|100%| E|CS|TAMS 0x000000070c900000, 0x000000070c900000| Complete 
| 166|0x000000070ca00000, 0x000000070cb00000, 0x000000070cb00000|100%| E|CS|TAMS 0x000000070ca00000, 0x000000070ca00000| Complete 
| 167|0x000000070cb00000, 0x000000070cc00000, 0x000000070cc00000|100%| E|CS|TAMS 0x000000070cb00000, 0x000000070cb00000| Complete 
| 168|0x000000070cc00000, 0x000000070cd00000, 0x000000070cd00000|100%| E|CS|TAMS 0x000000070cc00000, 0x000000070cc00000| Complete 
| 169|0x000000070cd00000, 0x000000070ce00000, 0x000000070ce00000|100%| E|CS|TAMS 0x000000070cd00000, 0x000000070cd00000| Complete 
| 170|0x000000070ce00000, 0x000000070cf00000, 0x000000070cf00000|100%| E|CS|TAMS 0x000000070ce00000, 0x000000070ce00000| Complete 
| 171|0x000000070cf00000, 0x000000070d000000, 0x000000070d000000|100%| E|CS|TAMS 0x000000070cf00000, 0x000000070cf00000| Complete 
| 172|0x000000070d000000, 0x000000070d100000, 0x000000070d100000|100%| E|CS|TAMS 0x000000070d000000, 0x000000070d000000| Complete 
| 173|0x000000070d100000, 0x000000070d200000, 0x000000070d200000|100%| E|CS|TAMS 0x000000070d100000, 0x000000070d100000| Complete 
| 174|0x000000070d200000, 0x000000070d300000, 0x000000070d300000|100%| E|CS|TAMS 0x000000070d200000, 0x000000070d200000| Complete 
| 175|0x000000070d300000, 0x000000070d400000, 0x000000070d400000|100%| E|CS|TAMS 0x000000070d300000, 0x000000070d300000| Complete 
| 176|0x000000070d400000, 0x000000070d500000, 0x000000070d500000|100%| E|CS|TAMS 0x000000070d400000, 0x000000070d400000| Complete 
| 177|0x000000070d500000, 0x000000070d600000, 0x000000070d600000|100%| E|CS|TAMS 0x000000070d500000, 0x000000070d500000| Complete 
| 178|0x000000070d600000, 0x000000070d700000, 0x000000070d700000|100%| E|CS|TAMS 0x000000070d600000, 0x000000070d600000| Complete 
| 179|0x000000070d700000, 0x000000070d800000, 0x000000070d800000|100%| E|CS|TAMS 0x000000070d700000, 0x000000070d700000| Complete 
| 180|0x000000070d800000, 0x000000070d900000, 0x000000070d900000|100%| E|CS|TAMS 0x000000070d800000, 0x000000070d800000| Complete 
| 181|0x000000070d900000, 0x000000070da00000, 0x000000070da00000|100%| E|CS|TAMS 0x000000070d900000, 0x000000070d900000| Complete 
| 182|0x000000070da00000, 0x000000070db00000, 0x000000070db00000|100%| E|CS|TAMS 0x000000070da00000, 0x000000070da00000| Complete 
| 183|0x000000070db00000, 0x000000070dc00000, 0x000000070dc00000|100%| E|CS|TAMS 0x000000070db00000, 0x000000070db00000| Complete 
| 184|0x000000070dc00000, 0x000000070dd00000, 0x000000070dd00000|100%| E|CS|TAMS 0x000000070dc00000, 0x000000070dc00000| Complete 
| 185|0x000000070dd00000, 0x000000070de00000, 0x000000070de00000|100%| E|CS|TAMS 0x000000070dd00000, 0x000000070dd00000| Complete 
| 186|0x000000070de00000, 0x000000070df00000, 0x000000070df00000|100%| E|CS|TAMS 0x000000070de00000, 0x000000070de00000| Complete 
| 187|0x000000070df00000, 0x000000070e000000, 0x000000070e000000|100%| E|CS|TAMS 0x000000070df00000, 0x000000070df00000| Complete 
| 188|0x000000070e000000, 0x000000070e100000, 0x000000070e100000|100%| E|CS|TAMS 0x000000070e000000, 0x000000070e000000| Complete 
| 189|0x000000070e100000, 0x000000070e200000, 0x000000070e200000|100%| E|CS|TAMS 0x000000070e100000, 0x000000070e100000| Complete 
| 190|0x000000070e200000, 0x000000070e300000, 0x000000070e300000|100%| E|CS|TAMS 0x000000070e200000, 0x000000070e200000| Complete 
| 191|0x000000070e300000, 0x000000070e400000, 0x000000070e400000|100%| E|CS|TAMS 0x000000070e300000, 0x000000070e300000| Complete 
| 192|0x000000070e400000, 0x000000070e500000, 0x000000070e500000|100%| E|CS|TAMS 0x000000070e400000, 0x000000070e400000| Complete 
| 193|0x000000070e500000, 0x000000070e600000, 0x000000070e600000|100%| E|CS|TAMS 0x000000070e500000, 0x000000070e500000| Complete 
| 194|0x000000070e600000, 0x000000070e700000, 0x000000070e700000|100%| E|CS|TAMS 0x000000070e600000, 0x000000070e600000| Complete 
| 195|0x000000070e700000, 0x000000070e800000, 0x000000070e800000|100%| E|CS|TAMS 0x000000070e700000, 0x000000070e700000| Complete 
| 196|0x000000070e800000, 0x000000070e900000, 0x000000070e900000|100%| E|CS|TAMS 0x000000070e800000, 0x000000070e800000| Complete 
| 197|0x000000070e900000, 0x000000070ea00000, 0x000000070ea00000|100%| E|CS|TAMS 0x000000070e900000, 0x000000070e900000| Complete 
| 198|0x000000070ea00000, 0x000000070eb00000, 0x000000070eb00000|100%| E|CS|TAMS 0x000000070ea00000, 0x000000070ea00000| Complete 
| 199|0x000000070eb00000, 0x000000070ec00000, 0x000000070ec00000|100%| E|CS|TAMS 0x000000070eb00000, 0x000000070eb00000| Complete 
| 200|0x000000070ec00000, 0x000000070ed00000, 0x000000070ed00000|100%| E|CS|TAMS 0x000000070ec00000, 0x000000070ec00000| Complete 
| 201|0x000000070ed00000, 0x000000070ee00000, 0x000000070ee00000|100%| E|CS|TAMS 0x000000070ed00000, 0x000000070ed00000| Complete 
| 202|0x000000070ee00000, 0x000000070ef00000, 0x000000070ef00000|100%| E|CS|TAMS 0x000000070ee00000, 0x000000070ee00000| Complete 
| 203|0x000000070ef00000, 0x000000070f000000, 0x000000070f000000|100%| E|CS|TAMS 0x000000070ef00000, 0x000000070ef00000| Complete 
| 204|0x000000070f000000, 0x000000070f100000, 0x000000070f100000|100%| E|CS|TAMS 0x000000070f000000, 0x000000070f000000| Complete 
| 205|0x000000070f100000, 0x000000070f200000, 0x000000070f200000|100%| E|CS|TAMS 0x000000070f100000, 0x000000070f100000| Complete 
| 206|0x000000070f200000, 0x000000070f300000, 0x000000070f300000|100%| E|CS|TAMS 0x000000070f200000, 0x000000070f200000| Complete 
| 207|0x000000070f300000, 0x000000070f400000, 0x000000070f400000|100%| E|CS|TAMS 0x000000070f300000, 0x000000070f300000| Complete 
| 208|0x000000070f400000, 0x000000070f500000, 0x000000070f500000|100%| E|CS|TAMS 0x000000070f400000, 0x000000070f400000| Complete 
| 209|0x000000070f500000, 0x000000070f600000, 0x000000070f600000|100%| E|CS|TAMS 0x000000070f500000, 0x000000070f500000| Complete 
| 210|0x000000070f600000, 0x000000070f700000, 0x000000070f700000|100%| E|CS|TAMS 0x000000070f600000, 0x000000070f600000| Complete 
| 211|0x000000070f700000, 0x000000070f800000, 0x000000070f800000|100%| E|CS|TAMS 0x000000070f700000, 0x000000070f700000| Complete 
| 212|0x000000070f800000, 0x000000070f900000, 0x000000070f900000|100%| E|CS|TAMS 0x000000070f800000, 0x000000070f800000| Complete 
| 213|0x000000070f900000, 0x000000070fa00000, 0x000000070fa00000|100%| E|CS|TAMS 0x000000070f900000, 0x000000070f900000| Complete 
| 214|0x000000070fa00000, 0x000000070fb00000, 0x000000070fb00000|100%| E|CS|TAMS 0x000000070fa00000, 0x000000070fa00000| Complete 
| 215|0x000000070fb00000, 0x000000070fc00000, 0x000000070fc00000|100%| E|CS|TAMS 0x000000070fb00000, 0x000000070fb00000| Complete 
| 216|0x000000070fc00000, 0x000000070fd00000, 0x000000070fd00000|100%| E|CS|TAMS 0x000000070fc00000, 0x000000070fc00000| Complete 
| 217|0x000000070fd00000, 0x000000070fe00000, 0x000000070fe00000|100%| E|CS|TAMS 0x000000070fd00000, 0x000000070fd00000| Complete 
| 218|0x000000070fe00000, 0x000000070ff00000, 0x000000070ff00000|100%| E|CS|TAMS 0x000000070fe00000, 0x000000070fe00000| Complete 
| 219|0x000000070ff00000, 0x0000000710000000, 0x0000000710000000|100%| E|CS|TAMS 0x000000070ff00000, 0x000000070ff00000| Complete 
| 220|0x0000000710000000, 0x0000000710100000, 0x0000000710100000|100%| E|CS|TAMS 0x0000000710000000, 0x0000000710000000| Complete 
| 221|0x0000000710100000, 0x0000000710200000, 0x0000000710200000|100%| E|CS|TAMS 0x0000000710100000, 0x0000000710100000| Complete 
| 222|0x0000000710200000, 0x0000000710300000, 0x0000000710300000|100%| E|CS|TAMS 0x0000000710200000, 0x0000000710200000| Complete 
| 223|0x0000000710300000, 0x0000000710400000, 0x0000000710400000|100%| E|CS|TAMS 0x0000000710300000, 0x0000000710300000| Complete 
| 224|0x0000000710400000, 0x0000000710500000, 0x0000000710500000|100%| E|CS|TAMS 0x0000000710400000, 0x0000000710400000| Complete 
| 225|0x0000000710500000, 0x0000000710600000, 0x0000000710600000|100%| E|CS|TAMS 0x0000000710500000, 0x0000000710500000| Complete 
| 226|0x0000000710600000, 0x0000000710700000, 0x0000000710700000|100%| E|CS|TAMS 0x0000000710600000, 0x0000000710600000| Complete 
| 227|0x0000000710700000, 0x0000000710800000, 0x0000000710800000|100%| E|CS|TAMS 0x0000000710700000, 0x0000000710700000| Complete 
| 228|0x0000000710800000, 0x0000000710900000, 0x0000000710900000|100%| E|CS|TAMS 0x0000000710800000, 0x0000000710800000| Complete 
| 229|0x0000000710900000, 0x0000000710a00000, 0x0000000710a00000|100%| E|CS|TAMS 0x0000000710900000, 0x0000000710900000| Complete 
| 230|0x0000000710a00000, 0x0000000710b00000, 0x0000000710b00000|100%| E|CS|TAMS 0x0000000710a00000, 0x0000000710a00000| Complete 
| 231|0x0000000710b00000, 0x0000000710c00000, 0x0000000710c00000|100%| E|CS|TAMS 0x0000000710b00000, 0x0000000710b00000| Complete 
| 232|0x0000000710c00000, 0x0000000710d00000, 0x0000000710d00000|100%| E|CS|TAMS 0x0000000710c00000, 0x0000000710c00000| Complete 
| 233|0x0000000710d00000, 0x0000000710e00000, 0x0000000710e00000|100%| E|CS|TAMS 0x0000000710d00000, 0x0000000710d00000| Complete 
| 234|0x0000000710e00000, 0x0000000710f00000, 0x0000000710f00000|100%| E|CS|TAMS 0x0000000710e00000, 0x0000000710e00000| Complete 
| 235|0x0000000710f00000, 0x0000000711000000, 0x0000000711000000|100%| E|CS|TAMS 0x0000000710f00000, 0x0000000710f00000| Complete 
| 236|0x0000000711000000, 0x0000000711100000, 0x0000000711100000|100%| E|CS|TAMS 0x0000000711000000, 0x0000000711000000| Complete 
| 237|0x0000000711100000, 0x0000000711200000, 0x0000000711200000|100%| E|CS|TAMS 0x0000000711100000, 0x0000000711100000| Complete 
| 238|0x0000000711200000, 0x0000000711300000, 0x0000000711300000|100%| E|CS|TAMS 0x0000000711200000, 0x0000000711200000| Complete 
| 239|0x0000000711300000, 0x0000000711400000, 0x0000000711400000|100%| E|CS|TAMS 0x0000000711300000, 0x0000000711300000| Complete 
| 240|0x0000000711400000, 0x0000000711500000, 0x0000000711500000|100%| E|CS|TAMS 0x0000000711400000, 0x0000000711400000| Complete 
| 241|0x0000000711500000, 0x0000000711600000, 0x0000000711600000|100%| E|CS|TAMS 0x0000000711500000, 0x0000000711500000| Complete 
| 242|0x0000000711600000, 0x0000000711700000, 0x0000000711700000|100%| E|CS|TAMS 0x0000000711600000, 0x0000000711600000| Complete 
| 243|0x0000000711700000, 0x0000000711800000, 0x0000000711800000|100%| E|CS|TAMS 0x0000000711700000, 0x0000000711700000| Complete 
| 244|0x0000000711800000, 0x0000000711900000, 0x0000000711900000|100%| E|CS|TAMS 0x0000000711800000, 0x0000000711800000| Complete 
| 245|0x0000000711900000, 0x0000000711a00000, 0x0000000711a00000|100%| E|CS|TAMS 0x0000000711900000, 0x0000000711900000| Complete 
| 246|0x0000000711a00000, 0x0000000711b00000, 0x0000000711b00000|100%| E|CS|TAMS 0x0000000711a00000, 0x0000000711a00000| Complete 
| 247|0x0000000711b00000, 0x0000000711c00000, 0x0000000711c00000|100%| E|CS|TAMS 0x0000000711b00000, 0x0000000711b00000| Complete 
| 248|0x0000000711c00000, 0x0000000711d00000, 0x0000000711d00000|100%| E|CS|TAMS 0x0000000711c00000, 0x0000000711c00000| Complete 
| 249|0x0000000711d00000, 0x0000000711e00000, 0x0000000711e00000|100%| E|CS|TAMS 0x0000000711d00000, 0x0000000711d00000| Complete 
| 250|0x0000000711e00000, 0x0000000711f00000, 0x0000000711f00000|100%| E|CS|TAMS 0x0000000711e00000, 0x0000000711e00000| Complete 
| 251|0x0000000711f00000, 0x0000000712000000, 0x0000000712000000|100%| E|CS|TAMS 0x0000000711f00000, 0x0000000711f00000| Complete 
| 252|0x0000000712000000, 0x0000000712100000, 0x0000000712100000|100%| E|CS|TAMS 0x0000000712000000, 0x0000000712000000| Complete 
| 253|0x0000000712100000, 0x0000000712200000, 0x0000000712200000|100%| E|CS|TAMS 0x0000000712100000, 0x0000000712100000| Complete 

Card table byte_map: [0x000001da807f0000,0x000001da80fe0000] _byte_map_base: 0x000001da7cfde000

Marking Bits (Prev, Next): (CMBitMap*) 0x000001dae8090250, (CMBitMap*) 0x000001dae8090218
 Prev Bits: [0x000001da85740000, 0x000001da896b0000)
 Next Bits: [0x000001da817d0000, 0x000001da85740000)

Polling page: 0x000001dae5f20000

Metaspace:

Usage:
  Non-class:     71.48 MB capacity,    70.31 MB ( 98%) used,   927.90 KB (  1%) free+waste,   264.44 KB ( <1%) overhead. 
      Class:     10.72 MB capacity,     9.93 MB ( 93%) used,   687.17 KB (  6%) free+waste,   120.88 KB (  1%) overhead. 
       Both:     82.20 MB capacity,    80.24 MB ( 98%) used,     1.58 MB (  2%) free+waste,   385.31 KB ( <1%) overhead. 

Virtual space:
  Non-class space:       72.00 MB reserved,      71.67 MB (>99%) committed 
      Class space:        1.00 GB reserved,      10.75 MB (  1%) committed 
             Both:        1.07 GB reserved,      82.42 MB (  8%) committed 

Chunk freelists:
   Non-Class:  4.00 KB
       Class:  0 bytes
        Both:  4.00 KB

MaxMetaspaceSize: 17179869184.00 GB
CompressedClassSpaceSize: 1.00 GB

CodeHeap 'non-profiled nmethods': size=120000Kb used=4698Kb max_used=5788Kb free=115301Kb
 bounds [0x000001daf8160000, 0x000001daf8710000, 0x000001daff690000]
CodeHeap 'profiled nmethods': size=120000Kb used=16832Kb max_used=16832Kb free=103167Kb
 bounds [0x000001daf0c30000, 0x000001daf1cc0000, 0x000001daf8160000]
CodeHeap 'non-nmethods': size=5760Kb used=1351Kb max_used=1436Kb free=4408Kb
 bounds [0x000001daf0690000, 0x000001daf0900000, 0x000001daf0c30000]
 total_blobs=8397 nmethods=7752 adapters=562
 compilation: enabled
              stopped_count=0, restarted_count=0
 full_count=0

Compilation events (20 events):
Event: 1867.428 Thread 0x000001da8c5e5800 9183       1       org.hibernate.boot.internal.SessionFactoryOptionsBuilder::getJdbcTimeZone (5 bytes)
Event: 1867.428 Thread 0x000001da8c5e5800 nmethod 9183 0x000001daf8372a10 code [0x000001daf8372bc0, 0x000001daf8372c78]
Event: 1867.428 Thread 0x000001da8c5e5800 9184       1       org.hibernate.boot.internal.SessionFactoryOptionsBuilder::isQueryParametersValidationEnabled (5 bytes)
Event: 1867.428 Thread 0x000001da8c5e5800 nmethod 9184 0x000001daf8372710 code [0x000001daf83728c0, 0x000001daf8372978]
Event: 1867.428 Thread 0x000001da8c5e5800 9185       1       org.hibernate.boot.internal.SessionFactoryOptionsBuilder::getMultiTenancyStrategy (5 bytes)
Event: 1867.429 Thread 0x000001da8c5e5800 nmethod 9185 0x000001daf8372410 code [0x000001daf83725c0, 0x000001daf8372678]
Event: 1867.429 Thread 0x000001da8c5e5800 9186       1       org.springframework.security.web.context.HttpRequestResponseHolder::getRequest (5 bytes)
Event: 1867.429 Thread 0x000001da8c5e5800 nmethod 9186 0x000001daf8372110 code [0x000001daf83722c0, 0x000001daf8372378]
Event: 1867.429 Thread 0x000001da8c5e5800 9187       1       org.springframework.security.web.context.HttpRequestResponseHolder::getResponse (5 bytes)
Event: 1867.429 Thread 0x000001da8c5e5800 nmethod 9187 0x000001daf8371e10 code [0x000001daf8371fc0, 0x000001daf8372078]
Event: 1867.429 Thread 0x000001da8c5e5800 9188       1       org.apache.coyote.RequestInfo::setWorkerThreadName (6 bytes)
Event: 1867.429 Thread 0x000001da8c5e5800 nmethod 9188 0x000001daf8371a90 code [0x000001daf8371c40, 0x000001daf8371d58]
Event: 1867.429 Thread 0x000001da8c5e5800 9189       1       org.apache.coyote.Request::getResponse (5 bytes)
Event: 1867.429 Thread 0x000001da8c5e5800 nmethod 9189 0x000001daf8371790 code [0x000001daf8371940, 0x000001daf83719f8]
Event: 1867.429 Thread 0x000001da8c5e5800 9190       1       org.apache.coyote.http11.AbstractHttp11Protocol::getDisableUploadTimeout (5 bytes)
Event: 1867.429 Thread 0x000001da8c5e5800 nmethod 9190 0x000001daf8371490 code [0x000001daf8371640, 0x000001daf83716f8]
Event: 1867.429 Thread 0x000001da8c5e5800 9191       1       org.apache.coyote.http11.Http11InputBuffer::getParsingRequestLinePhase (5 bytes)
Event: 1867.429 Thread 0x000001da8c5e5800 nmethod 9191 0x000001daf8371190 code [0x000001daf8371340, 0x000001daf83713f8]
Event: 1867.429 Thread 0x000001da8c5e5800 9192       1       org.apache.coyote.AbstractProcessor::getAdapter (5 bytes)
Event: 1867.429 Thread 0x000001da8c5e5800 nmethod 9192 0x000001daf8370e90 code [0x000001daf8371040, 0x000001daf83710f8]

GC Heap History (16 events):
Event: 2.734 GC heap before
{Heap before GC invocations=0 (full 0):
 garbage-first heap   total 260096K, used 24576K [0x0000000702400000, 0x0000000800000000)
  region size 1024K, 24 young (24576K), 0 survivors (0K)
 Metaspace       used 11341K, capacity 11564K, committed 11648K, reserved 1060864K
  class space    used 1074K, capacity 1131K, committed 1152K, reserved 1048576K
}
Event: 2.744 GC heap after
{Heap after GC invocations=1 (full 0):
 garbage-first heap   total 260096K, used 6911K [0x0000000702400000, 0x0000000800000000)
  region size 1024K, 3 young (3072K), 3 survivors (3072K)
 Metaspace       used 11341K, capacity 11564K, committed 11648K, reserved 1060864K
  class space    used 1074K, capacity 1131K, committed 1152K, reserved 1048576K
}
Event: 3.630 GC heap before
{Heap before GC invocations=1 (full 0):
 garbage-first heap   total 260096K, used 64255K [0x0000000702400000, 0x0000000800000000)
  region size 1024K, 60 young (61440K), 3 survivors (3072K)
 Metaspace       used 20744K, capacity 21174K, committed 21248K, reserved 1069056K
  class space    used 2376K, capacity 2531K, committed 2560K, reserved 1048576K
}
Event: 3.636 GC heap after
{Heap after GC invocations=2 (full 0):
 garbage-first heap   total 260096K, used 9225K [0x0000000702400000, 0x0000000800000000)
  region size 1024K, 6 young (6144K), 6 survivors (6144K)
 Metaspace       used 20744K, capacity 21174K, committed 21248K, reserved 1069056K
  class space    used 2376K, capacity 2531K, committed 2560K, reserved 1048576K
}
Event: 4.656 GC heap before
{Heap before GC invocations=3 (full 0):
 garbage-first heap   total 260096K, used 72713K [0x0000000702400000, 0x0000000800000000)
  region size 1024K, 69 young (70656K), 6 survivors (6144K)
 Metaspace       used 27927K, capacity 28540K, committed 28672K, reserved 1075200K
  class space    used 3263K, capacity 3498K, committed 3584K, reserved 1048576K
}
Event: 4.662 GC heap after
{Heap after GC invocations=4 (full 0):
 garbage-first heap   total 260096K, used 11324K [0x0000000702400000, 0x0000000800000000)
  region size 1024K, 5 young (5120K), 5 survivors (5120K)
 Metaspace       used 27927K, capacity 28540K, committed 28672K, reserved 1075200K
  class space    used 3263K, capacity 3498K, committed 3584K, reserved 1048576K
}
Event: 6.449 GC heap before
{Heap before GC invocations=4 (full 0):
 garbage-first heap   total 260096K, used 160828K [0x0000000702400000, 0x0000000800000000)
  region size 1024K, 152 young (155648K), 5 survivors (5120K)
 Metaspace       used 34229K, capacity 35052K, committed 35200K, reserved 1079296K
  class space    used 4052K, capacity 4369K, committed 4480K, reserved 1048576K
}
Event: 6.457 GC heap after
{Heap after GC invocations=5 (full 0):
 garbage-first heap   total 260096K, used 14273K [0x0000000702400000, 0x0000000800000000)
  region size 1024K, 8 young (8192K), 8 survivors (8192K)
 Metaspace       used 34229K, capacity 35052K, committed 35200K, reserved 1079296K
  class space    used 4052K, capacity 4369K, committed 4480K, reserved 1048576K
}
Event: 6.534 GC heap before
{Heap before GC invocations=5 (full 0):
 garbage-first heap   total 260096K, used 16321K [0x0000000702400000, 0x0000000800000000)
  region size 1024K, 11 young (11264K), 8 survivors (8192K)
 Metaspace       used 34742K, capacity 35500K, committed 35628K, reserved 1081344K
  class space    used 4115K, capacity 4411K, committed 4480K, reserved 1048576K
}
Event: 6.547 GC heap after
{Heap after GC invocations=6 (full 0):
 garbage-first heap   total 260096K, used 14637K [0x0000000702400000, 0x0000000800000000)
  region size 1024K, 8 young (8192K), 8 survivors (8192K)
 Metaspace       used 34742K, capacity 35500K, committed 35628K, reserved 1081344K
  class space    used 4115K, capacity 4411K, committed 4480K, reserved 1048576K
}
Event: 9.614 GC heap before
{Heap before GC invocations=7 (full 0):
 garbage-first heap   total 260096K, used 161069K [0x0000000702400000, 0x0000000800000000)
  region size 1024K, 152 young (155648K), 8 survivors (8192K)
 Metaspace       used 48667K, capacity 49825K, committed 50092K, reserved 1093632K
  class space    used 5795K, capacity 6279K, committed 6400K, reserved 1048576K
}
Event: 9.626 GC heap after
{Heap after GC invocations=8 (full 0):
 garbage-first heap   total 260096K, used 20341K [0x0000000702400000, 0x0000000800000000)
  region size 1024K, 14 young (14336K), 14 survivors (14336K)
 Metaspace       used 48667K, capacity 49825K, committed 50092K, reserved 1093632K
  class space    used 5795K, capacity 6279K, committed 6400K, reserved 1048576K
}
Event: 10.893 GC heap before
{Heap before GC invocations=8 (full 0):
 garbage-first heap   total 260096K, used 78709K [0x0000000702400000, 0x0000000800000000)
  region size 1024K, 73 young (74752K), 14 survivors (14336K)
 Metaspace       used 58294K, capacity 59601K, committed 59692K, reserved 1101824K
  class space    used 7269K, capacity 7779K, committed 7808K, reserved 1048576K
}
Event: 10.917 GC heap after
{Heap after GC invocations=9 (full 0):
 garbage-first heap   total 260096K, used 22904K [0x0000000702400000, 0x0000000800000000)
  region size 1024K, 13 young (13312K), 13 survivors (13312K)
 Metaspace       used 58294K, capacity 59601K, committed 59692K, reserved 1101824K
  class space    used 7269K, capacity 7779K, committed 7808K, reserved 1048576K
}
Event: 14.320 GC heap before
{Heap before GC invocations=10 (full 0):
 garbage-first heap   total 260096K, used 164216K [0x0000000702400000, 0x0000000800000000)
  region size 1024K, 152 young (155648K), 13 survivors (13312K)
 Metaspace       used 72339K, capacity 74085K, committed 74412K, reserved 1114112K
  class space    used 9199K, capacity 9899K, committed 9984K, reserved 1048576K
}
Event: 14.333 GC heap after
{Heap after GC invocations=11 (full 0):
 garbage-first heap   total 260096K, used 29265K [0x0000000702400000, 0x0000000800000000)
  region size 1024K, 16 young (16384K), 16 survivors (16384K)
 Metaspace       used 72339K, capacity 74085K, committed 74412K, reserved 1114112K
  class space    used 9199K, capacity 9899K, committed 9984K, reserved 1048576K
}

Deoptimization events (20 events):
Event: 1765.980 Thread 0x000001da91ed3800 Uncommon trap: trap_request=0xffffff4d fr.pc=0x000001daf835d3d8 relative=0x0000000000001398
Event: 1765.980 Thread 0x000001da91ed3800 Uncommon trap: reason=unstable_if action=reinterpret pc=0x000001daf835d3d8 method=org.h2.command.Parser.readTerm()Lorg/h2/expression/Expression; @ 4 c2
Event: 1765.980 Thread 0x000001da91ed3800 DEOPT PACKING pc=0x000001daf835d3d8 sp=0x000000ac172fddf0
Event: 1765.980 Thread 0x000001da91ed3800 DEOPT UNPACKING pc=0x000001daf06cbe2f sp=0x000000ac172fddc0 mode 2
Event: 1850.482 Thread 0x000001da8d39d800 Uncommon trap: trap_request=0xffffff4d fr.pc=0x000001daf82e37c8 relative=0x0000000000000548
Event: 1850.482 Thread 0x000001da8d39d800 Uncommon trap: reason=unstable_if action=reinterpret pc=0x000001daf82e37c8 method=org.h2.command.Parser.initialize(Ljava/lang/String;)V @ 79 c2
Event: 1850.482 Thread 0x000001da8d39d800 DEOPT PACKING pc=0x000001daf82e37c8 sp=0x000000ac199fa020
Event: 1850.482 Thread 0x000001da8d39d800 DEOPT UNPACKING pc=0x000001daf06cbe2f sp=0x000000ac199fa010 mode 2
Event: 1850.482 Thread 0x000001da8d39d800 Uncommon trap: trap_request=0xffffff4d fr.pc=0x000001daf8324088 relative=0x0000000000001008
Event: 1850.482 Thread 0x000001da8d39d800 Uncommon trap: reason=unstable_if action=reinterpret pc=0x000001daf8324088 method=org.h2.expression.ExpressionColumn.mapColumns(Lorg/h2/table/ColumnResolver;II)V @ 4 c2
Event: 1850.482 Thread 0x000001da8d39d800 DEOPT PACKING pc=0x000001daf8324088 sp=0x000000ac199f9cd0
Event: 1850.482 Thread 0x000001da8d39d800 DEOPT UNPACKING pc=0x000001daf06cbe2f sp=0x000000ac199f9cd8 mode 2
Event: 1850.482 Thread 0x000001da8d39d800 Uncommon trap: trap_request=0xffffffde fr.pc=0x000001daf837d68c relative=0x0000000000001fcc
Event: 1850.483 Thread 0x000001da8d39d800 Uncommon trap: reason=class_check action=maybe_recompile pc=0x000001daf837d68c method=org.h2.command.dml.Select.isEverything(Lorg/h2/expression/ExpressionVisitor;)Z @ 209 c2
Event: 1850.483 Thread 0x000001da8d39d800 DEOPT PACKING pc=0x000001daf837d68c sp=0x000000ac199fa120
Event: 1850.483 Thread 0x000001da8d39d800 DEOPT UNPACKING pc=0x000001daf06cbe2f sp=0x000000ac199fa118 mode 2
Event: 1850.483 Thread 0x000001da8d39d800 Uncommon trap: trap_request=0xffffffde fr.pc=0x000001daf837db04 relative=0x0000000000002444
Event: 1850.483 Thread 0x000001da8d39d800 Uncommon trap: reason=class_check action=maybe_recompile pc=0x000001daf837db04 method=org.h2.command.dml.Select.isEverything(Lorg/h2/expression/ExpressionVisitor;)Z @ 84 c2
Event: 1850.483 Thread 0x000001da8d39d800 DEOPT PACKING pc=0x000001daf837db04 sp=0x000000ac199fa1f0
Event: 1850.483 Thread 0x000001da8d39d800 DEOPT UNPACKING pc=0x000001daf06cbe2f sp=0x000000ac199fa200 mode 2

Classes redefined (0 events):
No events

Internal exceptions (20 events):
Event: 13.892 Thread 0x000001dae802d800 Exception <a 'java/lang/ClassNotFoundException'{0x0000000708eb91d0}: java/lang/ObjectCustomizer> (0x0000000708eb91d0) thrown at [./src/hotspot/share/classfile/systemDictionary.cpp, line 231]
Event: 13.893 Thread 0x000001dae802d800 Exception <a 'java/lang/ClassNotFoundException'{0x0000000708ecf758}: org/springframework/boot/actuate/autoconfigure/metrics/orm/jpa/HibernateMetricsAutoConfigurationCustomizer> (0x0000000708ecf758) thrown at [./src/hotspot/share/classfile/systemDictionary.cpp, line 231]
Event: 13.918 Thread 0x000001dae802d800 Implicit null exception at 0x000001daf82cf95a to 0x000001daf82cfc58
Event: 14.376 Thread 0x000001dae802d800 Exception <a 'java/lang/IncompatibleClassChangeError'{0x0000000711e46008}: Found class java.lang.Object, but interface was expected> (0x0000000711e46008) thrown at [./src/hotspot/share/interpreter/linkResolver.cpp, line 839]
Event: 14.482 Thread 0x000001dae802d800 Exception <a 'java/lang/reflect/InvocationTargetException'{0x00000007113fe8d8}> (0x00000007113fe8d8) thrown at [./src/hotspot/share/runtime/reflection.cpp, line 1247]
Event: 14.516 Thread 0x000001dae802d800 Exception <a 'java/lang/reflect/InvocationTargetException'{0x0000000710d8a628}> (0x0000000710d8a628) thrown at [./src/hotspot/share/runtime/reflection.cpp, line 1247]
Event: 14.608 Thread 0x000001dae802d800 Exception <a 'java/lang/IncompatibleClassChangeError'{0x000000071051ff50}: Found class java.lang.Object, but interface was expected> (0x000000071051ff50) thrown at [./src/hotspot/share/interpreter/linkResolver.cpp, line 839]
Event: 14.640 Thread 0x000001dae802d800 Exception <a 'java/lang/NoSuchMethodError'{0x00000007103264e8}: 'java.lang.Object java.lang.invoke.DirectMethodHandle$Holder.invokeStatic(java.lang.Object, java.lang.Object, java.lang.Object, java.lang.Object, java.lang.Object, java.lang.Object, java.lang.Object, java.lang.Object, java.lang.Object, java.lang.Object, java.lang.Object, int)'> (0x00000007103264e8) thrown at [./src/hotspot/share/interpreter/linkResolver.cpp, line 773]
Event: 14.643 Thread 0x000001dae802d800 Exception <a 'java/lang/NoSuchMethodError'{0x0000000710345540}: 'java.lang.Object java.lang.invoke.DirectMethodHandle$Holder.invokeStatic(java.lang.Object, java.lang.Object, java.lang.Object, java.lang.Object, java.lang.Object, java.lang.Object, java.lang.Object, java.lang.Object, java.lang.Object, java.lang.Object, java.lang.Object, int, int)'> (0x0000000710345540) thrown at [./src/hotspot/share/interpreter/linkResolver.cpp, line 773]
Event: 14.647 Thread 0x000001dae802d800 Exception <a 'java/lang/NoSuchMethodError'{0x0000000710365710}: 'java.lang.Object java.lang.invoke.DirectMethodHandle$Holder.invokeStatic(java.lang.Object, java.lang.Object, java.lang.Object, java.lang.Object, java.lang.Object, java.lang.Object, java.lang.Object, java.lang.Object, java.lang.Object, java.lang.Object, java.lang.Object, int, int, java.lang.Object)'> (0x0000000710365710) thrown at [./src/hotspot/share/interpreter/linkResolver.cpp, line 773]
Event: 14.649 Thread 0x000001dae802d800 Exception <a 'java/lang/NoSuchMethodError'{0x0000000710206d88}: 'java.lang.Object java.lang.invoke.DirectMethodHandle$Holder.invokeStatic(java.lang.Object, java.lang.Object, java.lang.Object, java.lang.Object, java.lang.Object, java.lang.Object, java.lang.Object, java.lang.Object, java.lang.Object, java.lang.Object, java.lang.Object, int, int, java.lang.Object, java.lang.Object)'> (0x0000000710206d88) thrown at [./src/hotspot/share/interpreter/linkResolver.cpp, line 773]
Event: 14.680 Thread 0x000001dae802d800 Implicit null exception at 0x000001daf82b7c99 to 0x000001daf82b7f54
Event: 14.825 Thread 0x000001da94360800 Exception <a 'sun/nio/fs/WindowsException'{0x000000070fb4c150}> (0x000000070fb4c150) thrown at [./src/hotspot/share/prims/jni.cpp, line 615]
Event: 15.085 Thread 0x000001da94360800 Exception <a 'java/lang/NoSuchMethodError'{0x000000070f2eeb80}: 'java.lang.Object java.lang.invoke.DirectMethodHandle$Holder.invokeStaticInit(java.lang.Object, java.lang.Object, java.lang.Object, java.lang.Object, java.lang.Object, java.lang.Object)'> (0x000000070f2eeb80) thrown at [./src/hotspot/share/interpreter/linkResolver.cpp, line 773]
Event: 15.126 Thread 0x000001da94360800 Exception <a 'java/lang/NoSuchMethodError'{0x000000070f029958}: 'void java.lang.invoke.DirectMethodHandle$Holder.invokeStaticInit(java.lang.Object, java.lang.Object, java.lang.Object)'> (0x000000070f029958) thrown at [./src/hotspot/share/interpreter/linkResolver.cpp, line 773]
Event: 755.187 Thread 0x000001da9580d800 Exception <a 'java/lang/NoSuchMethodError'{0x000000070dc29408}: 'java.lang.Object java.lang.invoke.Invokers$Holder.linkToTargetMethod(java.lang.Object, java.lang.Object, java.lang.Object, java.lang.Object, java.lang.Object, java.lang.Object, java.lang.Object)'> (0x000000070dc29408) thrown at [./src/hotspot/share/interpreter/linkResolver.cpp, line 773]
Event: 755.215 Thread 0x000001da9580d800 Exception <a 'java/lang/ClassNotFoundException'{0x000000070da43708}: java/lang/ObjectCustomizer> (0x000000070da43708) thrown at [./src/hotspot/share/classfile/systemDictionary.cpp, line 231]
Event: 755.216 Thread 0x000001da9580d800 Exception <a 'java/lang/ClassNotFoundException'{0x000000070da57cd0}: nu/borjessons/clubhouse/data/BaseEntityCustomizer> (0x000000070da57cd0) thrown at [./src/hotspot/share/classfile/systemDictionary.cpp, line 231]
Event: 755.217 Thread 0x000001da9580d800 Exception <a 'java/lang/ClassNotFoundException'{0x000000070da6b828}: nu/borjessons/clubhouse/data/ClubCustomizer> (0x000000070da6b828) thrown at [./src/hotspot/share/classfile/systemDictionary.cpp, line 231]
Event: 1850.482 Thread 0x000001da8d39d800 Implicit null exception at 0x000001daf83230c4 to 0x000001daf832406c

Events (20 events):
Event: 1806.567 Executing VM operation: RevokeBias
Event: 1806.568 Executing VM operation: RevokeBias done
Event: 1808.455 Executing VM operation: RevokeBias
Event: 1808.456 Executing VM operation: RevokeBias done
Event: 1808.456 Executing VM operation: RevokeBias
Event: 1808.456 Executing VM operation: RevokeBias done
Event: 1808.460 Thread 0x000001da8c64d000 flushing nmethod 0x000001daf82d5810
Event: 1808.460 Thread 0x000001da8c64d000 flushing nmethod 0x000001daf835bc90
Event: 1813.458 Executing VM operation: RevokeBias
Event: 1813.459 Executing VM operation: RevokeBias done
Event: 1813.459 Thread 0x000001da91ed2800 Thread exited: 0x000001da91ed2800
Event: 1813.459 Executing VM operation: RevokeBias
Event: 1813.459 Executing VM operation: RevokeBias done
Event: 1813.460 Thread 0x000001da91ed6000 Thread exited: 0x000001da91ed6000
Event: 1850.481 Executing VM operation: RevokeBias
Event: 1850.481 Executing VM operation: RevokeBias done
Event: 1850.481 Executing VM operation: RevokeBias
Event: 1850.481 Executing VM operation: RevokeBias done
Event: 1850.630 Executing VM operation: RevokeBias
Event: 1850.630 Executing VM operation: RevokeBias done


Dynamic libraries:
0x00007ff626160000 - 0x00007ff62616d000 	C:\Java\jdk11.0.8_10\bin\java.exe
0x00007ffcec150000 - 0x00007ffcec346000 	C:\WINDOWS\SYSTEM32\ntdll.dll
0x00007ffcea420000 - 0x00007ffcea4dd000 	C:\WINDOWS\System32\KERNEL32.DLL
0x00007ffce9a10000 - 0x00007ffce9cd9000 	C:\WINDOWS\System32\KERNELBASE.dll
0x00007ffce9910000 - 0x00007ffce9a10000 	C:\WINDOWS\System32\ucrtbase.dll
0x00007ffcacf20000 - 0x00007ffcacf35000 	C:\Java\jdk11.0.8_10\bin\VCRUNTIME140.dll
0x00007ffcad1c0000 - 0x00007ffcad1d7000 	C:\Java\jdk11.0.8_10\bin\jli.dll
0x00007ffcea540000 - 0x00007ffcea6e0000 	C:\WINDOWS\System32\USER32.dll
0x00007ffce9fc0000 - 0x00007ffce9fe2000 	C:\WINDOWS\System32\win32u.dll
0x00007ffcea4e0000 - 0x00007ffcea50a000 	C:\WINDOWS\System32\GDI32.dll
0x00007ffcd4c90000 - 0x00007ffcd4f2b000 	C:\WINDOWS\WinSxS\amd64_microsoft.windows.common-controls_6595b64144ccf1df_6.0.19041.746_none_ca02b4b61b8320a4\COMCTL32.dll
0x00007ffce9d60000 - 0x00007ffce9e6b000 	C:\WINDOWS\System32\gdi32full.dll
0x00007ffce9e70000 - 0x00007ffce9f0d000 	C:\WINDOWS\System32\msvcp_win.dll
0x00007ffcea880000 - 0x00007ffcea91e000 	C:\WINDOWS\System32\msvcrt.dll
0x00007ffcea510000 - 0x00007ffcea540000 	C:\WINDOWS\System32\IMM32.DLL
0x00007ffc7f080000 - 0x00007ffc7f11b000 	C:\Java\jdk11.0.8_10\bin\msvcp140.dll
0x00007ffc7e5c0000 - 0x00007ffc7f07d000 	C:\Java\jdk11.0.8_10\bin\server\jvm.dll
0x00007ffcea210000 - 0x00007ffcea2bc000 	C:\WINDOWS\System32\ADVAPI32.dll
0x00007ffcea920000 - 0x00007ffcea9bc000 	C:\WINDOWS\System32\sechost.dll
0x00007ffceb2b0000 - 0x00007ffceb3db000 	C:\WINDOWS\System32\RPCRT4.dll
0x00007ffcebfb0000 - 0x00007ffcebfb8000 	C:\WINDOWS\System32\PSAPI.DLL
0x00007ffcd2f80000 - 0x00007ffcd2f89000 	C:\WINDOWS\SYSTEM32\WSOCK32.dll
0x00007ffceb3e0000 - 0x00007ffceb44b000 	C:\WINDOWS\System32\WS2_32.dll
0x00007ffcd5a70000 - 0x00007ffcd5a97000 	C:\WINDOWS\SYSTEM32\WINMM.dll
0x00007ffcdec10000 - 0x00007ffcdec1a000 	C:\WINDOWS\SYSTEM32\VERSION.dll
0x00007ffce8130000 - 0x00007ffce8142000 	C:\WINDOWS\SYSTEM32\kernel.appcore.dll
0x00007ffcb0e20000 - 0x00007ffcb0e30000 	C:\Java\jdk11.0.8_10\bin\verify.dll
0x00007ffce44b0000 - 0x00007ffce4694000 	C:\WINDOWS\SYSTEM32\DBGHELP.DLL
0x00007ffcd0980000 - 0x00007ffcd09ac000 	C:\WINDOWS\SYSTEM32\dbgcore.DLL
0x00007ffce9ce0000 - 0x00007ffce9d60000 	C:\WINDOWS\System32\bcryptPrimitives.dll
0x00007ffca7e00000 - 0x00007ffca7e28000 	C:\Java\jdk11.0.8_10\bin\java.dll
0x00007ffcb0380000 - 0x00007ffcb038a000 	C:\Java\jdk11.0.8_10\bin\jimage.dll
0x00007ffcbe050000 - 0x00007ffcbe088000 	C:\Java\jdk11.0.8_10\bin\jdwp.dll
0x00007ffcdfad0000 - 0x00007ffcdfade000 	C:\Java\jdk11.0.8_10\bin\instrument.dll
0x00007ffcacd20000 - 0x00007ffcacd37000 	C:\Java\jdk11.0.8_10\bin\zip.dll
0x00007ffceb600000 - 0x00007ffcebd42000 	C:\WINDOWS\System32\SHELL32.dll
0x00007ffce47f0000 - 0x00007ffce4f80000 	C:\WINDOWS\SYSTEM32\windows.storage.dll
0x00007ffceaf50000 - 0x00007ffceb2a6000 	C:\WINDOWS\System32\combase.dll
0x00007ffce92f0000 - 0x00007ffce931c000 	C:\WINDOWS\SYSTEM32\Wldp.dll
0x00007ffcea7d0000 - 0x00007ffcea87e000 	C:\WINDOWS\System32\SHCORE.dll
0x00007ffceb4b0000 - 0x00007ffceb505000 	C:\WINDOWS\System32\shlwapi.dll
0x00007ffce97c0000 - 0x00007ffce97e6000 	C:\WINDOWS\SYSTEM32\profapi.dll
0x00007ffcde730000 - 0x00007ffcde73a000 	C:\Java\jdk11.0.8_10\bin\dt_socket.dll
0x00007ffce9070000 - 0x00007ffce90da000 	C:\WINDOWS\system32\mswsock.dll
0x00007ffcaccb0000 - 0x00007ffcaccc9000 	C:\Java\jdk11.0.8_10\bin\net.dll
0x00007ffcddcc0000 - 0x00007ffcdddc0000 	C:\WINDOWS\SYSTEM32\WINHTTP.dll
0x00007ffcac9d0000 - 0x00007ffcac9e2000 	C:\Java\jdk11.0.8_10\bin\nio.dll
0x00007ffce1060000 - 0x00007ffce1069000 	C:\Java\jdk11.0.8_10\bin\management.dll
0x00007ffcde740000 - 0x00007ffcde74b000 	C:\Java\jdk11.0.8_10\bin\management_ext.dll
0x00007ffccf830000 - 0x00007ffccf847000 	C:\WINDOWS\system32\napinsp.dll
0x00007ffccf640000 - 0x00007ffccf65b000 	C:\WINDOWS\system32\pnrpnsp.dll
0x00007ffce1280000 - 0x00007ffce1295000 	C:\WINDOWS\system32\wshbth.dll
0x00007ffce2090000 - 0x00007ffce20ad000 	C:\WINDOWS\system32\NLAapi.dll
0x00007ffce8cf0000 - 0x00007ffce8d2b000 	C:\WINDOWS\SYSTEM32\IPHLPAPI.DLL
0x00007ffce8d40000 - 0x00007ffce8e0b000 	C:\WINDOWS\SYSTEM32\DNSAPI.dll
0x00007ffcea6e0000 - 0x00007ffcea6e8000 	C:\WINDOWS\System32\NSI.dll
0x00007ffcc7b10000 - 0x00007ffcc7b22000 	C:\WINDOWS\System32\winrnr.dll
0x00007ffcdee80000 - 0x00007ffcdee8a000 	C:\Windows\System32\rasadhlp.dll
0x00007ffcd9c10000 - 0x00007ffcd9c8f000 	C:\WINDOWS\System32\fwpuclnt.dll
0x00007ffce98e0000 - 0x00007ffce9907000 	C:\WINDOWS\System32\bcrypt.dll
0x00007ffce9240000 - 0x00007ffce9258000 	C:\WINDOWS\SYSTEM32\CRYPTSP.dll
0x00007ffce8960000 - 0x00007ffce8994000 	C:\WINDOWS\system32\rsaenh.dll
0x00007ffce9780000 - 0x00007ffce97ae000 	C:\WINDOWS\SYSTEM32\USERENV.dll
0x00007ffce9260000 - 0x00007ffce926c000 	C:\WINDOWS\SYSTEM32\CRYPTBASE.dll
0x00007ffcdc330000 - 0x00007ffcdc347000 	C:\WINDOWS\SYSTEM32\dhcpcsvc6.DLL
0x00007ffcdc550000 - 0x00007ffcdc56d000 	C:\WINDOWS\SYSTEM32\dhcpcsvc.DLL
0x00007ffcbfdc0000 - 0x00007ffcbfdce000 	C:\Java\jdk11.0.8_10\bin\sunmscapi.dll
0x00007ffcea050000 - 0x00007ffcea1a6000 	C:\WINDOWS\System32\CRYPT32.dll
0x00007ffce9360000 - 0x00007ffce9387000 	C:\WINDOWS\SYSTEM32\ncrypt.dll
0x00007ffce9320000 - 0x00007ffce935b000 	C:\WINDOWS\SYSTEM32\NTASN1.dll
0x00007ffcd3170000 - 0x00007ffcd3195000 	C:\Java\jdk11.0.8_10\bin\sunec.dll

dbghelp: loaded successfully - version: 4.0.5 - missing functions: none
symbol engine: initialized successfully - sym options: 0x614 - pdb path: .;C:\Java\jdk11.0.8_10\bin;C:\WINDOWS\SYSTEM32;C:\WINDOWS\WinSxS\amd64_microsoft.windows.common-controls_6595b64144ccf1df_6.0.19041.746_none_ca02b4b61b8320a4;C:\Java\jdk11.0.8_10\bin\server

VM Arguments:
jvm_args: -agentlib:jdwp=transport=dt_socket,address=127.0.0.1:50811,suspend=y,server=n -javaagent:C:\Users\robin\AppData\Local\JetBrains\IdeaIC2020.3\captureAgent\debugger-agent.jar -Dfile.encoding=UTF-8 
java_command: nu.borjessons.clubhouse.ClubhouseApplication
java_class_path (initial): C:\Users\robin\projects\clubhouse\clubhouse\target\classes;C:\Users\robin\.m2\repository\org\springframework\boot\spring-boot-starter-data-jpa\2.3.2.RELEASE\spring-boot-starter-data-jpa-2.3.2.RELEASE.jar;C:\Users\robin\.m2\repository\org\springframework\boot\spring-boot-starter-aop\2.3.2.RELEASE\spring-boot-starter-aop-2.3.2.RELEASE.jar;C:\Users\robin\.m2\repository\org\aspectj\aspectjweaver\1.9.6\aspectjweaver-1.9.6.jar;C:\Users\robin\.m2\repository\org\springframework\boot\spring-boot-starter-jdbc\2.3.2.RELEASE\spring-boot-starter-jdbc-2.3.2.RELEASE.jar;C:\Users\robin\.m2\repository\com\zaxxer\HikariCP\3.4.5\HikariCP-3.4.5.jar;C:\Users\robin\.m2\repository\org\springframework\spring-jdbc\5.2.8.RELEASE\spring-jdbc-5.2.8.RELEASE.jar;C:\Users\robin\.m2\repository\jakarta\transaction\jakarta.transaction-api\1.3.3\jakarta.transaction-api-1.3.3.jar;C:\Users\robin\.m2\repository\jakarta\persistence\jakarta.persistence-api\2.2.3\jakarta.persistence-api-2.2.3.jar;C:\Users\robin\.m2\repository\org\hibernate\hibernate-core\5.4.18.Final\hibernate-core-5.4.18.Final.jar;C:\Users\robin\.m2\repository\org\jboss\logging\jboss-logging\3.4.1.Final\jboss-logging-3.4.1.Final.jar;C:\Users\robin\.m2\repository\org\javassist\javassist\3.24.0-GA\javassist-3.24.0-GA.jar;C:\Users\robin\.m2\repository\net\bytebuddy\byte-buddy\1.10.13\byte-buddy-1.10.13.jar;C:\Users\robin\.m2\repository\antlr\antlr\2.7.7\antlr-2.7.7.jar;C:\Users\robin\.m2\repository\org\jboss\jandex\2.1.3.Final\jandex-2.1.3.Final.jar;C:\Users\robin\.m2\repository\com\fasterxml\classmate\1.5.1\classmate-1.5.1.jar;C:\Users\robin\.m2\repository\org\dom4j\dom4j\2.1.3\dom4j-2.1.3.jar;C:\Users\robin\.m2\repository\org\hibernate\common\hibernate-commons-annotations\5.1.0.Final\hibernate-commons-annotations-5.1.0.Final.jar;C:\Users\robin\.m2\repository\org\glassfish\jaxb\jaxb-runtime\2.3.3\jaxb-runtime-2.3.3.jar;C:\Users\robin\.m2\repository\org\glassfish\jaxb\txw2\2.3.3\txw2-2.3.3.jar;C:\Users\robin\.m2\
Launcher Type: SUN_STANDARD

[Global flags]
     intx CICompilerCount                          = 4                                         {product} {ergonomic}
     uint ConcGCThreads                            = 2                                         {product} {ergonomic}
     uint G1ConcRefinementThreads                  = 8                                         {product} {ergonomic}
   size_t G1HeapRegionSize                         = 1048576                                   {product} {ergonomic}
    uintx GCDrainStackTargetSize                   = 64                                        {product} {ergonomic}
   size_t InitialHeapSize                          = 266338304                                 {product} {ergonomic}
   size_t MarkStackSize                            = 4194304                                   {product} {ergonomic}
   size_t MaxHeapSize                              = 4257218560                                {product} {ergonomic}
   size_t MaxNewSize                               = 2554331136                                {product} {ergonomic}
   size_t MinHeapDeltaBytes                        = 1048576                                   {product} {ergonomic}
    uintx NonNMethodCodeHeapSize                   = 5836300                                {pd product} {ergonomic}
    uintx NonProfiledCodeHeapSize                  = 122910970                              {pd product} {ergonomic}
    uintx ProfiledCodeHeapSize                     = 122910970                              {pd product} {ergonomic}
    uintx ReservedCodeCacheSize                    = 251658240                              {pd product} {ergonomic}
     bool SegmentedCodeCache                       = true                                      {product} {ergonomic}
     bool UseCompressedClassPointers               = true                                 {lp64_product} {ergonomic}
     bool UseCompressedOops                        = true                                 {lp64_product} {ergonomic}
     bool UseG1GC                                  = true                                      {product} {ergonomic}
     bool UseLargePagesIndividualAllocation        = false                                  {pd product} {ergonomic}

Logging:
Log output configuration:
 #0: stdout all=warning uptime,level,tags
 #1: stderr all=off uptime,level,tags

Environment Variables:
JAVA_HOME=C:\Java\jdk11.0.8_10
PATH=C:\Python39\Scripts\;C:\Python39\;C:\Python38\Scripts\;C:\Python38\;C:\Program Files (x86)\Razer Chroma SDK\bin;C:\Program Files\Razer Chroma SDK\bin;C:\Java\jdk11.0.8_10\bin;C:\Program Files (x86)\Razer\ChromaBroadcast\bin;C:\Program Files\Razer\ChromaBroadcast\bin;C:\RailsInstaller\Ruby2.3.3\bin;C:\Program Files\ImageMagick-7.0.7-Q16;C:\Program Files\Microsoft MPI\Bin\;C:\Windows\system32;C:\Windows;C:\Windows\System32\Wbem;C:\Windows\System32\WindowsPowerShell\v1.0\;C:\Program Files (x86)\NVIDIA Corporation\PhysX\Common;C:\WINDOWS\system32;C:\WINDOWS;C:\WINDOWS\System32\Wbem;C:\WINDOWS\System32\WindowsPowerShell\v1.0\;C:\WINDOWS\System32\OpenSSH\;C:\ProgramData\chocolatey\bin;C:\Program Files\Microsoft VS Code\bin;C:\Program Files\NVIDIA Corporation\NVIDIA NvDLISR;C:\Users\robin\AppData\Roaming\nvm;C:\Program Files\Microsoft SQL Server\Client SDK\ODBC\130\Tools\Binn\;C:\Program Files (x86)\Microsoft SQL Server\140\Tools\Binn\;C:\Program Files\Microsoft SQL Server\140\Tools\Binn\;C:\Program Files\Microsoft SQL Server\140\DTS\Binn\;C:\Program Files (x86)\Microsoft SQL Server\Client SDK\ODBC\130\Tools\Binn\;C:\Program Files (x86)\Microsoft SQL Server\140\DTS\Binn\;C:\Program Files (x86)\Microsoft SQL Server\140\Tools\Binn\ManagementStudio\;C:\RailsInstaller\DevKit;C:\Program Files\Microsoft\Web Platform Installer\;C:\Program Files\apache-maven-3.6.0\bin;C:\Python37;C:\Python37\Scripts;C:\Octave\Octave-4.2.1\bin;C:\ProgramData\chocolatey\lib\Elixir/bin;C:\Java\jdk-14.0.1\bin;C:\Program Files\MySQL\MySQL Server 8.0\bin;C:\Program Files (x86)\Yarn\bin\;C:\Program Files (x86)\Intel\Intel(R) Management Engine Components\DAL;C:\Program Files\Intel\Intel(R) Management Engine Components\DAL;C:\WINDOWS\system32;C:\WINDOWS;C:\WINDOWS\System32\Wbem;C:\WINDOWS\System32\WindowsPowerShell\v1.0\;C:\WINDOWS\System32\OpenSSH\;C:\WINDOWS\system32\config\systemprofile\AppData\Local\Microsoft\WindowsApps;C:\Program Files\nodejs\;C:\Program Files\Git\cmd;C:\Python37\Scripts\;C:\Python
USERNAME=robin
OS=Windows_NT
PROCESSOR_IDENTIFIER=Intel64 Family 6 Model 158 Stepping 9, GenuineIntel



---------------  S Y S T E M  ---------------

OS: Windows 10 , 64 bit Build 19041 (10.0.19041.782)
OS uptime: 0 days 8:52 hours
HyperV virtualization detected

CPU:total 8 (initial active 8) (4 cores per cpu, 2 threads per core) family 6 model 158 stepping 9, cmov, cx8, fxsr, mmx, sse, sse2, sse3, ssse3, sse4.1, sse4.2, popcnt, avx, avx2, aes, clmul, erms, 3dnowpref, lzcnt, ht, tsc, tscinvbit, bmi1, bmi2, adx, fma

Memory: 4k page, system-wide physical 16235M (3568M free)
TotalPageFile size 17259M (AvailPageFile size 4M)
current process WorkingSet (physical memory assigned to process): 368M, peak: 535M
current process commit charge ("private bytes"): 482M, peak: 651M

vm_info: OpenJDK 64-Bit Server VM (11.0.8+10-LTS) for windows-amd64 JRE (11.0.8+10-LTS), built on Jul 13 2020 00:42:50 by "Administrator" with MS VC++ 15.9 (VS2017)

END.
