#
# There is insufficient memory for the Java Runtime Environment to continue.
# Native memory allocation (malloc) failed to allocate 32744 bytes for ChunkPool::allocate
# Possible reasons:
#   The system is out of physical RAM or swap space
#   The process is running with CompressedOops enabled, and the Java Heap may be blocking the growth of the native heap
# Possible solutions:
#   Reduce memory load on the system
#   Increase physical memory or swap space
#   Check if swap backing store is full
#   Decrease Java heap size (-Xmx/-Xms)
#   Decrease number of Java threads
#   Decrease Java thread stack sizes (-Xss)
#   Set larger code cache with -XX:ReservedCodeCacheSize=
#   JVM is running with Zero Based Compressed Oops mode in which the Java heap is
#     placed in the first 32GB address space. The Java Heap base address is the
#     maximum limit for the native heap growth. Please use -XX:HeapBaseMinAddress
#     to set the Java Heap base and to place the Java Heap above 32GB virtual address.
# This output file may be truncated or incomplete.
#
#  Out of Memory Error (./src/hotspot/share/memory/arena.cpp:81), pid=11244, tid=812
#
# JRE version: OpenJDK Runtime Environment Corretto-11.0.8.10.1 (11.0.8+10) (build 11.0.8+10-LTS)
# Java VM: OpenJDK 64-Bit Server VM Corretto-11.0.8.10.1 (11.0.8+10-LTS, mixed mode, tiered, compressed oops, g1 gc, windows-amd64)
# No core dump will be written. Minidumps are not enabled by default on client versions of Windows
#

---------------  S U M M A R Y ------------

Command Line: -Dclassworlds.conf=C:\Program Files\apache-maven-3.6.0\bin\..\bin\m2.conf -Dmaven.home=C:\Program Files\apache-maven-3.6.0\bin\.. -Dlibrary.jansi.path=C:\Program Files\apache-maven-3.6.0\bin\..\lib\jansi-native -Dmaven.multiModuleProjectDirectory=C:\Users\robin\projects\clubhouse\clubhouse org.codehaus.plexus.classworlds.launcher.Launcher clean install

Host: Intel(R) Core(TM) i7-7700HQ CPU @ 2.80GHz, 8 cores, 15G,  Windows 10 , 64 bit Build 19041 (10.0.19041.662)
Time: Wed Jan  6 23:10:52 2021 Västeuropa, normaltid elapsed time: 26 seconds (0d 0h 0m 26s)

---------------  T H R E A D  ---------------

Current thread (0x000002014a828800):  JavaThread "C1 CompilerThread0" daemon [_thread_in_vm, id=812, stack(0x0000001070500000,0x0000001070600000)]


Current CompileTask:
C1:  26838 9239       1       java.util.Calendar::getFirstDayOfWeek (5 bytes)

Stack: [0x0000001070500000,0x0000001070600000]
Native frames: (J=compiled Java code, j=interpreted, Vv=VM code, C=native code)
V  [jvm.dll+0x5dfc8a]
V  [jvm.dll+0x7179be]
V  [jvm.dll+0x71908f]
V  [jvm.dll+0x719753]
V  [jvm.dll+0x240e48]
V  [jvm.dll+0xb9a4b]
V  [jvm.dll+0xb9dac]
V  [jvm.dll+0x32f9fa]
V  [jvm.dll+0x1aacc5]
V  [jvm.dll+0x19926c]
V  [jvm.dll+0x208de0]
V  [jvm.dll+0x20710b]
V  [jvm.dll+0x6dc729]
V  [jvm.dll+0x6d57d4]
V  [jvm.dll+0x5debc6]
C  [ucrtbase.dll+0x214c2]
C  [KERNEL32.DLL+0x17034]
C  [ntdll.dll+0x4d0d1]


---------------  P R O C E S S  ---------------

Threads class SMR info:
_java_thread_list=0x0000020152e08a40, length=21, elements={
0x000002012634c800, 0x0000020149f16000, 0x0000020149f17800, 0x000002014a821000,
0x000002014a822000, 0x000002014a825000, 0x000002014a828800, 0x000002014a82c800,
0x000002014a9aa800, 0x000002014a9ad800, 0x000002015110d800, 0x000002014b275000,
0x000002014fce0000, 0x000002014cb73800, 0x000002014cb74800, 0x000002014cb71000,
0x000002014cb75000, 0x000002014cb6f800, 0x000002014cb72000, 0x000002014cb76000,
0x000002014cb70000
}

Java Threads: ( => current thread )
  0x000002012634c800 JavaThread "main" [_thread_in_native, id=14048, stack(0x000000106f900000,0x000000106fa00000)]
  0x0000020149f16000 JavaThread "Reference Handler" daemon [_thread_blocked, id=21432, stack(0x0000001070000000,0x0000001070100000)]
  0x0000020149f17800 JavaThread "Finalizer" daemon [_thread_blocked, id=11600, stack(0x0000001070100000,0x0000001070200000)]
  0x000002014a821000 JavaThread "Signal Dispatcher" daemon [_thread_blocked, id=4556, stack(0x0000001070200000,0x0000001070300000)]
  0x000002014a822000 JavaThread "Attach Listener" daemon [_thread_blocked, id=9300, stack(0x0000001070300000,0x0000001070400000)]
  0x000002014a825000 JavaThread "C2 CompilerThread0" daemon [_thread_in_native, id=18976, stack(0x0000001070400000,0x0000001070500000)]
=>0x000002014a828800 JavaThread "C1 CompilerThread0" daemon [_thread_in_vm, id=812, stack(0x0000001070500000,0x0000001070600000)]
  0x000002014a82c800 JavaThread "Sweeper thread" daemon [_thread_blocked, id=4420, stack(0x0000001070600000,0x0000001070700000)]
  0x000002014a9aa800 JavaThread "Service Thread" daemon [_thread_blocked, id=2404, stack(0x0000001070700000,0x0000001070800000)]
  0x000002014a9ad800 JavaThread "Common-Cleaner" daemon [_thread_blocked, id=6580, stack(0x0000001070900000,0x0000001070a00000)]
  0x000002015110d800 JavaThread "resolver-1" daemon [_thread_blocked, id=20712, stack(0x0000001071400000,0x0000001071500000)]
  0x000002014b275000 JavaThread "resolver-2" daemon [_thread_blocked, id=21584, stack(0x0000001071500000,0x0000001071600000)]
  0x000002014fce0000 JavaThread "resolver-3" daemon [_thread_blocked, id=23260, stack(0x0000001071600000,0x0000001071700000)]
  0x000002014cb73800 JavaThread "resolver-4" daemon [_thread_blocked, id=9960, stack(0x0000001071700000,0x0000001071800000)]
  0x000002014cb74800 JavaThread "resolver-5" daemon [_thread_blocked, id=22844, stack(0x0000001071800000,0x0000001071900000)]
  0x000002014cb71000 JavaThread "timeout-check-timer" daemon [_thread_blocked, id=908, stack(0x0000001071900000,0x0000001071a00000)]
  0x000002014cb75000 JavaThread "ping-timer-10s" daemon [_thread_blocked, id=23024, stack(0x0000001071a00000,0x0000001071b00000)]
  0x000002014cb6f800 JavaThread "ThreadedStreamConsumer" daemon [_thread_blocked, id=10452, stack(0x0000001071b00000,0x0000001071c00000)]
  0x000002014cb72000 JavaThread "Thread-2" [_thread_blocked, id=992, stack(0x0000001071c00000,0x0000001071d00000)]
  0x000002014cb76000 JavaThread "Thread-3" [_thread_in_native, id=20528, stack(0x0000001071d00000,0x0000001071e00000)]
  0x000002014cb70000 JavaThread "Thread-4" [_thread_in_native, id=7068, stack(0x0000001071e00000,0x0000001071f00000)]

Other Threads:
  0x0000020149f3e000 VMThread "VM Thread" [stack: 0x000000106ff00000,0x0000001070000000] [id=14888]
  0x000002014a9df800 WatcherThread [stack: 0x0000001070800000,0x0000001070900000] [id=17528]
  0x0000020126363800 GCTaskThread "GC Thread#0" [stack: 0x000000106fa00000,0x000000106fb00000] [id=2532]
  0x000002014b894000 GCTaskThread "GC Thread#1" [stack: 0x0000001070c00000,0x0000001070d00000] [id=2284]
  0x000002014b8dd800 GCTaskThread "GC Thread#2" [stack: 0x0000001070d00000,0x0000001070e00000] [id=22016]
  0x000002014b7f7000 GCTaskThread "GC Thread#3" [stack: 0x0000001070e00000,0x0000001070f00000] [id=19772]
  0x000002014bff3800 GCTaskThread "GC Thread#4" [stack: 0x0000001070f00000,0x0000001071000000] [id=5804]
  0x000002014bff4000 GCTaskThread "GC Thread#5" [stack: 0x0000001071000000,0x0000001071100000] [id=15416]
  0x000002014bff7000 GCTaskThread "GC Thread#6" [stack: 0x0000001071200000,0x0000001071300000] [id=14164]
  0x00000201263c4000 ConcurrentGCThread "G1 Main Marker" [stack: 0x000000106fb00000,0x000000106fc00000] [id=4988]
  0x00000201263c5000 ConcurrentGCThread "G1 Conc#0" [stack: 0x000000106fc00000,0x000000106fd00000] [id=2888]
  0x000002014bff2000 ConcurrentGCThread "G1 Conc#1" [stack: 0x0000001071100000,0x0000001071200000] [id=1888]
  0x000002012642e000 ConcurrentGCThread "G1 Refine#0" [stack: 0x000000106fd00000,0x000000106fe00000] [id=11056]
  0x00000201503f0000 ConcurrentGCThread "G1 Refine#1" [stack: 0x0000001071300000,0x0000001071400000] [id=4260]
  0x0000020149df5800 ConcurrentGCThread "G1 Young RemSet Sampling" [stack: 0x000000106fe00000,0x000000106ff00000] [id=16684]

Threads with active compile tasks:
C2 CompilerThread0  26882 9234 %     4       sun.nio.cs.SingleByte$Decoder::decodeArrayLoop @ 88 (154 bytes)
C1 CompilerThread0  26883 9239       1       java.util.Calendar::getFirstDayOfWeek (5 bytes)

VM state:not at safepoint (normal execution)

VM Mutex/Monitor currently owned by a thread: None

Heap address: 0x0000000702400000, size: 4060 MB, Compressed Oops mode: Zero based, Oop shift amount: 3
Narrow klass base: 0x0000000800000000, Narrow klass shift: 0
Compressed class space size: 1073741824 Address: 0x0000000800000000

Heap:
 garbage-first heap   total 312320K, used 206047K [0x0000000702400000, 0x0000000800000000)
  region size 1024K, 151 young (154624K), 23 survivors (23552K)
 Metaspace       used 41373K, capacity 42516K, committed 42796K, reserved 1087488K
  class space    used 4228K, capacity 4611K, committed 4736K, reserved 1048576K
Heap Regions: E=young(eden), S=young(survivor), O=old, HS=humongous(starts), HC=humongous(continues), CS=collection set, F=free, A=archive, TAMS=top-at-mark-start (previous, next)
|   0|0x0000000702400000, 0x0000000702500000, 0x0000000702500000|100%| O|  |TAMS 0x0000000702500000, 0x0000000702400000| Untracked 
|   1|0x0000000702500000, 0x0000000702600000, 0x0000000702600000|100%| O|  |TAMS 0x0000000702600000, 0x0000000702500000| Untracked 
|   2|0x0000000702600000, 0x0000000702700000, 0x0000000702700000|100%| O|  |TAMS 0x0000000702700000, 0x0000000702600000| Untracked 
|   3|0x0000000702700000, 0x0000000702800000, 0x0000000702800000|100%| O|  |TAMS 0x0000000702800000, 0x0000000702700000| Untracked 
|   4|0x0000000702800000, 0x0000000702900000, 0x0000000702900000|100%| O|  |TAMS 0x0000000702900000, 0x0000000702800000| Untracked 
|   5|0x0000000702900000, 0x0000000702a00000, 0x0000000702a00000|100%| O|  |TAMS 0x0000000702a00000, 0x0000000702900000| Untracked 
|   6|0x0000000702a00000, 0x0000000702b00000, 0x0000000702b00000|100%| O|  |TAMS 0x0000000702b00000, 0x0000000702a00000| Untracked 
|   7|0x0000000702b00000, 0x0000000702c00000, 0x0000000702c00000|100%| O|  |TAMS 0x0000000702c00000, 0x0000000702b00000| Untracked 
|   8|0x0000000702c00000, 0x0000000702d00000, 0x0000000702d00000|100%| O|  |TAMS 0x0000000702d00000, 0x0000000702c00000| Untracked 
|   9|0x0000000702d00000, 0x0000000702e00000, 0x0000000702e00000|100%| O|  |TAMS 0x0000000702e00000, 0x0000000702d00000| Untracked 
|  10|0x0000000702e00000, 0x0000000702f00000, 0x0000000702f00000|100%| O|  |TAMS 0x0000000702f00000, 0x0000000702e00000| Untracked 
|  11|0x0000000702f00000, 0x0000000703000000, 0x0000000703000000|100%| O|  |TAMS 0x0000000703000000, 0x0000000702f00000| Untracked 
|  12|0x0000000703000000, 0x0000000703100000, 0x0000000703100000|100%|HS|  |TAMS 0x0000000703100000, 0x0000000703000000| Complete 
|  13|0x0000000703100000, 0x0000000703200000, 0x0000000703200000|100%|HS|  |TAMS 0x0000000703100000, 0x0000000703100000| Complete 
|  14|0x0000000703200000, 0x0000000703300000, 0x0000000703300000|100%|HS|  |TAMS 0x0000000703300000, 0x0000000703200000| Complete 
|  15|0x0000000703300000, 0x0000000703400000, 0x0000000703400000|100%| O|  |TAMS 0x0000000703400000, 0x0000000703300000| Untracked 
|  16|0x0000000703400000, 0x0000000703500000, 0x0000000703500000|100%| O|  |TAMS 0x0000000703500000, 0x0000000703400000| Untracked 
|  17|0x0000000703500000, 0x0000000703600000, 0x0000000703600000|100%| O|  |TAMS 0x0000000703600000, 0x0000000703500000| Untracked 
|  18|0x0000000703600000, 0x0000000703700000, 0x0000000703700000|100%| O|  |TAMS 0x0000000703700000, 0x0000000703600000| Untracked 
|  19|0x0000000703700000, 0x0000000703800000, 0x0000000703800000|100%| O|  |TAMS 0x0000000703800000, 0x0000000703700000| Untracked 
|  20|0x0000000703800000, 0x0000000703900000, 0x0000000703900000|100%| O|  |TAMS 0x0000000703900000, 0x0000000703800000| Untracked 
|  21|0x0000000703900000, 0x0000000703a00000, 0x0000000703a00000|100%| O|  |TAMS 0x0000000703a00000, 0x0000000703900000| Untracked 
|  22|0x0000000703a00000, 0x0000000703b00000, 0x0000000703b00000|100%| O|  |TAMS 0x0000000703b00000, 0x0000000703a00000| Untracked 
|  23|0x0000000703b00000, 0x0000000703c00000, 0x0000000703c00000|100%| O|  |TAMS 0x0000000703c00000, 0x0000000703b00000| Untracked 
|  24|0x0000000703c00000, 0x0000000703d00000, 0x0000000703d00000|100%| O|  |TAMS 0x0000000703d00000, 0x0000000703c00000| Untracked 
|  25|0x0000000703d00000, 0x0000000703e00000, 0x0000000703e00000|100%| O|  |TAMS 0x0000000703e00000, 0x0000000703d00000| Untracked 
|  26|0x0000000703e00000, 0x0000000703f00000, 0x0000000703f00000|100%| O|  |TAMS 0x0000000703f00000, 0x0000000703e00000| Untracked 
|  27|0x0000000703f00000, 0x0000000704000000, 0x0000000704000000|100%| O|  |TAMS 0x0000000704000000, 0x0000000703f00000| Untracked 
|  28|0x0000000704000000, 0x0000000704100000, 0x0000000704100000|100%| O|  |TAMS 0x0000000704100000, 0x0000000704000000| Untracked 
|  29|0x0000000704100000, 0x0000000704200000, 0x0000000704200000|100%| O|  |TAMS 0x0000000704200000, 0x0000000704100000| Untracked 
|  30|0x0000000704200000, 0x0000000704300000, 0x0000000704300000|100%| O|  |TAMS 0x0000000704300000, 0x0000000704200000| Untracked 
|  31|0x0000000704300000, 0x0000000704400000, 0x0000000704400000|100%| O|  |TAMS 0x0000000704400000, 0x0000000704300000| Untracked 
|  32|0x0000000704400000, 0x0000000704500000, 0x0000000704500000|100%| O|  |TAMS 0x0000000704500000, 0x0000000704400000| Untracked 
|  33|0x0000000704500000, 0x0000000704600000, 0x0000000704600000|100%| O|  |TAMS 0x0000000704600000, 0x0000000704500000| Untracked 
|  34|0x0000000704600000, 0x0000000704700000, 0x0000000704700000|100%| O|  |TAMS 0x0000000704700000, 0x0000000704600000| Untracked 
|  35|0x0000000704700000, 0x0000000704800000, 0x0000000704800000|100%| O|  |TAMS 0x0000000704800000, 0x0000000704700000| Untracked 
|  36|0x0000000704800000, 0x0000000704900000, 0x0000000704900000|100%| O|  |TAMS 0x0000000704900000, 0x0000000704800000| Untracked 
|  37|0x0000000704900000, 0x0000000704a00000, 0x0000000704a00000|100%| O|  |TAMS 0x0000000704a00000, 0x0000000704900000| Untracked 
|  38|0x0000000704a00000, 0x0000000704b00000, 0x0000000704b00000|100%| O|  |TAMS 0x0000000704b00000, 0x0000000704a00000| Untracked 
|  39|0x0000000704b00000, 0x0000000704c00000, 0x0000000704c00000|100%| O|  |TAMS 0x0000000704c00000, 0x0000000704b00000| Untracked 
|  40|0x0000000704c00000, 0x0000000704d00000, 0x0000000704d00000|100%| O|  |TAMS 0x0000000704d00000, 0x0000000704c00000| Untracked 
|  41|0x0000000704d00000, 0x0000000704e00000, 0x0000000704e00000|100%| O|  |TAMS 0x0000000704dd2600, 0x0000000704d00000| Untracked 
|  42|0x0000000704e00000, 0x0000000704e00000, 0x0000000704f00000|  0%| F|  |TAMS 0x0000000704e00000, 0x0000000704e00000| Untracked 
|  43|0x0000000704f00000, 0x0000000705000000, 0x0000000705000000|100%|HS|  |TAMS 0x0000000704f00000, 0x0000000704f00000| Complete 
|  44|0x0000000705000000, 0x0000000705100000, 0x0000000705100000|100%| O|  |TAMS 0x0000000705000000, 0x0000000705000000| Untracked 
|  45|0x0000000705100000, 0x0000000705200000, 0x0000000705200000|100%| O|  |TAMS 0x0000000705100000, 0x0000000705100000| Untracked 
|  46|0x0000000705200000, 0x0000000705300000, 0x0000000705300000|100%| O|  |TAMS 0x0000000705200000, 0x0000000705200000| Untracked 
|  47|0x0000000705300000, 0x0000000705400000, 0x0000000705400000|100%| O|  |TAMS 0x0000000705300000, 0x0000000705300000| Untracked 
|  48|0x0000000705400000, 0x0000000705500000, 0x0000000705500000|100%| O|  |TAMS 0x0000000705400000, 0x0000000705400000| Untracked 
|  49|0x0000000705500000, 0x0000000705600000, 0x0000000705600000|100%| O|  |TAMS 0x0000000705500000, 0x0000000705500000| Untracked 
|  50|0x0000000705600000, 0x0000000705637c00, 0x0000000705700000| 21%| O|  |TAMS 0x0000000705600000, 0x0000000705600000| Untracked 
|  51|0x0000000705700000, 0x0000000705800000, 0x0000000705800000|100%|HS|  |TAMS 0x0000000705700000, 0x0000000705700000| Complete 
|  52|0x0000000705800000, 0x0000000705900000, 0x0000000705900000|100%|HC|  |TAMS 0x0000000705800000, 0x0000000705800000| Complete 
|  53|0x0000000705900000, 0x0000000705900000, 0x0000000705a00000|  0%| F|  |TAMS 0x0000000705900000, 0x0000000705900000| Untracked 
|  54|0x0000000705a00000, 0x0000000705a00000, 0x0000000705b00000|  0%| F|  |TAMS 0x0000000705a00000, 0x0000000705a00000| Untracked 
|  55|0x0000000705b00000, 0x0000000705b00000, 0x0000000705c00000|  0%| F|  |TAMS 0x0000000705b00000, 0x0000000705b00000| Untracked 
|  56|0x0000000705c00000, 0x0000000705c00000, 0x0000000705d00000|  0%| F|  |TAMS 0x0000000705c00000, 0x0000000705c00000| Untracked 
|  57|0x0000000705d00000, 0x0000000705d00000, 0x0000000705e00000|  0%| F|  |TAMS 0x0000000705d00000, 0x0000000705d00000| Untracked 
|  58|0x0000000705e00000, 0x0000000705e00000, 0x0000000705f00000|  0%| F|  |TAMS 0x0000000705e00000, 0x0000000705e00000| Untracked 
|  59|0x0000000705f00000, 0x0000000705f00000, 0x0000000706000000|  0%| F|  |TAMS 0x0000000705f00000, 0x0000000705f00000| Untracked 
|  60|0x0000000706000000, 0x0000000706000000, 0x0000000706100000|  0%| F|  |TAMS 0x0000000706000000, 0x0000000706000000| Untracked 
|  61|0x0000000706100000, 0x0000000706100000, 0x0000000706200000|  0%| F|  |TAMS 0x0000000706100000, 0x0000000706100000| Untracked 
|  62|0x0000000706200000, 0x0000000706200000, 0x0000000706300000|  0%| F|  |TAMS 0x0000000706200000, 0x0000000706200000| Untracked 
|  63|0x0000000706300000, 0x0000000706300000, 0x0000000706400000|  0%| F|  |TAMS 0x0000000706300000, 0x0000000706300000| Untracked 
|  64|0x0000000706400000, 0x0000000706400000, 0x0000000706500000|  0%| F|  |TAMS 0x0000000706400000, 0x0000000706400000| Untracked 
|  65|0x0000000706500000, 0x0000000706500000, 0x0000000706600000|  0%| F|  |TAMS 0x0000000706500000, 0x0000000706500000| Untracked 
|  66|0x0000000706600000, 0x0000000706600000, 0x0000000706700000|  0%| F|  |TAMS 0x0000000706600000, 0x0000000706600000| Untracked 
|  67|0x0000000706700000, 0x0000000706700000, 0x0000000706800000|  0%| F|  |TAMS 0x0000000706700000, 0x0000000706700000| Untracked 
|  68|0x0000000706800000, 0x0000000706800000, 0x0000000706900000|  0%| F|  |TAMS 0x0000000706800000, 0x0000000706800000| Untracked 
|  69|0x0000000706900000, 0x0000000706900000, 0x0000000706a00000|  0%| F|  |TAMS 0x0000000706900000, 0x0000000706900000| Untracked 
|  70|0x0000000706a00000, 0x0000000706a00000, 0x0000000706b00000|  0%| F|  |TAMS 0x0000000706a00000, 0x0000000706a00000| Untracked 
|  71|0x0000000706b00000, 0x0000000706b00000, 0x0000000706c00000|  0%| F|  |TAMS 0x0000000706b00000, 0x0000000706b00000| Untracked 
|  72|0x0000000706c00000, 0x0000000706c00000, 0x0000000706d00000|  0%| F|  |TAMS 0x0000000706c00000, 0x0000000706c00000| Untracked 
|  73|0x0000000706d00000, 0x0000000706d00000, 0x0000000706e00000|  0%| F|  |TAMS 0x0000000706d00000, 0x0000000706d00000| Untracked 
|  74|0x0000000706e00000, 0x0000000706e00000, 0x0000000706f00000|  0%| F|  |TAMS 0x0000000706e00000, 0x0000000706e00000| Untracked 
|  75|0x0000000706f00000, 0x0000000706f00000, 0x0000000707000000|  0%| F|  |TAMS 0x0000000706f00000, 0x0000000706f00000| Untracked 
|  76|0x0000000707000000, 0x0000000707000000, 0x0000000707100000|  0%| F|  |TAMS 0x0000000707000000, 0x0000000707000000| Untracked 
|  77|0x0000000707100000, 0x0000000707100000, 0x0000000707200000|  0%| F|  |TAMS 0x0000000707100000, 0x0000000707100000| Untracked 
|  78|0x0000000707200000, 0x0000000707200000, 0x0000000707300000|  0%| F|  |TAMS 0x0000000707200000, 0x0000000707200000| Untracked 
|  79|0x0000000707300000, 0x0000000707300000, 0x0000000707400000|  0%| F|  |TAMS 0x0000000707300000, 0x0000000707300000| Untracked 
|  80|0x0000000707400000, 0x0000000707400000, 0x0000000707500000|  0%| F|  |TAMS 0x0000000707400000, 0x0000000707400000| Untracked 
|  81|0x0000000707500000, 0x0000000707500000, 0x0000000707600000|  0%| F|  |TAMS 0x0000000707500000, 0x0000000707500000| Untracked 
|  82|0x0000000707600000, 0x0000000707600000, 0x0000000707700000|  0%| F|  |TAMS 0x0000000707600000, 0x0000000707600000| Untracked 
|  83|0x0000000707700000, 0x0000000707700000, 0x0000000707800000|  0%| F|  |TAMS 0x0000000707700000, 0x0000000707700000| Untracked 
|  84|0x0000000707800000, 0x0000000707800000, 0x0000000707900000|  0%| F|  |TAMS 0x0000000707800000, 0x0000000707800000| Untracked 
|  85|0x0000000707900000, 0x0000000707900000, 0x0000000707a00000|  0%| F|  |TAMS 0x0000000707900000, 0x0000000707900000| Untracked 
|  86|0x0000000707a00000, 0x0000000707a00000, 0x0000000707b00000|  0%| F|  |TAMS 0x0000000707a00000, 0x0000000707a00000| Untracked 
|  87|0x0000000707b00000, 0x0000000707b00000, 0x0000000707c00000|  0%| F|  |TAMS 0x0000000707b00000, 0x0000000707b00000| Untracked 
|  88|0x0000000707c00000, 0x0000000707c00000, 0x0000000707d00000|  0%| F|  |TAMS 0x0000000707c00000, 0x0000000707c00000| Untracked 
|  89|0x0000000707d00000, 0x0000000707d00000, 0x0000000707e00000|  0%| F|  |TAMS 0x0000000707d00000, 0x0000000707d00000| Untracked 
|  90|0x0000000707e00000, 0x0000000707e00000, 0x0000000707f00000|  0%| F|  |TAMS 0x0000000707e00000, 0x0000000707e00000| Untracked 
|  91|0x0000000707f00000, 0x0000000707f00000, 0x0000000708000000|  0%| F|  |TAMS 0x0000000707f00000, 0x0000000707f00000| Untracked 
|  92|0x0000000708000000, 0x0000000708000000, 0x0000000708100000|  0%| F|  |TAMS 0x0000000708000000, 0x0000000708000000| Untracked 
|  93|0x0000000708100000, 0x0000000708100000, 0x0000000708200000|  0%| F|  |TAMS 0x0000000708100000, 0x0000000708100000| Untracked 
|  94|0x0000000708200000, 0x0000000708200000, 0x0000000708300000|  0%| F|  |TAMS 0x0000000708200000, 0x0000000708200000| Untracked 
|  95|0x0000000708300000, 0x0000000708300000, 0x0000000708400000|  0%| F|  |TAMS 0x0000000708300000, 0x0000000708300000| Untracked 
|  96|0x0000000708400000, 0x0000000708400000, 0x0000000708500000|  0%| F|  |TAMS 0x0000000708400000, 0x0000000708400000| Untracked 
|  97|0x0000000708500000, 0x0000000708500000, 0x0000000708600000|  0%| F|  |TAMS 0x0000000708500000, 0x0000000708500000| Untracked 
|  98|0x0000000708600000, 0x0000000708600000, 0x0000000708700000|  0%| F|  |TAMS 0x0000000708600000, 0x0000000708600000| Untracked 
|  99|0x0000000708700000, 0x0000000708800000, 0x0000000708800000|100%| S|CS|TAMS 0x0000000708700000, 0x0000000708700000| Complete 
| 100|0x0000000708800000, 0x0000000708900000, 0x0000000708900000|100%| S|CS|TAMS 0x0000000708800000, 0x0000000708800000| Complete 
| 101|0x0000000708900000, 0x0000000708a00000, 0x0000000708a00000|100%| S|CS|TAMS 0x0000000708900000, 0x0000000708900000| Complete 
| 102|0x0000000708a00000, 0x0000000708b00000, 0x0000000708b00000|100%| S|CS|TAMS 0x0000000708a00000, 0x0000000708a00000| Complete 
| 103|0x0000000708b00000, 0x0000000708c00000, 0x0000000708c00000|100%| S|CS|TAMS 0x0000000708b00000, 0x0000000708b00000| Complete 
| 104|0x0000000708c00000, 0x0000000708d00000, 0x0000000708d00000|100%| S|CS|TAMS 0x0000000708c00000, 0x0000000708c00000| Complete 
| 105|0x0000000708d00000, 0x0000000708e00000, 0x0000000708e00000|100%| S|CS|TAMS 0x0000000708d00000, 0x0000000708d00000| Complete 
| 106|0x0000000708e00000, 0x0000000708f00000, 0x0000000708f00000|100%| S|CS|TAMS 0x0000000708e00000, 0x0000000708e00000| Complete 
| 107|0x0000000708f00000, 0x0000000709000000, 0x0000000709000000|100%| S|CS|TAMS 0x0000000708f00000, 0x0000000708f00000| Complete 
| 108|0x0000000709000000, 0x0000000709100000, 0x0000000709100000|100%| S|CS|TAMS 0x0000000709000000, 0x0000000709000000| Complete 
| 109|0x0000000709100000, 0x0000000709200000, 0x0000000709200000|100%| S|CS|TAMS 0x0000000709100000, 0x0000000709100000| Complete 
| 110|0x0000000709200000, 0x0000000709300000, 0x0000000709300000|100%| S|CS|TAMS 0x0000000709200000, 0x0000000709200000| Complete 
| 111|0x0000000709300000, 0x0000000709400000, 0x0000000709400000|100%| S|CS|TAMS 0x0000000709300000, 0x0000000709300000| Complete 
| 112|0x0000000709400000, 0x0000000709500000, 0x0000000709500000|100%| S|CS|TAMS 0x0000000709400000, 0x0000000709400000| Complete 
| 113|0x0000000709500000, 0x0000000709600000, 0x0000000709600000|100%| S|CS|TAMS 0x0000000709500000, 0x0000000709500000| Complete 
| 114|0x0000000709600000, 0x0000000709700000, 0x0000000709700000|100%| S|CS|TAMS 0x0000000709600000, 0x0000000709600000| Complete 
| 115|0x0000000709700000, 0x0000000709800000, 0x0000000709800000|100%| S|CS|TAMS 0x0000000709700000, 0x0000000709700000| Complete 
| 116|0x0000000709800000, 0x0000000709900000, 0x0000000709900000|100%| S|CS|TAMS 0x0000000709800000, 0x0000000709800000| Complete 
| 117|0x0000000709900000, 0x0000000709a00000, 0x0000000709a00000|100%| S|CS|TAMS 0x0000000709900000, 0x0000000709900000| Complete 
| 118|0x0000000709a00000, 0x0000000709b00000, 0x0000000709b00000|100%| S|CS|TAMS 0x0000000709a00000, 0x0000000709a00000| Complete 
| 119|0x0000000709b00000, 0x0000000709c00000, 0x0000000709c00000|100%| S|CS|TAMS 0x0000000709b00000, 0x0000000709b00000| Complete 
| 120|0x0000000709c00000, 0x0000000709d00000, 0x0000000709d00000|100%| S|CS|TAMS 0x0000000709c00000, 0x0000000709c00000| Complete 
| 121|0x0000000709d00000, 0x0000000709e00000, 0x0000000709e00000|100%| S|CS|TAMS 0x0000000709d00000, 0x0000000709d00000| Complete 
| 122|0x0000000709e00000, 0x0000000709e00000, 0x0000000709f00000|  0%| F|  |TAMS 0x0000000709e00000, 0x0000000709e00000| Untracked 
| 123|0x0000000709f00000, 0x0000000709f00000, 0x000000070a000000|  0%| F|  |TAMS 0x0000000709f00000, 0x0000000709f00000| Untracked 
| 124|0x000000070a000000, 0x000000070a000000, 0x000000070a100000|  0%| F|  |TAMS 0x000000070a000000, 0x000000070a000000| Untracked 
| 125|0x000000070a100000, 0x000000070a100000, 0x000000070a200000|  0%| F|  |TAMS 0x000000070a100000, 0x000000070a100000| Untracked 
| 126|0x000000070a200000, 0x000000070a200000, 0x000000070a300000|  0%| F|  |TAMS 0x000000070a200000, 0x000000070a200000| Untracked 
| 127|0x000000070a300000, 0x000000070a300000, 0x000000070a400000|  0%| F|  |TAMS 0x000000070a300000, 0x000000070a300000| Untracked 
| 128|0x000000070a400000, 0x000000070a400000, 0x000000070a500000|  0%| F|  |TAMS 0x000000070a400000, 0x000000070a400000| Untracked 
| 129|0x000000070a500000, 0x000000070a500000, 0x000000070a600000|  0%| F|  |TAMS 0x000000070a500000, 0x000000070a500000| Untracked 
| 130|0x000000070a600000, 0x000000070a600000, 0x000000070a700000|  0%| F|  |TAMS 0x000000070a600000, 0x000000070a600000| Untracked 
| 131|0x000000070a700000, 0x000000070a700000, 0x000000070a800000|  0%| F|  |TAMS 0x000000070a700000, 0x000000070a700000| Untracked 
| 132|0x000000070a800000, 0x000000070a800000, 0x000000070a900000|  0%| F|  |TAMS 0x000000070a800000, 0x000000070a800000| Untracked 
| 133|0x000000070a900000, 0x000000070a900000, 0x000000070aa00000|  0%| F|  |TAMS 0x000000070a900000, 0x000000070a900000| Untracked 
| 134|0x000000070aa00000, 0x000000070aa00000, 0x000000070ab00000|  0%| F|  |TAMS 0x000000070aa00000, 0x000000070aa00000| Untracked 
| 135|0x000000070ab00000, 0x000000070ab00000, 0x000000070ac00000|  0%| F|  |TAMS 0x000000070ab00000, 0x000000070ab00000| Untracked 
| 136|0x000000070ac00000, 0x000000070ac00000, 0x000000070ad00000|  0%| F|  |TAMS 0x000000070ac00000, 0x000000070ac00000| Untracked 
| 137|0x000000070ad00000, 0x000000070ad00000, 0x000000070ae00000|  0%| F|  |TAMS 0x000000070ad00000, 0x000000070ad00000| Untracked 
| 138|0x000000070ae00000, 0x000000070ae00000, 0x000000070af00000|  0%| F|  |TAMS 0x000000070ae00000, 0x000000070ae00000| Untracked 
| 139|0x000000070af00000, 0x000000070af00000, 0x000000070b000000|  0%| F|  |TAMS 0x000000070af00000, 0x000000070af00000| Untracked 
| 140|0x000000070b000000, 0x000000070b000000, 0x000000070b100000|  0%| F|  |TAMS 0x000000070b000000, 0x000000070b000000| Untracked 
| 141|0x000000070b100000, 0x000000070b100000, 0x000000070b200000|  0%| F|  |TAMS 0x000000070b100000, 0x000000070b100000| Untracked 
| 142|0x000000070b200000, 0x000000070b200000, 0x000000070b300000|  0%| F|  |TAMS 0x000000070b200000, 0x000000070b200000| Untracked 
| 143|0x000000070b300000, 0x000000070b300000, 0x000000070b400000|  0%| F|  |TAMS 0x000000070b300000, 0x000000070b300000| Untracked 
| 144|0x000000070b400000, 0x000000070b400000, 0x000000070b500000|  0%| F|  |TAMS 0x000000070b400000, 0x000000070b400000| Untracked 
| 145|0x000000070b500000, 0x000000070b500000, 0x000000070b600000|  0%| F|  |TAMS 0x000000070b500000, 0x000000070b500000| Untracked 
| 146|0x000000070b600000, 0x000000070b600000, 0x000000070b700000|  0%| F|  |TAMS 0x000000070b600000, 0x000000070b600000| Untracked 
| 147|0x000000070b700000, 0x000000070b700000, 0x000000070b800000|  0%| F|  |TAMS 0x000000070b700000, 0x000000070b700000| Untracked 
| 148|0x000000070b800000, 0x000000070b800000, 0x000000070b900000|  0%| F|  |TAMS 0x000000070b800000, 0x000000070b800000| Untracked 
| 149|0x000000070b900000, 0x000000070b900000, 0x000000070ba00000|  0%| F|  |TAMS 0x000000070b900000, 0x000000070b900000| Untracked 
| 150|0x000000070ba00000, 0x000000070ba00000, 0x000000070bb00000|  0%| F|  |TAMS 0x000000070ba00000, 0x000000070ba00000| Untracked 
| 151|0x000000070bb00000, 0x000000070bb00000, 0x000000070bc00000|  0%| F|  |TAMS 0x000000070bb00000, 0x000000070bb00000| Untracked 
| 152|0x000000070bc00000, 0x000000070bc00000, 0x000000070bd00000|  0%| F|  |TAMS 0x000000070bc00000, 0x000000070bc00000| Untracked 
| 153|0x000000070bd00000, 0x000000070bd00000, 0x000000070be00000|  0%| F|  |TAMS 0x000000070bd00000, 0x000000070bd00000| Untracked 
| 154|0x000000070be00000, 0x000000070be00000, 0x000000070bf00000|  0%| F|  |TAMS 0x000000070be00000, 0x000000070be00000| Untracked 
| 155|0x000000070bf00000, 0x000000070bf00000, 0x000000070c000000|  0%| F|  |TAMS 0x000000070bf00000, 0x000000070bf00000| Untracked 
| 156|0x000000070c000000, 0x000000070c000000, 0x000000070c100000|  0%| F|  |TAMS 0x000000070c000000, 0x000000070c000000| Untracked 
| 157|0x000000070c100000, 0x000000070c100000, 0x000000070c200000|  0%| F|  |TAMS 0x000000070c100000, 0x000000070c100000| Untracked 
| 158|0x000000070c200000, 0x000000070c200000, 0x000000070c300000|  0%| F|  |TAMS 0x000000070c200000, 0x000000070c200000| Untracked 
| 159|0x000000070c300000, 0x000000070c300000, 0x000000070c400000|  0%| F|  |TAMS 0x000000070c300000, 0x000000070c300000| Untracked 
| 160|0x000000070c400000, 0x000000070c400000, 0x000000070c500000|  0%| F|  |TAMS 0x000000070c400000, 0x000000070c400000| Untracked 
| 161|0x000000070c500000, 0x000000070c500000, 0x000000070c600000|  0%| F|  |TAMS 0x000000070c500000, 0x000000070c500000| Untracked 
| 162|0x000000070c600000, 0x000000070c600000, 0x000000070c700000|  0%| F|  |TAMS 0x000000070c600000, 0x000000070c600000| Untracked 
| 163|0x000000070c700000, 0x000000070c700000, 0x000000070c800000|  0%| F|  |TAMS 0x000000070c700000, 0x000000070c700000| Untracked 
| 164|0x000000070c800000, 0x000000070c800000, 0x000000070c900000|  0%| F|  |TAMS 0x000000070c800000, 0x000000070c800000| Untracked 
| 165|0x000000070c900000, 0x000000070c900000, 0x000000070ca00000|  0%| F|  |TAMS 0x000000070c900000, 0x000000070c900000| Untracked 
| 166|0x000000070ca00000, 0x000000070ca00000, 0x000000070cb00000|  0%| F|  |TAMS 0x000000070ca00000, 0x000000070ca00000| Untracked 
| 167|0x000000070cb00000, 0x000000070cb00000, 0x000000070cc00000|  0%| F|  |TAMS 0x000000070cb00000, 0x000000070cb00000| Untracked 
| 168|0x000000070cc00000, 0x000000070cc00000, 0x000000070cd00000|  0%| F|  |TAMS 0x000000070cc00000, 0x000000070cc00000| Untracked 
| 169|0x000000070cd00000, 0x000000070cd00000, 0x000000070ce00000|  0%| F|  |TAMS 0x000000070cd00000, 0x000000070cd00000| Untracked 
| 170|0x000000070ce00000, 0x000000070ce00000, 0x000000070cf00000|  0%| F|  |TAMS 0x000000070ce00000, 0x000000070ce00000| Untracked 
| 171|0x000000070cf00000, 0x000000070cf00000, 0x000000070d000000|  0%| F|  |TAMS 0x000000070cf00000, 0x000000070cf00000| Untracked 
| 172|0x000000070d000000, 0x000000070d000000, 0x000000070d100000|  0%| F|  |TAMS 0x000000070d000000, 0x000000070d000000| Untracked 
| 173|0x000000070d100000, 0x000000070d100000, 0x000000070d200000|  0%| F|  |TAMS 0x000000070d100000, 0x000000070d100000| Untracked 
| 174|0x000000070d200000, 0x000000070d200000, 0x000000070d300000|  0%| F|  |TAMS 0x000000070d200000, 0x000000070d200000| Untracked 
| 175|0x000000070d300000, 0x000000070d300000, 0x000000070d400000|  0%| F|  |TAMS 0x000000070d300000, 0x000000070d300000| Untracked 
| 176|0x000000070d400000, 0x000000070d400000, 0x000000070d500000|  0%| F|  |TAMS 0x000000070d400000, 0x000000070d400000| Untracked 
| 177|0x000000070d500000, 0x000000070d600000, 0x000000070d600000|100%| E|  |TAMS 0x000000070d500000, 0x000000070d500000| Complete 
| 178|0x000000070d600000, 0x000000070d700000, 0x000000070d700000|100%| E|CS|TAMS 0x000000070d600000, 0x000000070d600000| Complete 
| 179|0x000000070d700000, 0x000000070d800000, 0x000000070d800000|100%| E|CS|TAMS 0x000000070d700000, 0x000000070d700000| Complete 
| 180|0x000000070d800000, 0x000000070d900000, 0x000000070d900000|100%| E|CS|TAMS 0x000000070d800000, 0x000000070d800000| Complete 
| 181|0x000000070d900000, 0x000000070da00000, 0x000000070da00000|100%| E|CS|TAMS 0x000000070d900000, 0x000000070d900000| Complete 
| 182|0x000000070da00000, 0x000000070db00000, 0x000000070db00000|100%| E|CS|TAMS 0x000000070da00000, 0x000000070da00000| Complete 
| 183|0x000000070db00000, 0x000000070dc00000, 0x000000070dc00000|100%| E|CS|TAMS 0x000000070db00000, 0x000000070db00000| Complete 
| 184|0x000000070dc00000, 0x000000070dd00000, 0x000000070dd00000|100%| E|CS|TAMS 0x000000070dc00000, 0x000000070dc00000| Complete 
| 185|0x000000070dd00000, 0x000000070de00000, 0x000000070de00000|100%| E|CS|TAMS 0x000000070dd00000, 0x000000070dd00000| Complete 
| 186|0x000000070de00000, 0x000000070df00000, 0x000000070df00000|100%| E|CS|TAMS 0x000000070de00000, 0x000000070de00000| Complete 
| 187|0x000000070df00000, 0x000000070e000000, 0x000000070e000000|100%| E|CS|TAMS 0x000000070df00000, 0x000000070df00000| Complete 
| 188|0x000000070e000000, 0x000000070e100000, 0x000000070e100000|100%| E|CS|TAMS 0x000000070e000000, 0x000000070e000000| Complete 
| 189|0x000000070e100000, 0x000000070e200000, 0x000000070e200000|100%| E|CS|TAMS 0x000000070e100000, 0x000000070e100000| Complete 
| 190|0x000000070e200000, 0x000000070e300000, 0x000000070e300000|100%| E|CS|TAMS 0x000000070e200000, 0x000000070e200000| Complete 
| 191|0x000000070e300000, 0x000000070e400000, 0x000000070e400000|100%| E|CS|TAMS 0x000000070e300000, 0x000000070e300000| Complete 
| 192|0x000000070e400000, 0x000000070e500000, 0x000000070e500000|100%| E|CS|TAMS 0x000000070e400000, 0x000000070e400000| Complete 
| 193|0x000000070e500000, 0x000000070e600000, 0x000000070e600000|100%| E|CS|TAMS 0x000000070e500000, 0x000000070e500000| Complete 
| 194|0x000000070e600000, 0x000000070e700000, 0x000000070e700000|100%| E|CS|TAMS 0x000000070e600000, 0x000000070e600000| Complete 
| 195|0x000000070e700000, 0x000000070e800000, 0x000000070e800000|100%| E|CS|TAMS 0x000000070e700000, 0x000000070e700000| Complete 
| 196|0x000000070e800000, 0x000000070e900000, 0x000000070e900000|100%| E|CS|TAMS 0x000000070e800000, 0x000000070e800000| Complete 
| 197|0x000000070e900000, 0x000000070ea00000, 0x000000070ea00000|100%| E|CS|TAMS 0x000000070e900000, 0x000000070e900000| Complete 
| 198|0x000000070ea00000, 0x000000070eb00000, 0x000000070eb00000|100%| E|CS|TAMS 0x000000070ea00000, 0x000000070ea00000| Complete 
| 199|0x000000070eb00000, 0x000000070ec00000, 0x000000070ec00000|100%| E|CS|TAMS 0x000000070eb00000, 0x000000070eb00000| Complete 
| 200|0x000000070ec00000, 0x000000070ed00000, 0x000000070ed00000|100%| E|CS|TAMS 0x000000070ec00000, 0x000000070ec00000| Complete 
| 201|0x000000070ed00000, 0x000000070ee00000, 0x000000070ee00000|100%| E|CS|TAMS 0x000000070ed00000, 0x000000070ed00000| Complete 
| 202|0x000000070ee00000, 0x000000070ef00000, 0x000000070ef00000|100%| E|CS|TAMS 0x000000070ee00000, 0x000000070ee00000| Complete 
| 203|0x000000070ef00000, 0x000000070f000000, 0x000000070f000000|100%| E|CS|TAMS 0x000000070ef00000, 0x000000070ef00000| Complete 
| 204|0x000000070f000000, 0x000000070f100000, 0x000000070f100000|100%| E|CS|TAMS 0x000000070f000000, 0x000000070f000000| Complete 
| 205|0x000000070f100000, 0x000000070f200000, 0x000000070f200000|100%| E|CS|TAMS 0x000000070f100000, 0x000000070f100000| Complete 
| 206|0x000000070f200000, 0x000000070f300000, 0x000000070f300000|100%| E|CS|TAMS 0x000000070f200000, 0x000000070f200000| Complete 
| 207|0x000000070f300000, 0x000000070f400000, 0x000000070f400000|100%| E|CS|TAMS 0x000000070f300000, 0x000000070f300000| Complete 
| 208|0x000000070f400000, 0x000000070f500000, 0x000000070f500000|100%| E|CS|TAMS 0x000000070f400000, 0x000000070f400000| Complete 
| 209|0x000000070f500000, 0x000000070f600000, 0x000000070f600000|100%| E|CS|TAMS 0x000000070f500000, 0x000000070f500000| Complete 
| 210|0x000000070f600000, 0x000000070f700000, 0x000000070f700000|100%| E|CS|TAMS 0x000000070f600000, 0x000000070f600000| Complete 
| 211|0x000000070f700000, 0x000000070f800000, 0x000000070f800000|100%| E|CS|TAMS 0x000000070f700000, 0x000000070f700000| Complete 
| 212|0x000000070f800000, 0x000000070f900000, 0x000000070f900000|100%| E|CS|TAMS 0x000000070f800000, 0x000000070f800000| Complete 
| 213|0x000000070f900000, 0x000000070fa00000, 0x000000070fa00000|100%| E|CS|TAMS 0x000000070f900000, 0x000000070f900000| Complete 
| 214|0x000000070fa00000, 0x000000070fb00000, 0x000000070fb00000|100%| E|CS|TAMS 0x000000070fa00000, 0x000000070fa00000| Complete 
| 215|0x000000070fb00000, 0x000000070fc00000, 0x000000070fc00000|100%| E|CS|TAMS 0x000000070fb00000, 0x000000070fb00000| Complete 
| 216|0x000000070fc00000, 0x000000070fd00000, 0x000000070fd00000|100%| E|CS|TAMS 0x000000070fc00000, 0x000000070fc00000| Complete 
| 217|0x000000070fd00000, 0x000000070fe00000, 0x000000070fe00000|100%| E|CS|TAMS 0x000000070fd00000, 0x000000070fd00000| Complete 
| 218|0x000000070fe00000, 0x000000070ff00000, 0x000000070ff00000|100%| E|CS|TAMS 0x000000070fe00000, 0x000000070fe00000| Complete 
| 219|0x000000070ff00000, 0x0000000710000000, 0x0000000710000000|100%| E|CS|TAMS 0x000000070ff00000, 0x000000070ff00000| Complete 
| 220|0x0000000710000000, 0x0000000710100000, 0x0000000710100000|100%| E|CS|TAMS 0x0000000710000000, 0x0000000710000000| Complete 
| 221|0x0000000710100000, 0x0000000710200000, 0x0000000710200000|100%| E|CS|TAMS 0x0000000710100000, 0x0000000710100000| Complete 
| 222|0x0000000710200000, 0x0000000710300000, 0x0000000710300000|100%| E|CS|TAMS 0x0000000710200000, 0x0000000710200000| Complete 
| 223|0x0000000710300000, 0x0000000710400000, 0x0000000710400000|100%| E|CS|TAMS 0x0000000710300000, 0x0000000710300000| Complete 
| 224|0x0000000710400000, 0x0000000710500000, 0x0000000710500000|100%| E|CS|TAMS 0x0000000710400000, 0x0000000710400000| Complete 
| 225|0x0000000710500000, 0x0000000710600000, 0x0000000710600000|100%| E|CS|TAMS 0x0000000710500000, 0x0000000710500000| Complete 
| 226|0x0000000710600000, 0x0000000710700000, 0x0000000710700000|100%| E|CS|TAMS 0x0000000710600000, 0x0000000710600000| Complete 
| 227|0x0000000710700000, 0x0000000710800000, 0x0000000710800000|100%| E|CS|TAMS 0x0000000710700000, 0x0000000710700000| Complete 
| 228|0x0000000710800000, 0x0000000710900000, 0x0000000710900000|100%| E|CS|TAMS 0x0000000710800000, 0x0000000710800000| Complete 
| 229|0x0000000710900000, 0x0000000710a00000, 0x0000000710a00000|100%| E|CS|TAMS 0x0000000710900000, 0x0000000710900000| Complete 
| 230|0x0000000710a00000, 0x0000000710b00000, 0x0000000710b00000|100%| E|CS|TAMS 0x0000000710a00000, 0x0000000710a00000| Complete 
| 231|0x0000000710b00000, 0x0000000710c00000, 0x0000000710c00000|100%| E|CS|TAMS 0x0000000710b00000, 0x0000000710b00000| Complete 
| 232|0x0000000710c00000, 0x0000000710d00000, 0x0000000710d00000|100%| E|CS|TAMS 0x0000000710c00000, 0x0000000710c00000| Complete 
| 233|0x0000000710d00000, 0x0000000710e00000, 0x0000000710e00000|100%| E|CS|TAMS 0x0000000710d00000, 0x0000000710d00000| Complete 
| 234|0x0000000710e00000, 0x0000000710f00000, 0x0000000710f00000|100%| E|CS|TAMS 0x0000000710e00000, 0x0000000710e00000| Complete 
| 235|0x0000000710f00000, 0x0000000711000000, 0x0000000711000000|100%| E|CS|TAMS 0x0000000710f00000, 0x0000000710f00000| Complete 
| 236|0x0000000711000000, 0x0000000711100000, 0x0000000711100000|100%| E|CS|TAMS 0x0000000711000000, 0x0000000711000000| Complete 
| 237|0x0000000711100000, 0x0000000711200000, 0x0000000711200000|100%| E|CS|TAMS 0x0000000711100000, 0x0000000711100000| Complete 
| 238|0x0000000711200000, 0x0000000711300000, 0x0000000711300000|100%| E|CS|TAMS 0x0000000711200000, 0x0000000711200000| Complete 
| 239|0x0000000711300000, 0x0000000711400000, 0x0000000711400000|100%| E|CS|TAMS 0x0000000711300000, 0x0000000711300000| Complete 
| 240|0x0000000711400000, 0x0000000711500000, 0x0000000711500000|100%| E|CS|TAMS 0x0000000711400000, 0x0000000711400000| Complete 
| 241|0x0000000711500000, 0x0000000711600000, 0x0000000711600000|100%| E|CS|TAMS 0x0000000711500000, 0x0000000711500000| Complete 
| 242|0x0000000711600000, 0x0000000711700000, 0x0000000711700000|100%| E|CS|TAMS 0x0000000711600000, 0x0000000711600000| Complete 
| 243|0x0000000711700000, 0x0000000711800000, 0x0000000711800000|100%| E|CS|TAMS 0x0000000711700000, 0x0000000711700000| Complete 
| 244|0x0000000711800000, 0x0000000711900000, 0x0000000711900000|100%| E|CS|TAMS 0x0000000711800000, 0x0000000711800000| Complete 
| 245|0x0000000711900000, 0x0000000711a00000, 0x0000000711a00000|100%| E|CS|TAMS 0x0000000711900000, 0x0000000711900000| Complete 
| 246|0x0000000711a00000, 0x0000000711b00000, 0x0000000711b00000|100%| E|CS|TAMS 0x0000000711a00000, 0x0000000711a00000| Complete 
| 247|0x0000000711b00000, 0x0000000711c00000, 0x0000000711c00000|100%| E|CS|TAMS 0x0000000711b00000, 0x0000000711b00000| Complete 
| 248|0x0000000711c00000, 0x0000000711d00000, 0x0000000711d00000|100%| E|CS|TAMS 0x0000000711c00000, 0x0000000711c00000| Complete 
| 249|0x0000000711d00000, 0x0000000711e00000, 0x0000000711e00000|100%| E|CS|TAMS 0x0000000711d00000, 0x0000000711d00000| Complete 
| 250|0x0000000711e00000, 0x0000000711f00000, 0x0000000711f00000|100%| E|CS|TAMS 0x0000000711e00000, 0x0000000711e00000| Complete 
| 251|0x0000000711f00000, 0x0000000712000000, 0x0000000712000000|100%| E|CS|TAMS 0x0000000711f00000, 0x0000000711f00000| Complete 
| 252|0x0000000712000000, 0x0000000712100000, 0x0000000712100000|100%| E|CS|TAMS 0x0000000712000000, 0x0000000712000000| Complete 
| 253|0x0000000712100000, 0x0000000712200000, 0x0000000712200000|100%| E|CS|TAMS 0x0000000712100000, 0x0000000712100000| Complete 
| 254|0x0000000712200000, 0x0000000712300000, 0x0000000712300000|100%| E|CS|TAMS 0x0000000712200000, 0x0000000712200000| Complete 
| 255|0x0000000712300000, 0x0000000712400000, 0x0000000712400000|100%| E|CS|TAMS 0x0000000712300000, 0x0000000712300000| Complete 
| 256|0x0000000712400000, 0x0000000712500000, 0x0000000712500000|100%| E|CS|TAMS 0x0000000712400000, 0x0000000712400000| Complete 
| 257|0x0000000712500000, 0x0000000712600000, 0x0000000712600000|100%| E|CS|TAMS 0x0000000712500000, 0x0000000712500000| Complete 
| 258|0x0000000712600000, 0x0000000712700000, 0x0000000712700000|100%| E|CS|TAMS 0x0000000712600000, 0x0000000712600000| Complete 
| 259|0x0000000712700000, 0x0000000712800000, 0x0000000712800000|100%| E|CS|TAMS 0x0000000712700000, 0x0000000712700000| Complete 
| 260|0x0000000712800000, 0x0000000712900000, 0x0000000712900000|100%| E|CS|TAMS 0x0000000712800000, 0x0000000712800000| Complete 
| 261|0x0000000712900000, 0x0000000712a00000, 0x0000000712a00000|100%| E|CS|TAMS 0x0000000712900000, 0x0000000712900000| Complete 
| 262|0x0000000712a00000, 0x0000000712b00000, 0x0000000712b00000|100%| E|CS|TAMS 0x0000000712a00000, 0x0000000712a00000| Complete 
| 263|0x0000000712b00000, 0x0000000712c00000, 0x0000000712c00000|100%| E|CS|TAMS 0x0000000712b00000, 0x0000000712b00000| Complete 
| 264|0x0000000712c00000, 0x0000000712d00000, 0x0000000712d00000|100%| E|CS|TAMS 0x0000000712c00000, 0x0000000712c00000| Complete 
| 265|0x0000000712d00000, 0x0000000712e00000, 0x0000000712e00000|100%| E|CS|TAMS 0x0000000712d00000, 0x0000000712d00000| Complete 
| 266|0x0000000712e00000, 0x0000000712f00000, 0x0000000712f00000|100%| E|CS|TAMS 0x0000000712e00000, 0x0000000712e00000| Complete 
| 267|0x0000000712f00000, 0x0000000713000000, 0x0000000713000000|100%| E|CS|TAMS 0x0000000712f00000, 0x0000000712f00000| Complete 
| 268|0x0000000713000000, 0x0000000713100000, 0x0000000713100000|100%| E|CS|TAMS 0x0000000713000000, 0x0000000713000000| Complete 
| 269|0x0000000713100000, 0x0000000713200000, 0x0000000713200000|100%| E|CS|TAMS 0x0000000713100000, 0x0000000713100000| Complete 
| 270|0x0000000713200000, 0x0000000713300000, 0x0000000713300000|100%| E|CS|TAMS 0x0000000713200000, 0x0000000713200000| Complete 
| 271|0x0000000713300000, 0x0000000713400000, 0x0000000713400000|100%| E|CS|TAMS 0x0000000713300000, 0x0000000713300000| Complete 
| 272|0x0000000713400000, 0x0000000713500000, 0x0000000713500000|100%| E|CS|TAMS 0x0000000713400000, 0x0000000713400000| Complete 
| 273|0x0000000713500000, 0x0000000713600000, 0x0000000713600000|100%| E|CS|TAMS 0x0000000713500000, 0x0000000713500000| Complete 
| 274|0x0000000713600000, 0x0000000713700000, 0x0000000713700000|100%| E|CS|TAMS 0x0000000713600000, 0x0000000713600000| Complete 
| 275|0x0000000713700000, 0x0000000713800000, 0x0000000713800000|100%| E|CS|TAMS 0x0000000713700000, 0x0000000713700000| Complete 
| 276|0x0000000713800000, 0x0000000713900000, 0x0000000713900000|100%| E|CS|TAMS 0x0000000713800000, 0x0000000713800000| Complete 
| 277|0x0000000713900000, 0x0000000713a00000, 0x0000000713a00000|100%| E|CS|TAMS 0x0000000713900000, 0x0000000713900000| Complete 
| 278|0x0000000713a00000, 0x0000000713b00000, 0x0000000713b00000|100%| E|CS|TAMS 0x0000000713a00000, 0x0000000713a00000| Complete 
| 279|0x0000000713b00000, 0x0000000713c00000, 0x0000000713c00000|100%| E|CS|TAMS 0x0000000713b00000, 0x0000000713b00000| Complete 
| 280|0x0000000713c00000, 0x0000000713d00000, 0x0000000713d00000|100%| E|CS|TAMS 0x0000000713c00000, 0x0000000713c00000| Complete 
| 281|0x0000000713d00000, 0x0000000713e00000, 0x0000000713e00000|100%| E|CS|TAMS 0x0000000713d00000, 0x0000000713d00000| Complete 
| 282|0x0000000713e00000, 0x0000000713f00000, 0x0000000713f00000|100%| E|CS|TAMS 0x0000000713e00000, 0x0000000713e00000| Complete 
| 283|0x0000000713f00000, 0x0000000714000000, 0x0000000714000000|100%| E|CS|TAMS 0x0000000713f00000, 0x0000000713f00000| Complete 
| 284|0x0000000714000000, 0x0000000714100000, 0x0000000714100000|100%| E|CS|TAMS 0x0000000714000000, 0x0000000714000000| Complete 
| 285|0x0000000714100000, 0x0000000714200000, 0x0000000714200000|100%| E|CS|TAMS 0x0000000714100000, 0x0000000714100000| Complete 
| 286|0x0000000714200000, 0x0000000714300000, 0x0000000714300000|100%| E|CS|TAMS 0x0000000714200000, 0x0000000714200000| Complete 
| 287|0x0000000714300000, 0x0000000714400000, 0x0000000714400000|100%| E|CS|TAMS 0x0000000714300000, 0x0000000714300000| Complete 
| 288|0x0000000714400000, 0x0000000714500000, 0x0000000714500000|100%| E|CS|TAMS 0x0000000714400000, 0x0000000714400000| Complete 
| 289|0x0000000714500000, 0x0000000714600000, 0x0000000714600000|100%| E|CS|TAMS 0x0000000714500000, 0x0000000714500000| Complete 
| 290|0x0000000714600000, 0x0000000714700000, 0x0000000714700000|100%| E|CS|TAMS 0x0000000714600000, 0x0000000714600000| Complete 
| 291|0x0000000714700000, 0x0000000714800000, 0x0000000714800000|100%| E|CS|TAMS 0x0000000714700000, 0x0000000714700000| Complete 
| 292|0x0000000714800000, 0x0000000714900000, 0x0000000714900000|100%| E|CS|TAMS 0x0000000714800000, 0x0000000714800000| Complete 
| 293|0x0000000714900000, 0x0000000714a00000, 0x0000000714a00000|100%| E|CS|TAMS 0x0000000714900000, 0x0000000714900000| Complete 
| 294|0x0000000714a00000, 0x0000000714b00000, 0x0000000714b00000|100%| E|CS|TAMS 0x0000000714a00000, 0x0000000714a00000| Complete 
| 295|0x0000000714b00000, 0x0000000714c00000, 0x0000000714c00000|100%| E|CS|TAMS 0x0000000714b00000, 0x0000000714b00000| Complete 
| 296|0x0000000714c00000, 0x0000000714d00000, 0x0000000714d00000|100%| E|CS|TAMS 0x0000000714c00000, 0x0000000714c00000| Complete 
| 297|0x0000000714d00000, 0x0000000714e00000, 0x0000000714e00000|100%| E|CS|TAMS 0x0000000714d00000, 0x0000000714d00000| Complete 
| 298|0x0000000714e00000, 0x0000000714f00000, 0x0000000714f00000|100%| E|CS|TAMS 0x0000000714e00000, 0x0000000714e00000| Complete 
| 299|0x0000000714f00000, 0x0000000715000000, 0x0000000715000000|100%| E|CS|TAMS 0x0000000714f00000, 0x0000000714f00000| Complete 
| 300|0x0000000715000000, 0x0000000715100000, 0x0000000715100000|100%| E|CS|TAMS 0x0000000715000000, 0x0000000715000000| Complete 
| 301|0x0000000715100000, 0x0000000715200000, 0x0000000715200000|100%| E|CS|TAMS 0x0000000715100000, 0x0000000715100000| Complete 
| 302|0x0000000715200000, 0x0000000715300000, 0x0000000715300000|100%| E|CS|TAMS 0x0000000715200000, 0x0000000715200000| Complete 
| 303|0x0000000715300000, 0x0000000715400000, 0x0000000715400000|100%| E|CS|TAMS 0x0000000715300000, 0x0000000715300000| Complete 
| 304|0x0000000715400000, 0x0000000715500000, 0x0000000715500000|100%| E|CS|TAMS 0x0000000715400000, 0x0000000715400000| Complete 

Card table byte_map: [0x000002013e4e0000,0x000002013ecd0000] _byte_map_base: 0x000002013acce000

Marking Bits (Prev, Next): (CMBitMap*) 0x00000201263b3198, (CMBitMap*) 0x00000201263b31d0
 Prev Bits: [0x000002013f4c0000, 0x0000020143430000)
 Next Bits: [0x0000020143430000, 0x00000201473a0000)

Polling page: 0x0000020125b30000

Metaspace:

Usage:
  Non-class:     37.02 MB capacity,    36.27 MB ( 98%) used,   674.34 KB (  2%) free+waste,    85.31 KB ( <1%) overhead. 
      Class:      4.50 MB capacity,     4.13 MB ( 92%) used,   348.05 KB (  8%) free+waste,    34.63 KB ( <1%) overhead. 
       Both:     41.52 MB capacity,    40.40 MB ( 97%) used,  1022.38 KB (  2%) free+waste,   119.94 KB ( <1%) overhead. 

Virtual space:
  Non-class space:       38.00 MB reserved,      37.17 MB ( 98%) committed 
      Class space:        1.00 GB reserved,       4.63 MB ( <1%) committed 
             Both:        1.04 GB reserved,      41.79 MB (  4%) committed 

Chunk freelists:
   Non-Class:  27.00 KB
       Class:  0 bytes
        Both:  27.00 KB

MaxMetaspaceSize: 17179869184.00 GB
CompressedClassSpaceSize: 1.00 GB

CodeHeap 'non-profiled nmethods': size=120000Kb used=5085Kb max_used=6045Kb free=114914Kb
 bounds [0x0000020136490000, 0x0000020136a90000, 0x000002013d9c0000]
CodeHeap 'profiled nmethods': size=120000Kb used=16612Kb max_used=21136Kb free=103387Kb
 bounds [0x000002012ef60000, 0x0000020130430000, 0x0000020136490000]
CodeHeap 'non-nmethods': size=5760Kb used=1177Kb max_used=1256Kb free=4582Kb
 bounds [0x000002012e9c0000, 0x000002012ec30000, 0x000002012ef60000]
 total_blobs=7944 nmethods=7422 adapters=433
 compilation: enabled
              stopped_count=0, restarted_count=0
 full_count=0

Compilation events (20 events):
Event: 24.747 Thread 0x000002014a828800 9229       3       java.util.concurrent.ConcurrentLinkedQueue$Itr::hasNext (13 bytes)
Event: 24.748 Thread 0x000002014a828800 nmethod 9229 0x000002012efc0a10 code [0x000002012efc0bc0, 0x000002012efc0d18]
Event: 24.842 Thread 0x000002014a828800 9230       1       org.apache.maven.plugin.surefire.booterclient.ForkStarter::access$700 (5 bytes)
Event: 24.842 Thread 0x000002014a828800 nmethod 9230 0x00000201364e0a10 code [0x00000201364e0bc0, 0x00000201364e0c58]
Event: 25.049 Thread 0x000002014a828800 9231       1       org.apache.maven.plugin.surefire.booterclient.ForkStarter::access$800 (5 bytes)
Event: 25.049 Thread 0x000002014a828800 nmethod 9231 0x00000201364e0710 code [0x00000201364e08c0, 0x00000201364e0958]
Event: 25.106 Thread 0x000002014a828800 9232       3       sun.nio.cs.SingleByte$Decoder::decodeLoop (28 bytes)
Event: 25.107 Thread 0x000002014a828800 nmethod 9232 0x000002012efceb90 code [0x000002012efced80, 0x000002012efcf178]
Event: 26.746 Thread 0x000002014a828800 9233       3       java.util.concurrent.ScheduledThreadPoolExecutor$ScheduledFutureTask::getDelay (16 bytes)
Event: 26.747 Thread 0x000002014a828800 nmethod 9233 0x000002012efc2790 code [0x000002012efc2960, 0x000002012efc2ae8]
Event: 26.817 Thread 0x000002014a825000 9234 %     4       sun.nio.cs.SingleByte$Decoder::decodeArrayLoop @ 88 (154 bytes)
Event: 26.818 Thread 0x000002014a828800 9235       1       sun.util.calendar.CalendarDate::getYear (5 bytes)
Event: 26.819 Thread 0x000002014a828800 nmethod 9235 0x00000201364e0410 code [0x00000201364e05c0, 0x00000201364e0678]
Event: 26.819 Thread 0x000002014a828800 9236  s    3       java.lang.StringBuffer::append (13 bytes)
Event: 26.819 Thread 0x000002014a828800 nmethod 9236 0x000002012efd4610 code [0x000002012efd47e0, 0x000002012efd4ae8]
Event: 26.819 Thread 0x000002014a828800 9237       3       java.lang.AbstractStringBuilder::append (55 bytes)
Event: 26.819 Thread 0x000002014a828800 nmethod 9237 0x000002012efd8a10 code [0x000002012efd8c00, 0x000002012efd8f38]
Event: 26.819 Thread 0x000002014a828800 9238       3       java.io.OutputStreamWriter::write (11 bytes)
Event: 26.819 Thread 0x000002014a828800 nmethod 9238 0x000002012efc6790 code [0x000002012efc6940, 0x000002012efc6a88]
Event: 26.835 Thread 0x000002014a828800 9239       1       java.util.Calendar::getFirstDayOfWeek (5 bytes)

GC Heap History (16 events):
Event: 0.741 GC heap before
{Heap before GC invocations=0 (full 0):
 garbage-first heap   total 260096K, used 23552K [0x0000000702400000, 0x0000000800000000)
  region size 1024K, 24 young (24576K), 0 survivors (0K)
 Metaspace       used 12539K, capacity 12793K, committed 12928K, reserved 1060864K
  class space    used 1265K, capacity 1348K, committed 1408K, reserved 1048576K
}
Event: 0.745 GC heap after
{Heap after GC invocations=1 (full 0):
 garbage-first heap   total 260096K, used 3507K [0x0000000702400000, 0x0000000800000000)
  region size 1024K, 3 young (3072K), 3 survivors (3072K)
 Metaspace       used 12539K, capacity 12793K, committed 12928K, reserved 1060864K
  class space    used 1265K, capacity 1348K, committed 1408K, reserved 1048576K
}
Event: 2.257 GC heap before
{Heap before GC invocations=1 (full 0):
 garbage-first heap   total 260096K, used 91571K [0x0000000702400000, 0x0000000800000000)
  region size 1024K, 90 young (92160K), 3 survivors (3072K)
 Metaspace       used 20631K, capacity 21006K, committed 21248K, reserved 1069056K
  class space    used 2184K, capacity 2280K, committed 2304K, reserved 1048576K
}
Event: 2.285 GC heap after
{Heap after GC invocations=2 (full 0):
 garbage-first heap   total 260096K, used 12511K [0x0000000702400000, 0x0000000800000000)
  region size 1024K, 12 young (12288K), 12 survivors (12288K)
 Metaspace       used 20631K, capacity 21006K, committed 21248K, reserved 1069056K
  class space    used 2184K, capacity 2280K, committed 2304K, reserved 1048576K
}
Event: 3.934 GC heap before
{Heap before GC invocations=3 (full 0):
 garbage-first heap   total 260096K, used 101599K [0x0000000702400000, 0x0000000800000000)
  region size 1024K, 99 young (101376K), 12 survivors (12288K)
 Metaspace       used 22009K, capacity 22487K, committed 22656K, reserved 1069056K
  class space    used 2279K, capacity 2430K, committed 2432K, reserved 1048576K
}
Event: 3.950 GC heap after
{Heap after GC invocations=4 (full 0):
 garbage-first heap   total 260096K, used 16976K [0x0000000702400000, 0x0000000800000000)
  region size 1024K, 5 young (5120K), 5 survivors (5120K)
 Metaspace       used 22009K, capacity 22487K, committed 22656K, reserved 1069056K
  class space    used 2279K, capacity 2430K, committed 2432K, reserved 1048576K
}
Event: 5.294 GC heap before
{Heap before GC invocations=4 (full 0):
 garbage-first heap   total 260096K, used 124496K [0x0000000702400000, 0x0000000800000000)
  region size 1024K, 108 young (110592K), 5 survivors (5120K)
 Metaspace       used 31082K, capacity 31777K, committed 32000K, reserved 1077248K
  class space    used 3304K, capacity 3536K, committed 3584K, reserved 1048576K
}
Event: 5.304 GC heap after
{Heap after GC invocations=5 (full 0):
 garbage-first heap   total 260096K, used 28114K [0x0000000702400000, 0x0000000800000000)
  region size 1024K, 14 young (14336K), 14 survivors (14336K)
 Metaspace       used 31082K, capacity 31777K, committed 32000K, reserved 1077248K
  class space    used 3304K, capacity 3536K, committed 3584K, reserved 1048576K
}
Event: 6.815 GC heap before
{Heap before GC invocations=5 (full 0):
 garbage-first heap   total 260096K, used 161234K [0x0000000702400000, 0x0000000800000000)
  region size 1024K, 144 young (147456K), 14 survivors (14336K)
 Metaspace       used 34185K, capacity 34985K, committed 35200K, reserved 1081344K
  class space    used 3581K, capacity 3851K, committed 3968K, reserved 1048576K
}
Event: 6.833 GC heap after
{Heap after GC invocations=6 (full 0):
 garbage-first heap   total 260096K, used 43679K [0x0000000702400000, 0x0000000800000000)
  region size 1024K, 15 young (15360K), 15 survivors (15360K)
 Metaspace       used 34185K, capacity 34985K, committed 35200K, reserved 1081344K
  class space    used 3581K, capacity 3851K, committed 3968K, reserved 1048576K
}
Event: 7.169 GC heap before
{Heap before GC invocations=6 (full 0):
 garbage-first heap   total 260096K, used 77471K [0x0000000702400000, 0x0000000800000000)
  region size 1024K, 50 young (51200K), 15 survivors (15360K)
 Metaspace       used 34610K, capacity 35471K, committed 35628K, reserved 1081344K
  class space    used 3628K, capacity 3901K, committed 3968K, reserved 1048576K
}
Event: 7.191 GC heap after
{Heap after GC invocations=7 (full 0):
 garbage-first heap   total 312320K, used 45290K [0x0000000702400000, 0x0000000800000000)
  region size 1024K, 3 young (3072K), 3 survivors (3072K)
 Metaspace       used 34610K, capacity 35471K, committed 35628K, reserved 1081344K
  class space    used 3628K, capacity 3901K, committed 3968K, reserved 1048576K
}
Event: 9.187 GC heap before
{Heap before GC invocations=8 (full 0):
 garbage-first heap   total 312320K, used 224490K [0x0000000702400000, 0x0000000800000000)
  region size 1024K, 178 young (182272K), 3 survivors (3072K)
 Metaspace       used 37216K, capacity 38206K, committed 38444K, reserved 1083392K
  class space    used 3838K, capacity 4160K, committed 4224K, reserved 1048576K
}
Event: 9.194 GC heap after
{Heap after GC invocations=9 (full 0):
 garbage-first heap   total 312320K, used 47687K [0x0000000702400000, 0x0000000800000000)
  region size 1024K, 5 young (5120K), 5 survivors (5120K)
 Metaspace       used 37216K, capacity 38206K, committed 38444K, reserved 1083392K
  class space    used 3838K, capacity 4160K, committed 4224K, reserved 1048576K
}
Event: 10.401 GC heap before
{Heap before GC invocations=9 (full 0):
 garbage-first heap   total 312320K, used 230983K [0x0000000702400000, 0x0000000800000000)
  region size 1024K, 183 young (187392K), 5 survivors (5120K)
 Metaspace       used 38076K, capacity 39113K, committed 39340K, reserved 1085440K
  class space    used 3929K, capacity 4268K, committed 4352K, reserved 1048576K
}
Event: 10.414 GC heap after
{Heap after GC invocations=10 (full 0):
 garbage-first heap   total 312320K, used 73951K [0x0000000702400000, 0x0000000800000000)
  region size 1024K, 23 young (23552K), 23 survivors (23552K)
 Metaspace       used 38076K, capacity 39113K, committed 39340K, reserved 1085440K
  class space    used 3929K, capacity 4268K, committed 4352K, reserved 1048576K
}

Deoptimization events (20 events):
Event: 12.271 Thread 0x000002012634c800 DEOPT PACKING pc=0x00000201369ef2f4 sp=0x000000106f9fd830
Event: 12.271 Thread 0x000002012634c800 DEOPT UNPACKING pc=0x000002012e9e772f sp=0x000000106f9fd748 mode 2
Event: 12.271 Thread 0x000002012634c800 Uncommon trap: trap_request=0xffffffde fr.pc=0x00000201369ef2f4 relative=0x0000000000000814
Event: 12.271 Thread 0x000002012634c800 Uncommon trap: reason=class_check action=maybe_recompile pc=0x00000201369ef2f4 method=java.util.Collections$UnmodifiableMap$UnmodifiableEntrySet$UnmodifiableEntry.<init>(Ljava/util/Map$Entry;)V @ 9 c2
Event: 12.271 Thread 0x000002012634c800 DEOPT PACKING pc=0x00000201369ef2f4 sp=0x000000106f9fd830
Event: 12.271 Thread 0x000002012634c800 DEOPT UNPACKING pc=0x000002012e9e772f sp=0x000000106f9fd748 mode 2
Event: 12.271 Thread 0x000002012634c800 Uncommon trap: trap_request=0xffffffde fr.pc=0x00000201369ef2f4 relative=0x0000000000000814
Event: 12.271 Thread 0x000002012634c800 Uncommon trap: reason=class_check action=maybe_recompile pc=0x00000201369ef2f4 method=java.util.Collections$UnmodifiableMap$UnmodifiableEntrySet$UnmodifiableEntry.<init>(Ljava/util/Map$Entry;)V @ 9 c2
Event: 12.271 Thread 0x000002012634c800 DEOPT PACKING pc=0x00000201369ef2f4 sp=0x000000106f9fd830
Event: 12.271 Thread 0x000002012634c800 DEOPT UNPACKING pc=0x000002012e9e772f sp=0x000000106f9fd748 mode 2
Event: 12.271 Thread 0x000002012634c800 Uncommon trap: trap_request=0xffffffde fr.pc=0x00000201369ef2f4 relative=0x0000000000000814
Event: 12.271 Thread 0x000002012634c800 Uncommon trap: reason=class_check action=maybe_recompile pc=0x00000201369ef2f4 method=java.util.Collections$UnmodifiableMap$UnmodifiableEntrySet$UnmodifiableEntry.<init>(Ljava/util/Map$Entry;)V @ 9 c2
Event: 12.271 Thread 0x000002012634c800 DEOPT PACKING pc=0x00000201369ef2f4 sp=0x000000106f9fd830
Event: 12.271 Thread 0x000002012634c800 DEOPT UNPACKING pc=0x000002012e9e772f sp=0x000000106f9fd748 mode 2
Event: 13.136 Thread 0x000002014cb76000 DEOPT PACKING pc=0x000002012f4f07cd sp=0x0000001071dff050
Event: 13.136 Thread 0x000002014cb76000 DEOPT UNPACKING pc=0x000002012e9e754e sp=0x0000001071dfe560 mode 0
Event: 14.479 Thread 0x000002014cb76000 Uncommon trap: trap_request=0xffffff4d fr.pc=0x00000201364ca6dc relative=0x0000000000001a7c
Event: 14.479 Thread 0x000002014cb76000 Uncommon trap: reason=unstable_if action=reinterpret pc=0x00000201364ca6dc method=java.io.BufferedReader.readLine(Z)Ljava/lang/String; @ 192 c2
Event: 14.479 Thread 0x000002014cb76000 DEOPT PACKING pc=0x00000201364ca6dc sp=0x0000001071dff210
Event: 14.479 Thread 0x000002014cb76000 DEOPT UNPACKING pc=0x000002012e9e772f sp=0x0000001071dff1e8 mode 2

Classes redefined (0 events):
No events

Internal exceptions (20 events):
Event: 10.919 Thread 0x000002012634c800 Exception <a 'sun/nio/fs/WindowsException'{0x0000000711b219e0}> (0x0000000711b219e0) thrown at [./src/hotspot/share/prims/jni.cpp, line 615]
Event: 10.919 Thread 0x000002012634c800 Exception <a 'sun/nio/fs/WindowsException'{0x0000000711b234c8}> (0x0000000711b234c8) thrown at [./src/hotspot/share/prims/jni.cpp, line 615]
Event: 10.919 Thread 0x000002012634c800 Exception <a 'sun/nio/fs/WindowsException'{0x0000000711b238e8}> (0x0000000711b238e8) thrown at [./src/hotspot/share/prims/jni.cpp, line 615]
Event: 10.958 Thread 0x000002012634c800 Exception <a 'sun/nio/fs/WindowsException'{0x00000007117e1d00}> (0x00000007117e1d00) thrown at [./src/hotspot/share/prims/jni.cpp, line 615]
Event: 10.960 Thread 0x000002012634c800 Exception <a 'sun/nio/fs/WindowsException'{0x00000007117e23c0}> (0x00000007117e23c0) thrown at [./src/hotspot/share/prims/jni.cpp, line 615]
Event: 10.960 Thread 0x000002012634c800 Exception <a 'sun/nio/fs/WindowsException'{0x00000007117e2c58}> (0x00000007117e2c58) thrown at [./src/hotspot/share/prims/jni.cpp, line 615]
Event: 11.020 Thread 0x000002012634c800 Exception <a 'sun/nio/fs/WindowsException'{0x000000071159e2b0}> (0x000000071159e2b0) thrown at [./src/hotspot/share/prims/jni.cpp, line 615]
Event: 11.021 Thread 0x000002012634c800 Exception <a 'sun/nio/fs/WindowsException'{0x000000071159e970}> (0x000000071159e970) thrown at [./src/hotspot/share/prims/jni.cpp, line 615]
Event: 11.021 Thread 0x000002012634c800 Exception <a 'sun/nio/fs/WindowsException'{0x000000071159f208}> (0x000000071159f208) thrown at [./src/hotspot/share/prims/jni.cpp, line 615]
Event: 11.191 Thread 0x000002012634c800 Exception <a 'sun/nio/fs/WindowsException'{0x0000000710ae2b28}> (0x0000000710ae2b28) thrown at [./src/hotspot/share/prims/jni.cpp, line 615]
Event: 11.191 Thread 0x000002012634c800 Exception <a 'sun/nio/fs/WindowsException'{0x0000000710ae31f8}> (0x0000000710ae31f8) thrown at [./src/hotspot/share/prims/jni.cpp, line 615]
Event: 11.191 Thread 0x000002012634c800 Exception <a 'sun/nio/fs/WindowsException'{0x0000000710ae3ae8}> (0x0000000710ae3ae8) thrown at [./src/hotspot/share/prims/jni.cpp, line 615]
Event: 11.459 Thread 0x000002012634c800 Exception <a 'java/lang/NoSuchMethodError'{0x000000070f931908}: 'java.lang.String org.apache.maven.execution.MavenExecutionRequest.getFailureBehavior()'> (0x000000070f931908) thrown at [./src/hotspot/share/interpreter/linkResolver.cpp, line 868]
Event: 11.463 Thread 0x000002014f3f3000 Exception <a 'java/lang/NoSuchMethodError'{0x000000070fb49948}: 'java.lang.Object java.lang.invoke.DirectMethodHandle$Holder.invokeStaticInit(java.lang.Object, java.lang.Object, long, java.lang.Object)'> (0x000000070fb49948) thrown at [./src/hotspot/share/interpreter/linkResolver.cpp, line 773]
Event: 11.465 Thread 0x000002014f3f3000 Exception <a 'java/lang/NoSuchMethodError'{0x000000070fb55a68}: 'java.lang.Object java.lang.invoke.Invokers$Holder.linkToTargetMethod(java.lang.Object, long, java.lang.Object)'> (0x000000070fb55a68) thrown at [./src/hotspot/share/interpreter/linkResolver.cpp, line 773]
Event: 11.793 Thread 0x000002012634c800 Exception <a 'java/lang/NoSuchMethodError'{0x000000070f850bb0}: 'java.lang.Object java.lang.invoke.DirectMethodHandle$Holder.invokeStaticInit(java.lang.Object, java.lang.Object, int, int, int, int)'> (0x000000070f850bb0) thrown at [./src/hotspot/share/interpreter/linkResolver.cpp, line 773]
Event: 12.282 Thread 0x000002012634c800 Exception <a 'java/lang/NoSuchMethodError'{0x000000070da7af48}: 'void java.lang.invoke.DirectMethodHandle$Holder.invokeStatic(java.lang.Object, long)'> (0x000000070da7af48) thrown at [./src/hotspot/share/interpreter/linkResolver.cpp, line 773]
Event: 12.283 Thread 0x000002012634c800 Exception <a 'java/lang/NoSuchMethodError'{0x000000070da80160}: 'java.lang.Object java.lang.invoke.DirectMethodHandle$Holder.invokeStatic(java.lang.Object, long)'> (0x000000070da80160) thrown at [./src/hotspot/share/interpreter/linkResolver.cpp, line 773]
Event: 12.284 Thread 0x000002012634c800 Exception <a 'java/lang/NoSuchMethodError'{0x000000070d903388}: 'java.lang.Object java.lang.invoke.DirectMethodHandle$Holder.invokeSpecial(java.lang.Object, java.lang.Object, long)'> (0x000000070d903388) thrown at [./src/hotspot/share/interpreter/linkResolver.cpp, line 773]
Event: 12.284 Thread 0x000002012634c800 Exception <a 'java/lang/NoSuchMethodError'{0x000000070d9060f0}: 'java.lang.Object java.lang.invoke.Invokers$Holder.linkToTargetMethod(long, java.lang.Object)'> (0x000000070d9060f0) thrown at [./src/hotspot/share/interpreter/linkResolver.cpp, line 773]

Events (20 events):
Event: 15.382 Thread 0x000002014a82c800 flushing nmethod 0x000002013030cd10
Event: 15.383 Thread 0x000002014a82c800 flushing nmethod 0x000002013030e110
Event: 15.383 Thread 0x000002014a82c800 flushing nmethod 0x0000020130310e90
Event: 15.383 Thread 0x000002014a82c800 flushing nmethod 0x0000020130314210
Event: 15.383 Thread 0x000002014a82c800 flushing nmethod 0x0000020130314790
Event: 15.383 Thread 0x000002014a82c800 flushing nmethod 0x000002013031b210
Event: 15.383 Thread 0x000002014a82c800 flushing nmethod 0x0000020130326710
Event: 15.383 Thread 0x000002014a82c800 flushing nmethod 0x0000020130327290
Event: 15.383 Thread 0x000002014a82c800 flushing nmethod 0x0000020130363f90
Event: 15.383 Thread 0x000002014a82c800 flushing nmethod 0x0000020130376f90
Event: 15.383 Thread 0x000002014a82c800 flushing nmethod 0x0000020130377490
Event: 15.383 Thread 0x000002014a82c800 flushing nmethod 0x000002013037b510
Event: 15.383 Thread 0x000002014a82c800 flushing nmethod 0x0000020130381210
Event: 15.383 Thread 0x000002014a82c800 flushing nmethod 0x0000020130381810
Event: 26.817 Executing VM operation: RevokeBias
Event: 26.817 Executing VM operation: RevokeBias done
Event: 26.819 loading class java/lang/Throwable$WrappedPrintWriter
Event: 26.819 loading class java/lang/Throwable$PrintStreamOrWriter
Event: 26.819 loading class java/lang/Throwable$PrintStreamOrWriter done
Event: 26.819 loading class java/lang/Throwable$WrappedPrintWriter done


Dynamic libraries:
0x00007ff73d640000 - 0x00007ff73d64d000 	C:\Java\jdk11.0.8_10\bin\java.exe
0x00007fff318b0000 - 0x00007fff31aa6000 	C:\WINDOWS\SYSTEM32\ntdll.dll
0x00007fff31230000 - 0x00007fff312ed000 	C:\WINDOWS\System32\KERNEL32.DLL
0x00007fff2f2e0000 - 0x00007fff2f5a9000 	C:\WINDOWS\System32\KERNELBASE.dll
0x00007fff2f5b0000 - 0x00007fff2f6b0000 	C:\WINDOWS\System32\ucrtbase.dll
0x00007fff05bc0000 - 0x00007fff05bd7000 	C:\Java\jdk11.0.8_10\bin\jli.dll
0x00007fff14b40000 - 0x00007fff14b55000 	C:\Java\jdk11.0.8_10\bin\VCRUNTIME140.dll
0x00007fff2f9e0000 - 0x00007fff2fb80000 	C:\WINDOWS\System32\USER32.dll
0x00007fff2f6b0000 - 0x00007fff2f6d2000 	C:\WINDOWS\System32\win32u.dll
0x00007fff19b90000 - 0x00007fff19e2b000 	C:\WINDOWS\WinSxS\amd64_microsoft.windows.common-controls_6595b64144ccf1df_6.0.19041.488_none_ca04af081b815d21\COMCTL32.dll
0x00007fff30ad0000 - 0x00007fff30afa000 	C:\WINDOWS\System32\GDI32.dll
0x00007fff30300000 - 0x00007fff3039e000 	C:\WINDOWS\System32\msvcrt.dll
0x00007fff2f1d0000 - 0x00007fff2f2d9000 	C:\WINDOWS\System32\gdi32full.dll
0x00007fff2f0d0000 - 0x00007fff2f16d000 	C:\WINDOWS\System32\msvcp_win.dll
0x00007fff302d0000 - 0x00007fff30300000 	C:\WINDOWS\System32\IMM32.DLL
0x00007ffee5c90000 - 0x00007ffee5d2b000 	C:\Java\jdk11.0.8_10\bin\msvcp140.dll
0x00007ffeb4bb0000 - 0x00007ffeb566d000 	C:\Java\jdk11.0.8_10\bin\server\jvm.dll
0x00007fff317c0000 - 0x00007fff3186c000 	C:\WINDOWS\System32\ADVAPI32.dll
0x00007fff309c0000 - 0x00007fff30a5c000 	C:\WINDOWS\System32\sechost.dll
0x00007fff30fc0000 - 0x00007fff310eb000 	C:\WINDOWS\System32\RPCRT4.dll
0x00007fff304c0000 - 0x00007fff304c8000 	C:\WINDOWS\System32\PSAPI.DLL
0x00007fff1a050000 - 0x00007fff1a077000 	C:\WINDOWS\SYSTEM32\WINMM.dll
0x00007fff17b00000 - 0x00007fff17b09000 	C:\WINDOWS\SYSTEM32\WSOCK32.dll
0x00007fff24c10000 - 0x00007fff24c1a000 	C:\WINDOWS\SYSTEM32\VERSION.dll
0x00007fff30a60000 - 0x00007fff30acb000 	C:\WINDOWS\System32\WS2_32.dll
0x00007fff2d870000 - 0x00007fff2d882000 	C:\WINDOWS\SYSTEM32\kernel.appcore.dll
0x00007fff25dc0000 - 0x00007fff25dd0000 	C:\Java\jdk11.0.8_10\bin\verify.dll
0x00007fff2a510000 - 0x00007fff2a6f4000 	C:\WINDOWS\SYSTEM32\DBGHELP.DLL
0x00007fff175c0000 - 0x00007fff175ec000 	C:\WINDOWS\SYSTEM32\dbgcore.DLL
0x00007fff2f890000 - 0x00007fff2f910000 	C:\WINDOWS\System32\bcryptPrimitives.dll
0x00007ffeff460000 - 0x00007ffeff488000 	C:\Java\jdk11.0.8_10\bin\java.dll
0x00007fff192c0000 - 0x00007fff192ca000 	C:\Java\jdk11.0.8_10\bin\jimage.dll
0x00007fff04870000 - 0x00007fff04887000 	C:\Java\jdk11.0.8_10\bin\zip.dll
0x00007fff2fb80000 - 0x00007fff302c2000 	C:\WINDOWS\System32\SHELL32.dll
0x00007fff29ca0000 - 0x00007fff2a435000 	C:\WINDOWS\SYSTEM32\windows.storage.dll
0x00007fff30550000 - 0x00007fff308a6000 	C:\WINDOWS\System32\combase.dll
0x00007fff2ea60000 - 0x00007fff2ea8c000 	C:\WINDOWS\SYSTEM32\Wldp.dll
0x00007fff303a0000 - 0x00007fff3044e000 	C:\WINDOWS\System32\SHCORE.dll
0x00007fff30450000 - 0x00007fff304a5000 	C:\WINDOWS\System32\shlwapi.dll
0x00007fff2ef20000 - 0x00007fff2ef46000 	C:\WINDOWS\SYSTEM32\profapi.dll
0x00007ffefc050000 - 0x00007ffefc069000 	C:\Java\jdk11.0.8_10\bin\net.dll
0x00007fff23a30000 - 0x00007fff23b30000 	C:\WINDOWS\SYSTEM32\WINHTTP.dll
0x00007fff2e7e0000 - 0x00007fff2e84a000 	C:\WINDOWS\system32\mswsock.dll
0x00007ffefc000000 - 0x00007ffefc012000 	C:\Java\jdk11.0.8_10\bin\nio.dll
0x00007fff25860000 - 0x00007fff2586a000 	C:\Program Files\apache-maven-3.6.0\lib\jansi-native\windows64\jansi.dll
0x00007fff2e9b0000 - 0x00007fff2e9c8000 	C:\WINDOWS\SYSTEM32\CRYPTSP.dll
0x00007fff2e0d0000 - 0x00007fff2e104000 	C:\WINDOWS\system32\rsaenh.dll
0x00007fff2f0a0000 - 0x00007fff2f0c7000 	C:\WINDOWS\System32\bcrypt.dll
0x00007fff2eee0000 - 0x00007fff2ef0e000 	C:\WINDOWS\SYSTEM32\USERENV.dll
0x00007fff2e9d0000 - 0x00007fff2e9dc000 	C:\WINDOWS\SYSTEM32\CRYPTBASE.dll
0x00007fff2e480000 - 0x00007fff2e4bb000 	C:\WINDOWS\SYSTEM32\IPHLPAPI.DLL
0x00007fff31220000 - 0x00007fff31228000 	C:\WINDOWS\System32\NSI.dll
0x00007fff24480000 - 0x00007fff24497000 	C:\WINDOWS\SYSTEM32\dhcpcsvc6.DLL
0x00007fff23650000 - 0x00007fff2366d000 	C:\WINDOWS\SYSTEM32\dhcpcsvc.DLL
0x00007fff2e4d0000 - 0x00007fff2e59b000 	C:\WINDOWS\SYSTEM32\DNSAPI.dll

dbghelp: loaded successfully - version: 4.0.5 - missing functions: none
symbol engine: initialized successfully - sym options: 0x614 - pdb path: .;C:\Java\jdk11.0.8_10\bin;C:\WINDOWS\SYSTEM32;C:\WINDOWS\WinSxS\amd64_microsoft.windows.common-controls_6595b64144ccf1df_6.0.19041.488_none_ca04af081b815d21;C:\Java\jdk11.0.8_10\bin\server;C:\Program Files\apache-maven-3.6.0\lib\jansi-native\windows64

VM Arguments:
jvm_args: -Dclassworlds.conf=C:\Program Files\apache-maven-3.6.0\bin\..\bin\m2.conf -Dmaven.home=C:\Program Files\apache-maven-3.6.0\bin\.. -Dlibrary.jansi.path=C:\Program Files\apache-maven-3.6.0\bin\..\lib\jansi-native -Dmaven.multiModuleProjectDirectory=C:\Users\robin\projects\clubhouse\clubhouse 
java_command: org.codehaus.plexus.classworlds.launcher.Launcher clean install
java_class_path (initial): C:\Program Files\apache-maven-3.6.0\bin\..\boot\plexus-classworlds-2.5.2.jar
Launcher Type: SUN_STANDARD

[Global flags]
     intx CICompilerCount                          = 4                                         {product} {ergonomic}
     uint ConcGCThreads                            = 2                                         {product} {ergonomic}
     uint G1ConcRefinementThreads                  = 8                                         {product} {ergonomic}
   size_t G1HeapRegionSize                         = 1048576                                   {product} {ergonomic}
    uintx GCDrainStackTargetSize                   = 64                                        {product} {ergonomic}
   size_t InitialHeapSize                          = 266338304                                 {product} {ergonomic}
   size_t MarkStackSize                            = 4194304                                   {product} {ergonomic}
   size_t MaxHeapSize                              = 4257218560                                {product} {ergonomic}
   size_t MaxNewSize                               = 2554331136                                {product} {ergonomic}
   size_t MinHeapDeltaBytes                        = 1048576                                   {product} {ergonomic}
    uintx NonNMethodCodeHeapSize                   = 5836300                                {pd product} {ergonomic}
    uintx NonProfiledCodeHeapSize                  = 122910970                              {pd product} {ergonomic}
    uintx ProfiledCodeHeapSize                     = 122910970                              {pd product} {ergonomic}
    uintx ReservedCodeCacheSize                    = 251658240                              {pd product} {ergonomic}
     bool SegmentedCodeCache                       = true                                      {product} {ergonomic}
     bool UseCompressedClassPointers               = true                                 {lp64_product} {ergonomic}
     bool UseCompressedOops                        = true                                 {lp64_product} {ergonomic}
     bool UseG1GC                                  = true                                      {product} {ergonomic}
     bool UseLargePagesIndividualAllocation        = false                                  {pd product} {ergonomic}

Logging:
Log output configuration:
 #0: stdout all=warning uptime,level,tags
 #1: stderr all=off uptime,level,tags

Environment Variables:
JAVA_HOME=C:\Java\jdk11.0.8_10
PATH=C:\Python39\Scripts\;C:\Python39\;C:\Python38\Scripts\;C:\Python38\;C:\Program Files (x86)\Razer Chroma SDK\bin;C:\Program Files\Razer Chroma SDK\bin;C:\Java\jdk11.0.8_10\bin;C:\Program Files (x86)\Razer\ChromaBroadcast\bin;C:\Program Files\Razer\ChromaBroadcast\bin;C:\RailsInstaller\Ruby2.3.3\bin;C:\Program Files\ImageMagick-7.0.7-Q16;C:\Program Files\Microsoft MPI\Bin\;C:\Windows\system32;C:\Windows;C:\Windows\System32\Wbem;C:\Windows\System32\WindowsPowerShell\v1.0\;C:\Program Files (x86)\NVIDIA Corporation\PhysX\Common;C:\WINDOWS\system32;C:\WINDOWS;C:\WINDOWS\System32\Wbem;C:\WINDOWS\System32\WindowsPowerShell\v1.0\;C:\WINDOWS\System32\OpenSSH\;C:\ProgramData\chocolatey\bin;C:\Program Files\Microsoft VS Code\bin;C:\Program Files\NVIDIA Corporation\NVIDIA NvDLISR;C:\Users\robin\AppData\Roaming\nvm;C:\Program Files\Microsoft SQL Server\Client SDK\ODBC\130\Tools\Binn\;C:\Program Files (x86)\Microsoft SQL Server\140\Tools\Binn\;C:\Program Files\Microsoft SQL Server\140\Tools\Binn\;C:\Program Files\Microsoft SQL Server\140\DTS\Binn\;C:\Program Files (x86)\Microsoft SQL Server\Client SDK\ODBC\130\Tools\Binn\;C:\Program Files (x86)\Microsoft SQL Server\140\DTS\Binn\;C:\Program Files (x86)\Microsoft SQL Server\140\Tools\Binn\ManagementStudio\;C:\RailsInstaller\DevKit;C:\Program Files\Microsoft\Web Platform Installer\;C:\Program Files\apache-maven-3.6.0\bin;C:\Python37;C:\Python37\Scripts;C:\Octave\Octave-4.2.1\bin;C:\ProgramData\chocolatey\lib\Elixir/bin;C:\Java\jdk-14.0.1\bin;C:\Program Files\MySQL\MySQL Server 8.0\bin;C:\Program Files (x86)\Yarn\bin\;C:\Program Files (x86)\Intel\Intel(R) Management Engine Components\DAL;C:\Program Files\Intel\Intel(R) Management Engine Components\DAL;C:\WINDOWS\system32;C:\WINDOWS;C:\WINDOWS\System32\Wbem;C:\WINDOWS\System32\WindowsPowerShell\v1.0\;C:\WINDOWS\System32\OpenSSH\;C:\WINDOWS\system32\config\systemprofile\AppData\Local\Microsoft\WindowsApps;C:\Program Files\Git\cmd;C:\Program Files\nodejs\;C:\Python37\Scripts\;C:\Python
USERNAME=robin
OS=Windows_NT
PROCESSOR_IDENTIFIER=Intel64 Family 6 Model 158 Stepping 9, GenuineIntel



---------------  S Y S T E M  ---------------

OS: Windows 10 , 64 bit Build 19041 (10.0.19041.662)
OS uptime: 0 days 3:20 hours
HyperV virtualization detected

CPU:total 8 (initial active 8) (4 cores per cpu, 2 threads per core) family 6 model 158 stepping 9, cmov, cx8, fxsr, mmx, sse, sse2, sse3, ssse3, sse4.1, sse4.2, popcnt, avx, avx2, aes, clmul, erms, 3dnowpref, lzcnt, ht, tsc, tscinvbit, bmi1, bmi2, adx, fma

Memory: 4k page, system-wide physical 16235M (4905M free)
TotalPageFile size 17259M (AvailPageFile size 9M)
current process WorkingSet (physical memory assigned to process): 402M, peak: 466M
current process commit charge ("private bytes"): 494M, peak: 551M

vm_info: OpenJDK 64-Bit Server VM (11.0.8+10-LTS) for windows-amd64 JRE (11.0.8+10-LTS), built on Jul 13 2020 00:42:50 by "Administrator" with MS VC++ 15.9 (VS2017)

END.
