#
# There is insufficient memory for the Java Runtime Environment to continue.
# Native memory allocation (malloc) failed to allocate 1892336 bytes for Chunk::new
# Possible reasons:
#   The system is out of physical RAM or swap space
#   The process is running with CompressedOops enabled, and the Java Heap may be blocking the growth of the native heap
# Possible solutions:
#   Reduce memory load on the system
#   Increase physical memory or swap space
#   Check if swap backing store is full
#   Decrease Java heap size (-Xmx/-Xms)
#   Decrease number of Java threads
#   Decrease Java thread stack sizes (-Xss)
#   Set larger code cache with -XX:ReservedCodeCacheSize=
#   JVM is running with Zero Based Compressed Oops mode in which the Java heap is
#     placed in the first 32GB address space. The Java Heap base address is the
#     maximum limit for the native heap growth. Please use -XX:HeapBaseMinAddress
#     to set the Java Heap base and to place the Java Heap above 32GB virtual address.
# This output file may be truncated or incomplete.
#
#  Out of Memory Error (./src/hotspot/share/memory/arena.cpp:197), pid=14188, tid=20968
#
# JRE version: OpenJDK Runtime Environment Corretto-11.0.8.10.1 (11.0.8+10) (build 11.0.8+10-LTS)
# Java VM: OpenJDK 64-Bit Server VM Corretto-11.0.8.10.1 (11.0.8+10-LTS, mixed mode, tiered, compressed oops, g1 gc, windows-amd64)
# No core dump will be written. Minidumps are not enabled by default on client versions of Windows
#

---------------  S U M M A R Y ------------

Command Line: -agentlib:jdwp=transport=dt_socket,address=127.0.0.1:53552,suspend=y,server=n -javaagent:C:\Users\robin\AppData\Local\JetBrains\IdeaIC2020.3\captureAgent\debugger-agent.jar -Dfile.encoding=UTF-8 nu.borjessons.clubhouse.impl.ClubhouseApplication

Host: Intel(R) Core(TM) i7-7700HQ CPU @ 2.80GHz, 8 cores, 15G,  Windows 10 , 64 bit Build 19041 (10.0.19041.928)
Time: Wed Apr 28 22:49:37 2021 Västeuropa, sommartid elapsed time: 8 seconds (0d 0h 0m 8s)

---------------  T H R E A D  ---------------

Current thread (0x0000013b2296f800):  JavaThread "C2 CompilerThread1" daemon [_thread_in_native, id=20968, stack(0x00000030fd600000,0x00000030fd700000)]


Current CompileTask:
C2:   8780 5050   !   4       java.lang.reflect.Executable::declaredAnnotations (85 bytes)

Stack: [0x00000030fd600000,0x00000030fd700000]
Native frames: (J=compiled Java code, j=interpreted, Vv=VM code, C=native code)
V  [jvm.dll+0x5dfc8a]
V  [jvm.dll+0x7179be]
V  [jvm.dll+0x71908f]
V  [jvm.dll+0x719753]
V  [jvm.dll+0x240e48]
V  [jvm.dll+0xb96ac]
V  [jvm.dll+0xb9dac]
V  [jvm.dll+0x346387]
V  [jvm.dll+0x314173]
V  [jvm.dll+0x3134ba]
V  [jvm.dll+0x1fa925]
V  [jvm.dll+0x1f9adf]
V  [jvm.dll+0x17e4ec]
V  [jvm.dll+0x208f27]
V  [jvm.dll+0x20710b]
V  [jvm.dll+0x6dc729]
V  [jvm.dll+0x6d57d4]
V  [jvm.dll+0x5debc6]
C  [ucrtbase.dll+0x21bb2]
C  [KERNEL32.DLL+0x17034]
C  [ntdll.dll+0x52651]


---------------  P R O C E S S  ---------------

Threads class SMR info:
_java_thread_list=0x0000013b2e4c28b0, length=22, elements={
0x0000013b7e2ec000, 0x0000013b21ed4800, 0x0000013b21ed6000, 0x0000013b227d4800,
0x0000013b227d5000, 0x0000013b227da800, 0x0000013b227ed000, 0x0000013b227ee800,
0x0000013b22770800, 0x0000013b2296f800, 0x0000013b22ad4000, 0x0000013b22c0a800,
0x0000013b22c0b000, 0x0000013b22ec4000, 0x0000013b244d6000, 0x0000013b2982f800,
0x0000013b334cc800, 0x0000013b32930000, 0x0000013b29dde000, 0x0000013b2ce8b000,
0x0000013b29abb000, 0x0000013b33578000
}

Java Threads: ( => current thread )
  0x0000013b7e2ec000 JavaThread "main" [_thread_in_native, id=17392, stack(0x00000030fc700000,0x00000030fc800000)]
  0x0000013b21ed4800 JavaThread "Reference Handler" daemon [_thread_blocked, id=21572, stack(0x00000030fce00000,0x00000030fcf00000)]
  0x0000013b21ed6000 JavaThread "Finalizer" daemon [_thread_blocked, id=9588, stack(0x00000030fcf00000,0x00000030fd000000)]
  0x0000013b227d4800 JavaThread "Signal Dispatcher" daemon [_thread_blocked, id=3076, stack(0x00000030fd000000,0x00000030fd100000)]
  0x0000013b227d5000 JavaThread "Attach Listener" daemon [_thread_blocked, id=5544, stack(0x00000030fd100000,0x00000030fd200000)]
  0x0000013b227da800 JavaThread "C2 CompilerThread0" daemon [_thread_in_native, id=5848, stack(0x00000030fd200000,0x00000030fd300000)]
  0x0000013b227ed000 JavaThread "C1 CompilerThread0" daemon [_thread_blocked, id=20296, stack(0x00000030fd300000,0x00000030fd400000)]
  0x0000013b227ee800 JavaThread "Sweeper thread" daemon [_thread_blocked, id=22308, stack(0x00000030fd400000,0x00000030fd500000)]
  0x0000013b22770800 JavaThread "Common-Cleaner" daemon [_thread_blocked, id=22576, stack(0x00000030fd500000,0x00000030fd600000)]
=>0x0000013b2296f800 JavaThread "C2 CompilerThread1" daemon [_thread_in_native, id=20968, stack(0x00000030fd600000,0x00000030fd700000)]
  0x0000013b22ad4000 JavaThread "JDWP Transport Listener: dt_socket" daemon [_thread_blocked, id=22668, stack(0x00000030fd700000,0x00000030fd800000)]
  0x0000013b22c0a800 JavaThread "JDWP Event Helper Thread" daemon [_thread_blocked, id=9268, stack(0x00000030fd800000,0x00000030fd900000)]
  0x0000013b22c0b000 JavaThread "JDWP Command Reader" daemon [_thread_in_native, id=5940, stack(0x00000030fd900000,0x00000030fda00000)]
  0x0000013b22ec4000 JavaThread "Service Thread" daemon [_thread_blocked, id=1136, stack(0x00000030fda00000,0x00000030fdb00000)]
  0x0000013b244d6000 JavaThread "C2 CompilerThread2" daemon [_thread_blocked, id=2740, stack(0x00000030fe100000,0x00000030fe200000)]
  0x0000013b2982f800 JavaThread "HikariPool-1 housekeeper" daemon [_thread_blocked, id=13952, stack(0x00000030fe300000,0x00000030fe400000)]
  0x0000013b334cc800 JavaThread "HikariPool-1 connection adder" daemon [_thread_blocked, id=18136, stack(0x00000030fe400000,0x00000030fe500000)]
  0x0000013b32930000 JavaThread "Catalina-utility-1" [_thread_blocked, id=16320, stack(0x00000030fe500000,0x00000030fe600000)]
  0x0000013b29dde000 JavaThread "Catalina-utility-2" [_thread_blocked, id=19612, stack(0x00000030fe600000,0x00000030fe700000)]
  0x0000013b2ce8b000 JavaThread "container-0" [_thread_blocked, id=21416, stack(0x00000030fe700000,0x00000030fe800000)]
  0x0000013b29abb000 JavaThread "task-1" [_thread_blocked, id=21284, stack(0x00000030fe800000,0x00000030fe900000)]
  0x0000013b33578000 JavaThread "task-2" [_thread_blocked, id=11820, stack(0x00000030feb00000,0x00000030fec00000)]

Other Threads:
  0x0000013b21ed3000 VMThread "VM Thread" [stack: 0x00000030fcd00000,0x00000030fce00000] [id=18116]
  0x0000013b22c3f000 WatcherThread [stack: 0x00000030fdb00000,0x00000030fdc00000] [id=18788]
  0x0000013b7e303800 GCTaskThread "GC Thread#0" [stack: 0x00000030fc800000,0x00000030fc900000] [id=23036]
  0x0000013b23c24800 GCTaskThread "GC Thread#1" [stack: 0x00000030fdc00000,0x00000030fdd00000] [id=8628]
  0x0000013b23c25000 GCTaskThread "GC Thread#2" [stack: 0x00000030fdd00000,0x00000030fde00000] [id=4064]
  0x0000013b23cc5000 GCTaskThread "GC Thread#3" [stack: 0x00000030fde00000,0x00000030fdf00000] [id=16460]
  0x0000013b23cc6000 GCTaskThread "GC Thread#4" [stack: 0x00000030fdf00000,0x00000030fe000000] [id=10116]
  0x0000013b23364000 GCTaskThread "GC Thread#5" [stack: 0x00000030fe000000,0x00000030fe100000] [id=4432]
  0x0000013b29565000 GCTaskThread "GC Thread#6" [stack: 0x00000030fe900000,0x00000030fea00000] [id=20100]
  0x0000013b2a072800 GCTaskThread "GC Thread#7" [stack: 0x00000030fea00000,0x00000030feb00000] [id=22764]
  0x0000013b7e362000 ConcurrentGCThread "G1 Main Marker" [stack: 0x00000030fc900000,0x00000030fca00000] [id=17952]
  0x0000013b7e363800 ConcurrentGCThread "G1 Conc#0" [stack: 0x00000030fca00000,0x00000030fcb00000] [id=22548]
  0x0000013b23c52800 ConcurrentGCThread "G1 Conc#1" [stack: 0x00000030fe200000,0x00000030fe300000] [id=19808]
  0x0000013b21dbe000 ConcurrentGCThread "G1 Refine#0" [stack: 0x00000030fcb00000,0x00000030fcc00000] [id=17416]
  0x0000013b21dbf000 ConcurrentGCThread "G1 Young RemSet Sampling" [stack: 0x00000030fcc00000,0x00000030fcd00000] [id=13896]

Threads with active compile tasks:
C2 CompilerThread0   8821 4996   !   4       jdk.internal.loader.BuiltinClassLoader::findClassOnClassPathOrNull (64 bytes)
C2 CompilerThread1   8821 5050   !   4       java.lang.reflect.Executable::declaredAnnotations (85 bytes)

VM state:not at safepoint (normal execution)

VM Mutex/Monitor currently owned by a thread: None

Heap address: 0x0000000702400000, size: 4060 MB, Compressed Oops mode: Zero based, Oop shift amount: 3
Narrow klass base: 0x0000000800000000, Narrow klass shift: 0
Compressed class space size: 1073741824 Address: 0x0000000800000000

Heap:
 garbage-first heap   total 312320K, used 70123K [0x0000000702400000, 0x0000000800000000)
  region size 1024K, 61 young (62464K), 13 survivors (13312K)
 Metaspace       used 64754K, capacity 66214K, committed 66432K, reserved 1107968K
  class space    used 8224K, capacity 8779K, committed 8832K, reserved 1048576K
Heap Regions: E=young(eden), S=young(survivor), O=old, HS=humongous(starts), HC=humongous(continues), CS=collection set, F=free, A=archive, TAMS=top-at-mark-start (previous, next)
|   0|0x0000000702400000, 0x0000000702500000, 0x0000000702500000|100%|HS|  |TAMS 0x0000000702500000, 0x0000000702400000| Complete 
|   1|0x0000000702500000, 0x0000000702600000, 0x0000000702600000|100%| O|  |TAMS 0x0000000702600000, 0x0000000702500000| Untracked 
|   2|0x0000000702600000, 0x0000000702700000, 0x0000000702700000|100%| O|  |TAMS 0x0000000702700000, 0x0000000702600000| Untracked 
|   3|0x0000000702700000, 0x0000000702800000, 0x0000000702800000|100%| O|  |TAMS 0x0000000702800000, 0x0000000702700000| Untracked 
|   4|0x0000000702800000, 0x0000000702900000, 0x0000000702900000|100%| O|  |TAMS 0x0000000702900000, 0x0000000702800000| Untracked 
|   5|0x0000000702900000, 0x0000000702a00000, 0x0000000702a00000|100%| O|  |TAMS 0x0000000702a00000, 0x0000000702900000| Untracked 
|   6|0x0000000702a00000, 0x0000000702b00000, 0x0000000702b00000|100%| O|  |TAMS 0x0000000702b00000, 0x0000000702a00000| Untracked 
|   7|0x0000000702b00000, 0x0000000702c00000, 0x0000000702c00000|100%| O|  |TAMS 0x0000000702c00000, 0x0000000702b00000| Untracked 
|   8|0x0000000702c00000, 0x0000000702d00000, 0x0000000702d00000|100%| O|  |TAMS 0x0000000702d00000, 0x0000000702c00000| Untracked 
|   9|0x0000000702d00000, 0x0000000702de2200, 0x0000000702e00000| 88%| O|  |TAMS 0x0000000702de2200, 0x0000000702d00000| Untracked 
|  10|0x0000000702e00000, 0x0000000702e00000, 0x0000000702f00000|  0%| F|  |TAMS 0x0000000702e00000, 0x0000000702e00000| Untracked 
|  11|0x0000000702f00000, 0x0000000702f00000, 0x0000000703000000|  0%| F|  |TAMS 0x0000000702f00000, 0x0000000702f00000| Untracked 
|  12|0x0000000703000000, 0x0000000703000000, 0x0000000703100000|  0%| F|  |TAMS 0x0000000703000000, 0x0000000703000000| Untracked 
|  13|0x0000000703100000, 0x0000000703100000, 0x0000000703200000|  0%| F|  |TAMS 0x0000000703100000, 0x0000000703100000| Untracked 
|  14|0x0000000703200000, 0x0000000703200000, 0x0000000703300000|  0%| F|  |TAMS 0x0000000703200000, 0x0000000703200000| Untracked 
|  15|0x0000000703300000, 0x0000000703300000, 0x0000000703400000|  0%| F|  |TAMS 0x0000000703300000, 0x0000000703300000| Untracked 
|  16|0x0000000703400000, 0x0000000703400000, 0x0000000703500000|  0%| F|  |TAMS 0x0000000703400000, 0x0000000703400000| Untracked 
|  17|0x0000000703500000, 0x0000000703500000, 0x0000000703600000|  0%| F|  |TAMS 0x0000000703500000, 0x0000000703500000| Untracked 
|  18|0x0000000703600000, 0x0000000703600000, 0x0000000703700000|  0%| F|  |TAMS 0x0000000703600000, 0x0000000703600000| Untracked 
|  19|0x0000000703700000, 0x0000000703700000, 0x0000000703800000|  0%| F|  |TAMS 0x0000000703700000, 0x0000000703700000| Untracked 
|  20|0x0000000703800000, 0x0000000703800000, 0x0000000703900000|  0%| F|  |TAMS 0x0000000703800000, 0x0000000703800000| Untracked 
|  21|0x0000000703900000, 0x0000000703900000, 0x0000000703a00000|  0%| F|  |TAMS 0x0000000703900000, 0x0000000703900000| Untracked 
|  22|0x0000000703a00000, 0x0000000703a00000, 0x0000000703b00000|  0%| F|  |TAMS 0x0000000703a00000, 0x0000000703a00000| Untracked 
|  23|0x0000000703b00000, 0x0000000703b00000, 0x0000000703c00000|  0%| F|  |TAMS 0x0000000703b00000, 0x0000000703b00000| Untracked 
|  24|0x0000000703c00000, 0x0000000703c00000, 0x0000000703d00000|  0%| F|  |TAMS 0x0000000703c00000, 0x0000000703c00000| Untracked 
|  25|0x0000000703d00000, 0x0000000703d00000, 0x0000000703e00000|  0%| F|  |TAMS 0x0000000703d00000, 0x0000000703d00000| Untracked 
|  26|0x0000000703e00000, 0x0000000703e00000, 0x0000000703f00000|  0%| F|  |TAMS 0x0000000703e00000, 0x0000000703e00000| Untracked 
|  27|0x0000000703f00000, 0x0000000703f00000, 0x0000000704000000|  0%| F|  |TAMS 0x0000000703f00000, 0x0000000703f00000| Untracked 
|  28|0x0000000704000000, 0x0000000704000000, 0x0000000704100000|  0%| F|  |TAMS 0x0000000704000000, 0x0000000704000000| Untracked 
|  29|0x0000000704100000, 0x0000000704100000, 0x0000000704200000|  0%| F|  |TAMS 0x0000000704100000, 0x0000000704100000| Untracked 
|  30|0x0000000704200000, 0x0000000704200000, 0x0000000704300000|  0%| F|  |TAMS 0x0000000704200000, 0x0000000704200000| Untracked 
|  31|0x0000000704300000, 0x0000000704300000, 0x0000000704400000|  0%| F|  |TAMS 0x0000000704300000, 0x0000000704300000| Untracked 
|  32|0x0000000704400000, 0x0000000704400000, 0x0000000704500000|  0%| F|  |TAMS 0x0000000704400000, 0x0000000704400000| Untracked 
|  33|0x0000000704500000, 0x0000000704500000, 0x0000000704600000|  0%| F|  |TAMS 0x0000000704500000, 0x0000000704500000| Untracked 
|  34|0x0000000704600000, 0x0000000704600000, 0x0000000704700000|  0%| F|  |TAMS 0x0000000704600000, 0x0000000704600000| Untracked 
|  35|0x0000000704700000, 0x0000000704700000, 0x0000000704800000|  0%| F|  |TAMS 0x0000000704700000, 0x0000000704700000| Untracked 
|  36|0x0000000704800000, 0x0000000704800000, 0x0000000704900000|  0%| F|  |TAMS 0x0000000704800000, 0x0000000704800000| Untracked 
|  37|0x0000000704900000, 0x0000000704900000, 0x0000000704a00000|  0%| F|  |TAMS 0x0000000704900000, 0x0000000704900000| Untracked 
|  38|0x0000000704a00000, 0x0000000704a00000, 0x0000000704b00000|  0%| F|  |TAMS 0x0000000704a00000, 0x0000000704a00000| Untracked 
|  39|0x0000000704b00000, 0x0000000704b00000, 0x0000000704c00000|  0%| F|  |TAMS 0x0000000704b00000, 0x0000000704b00000| Untracked 
|  40|0x0000000704c00000, 0x0000000704c00000, 0x0000000704d00000|  0%| F|  |TAMS 0x0000000704c00000, 0x0000000704c00000| Untracked 
|  41|0x0000000704d00000, 0x0000000704d00000, 0x0000000704e00000|  0%| F|  |TAMS 0x0000000704d00000, 0x0000000704d00000| Untracked 
|  42|0x0000000704e00000, 0x0000000704e00000, 0x0000000704f00000|  0%| F|  |TAMS 0x0000000704e00000, 0x0000000704e00000| Untracked 
|  43|0x0000000704f00000, 0x0000000704f00000, 0x0000000705000000|  0%| F|  |TAMS 0x0000000704f00000, 0x0000000704f00000| Untracked 
|  44|0x0000000705000000, 0x0000000705000000, 0x0000000705100000|  0%| F|  |TAMS 0x0000000705000000, 0x0000000705000000| Untracked 
|  45|0x0000000705100000, 0x0000000705100000, 0x0000000705200000|  0%| F|  |TAMS 0x0000000705100000, 0x0000000705100000| Untracked 
|  46|0x0000000705200000, 0x0000000705200000, 0x0000000705300000|  0%| F|  |TAMS 0x0000000705200000, 0x0000000705200000| Untracked 
|  47|0x0000000705300000, 0x0000000705300000, 0x0000000705400000|  0%| F|  |TAMS 0x0000000705300000, 0x0000000705300000| Untracked 
|  48|0x0000000705400000, 0x0000000705400000, 0x0000000705500000|  0%| F|  |TAMS 0x0000000705400000, 0x0000000705400000| Untracked 
|  49|0x0000000705500000, 0x0000000705500000, 0x0000000705600000|  0%| F|  |TAMS 0x0000000705500000, 0x0000000705500000| Untracked 
|  50|0x0000000705600000, 0x0000000705600000, 0x0000000705700000|  0%| F|  |TAMS 0x0000000705600000, 0x0000000705600000| Untracked 
|  51|0x0000000705700000, 0x0000000705700000, 0x0000000705800000|  0%| F|  |TAMS 0x0000000705700000, 0x0000000705700000| Untracked 
|  52|0x0000000705800000, 0x0000000705800000, 0x0000000705900000|  0%| F|  |TAMS 0x0000000705800000, 0x0000000705800000| Untracked 
|  53|0x0000000705900000, 0x0000000705900000, 0x0000000705a00000|  0%| F|  |TAMS 0x0000000705900000, 0x0000000705900000| Untracked 
|  54|0x0000000705a00000, 0x0000000705a00000, 0x0000000705b00000|  0%| F|  |TAMS 0x0000000705a00000, 0x0000000705a00000| Untracked 
|  55|0x0000000705b00000, 0x0000000705b00000, 0x0000000705c00000|  0%| F|  |TAMS 0x0000000705b00000, 0x0000000705b00000| Untracked 
|  56|0x0000000705c00000, 0x0000000705c00000, 0x0000000705d00000|  0%| F|  |TAMS 0x0000000705c00000, 0x0000000705c00000| Untracked 
|  57|0x0000000705d00000, 0x0000000705d00000, 0x0000000705e00000|  0%| F|  |TAMS 0x0000000705d00000, 0x0000000705d00000| Untracked 
|  58|0x0000000705e00000, 0x0000000705e00000, 0x0000000705f00000|  0%| F|  |TAMS 0x0000000705e00000, 0x0000000705e00000| Untracked 
|  59|0x0000000705f00000, 0x0000000705f00000, 0x0000000706000000|  0%| F|  |TAMS 0x0000000705f00000, 0x0000000705f00000| Untracked 
|  60|0x0000000706000000, 0x0000000706000000, 0x0000000706100000|  0%| F|  |TAMS 0x0000000706000000, 0x0000000706000000| Untracked 
|  61|0x0000000706100000, 0x0000000706100000, 0x0000000706200000|  0%| F|  |TAMS 0x0000000706100000, 0x0000000706100000| Untracked 
|  62|0x0000000706200000, 0x0000000706200000, 0x0000000706300000|  0%| F|  |TAMS 0x0000000706200000, 0x0000000706200000| Untracked 
|  63|0x0000000706300000, 0x0000000706300000, 0x0000000706400000|  0%| F|  |TAMS 0x0000000706300000, 0x0000000706300000| Untracked 
|  64|0x0000000706400000, 0x0000000706400000, 0x0000000706500000|  0%| F|  |TAMS 0x0000000706400000, 0x0000000706400000| Untracked 
|  65|0x0000000706500000, 0x0000000706500000, 0x0000000706600000|  0%| F|  |TAMS 0x0000000706500000, 0x0000000706500000| Untracked 
|  66|0x0000000706600000, 0x0000000706600000, 0x0000000706700000|  0%| F|  |TAMS 0x0000000706600000, 0x0000000706600000| Untracked 
|  67|0x0000000706700000, 0x0000000706700000, 0x0000000706800000|  0%| F|  |TAMS 0x0000000706700000, 0x0000000706700000| Untracked 
|  68|0x0000000706800000, 0x0000000706800000, 0x0000000706900000|  0%| F|  |TAMS 0x0000000706800000, 0x0000000706800000| Untracked 
|  69|0x0000000706900000, 0x0000000706900000, 0x0000000706a00000|  0%| F|  |TAMS 0x0000000706900000, 0x0000000706900000| Untracked 
|  70|0x0000000706a00000, 0x0000000706a00000, 0x0000000706b00000|  0%| F|  |TAMS 0x0000000706a00000, 0x0000000706a00000| Untracked 
|  71|0x0000000706b00000, 0x0000000706b00000, 0x0000000706c00000|  0%| F|  |TAMS 0x0000000706b00000, 0x0000000706b00000| Untracked 
|  72|0x0000000706c00000, 0x0000000706c00000, 0x0000000706d00000|  0%| F|  |TAMS 0x0000000706c00000, 0x0000000706c00000| Untracked 
|  73|0x0000000706d00000, 0x0000000706d00000, 0x0000000706e00000|  0%| F|  |TAMS 0x0000000706d00000, 0x0000000706d00000| Untracked 
|  74|0x0000000706e00000, 0x0000000706e00000, 0x0000000706f00000|  0%| F|  |TAMS 0x0000000706e00000, 0x0000000706e00000| Untracked 
|  75|0x0000000706f00000, 0x0000000706f00000, 0x0000000707000000|  0%| F|  |TAMS 0x0000000706f00000, 0x0000000706f00000| Untracked 
|  76|0x0000000707000000, 0x0000000707000000, 0x0000000707100000|  0%| F|  |TAMS 0x0000000707000000, 0x0000000707000000| Untracked 
|  77|0x0000000707100000, 0x0000000707100000, 0x0000000707200000|  0%| F|  |TAMS 0x0000000707100000, 0x0000000707100000| Untracked 
|  78|0x0000000707200000, 0x0000000707200000, 0x0000000707300000|  0%| F|  |TAMS 0x0000000707200000, 0x0000000707200000| Untracked 
|  79|0x0000000707300000, 0x0000000707300000, 0x0000000707400000|  0%| F|  |TAMS 0x0000000707300000, 0x0000000707300000| Untracked 
|  80|0x0000000707400000, 0x0000000707400000, 0x0000000707500000|  0%| F|  |TAMS 0x0000000707400000, 0x0000000707400000| Untracked 
|  81|0x0000000707500000, 0x0000000707500000, 0x0000000707600000|  0%| F|  |TAMS 0x0000000707500000, 0x0000000707500000| Untracked 
|  82|0x0000000707600000, 0x0000000707600000, 0x0000000707700000|  0%| F|  |TAMS 0x0000000707600000, 0x0000000707600000| Untracked 
|  83|0x0000000707700000, 0x0000000707700000, 0x0000000707800000|  0%| F|  |TAMS 0x0000000707700000, 0x0000000707700000| Untracked 
|  84|0x0000000707800000, 0x0000000707800000, 0x0000000707900000|  0%| F|  |TAMS 0x0000000707800000, 0x0000000707800000| Untracked 
|  85|0x0000000707900000, 0x0000000707900000, 0x0000000707a00000|  0%| F|  |TAMS 0x0000000707900000, 0x0000000707900000| Untracked 
|  86|0x0000000707a00000, 0x0000000707a00000, 0x0000000707b00000|  0%| F|  |TAMS 0x0000000707a00000, 0x0000000707a00000| Untracked 
|  87|0x0000000707b00000, 0x0000000707b00000, 0x0000000707c00000|  0%| F|  |TAMS 0x0000000707b00000, 0x0000000707b00000| Untracked 
|  88|0x0000000707c00000, 0x0000000707c00000, 0x0000000707d00000|  0%| F|  |TAMS 0x0000000707c00000, 0x0000000707c00000| Untracked 
|  89|0x0000000707d00000, 0x0000000707d00000, 0x0000000707e00000|  0%| F|  |TAMS 0x0000000707d00000, 0x0000000707d00000| Untracked 
|  90|0x0000000707e00000, 0x0000000707e00000, 0x0000000707f00000|  0%| F|  |TAMS 0x0000000707e00000, 0x0000000707e00000| Untracked 
|  91|0x0000000707f00000, 0x0000000707f00000, 0x0000000708000000|  0%| F|  |TAMS 0x0000000707f00000, 0x0000000707f00000| Untracked 
|  92|0x0000000708000000, 0x0000000708000000, 0x0000000708100000|  0%| F|  |TAMS 0x0000000708000000, 0x0000000708000000| Untracked 
|  93|0x0000000708100000, 0x0000000708100000, 0x0000000708200000|  0%| F|  |TAMS 0x0000000708100000, 0x0000000708100000| Untracked 
|  94|0x0000000708200000, 0x0000000708200000, 0x0000000708300000|  0%| F|  |TAMS 0x0000000708200000, 0x0000000708200000| Untracked 
|  95|0x0000000708300000, 0x0000000708300000, 0x0000000708400000|  0%| F|  |TAMS 0x0000000708300000, 0x0000000708300000| Untracked 
|  96|0x0000000708400000, 0x0000000708400000, 0x0000000708500000|  0%| F|  |TAMS 0x0000000708400000, 0x0000000708400000| Untracked 
|  97|0x0000000708500000, 0x0000000708500000, 0x0000000708600000|  0%| F|  |TAMS 0x0000000708500000, 0x0000000708500000| Untracked 
|  98|0x0000000708600000, 0x0000000708600000, 0x0000000708700000|  0%| F|  |TAMS 0x0000000708600000, 0x0000000708600000| Untracked 
|  99|0x0000000708700000, 0x0000000708700000, 0x0000000708800000|  0%| F|  |TAMS 0x0000000708700000, 0x0000000708700000| Untracked 
| 100|0x0000000708800000, 0x0000000708800000, 0x0000000708900000|  0%| F|  |TAMS 0x0000000708800000, 0x0000000708800000| Untracked 
| 101|0x0000000708900000, 0x0000000708900000, 0x0000000708a00000|  0%| F|  |TAMS 0x0000000708900000, 0x0000000708900000| Untracked 
| 102|0x0000000708a00000, 0x0000000708a00000, 0x0000000708b00000|  0%| F|  |TAMS 0x0000000708a00000, 0x0000000708a00000| Untracked 
| 103|0x0000000708b00000, 0x0000000708b00000, 0x0000000708c00000|  0%| F|  |TAMS 0x0000000708b00000, 0x0000000708b00000| Untracked 
| 104|0x0000000708c00000, 0x0000000708c00000, 0x0000000708d00000|  0%| F|  |TAMS 0x0000000708c00000, 0x0000000708c00000| Untracked 
| 105|0x0000000708d00000, 0x0000000708d00000, 0x0000000708e00000|  0%| F|  |TAMS 0x0000000708d00000, 0x0000000708d00000| Untracked 
| 106|0x0000000708e00000, 0x0000000708e00000, 0x0000000708f00000|  0%| F|  |TAMS 0x0000000708e00000, 0x0000000708e00000| Untracked 
| 107|0x0000000708f00000, 0x0000000708f00000, 0x0000000709000000|  0%| F|  |TAMS 0x0000000708f00000, 0x0000000708f00000| Untracked 
| 108|0x0000000709000000, 0x0000000709000000, 0x0000000709100000|  0%| F|  |TAMS 0x0000000709000000, 0x0000000709000000| Untracked 
| 109|0x0000000709100000, 0x0000000709100000, 0x0000000709200000|  0%| F|  |TAMS 0x0000000709100000, 0x0000000709100000| Untracked 
| 110|0x0000000709200000, 0x0000000709200000, 0x0000000709300000|  0%| F|  |TAMS 0x0000000709200000, 0x0000000709200000| Untracked 
| 111|0x0000000709300000, 0x0000000709300000, 0x0000000709400000|  0%| F|  |TAMS 0x0000000709300000, 0x0000000709300000| Untracked 
| 112|0x0000000709400000, 0x0000000709400000, 0x0000000709500000|  0%| F|  |TAMS 0x0000000709400000, 0x0000000709400000| Untracked 
| 113|0x0000000709500000, 0x0000000709500000, 0x0000000709600000|  0%| F|  |TAMS 0x0000000709500000, 0x0000000709500000| Untracked 
| 114|0x0000000709600000, 0x0000000709600000, 0x0000000709700000|  0%| F|  |TAMS 0x0000000709600000, 0x0000000709600000| Untracked 
| 115|0x0000000709700000, 0x0000000709700000, 0x0000000709800000|  0%| F|  |TAMS 0x0000000709700000, 0x0000000709700000| Untracked 
| 116|0x0000000709800000, 0x0000000709800000, 0x0000000709900000|  0%| F|  |TAMS 0x0000000709800000, 0x0000000709800000| Untracked 
| 117|0x0000000709900000, 0x0000000709900000, 0x0000000709a00000|  0%| F|  |TAMS 0x0000000709900000, 0x0000000709900000| Untracked 
| 118|0x0000000709a00000, 0x0000000709a00000, 0x0000000709b00000|  0%| F|  |TAMS 0x0000000709a00000, 0x0000000709a00000| Untracked 
| 119|0x0000000709b00000, 0x0000000709b00000, 0x0000000709c00000|  0%| F|  |TAMS 0x0000000709b00000, 0x0000000709b00000| Untracked 
| 120|0x0000000709c00000, 0x0000000709c00000, 0x0000000709d00000|  0%| F|  |TAMS 0x0000000709c00000, 0x0000000709c00000| Untracked 
| 121|0x0000000709d00000, 0x0000000709d00000, 0x0000000709e00000|  0%| F|  |TAMS 0x0000000709d00000, 0x0000000709d00000| Untracked 
| 122|0x0000000709e00000, 0x0000000709e00000, 0x0000000709f00000|  0%| F|  |TAMS 0x0000000709e00000, 0x0000000709e00000| Untracked 
| 123|0x0000000709f00000, 0x0000000709f00000, 0x000000070a000000|  0%| F|  |TAMS 0x0000000709f00000, 0x0000000709f00000| Untracked 
| 124|0x000000070a000000, 0x000000070a000000, 0x000000070a100000|  0%| F|  |TAMS 0x000000070a000000, 0x000000070a000000| Untracked 
| 125|0x000000070a100000, 0x000000070a100000, 0x000000070a200000|  0%| F|  |TAMS 0x000000070a100000, 0x000000070a100000| Untracked 
| 126|0x000000070a200000, 0x000000070a200000, 0x000000070a300000|  0%| F|  |TAMS 0x000000070a200000, 0x000000070a200000| Untracked 
| 127|0x000000070a300000, 0x000000070a300000, 0x000000070a400000|  0%| F|  |TAMS 0x000000070a300000, 0x000000070a300000| Untracked 
| 128|0x000000070a400000, 0x000000070a400000, 0x000000070a500000|  0%| F|  |TAMS 0x000000070a400000, 0x000000070a400000| Untracked 
| 129|0x000000070a500000, 0x000000070a500000, 0x000000070a600000|  0%| F|  |TAMS 0x000000070a500000, 0x000000070a500000| Untracked 
| 130|0x000000070a600000, 0x000000070a600000, 0x000000070a700000|  0%| F|  |TAMS 0x000000070a600000, 0x000000070a600000| Untracked 
| 131|0x000000070a700000, 0x000000070a700000, 0x000000070a800000|  0%| F|  |TAMS 0x000000070a700000, 0x000000070a700000| Untracked 
| 132|0x000000070a800000, 0x000000070a800000, 0x000000070a900000|  0%| F|  |TAMS 0x000000070a800000, 0x000000070a800000| Untracked 
| 133|0x000000070a900000, 0x000000070a900000, 0x000000070aa00000|  0%| F|  |TAMS 0x000000070a900000, 0x000000070a900000| Untracked 
| 134|0x000000070aa00000, 0x000000070aa00000, 0x000000070ab00000|  0%| F|  |TAMS 0x000000070aa00000, 0x000000070aa00000| Untracked 
| 135|0x000000070ab00000, 0x000000070ab00000, 0x000000070ac00000|  0%| F|  |TAMS 0x000000070ab00000, 0x000000070ab00000| Untracked 
| 136|0x000000070ac00000, 0x000000070ac00000, 0x000000070ad00000|  0%| F|  |TAMS 0x000000070ac00000, 0x000000070ac00000| Untracked 
| 137|0x000000070ad00000, 0x000000070ad00000, 0x000000070ae00000|  0%| F|  |TAMS 0x000000070ad00000, 0x000000070ad00000| Untracked 
| 138|0x000000070ae00000, 0x000000070ae00000, 0x000000070af00000|  0%| F|  |TAMS 0x000000070ae00000, 0x000000070ae00000| Untracked 
| 139|0x000000070af00000, 0x000000070af00000, 0x000000070b000000|  0%| F|  |TAMS 0x000000070af00000, 0x000000070af00000| Untracked 
| 140|0x000000070b000000, 0x000000070b000000, 0x000000070b100000|  0%| F|  |TAMS 0x000000070b000000, 0x000000070b000000| Untracked 
| 141|0x000000070b100000, 0x000000070b100000, 0x000000070b200000|  0%| F|  |TAMS 0x000000070b100000, 0x000000070b100000| Untracked 
| 142|0x000000070b200000, 0x000000070b200000, 0x000000070b300000|  0%| F|  |TAMS 0x000000070b200000, 0x000000070b200000| Untracked 
| 143|0x000000070b300000, 0x000000070b300000, 0x000000070b400000|  0%| F|  |TAMS 0x000000070b300000, 0x000000070b300000| Untracked 
| 144|0x000000070b400000, 0x000000070b400000, 0x000000070b500000|  0%| F|  |TAMS 0x000000070b400000, 0x000000070b400000| Untracked 
| 145|0x000000070b500000, 0x000000070b500000, 0x000000070b600000|  0%| F|  |TAMS 0x000000070b500000, 0x000000070b500000| Untracked 
| 146|0x000000070b600000, 0x000000070b600000, 0x000000070b700000|  0%| F|  |TAMS 0x000000070b600000, 0x000000070b600000| Untracked 
| 147|0x000000070b700000, 0x000000070b700000, 0x000000070b800000|  0%| F|  |TAMS 0x000000070b700000, 0x000000070b700000| Untracked 
| 148|0x000000070b800000, 0x000000070b800000, 0x000000070b900000|  0%| F|  |TAMS 0x000000070b800000, 0x000000070b800000| Untracked 
| 149|0x000000070b900000, 0x000000070b900000, 0x000000070ba00000|  0%| F|  |TAMS 0x000000070b900000, 0x000000070b900000| Untracked 
| 150|0x000000070ba00000, 0x000000070ba00000, 0x000000070bb00000|  0%| F|  |TAMS 0x000000070ba00000, 0x000000070ba00000| Untracked 
| 151|0x000000070bb00000, 0x000000070bb00000, 0x000000070bc00000|  0%| F|  |TAMS 0x000000070bb00000, 0x000000070bb00000| Untracked 
| 152|0x000000070bc00000, 0x000000070bc00000, 0x000000070bd00000|  0%| F|  |TAMS 0x000000070bc00000, 0x000000070bc00000| Untracked 
| 153|0x000000070bd00000, 0x000000070bd00000, 0x000000070be00000|  0%| F|  |TAMS 0x000000070bd00000, 0x000000070bd00000| Untracked 
| 154|0x000000070be00000, 0x000000070be00000, 0x000000070bf00000|  0%| F|  |TAMS 0x000000070be00000, 0x000000070be00000| Untracked 
| 155|0x000000070bf00000, 0x000000070bf00000, 0x000000070c000000|  0%| F|  |TAMS 0x000000070bf00000, 0x000000070bf00000| Untracked 
| 156|0x000000070c000000, 0x000000070c000000, 0x000000070c100000|  0%| F|  |TAMS 0x000000070c000000, 0x000000070c000000| Untracked 
| 157|0x000000070c100000, 0x000000070c100000, 0x000000070c200000|  0%| F|  |TAMS 0x000000070c100000, 0x000000070c100000| Untracked 
| 158|0x000000070c200000, 0x000000070c200000, 0x000000070c300000|  0%| F|  |TAMS 0x000000070c200000, 0x000000070c200000| Untracked 
| 159|0x000000070c300000, 0x000000070c300000, 0x000000070c400000|  0%| F|  |TAMS 0x000000070c300000, 0x000000070c300000| Untracked 
| 160|0x000000070c400000, 0x000000070c400000, 0x000000070c500000|  0%| F|  |TAMS 0x000000070c400000, 0x000000070c400000| Untracked 
| 161|0x000000070c500000, 0x000000070c500000, 0x000000070c600000|  0%| F|  |TAMS 0x000000070c500000, 0x000000070c500000| Untracked 
| 162|0x000000070c600000, 0x000000070c600000, 0x000000070c700000|  0%| F|  |TAMS 0x000000070c600000, 0x000000070c600000| Untracked 
| 163|0x000000070c700000, 0x000000070c700000, 0x000000070c800000|  0%| F|  |TAMS 0x000000070c700000, 0x000000070c700000| Untracked 
| 164|0x000000070c800000, 0x000000070c800000, 0x000000070c900000|  0%| F|  |TAMS 0x000000070c800000, 0x000000070c800000| Untracked 
| 165|0x000000070c900000, 0x000000070c900000, 0x000000070ca00000|  0%| F|  |TAMS 0x000000070c900000, 0x000000070c900000| Untracked 
| 166|0x000000070ca00000, 0x000000070ca00000, 0x000000070cb00000|  0%| F|  |TAMS 0x000000070ca00000, 0x000000070ca00000| Untracked 
| 167|0x000000070cb00000, 0x000000070cb00000, 0x000000070cc00000|  0%| F|  |TAMS 0x000000070cb00000, 0x000000070cb00000| Untracked 
| 168|0x000000070cc00000, 0x000000070cc00000, 0x000000070cd00000|  0%| F|  |TAMS 0x000000070cc00000, 0x000000070cc00000| Untracked 
| 169|0x000000070cd00000, 0x000000070cd00000, 0x000000070ce00000|  0%| F|  |TAMS 0x000000070cd00000, 0x000000070cd00000| Untracked 
| 170|0x000000070ce00000, 0x000000070ce00000, 0x000000070cf00000|  0%| F|  |TAMS 0x000000070ce00000, 0x000000070ce00000| Untracked 
| 171|0x000000070cf00000, 0x000000070cf00000, 0x000000070d000000|  0%| F|  |TAMS 0x000000070cf00000, 0x000000070cf00000| Untracked 
| 172|0x000000070d000000, 0x000000070d000000, 0x000000070d100000|  0%| F|  |TAMS 0x000000070d000000, 0x000000070d000000| Untracked 
| 173|0x000000070d100000, 0x000000070d100000, 0x000000070d200000|  0%| F|  |TAMS 0x000000070d100000, 0x000000070d100000| Untracked 
| 174|0x000000070d200000, 0x000000070d200000, 0x000000070d300000|  0%| F|  |TAMS 0x000000070d200000, 0x000000070d200000| Untracked 
| 175|0x000000070d300000, 0x000000070d300000, 0x000000070d400000|  0%| F|  |TAMS 0x000000070d300000, 0x000000070d300000| Untracked 
| 176|0x000000070d400000, 0x000000070d400000, 0x000000070d500000|  0%| F|  |TAMS 0x000000070d400000, 0x000000070d400000| Untracked 
| 177|0x000000070d500000, 0x000000070d500000, 0x000000070d600000|  0%| F|  |TAMS 0x000000070d500000, 0x000000070d500000| Untracked 
| 178|0x000000070d600000, 0x000000070d600000, 0x000000070d700000|  0%| F|  |TAMS 0x000000070d600000, 0x000000070d600000| Untracked 
| 179|0x000000070d700000, 0x000000070d700000, 0x000000070d800000|  0%| F|  |TAMS 0x000000070d700000, 0x000000070d700000| Untracked 
| 180|0x000000070d800000, 0x000000070d800000, 0x000000070d900000|  0%| F|  |TAMS 0x000000070d800000, 0x000000070d800000| Untracked 
| 181|0x000000070d900000, 0x000000070d900000, 0x000000070da00000|  0%| F|  |TAMS 0x000000070d900000, 0x000000070d900000| Untracked 
| 182|0x000000070da00000, 0x000000070da98b40, 0x000000070db00000| 59%| S|CS|TAMS 0x000000070da00000, 0x000000070da00000| Complete 
| 183|0x000000070db00000, 0x000000070dc00000, 0x000000070dc00000|100%| S|CS|TAMS 0x000000070db00000, 0x000000070db00000| Complete 
| 184|0x000000070dc00000, 0x000000070dd00000, 0x000000070dd00000|100%| S|CS|TAMS 0x000000070dc00000, 0x000000070dc00000| Complete 
| 185|0x000000070dd00000, 0x000000070de00000, 0x000000070de00000|100%| S|CS|TAMS 0x000000070dd00000, 0x000000070dd00000| Complete 
| 186|0x000000070de00000, 0x000000070df00000, 0x000000070df00000|100%| S|CS|TAMS 0x000000070de00000, 0x000000070de00000| Complete 
| 187|0x000000070df00000, 0x000000070e000000, 0x000000070e000000|100%| S|CS|TAMS 0x000000070df00000, 0x000000070df00000| Complete 
| 188|0x000000070e000000, 0x000000070e100000, 0x000000070e100000|100%| S|CS|TAMS 0x000000070e000000, 0x000000070e000000| Complete 
| 189|0x000000070e100000, 0x000000070e200000, 0x000000070e200000|100%| S|CS|TAMS 0x000000070e100000, 0x000000070e100000| Complete 
| 190|0x000000070e200000, 0x000000070e300000, 0x000000070e300000|100%| S|CS|TAMS 0x000000070e200000, 0x000000070e200000| Complete 
| 191|0x000000070e300000, 0x000000070e400000, 0x000000070e400000|100%| S|CS|TAMS 0x000000070e300000, 0x000000070e300000| Complete 
| 192|0x000000070e400000, 0x000000070e500000, 0x000000070e500000|100%| S|CS|TAMS 0x000000070e400000, 0x000000070e400000| Complete 
| 193|0x000000070e500000, 0x000000070e600000, 0x000000070e600000|100%| S|CS|TAMS 0x000000070e500000, 0x000000070e500000| Complete 
| 194|0x000000070e600000, 0x000000070e700000, 0x000000070e700000|100%| S|CS|TAMS 0x000000070e600000, 0x000000070e600000| Complete 
| 195|0x000000070e700000, 0x000000070e700000, 0x000000070e800000|  0%| F|  |TAMS 0x000000070e700000, 0x000000070e700000| Untracked 
| 196|0x000000070e800000, 0x000000070e800000, 0x000000070e900000|  0%| F|  |TAMS 0x000000070e800000, 0x000000070e800000| Untracked 
| 197|0x000000070e900000, 0x000000070e900000, 0x000000070ea00000|  0%| F|  |TAMS 0x000000070e900000, 0x000000070e900000| Untracked 
| 198|0x000000070ea00000, 0x000000070ea00000, 0x000000070eb00000|  0%| F|  |TAMS 0x000000070ea00000, 0x000000070ea00000| Untracked 
| 199|0x000000070eb00000, 0x000000070eb00000, 0x000000070ec00000|  0%| F|  |TAMS 0x000000070eb00000, 0x000000070eb00000| Untracked 
| 200|0x000000070ec00000, 0x000000070ec00000, 0x000000070ed00000|  0%| F|  |TAMS 0x000000070ec00000, 0x000000070ec00000| Untracked 
| 201|0x000000070ed00000, 0x000000070ed00000, 0x000000070ee00000|  0%| F|  |TAMS 0x000000070ed00000, 0x000000070ed00000| Untracked 
| 202|0x000000070ee00000, 0x000000070ee00000, 0x000000070ef00000|  0%| F|  |TAMS 0x000000070ee00000, 0x000000070ee00000| Untracked 
| 203|0x000000070ef00000, 0x000000070ef00000, 0x000000070f000000|  0%| F|  |TAMS 0x000000070ef00000, 0x000000070ef00000| Untracked 
| 204|0x000000070f000000, 0x000000070f000000, 0x000000070f100000|  0%| F|  |TAMS 0x000000070f000000, 0x000000070f000000| Untracked 
| 205|0x000000070f100000, 0x000000070f100000, 0x000000070f200000|  0%| F|  |TAMS 0x000000070f100000, 0x000000070f100000| Untracked 
| 206|0x000000070f200000, 0x000000070f200000, 0x000000070f300000|  0%| F|  |TAMS 0x000000070f200000, 0x000000070f200000| Untracked 
| 207|0x000000070f300000, 0x000000070f300000, 0x000000070f400000|  0%| F|  |TAMS 0x000000070f300000, 0x000000070f300000| Untracked 
| 208|0x000000070f400000, 0x000000070f400000, 0x000000070f500000|  0%| F|  |TAMS 0x000000070f400000, 0x000000070f400000| Untracked 
| 209|0x000000070f500000, 0x000000070f500000, 0x000000070f600000|  0%| F|  |TAMS 0x000000070f500000, 0x000000070f500000| Untracked 
| 210|0x000000070f600000, 0x000000070f600000, 0x000000070f700000|  0%| F|  |TAMS 0x000000070f600000, 0x000000070f600000| Untracked 
| 211|0x000000070f700000, 0x000000070f700000, 0x000000070f800000|  0%| F|  |TAMS 0x000000070f700000, 0x000000070f700000| Untracked 
| 212|0x000000070f800000, 0x000000070f800000, 0x000000070f900000|  0%| F|  |TAMS 0x000000070f800000, 0x000000070f800000| Untracked 
| 213|0x000000070f900000, 0x000000070f900000, 0x000000070fa00000|  0%| F|  |TAMS 0x000000070f900000, 0x000000070f900000| Untracked 
| 214|0x000000070fa00000, 0x000000070fa00000, 0x000000070fb00000|  0%| F|  |TAMS 0x000000070fa00000, 0x000000070fa00000| Untracked 
| 215|0x000000070fb00000, 0x000000070fb00000, 0x000000070fc00000|  0%| F|  |TAMS 0x000000070fb00000, 0x000000070fb00000| Untracked 
| 216|0x000000070fc00000, 0x000000070fc00000, 0x000000070fd00000|  0%| F|  |TAMS 0x000000070fc00000, 0x000000070fc00000| Untracked 
| 217|0x000000070fd00000, 0x000000070fd00000, 0x000000070fe00000|  0%| F|  |TAMS 0x000000070fd00000, 0x000000070fd00000| Untracked 
| 218|0x000000070fe00000, 0x000000070fe00000, 0x000000070ff00000|  0%| F|  |TAMS 0x000000070fe00000, 0x000000070fe00000| Untracked 
| 219|0x000000070ff00000, 0x000000070ff00000, 0x0000000710000000|  0%| F|  |TAMS 0x000000070ff00000, 0x000000070ff00000| Untracked 
| 220|0x0000000710000000, 0x0000000710000000, 0x0000000710100000|  0%| F|  |TAMS 0x0000000710000000, 0x0000000710000000| Untracked 
| 221|0x0000000710100000, 0x0000000710100000, 0x0000000710200000|  0%| F|  |TAMS 0x0000000710100000, 0x0000000710100000| Untracked 
| 222|0x0000000710200000, 0x0000000710200000, 0x0000000710300000|  0%| F|  |TAMS 0x0000000710200000, 0x0000000710200000| Untracked 
| 223|0x0000000710300000, 0x0000000710300000, 0x0000000710400000|  0%| F|  |TAMS 0x0000000710300000, 0x0000000710300000| Untracked 
| 224|0x0000000710400000, 0x0000000710400000, 0x0000000710500000|  0%| F|  |TAMS 0x0000000710400000, 0x0000000710400000| Untracked 
| 225|0x0000000710500000, 0x0000000710500000, 0x0000000710600000|  0%| F|  |TAMS 0x0000000710500000, 0x0000000710500000| Untracked 
| 226|0x0000000710600000, 0x0000000710600000, 0x0000000710700000|  0%| F|  |TAMS 0x0000000710600000, 0x0000000710600000| Untracked 
| 227|0x0000000710700000, 0x0000000710700000, 0x0000000710800000|  0%| F|  |TAMS 0x0000000710700000, 0x0000000710700000| Untracked 
| 228|0x0000000710800000, 0x0000000710800000, 0x0000000710900000|  0%| F|  |TAMS 0x0000000710800000, 0x0000000710800000| Untracked 
| 229|0x0000000710900000, 0x0000000710900000, 0x0000000710a00000|  0%| F|  |TAMS 0x0000000710900000, 0x0000000710900000| Untracked 
| 230|0x0000000710a00000, 0x0000000710a00000, 0x0000000710b00000|  0%| F|  |TAMS 0x0000000710a00000, 0x0000000710a00000| Untracked 
| 231|0x0000000710b00000, 0x0000000710b00000, 0x0000000710c00000|  0%| F|  |TAMS 0x0000000710b00000, 0x0000000710b00000| Untracked 
| 232|0x0000000710c00000, 0x0000000710c00000, 0x0000000710d00000|  0%| F|  |TAMS 0x0000000710c00000, 0x0000000710c00000| Untracked 
| 233|0x0000000710d00000, 0x0000000710d00000, 0x0000000710e00000|  0%| F|  |TAMS 0x0000000710d00000, 0x0000000710d00000| Untracked 
| 234|0x0000000710e00000, 0x0000000710e00000, 0x0000000710f00000|  0%| F|  |TAMS 0x0000000710e00000, 0x0000000710e00000| Untracked 
| 235|0x0000000710f00000, 0x0000000710f00000, 0x0000000711000000|  0%| F|  |TAMS 0x0000000710f00000, 0x0000000710f00000| Untracked 
| 236|0x0000000711000000, 0x0000000711000000, 0x0000000711100000|  0%| F|  |TAMS 0x0000000711000000, 0x0000000711000000| Untracked 
| 237|0x0000000711100000, 0x0000000711100000, 0x0000000711200000|  0%| F|  |TAMS 0x0000000711100000, 0x0000000711100000| Untracked 
| 238|0x0000000711200000, 0x0000000711200000, 0x0000000711300000|  0%| F|  |TAMS 0x0000000711200000, 0x0000000711200000| Untracked 
| 239|0x0000000711300000, 0x0000000711300000, 0x0000000711400000|  0%| F|  |TAMS 0x0000000711300000, 0x0000000711300000| Untracked 
| 240|0x0000000711400000, 0x0000000711400000, 0x0000000711500000|  0%| F|  |TAMS 0x0000000711400000, 0x0000000711400000| Untracked 
| 241|0x0000000711500000, 0x0000000711500000, 0x0000000711600000|  0%| F|  |TAMS 0x0000000711500000, 0x0000000711500000| Untracked 
| 242|0x0000000711600000, 0x0000000711600000, 0x0000000711700000|  0%| F|  |TAMS 0x0000000711600000, 0x0000000711600000| Untracked 
| 243|0x0000000711700000, 0x0000000711700000, 0x0000000711800000|  0%| F|  |TAMS 0x0000000711700000, 0x0000000711700000| Untracked 
| 244|0x0000000711800000, 0x0000000711800000, 0x0000000711900000|  0%| F|  |TAMS 0x0000000711800000, 0x0000000711800000| Untracked 
| 245|0x0000000711900000, 0x0000000711900000, 0x0000000711a00000|  0%| F|  |TAMS 0x0000000711900000, 0x0000000711900000| Untracked 
| 246|0x0000000711a00000, 0x0000000711a00000, 0x0000000711b00000|  0%| F|  |TAMS 0x0000000711a00000, 0x0000000711a00000| Untracked 
| 247|0x0000000711b00000, 0x0000000711b00000, 0x0000000711c00000|  0%| F|  |TAMS 0x0000000711b00000, 0x0000000711b00000| Untracked 
| 248|0x0000000711c00000, 0x0000000711c00000, 0x0000000711d00000|  0%| F|  |TAMS 0x0000000711c00000, 0x0000000711c00000| Untracked 
| 249|0x0000000711d00000, 0x0000000711d00000, 0x0000000711e00000|  0%| F|  |TAMS 0x0000000711d00000, 0x0000000711d00000| Untracked 
| 250|0x0000000711e00000, 0x0000000711e00000, 0x0000000711f00000|  0%| F|  |TAMS 0x0000000711e00000, 0x0000000711e00000| Untracked 
| 251|0x0000000711f00000, 0x0000000711f00000, 0x0000000712000000|  0%| F|  |TAMS 0x0000000711f00000, 0x0000000711f00000| Untracked 
| 252|0x0000000712000000, 0x0000000712000000, 0x0000000712100000|  0%| F|  |TAMS 0x0000000712000000, 0x0000000712000000| Untracked 
| 253|0x0000000712100000, 0x0000000712100000, 0x0000000712200000|  0%| F|  |TAMS 0x0000000712100000, 0x0000000712100000| Untracked 
| 254|0x0000000712200000, 0x0000000712200000, 0x0000000712300000|  0%| F|  |TAMS 0x0000000712200000, 0x0000000712200000| Untracked 
| 255|0x0000000712300000, 0x0000000712300000, 0x0000000712400000|  0%| F|  |TAMS 0x0000000712300000, 0x0000000712300000| Untracked 
| 256|0x0000000712400000, 0x000000071248d7e8, 0x0000000712500000| 55%| E|  |TAMS 0x0000000712400000, 0x0000000712400000| Complete 
| 257|0x0000000712500000, 0x0000000712600000, 0x0000000712600000|100%| E|CS|TAMS 0x0000000712500000, 0x0000000712500000| Complete 
| 258|0x0000000712600000, 0x0000000712700000, 0x0000000712700000|100%| E|CS|TAMS 0x0000000712600000, 0x0000000712600000| Complete 
| 259|0x0000000712700000, 0x0000000712800000, 0x0000000712800000|100%| E|CS|TAMS 0x0000000712700000, 0x0000000712700000| Complete 
| 260|0x0000000712800000, 0x0000000712900000, 0x0000000712900000|100%| E|CS|TAMS 0x0000000712800000, 0x0000000712800000| Complete 
| 261|0x0000000712900000, 0x0000000712a00000, 0x0000000712a00000|100%| E|CS|TAMS 0x0000000712900000, 0x0000000712900000| Complete 
| 262|0x0000000712a00000, 0x0000000712b00000, 0x0000000712b00000|100%| E|  |TAMS 0x0000000712a00000, 0x0000000712a00000| Complete 
| 263|0x0000000712b00000, 0x0000000712c00000, 0x0000000712c00000|100%| E|CS|TAMS 0x0000000712b00000, 0x0000000712b00000| Complete 
| 264|0x0000000712c00000, 0x0000000712d00000, 0x0000000712d00000|100%| E|CS|TAMS 0x0000000712c00000, 0x0000000712c00000| Complete 
| 265|0x0000000712d00000, 0x0000000712e00000, 0x0000000712e00000|100%| E|CS|TAMS 0x0000000712d00000, 0x0000000712d00000| Complete 
| 266|0x0000000712e00000, 0x0000000712f00000, 0x0000000712f00000|100%| E|CS|TAMS 0x0000000712e00000, 0x0000000712e00000| Complete 
| 267|0x0000000712f00000, 0x0000000713000000, 0x0000000713000000|100%| E|CS|TAMS 0x0000000712f00000, 0x0000000712f00000| Complete 
| 268|0x0000000713000000, 0x0000000713100000, 0x0000000713100000|100%| E|CS|TAMS 0x0000000713000000, 0x0000000713000000| Complete 
| 269|0x0000000713100000, 0x0000000713200000, 0x0000000713200000|100%| E|CS|TAMS 0x0000000713100000, 0x0000000713100000| Complete 
| 270|0x0000000713200000, 0x0000000713300000, 0x0000000713300000|100%| E|CS|TAMS 0x0000000713200000, 0x0000000713200000| Complete 
| 271|0x0000000713300000, 0x0000000713400000, 0x0000000713400000|100%| E|CS|TAMS 0x0000000713300000, 0x0000000713300000| Complete 
| 272|0x0000000713400000, 0x0000000713500000, 0x0000000713500000|100%| E|CS|TAMS 0x0000000713400000, 0x0000000713400000| Complete 
| 273|0x0000000713500000, 0x0000000713600000, 0x0000000713600000|100%| E|CS|TAMS 0x0000000713500000, 0x0000000713500000| Complete 
| 274|0x0000000713600000, 0x0000000713700000, 0x0000000713700000|100%| E|CS|TAMS 0x0000000713600000, 0x0000000713600000| Complete 
| 275|0x0000000713700000, 0x0000000713800000, 0x0000000713800000|100%| E|CS|TAMS 0x0000000713700000, 0x0000000713700000| Complete 
| 276|0x0000000713800000, 0x0000000713900000, 0x0000000713900000|100%| E|CS|TAMS 0x0000000713800000, 0x0000000713800000| Complete 
| 277|0x0000000713900000, 0x0000000713a00000, 0x0000000713a00000|100%| E|CS|TAMS 0x0000000713900000, 0x0000000713900000| Complete 
| 278|0x0000000713a00000, 0x0000000713b00000, 0x0000000713b00000|100%| E|CS|TAMS 0x0000000713a00000, 0x0000000713a00000| Complete 
| 279|0x0000000713b00000, 0x0000000713c00000, 0x0000000713c00000|100%| E|CS|TAMS 0x0000000713b00000, 0x0000000713b00000| Complete 
| 280|0x0000000713c00000, 0x0000000713d00000, 0x0000000713d00000|100%| E|CS|TAMS 0x0000000713c00000, 0x0000000713c00000| Complete 
| 281|0x0000000713d00000, 0x0000000713e00000, 0x0000000713e00000|100%| E|CS|TAMS 0x0000000713d00000, 0x0000000713d00000| Complete 
| 282|0x0000000713e00000, 0x0000000713f00000, 0x0000000713f00000|100%| E|CS|TAMS 0x0000000713e00000, 0x0000000713e00000| Complete 
| 283|0x0000000713f00000, 0x0000000714000000, 0x0000000714000000|100%| E|CS|TAMS 0x0000000713f00000, 0x0000000713f00000| Complete 
| 284|0x0000000714000000, 0x0000000714100000, 0x0000000714100000|100%| E|CS|TAMS 0x0000000714000000, 0x0000000714000000| Complete 
| 285|0x0000000714100000, 0x0000000714200000, 0x0000000714200000|100%| E|CS|TAMS 0x0000000714100000, 0x0000000714100000| Complete 
| 286|0x0000000714200000, 0x0000000714300000, 0x0000000714300000|100%| E|CS|TAMS 0x0000000714200000, 0x0000000714200000| Complete 
| 287|0x0000000714300000, 0x0000000714400000, 0x0000000714400000|100%| E|CS|TAMS 0x0000000714300000, 0x0000000714300000| Complete 
| 288|0x0000000714400000, 0x0000000714500000, 0x0000000714500000|100%| E|CS|TAMS 0x0000000714400000, 0x0000000714400000| Complete 
| 289|0x0000000714500000, 0x0000000714600000, 0x0000000714600000|100%| E|CS|TAMS 0x0000000714500000, 0x0000000714500000| Complete 
| 290|0x0000000714600000, 0x0000000714700000, 0x0000000714700000|100%| E|CS|TAMS 0x0000000714600000, 0x0000000714600000| Complete 
| 291|0x0000000714700000, 0x0000000714800000, 0x0000000714800000|100%| E|CS|TAMS 0x0000000714700000, 0x0000000714700000| Complete 
| 292|0x0000000714800000, 0x0000000714900000, 0x0000000714900000|100%| E|CS|TAMS 0x0000000714800000, 0x0000000714800000| Complete 
| 293|0x0000000714900000, 0x0000000714a00000, 0x0000000714a00000|100%| E|CS|TAMS 0x0000000714900000, 0x0000000714900000| Complete 
| 294|0x0000000714a00000, 0x0000000714b00000, 0x0000000714b00000|100%| E|CS|TAMS 0x0000000714a00000, 0x0000000714a00000| Complete 
| 295|0x0000000714b00000, 0x0000000714c00000, 0x0000000714c00000|100%| E|CS|TAMS 0x0000000714b00000, 0x0000000714b00000| Complete 
| 296|0x0000000714c00000, 0x0000000714d00000, 0x0000000714d00000|100%| E|CS|TAMS 0x0000000714c00000, 0x0000000714c00000| Complete 
| 297|0x0000000714d00000, 0x0000000714e00000, 0x0000000714e00000|100%| E|CS|TAMS 0x0000000714d00000, 0x0000000714d00000| Complete 
| 298|0x0000000714e00000, 0x0000000714f00000, 0x0000000714f00000|100%| E|CS|TAMS 0x0000000714e00000, 0x0000000714e00000| Complete 
| 299|0x0000000714f00000, 0x0000000715000000, 0x0000000715000000|100%| E|CS|TAMS 0x0000000714f00000, 0x0000000714f00000| Complete 
| 300|0x0000000715000000, 0x0000000715100000, 0x0000000715100000|100%| E|CS|TAMS 0x0000000715000000, 0x0000000715000000| Complete 
| 301|0x0000000715100000, 0x0000000715200000, 0x0000000715200000|100%| E|CS|TAMS 0x0000000715100000, 0x0000000715100000| Complete 
| 302|0x0000000715200000, 0x0000000715300000, 0x0000000715300000|100%| E|CS|TAMS 0x0000000715200000, 0x0000000715200000| Complete 
| 303|0x0000000715300000, 0x0000000715400000, 0x0000000715400000|100%| E|CS|TAMS 0x0000000715300000, 0x0000000715300000| Complete 
| 304|0x0000000715400000, 0x0000000715500000, 0x0000000715500000|100%| E|CS|TAMS 0x0000000715400000, 0x0000000715400000| Complete 

Card table byte_map: [0x0000013b7eee0000,0x0000013b7f6d0000] _byte_map_base: 0x0000013b7b6ce000

Marking Bits (Prev, Next): (CMBitMap*) 0x0000013b7e351520, (CMBitMap*) 0x0000013b7e3514e8
 Prev Bits: [0x0000013b1b500000, 0x0000013b1f470000)
 Next Bits: [0x0000013b17590000, 0x0000013b1b500000)

Polling page: 0x0000013b7c270000

Metaspace:

Usage:
  Non-class:     56.15 MB capacity,    55.28 MB ( 98%) used,   710.23 KB (  1%) free+waste,   182.69 KB ( <1%) overhead. 
      Class:      8.57 MB capacity,     8.04 MB ( 94%) used,   465.86 KB (  5%) free+waste,    84.19 KB ( <1%) overhead. 
       Both:     64.72 MB capacity,    63.32 MB ( 98%) used,     1.15 MB (  2%) free+waste,   266.88 KB ( <1%) overhead. 

Virtual space:
  Non-class space:       58.00 MB reserved,      56.25 MB ( 97%) committed 
      Class space:        1.00 GB reserved,       8.63 MB ( <1%) committed 
             Both:        1.06 GB reserved,      64.88 MB (  6%) committed 

Chunk freelists:
   Non-Class:  37.00 KB
       Class:  21.00 KB
        Both:  58.00 KB

MaxMetaspaceSize: 17179869184.00 GB
CompressedClassSpaceSize: 1.00 GB

CodeHeap 'non-profiled nmethods': size=120000Kb used=3434Kb max_used=3434Kb free=116565Kb
 bounds [0x0000013b10060000, 0x0000013b103c0000, 0x0000013b17590000]
CodeHeap 'profiled nmethods': size=120000Kb used=12181Kb max_used=12181Kb free=107818Kb
 bounds [0x0000013b08b30000, 0x0000013b09720000, 0x0000013b10060000]
CodeHeap 'non-nmethods': size=5760Kb used=1320Kb max_used=1414Kb free=4440Kb
 bounds [0x0000013b08590000, 0x0000013b08800000, 0x0000013b08b30000]
 total_blobs=6181 nmethods=5582 adapters=517
 compilation: enabled
              stopped_count=0, restarted_count=0
 full_count=0

Compilation events (20 events):
Event: 8.657 Thread 0x0000013b227ed000 5648       1       org.h2.mvstore.tx.VersionedValueCommitted::getCurrentValue (5 bytes)
Event: 8.657 Thread 0x0000013b227ed000 nmethod 5648 0x0000013b103b9510 code [0x0000013b103b96c0, 0x0000013b103b9778]
Event: 8.657 Thread 0x0000013b227ed000 5649       3       java.lang.Long::compare (22 bytes)
Event: 8.657 Thread 0x0000013b227ed000 nmethod 5649 0x0000013b09711b90 code [0x0000013b09711d40, 0x0000013b09711ef8]
Event: 8.660 Thread 0x0000013b227ed000 5650       3       java.util.TreeMap$ValueIterator::next (8 bytes)
Event: 8.660 Thread 0x0000013b227ed000 nmethod 5650 0x0000013b09711f90 code [0x0000013b09712140, 0x0000013b09712288]
Event: 8.662 Thread 0x0000013b227ed000 5651       3       ch.qos.logback.core.pattern.Converter::write (11 bytes)
Event: 8.662 Thread 0x0000013b227ed000 nmethod 5651 0x0000013b09712390 code [0x0000013b09712560, 0x0000013b097127d8]
Event: 8.662 Thread 0x0000013b227ed000 5652       3       ch.qos.logback.core.pattern.LiteralConverter::convert (5 bytes)
Event: 8.662 Thread 0x0000013b227ed000 nmethod 5652 0x0000013b09712910 code [0x0000013b09712ac0, 0x0000013b09712bb8]
Event: 8.686 Thread 0x0000013b244d6000 5653       4       jdk.internal.misc.VM::isModuleSystemInited (13 bytes)
Event: 8.686 Thread 0x0000013b244d6000 nmethod 5653 0x0000013b103b9810 code [0x0000013b103b99a0, 0x0000013b103b9a18]
Event: 8.686 Thread 0x0000013b244d6000 5654   !   4       java.lang.invoke.MemberName::getMethodType (203 bytes)
Event: 8.688 Thread 0x0000013b244d6000 nmethod 5654 0x0000013b103b9a90 code [0x0000013b103b9c20, 0x0000013b103b9cf8]
Event: 8.689 Thread 0x0000013b227ed000 5655       3       jdk.internal.loader.BuiltinClassLoader::getAndVerifyPackage (109 bytes)
Event: 8.691 Thread 0x0000013b227ed000 nmethod 5655 0x0000013b09712c90 code [0x0000013b097130a0, 0x0000013b09714be8]
Event: 8.724 Thread 0x0000013b244d6000 5656       4       jdk.internal.loader.ClassLoaders$BootClassLoader::loadClassOrNull (11 bytes)
Event: 8.730 Thread 0x0000013b244d6000 nmethod 5656 0x0000013b103b9e10 code [0x0000013b103b9fc0, 0x0000013b103ba2a8]
Event: 8.761 Thread 0x0000013b227ed000 5658       3       java.lang.Class::asSubclass (22 bytes)
Event: 8.761 Thread 0x0000013b227ed000 nmethod 5658 0x0000013b09715510 code [0x0000013b09715700, 0x0000013b09715988]

GC Heap History (14 events):
Event: 1.121 GC heap before
{Heap before GC invocations=0 (full 0):
 garbage-first heap   total 260096K, used 24576K [0x0000000702400000, 0x0000000800000000)
  region size 1024K, 24 young (24576K), 0 survivors (0K)
 Metaspace       used 11283K, capacity 11561K, committed 11648K, reserved 1060864K
  class space    used 1065K, capacity 1130K, committed 1152K, reserved 1048576K
}
Event: 1.125 GC heap after
{Heap after GC invocations=1 (full 0):
 garbage-first heap   total 260096K, used 6657K [0x0000000702400000, 0x0000000800000000)
  region size 1024K, 3 young (3072K), 3 survivors (3072K)
 Metaspace       used 11283K, capacity 11561K, committed 11648K, reserved 1060864K
  class space    used 1065K, capacity 1130K, committed 1152K, reserved 1048576K
}
Event: 1.813 GC heap before
{Heap before GC invocations=1 (full 0):
 garbage-first heap   total 260096K, used 64001K [0x0000000702400000, 0x0000000800000000)
  region size 1024K, 60 young (61440K), 3 survivors (3072K)
 Metaspace       used 20764K, capacity 21199K, committed 21248K, reserved 1069056K
  class space    used 2376K, capacity 2541K, committed 2560K, reserved 1048576K
}
Event: 1.820 GC heap after
{Heap after GC invocations=2 (full 0):
 garbage-first heap   total 260096K, used 8898K [0x0000000702400000, 0x0000000800000000)
  region size 1024K, 6 young (6144K), 6 survivors (6144K)
 Metaspace       used 20764K, capacity 21199K, committed 21248K, reserved 1069056K
  class space    used 2376K, capacity 2541K, committed 2560K, reserved 1048576K
}
Event: 2.642 GC heap before
{Heap before GC invocations=3 (full 0):
 garbage-first heap   total 260096K, used 72386K [0x0000000702400000, 0x0000000800000000)
  region size 1024K, 69 young (70656K), 6 survivors (6144K)
 Metaspace       used 27952K, capacity 28602K, committed 28928K, reserved 1075200K
  class space    used 3261K, capacity 3498K, committed 3584K, reserved 1048576K
}
Event: 2.650 GC heap after
{Heap after GC invocations=4 (full 0):
 garbage-first heap   total 260096K, used 11084K [0x0000000702400000, 0x0000000800000000)
  region size 1024K, 5 young (5120K), 5 survivors (5120K)
 Metaspace       used 27952K, capacity 28602K, committed 28928K, reserved 1075200K
  class space    used 3261K, capacity 3498K, committed 3584K, reserved 1048576K
}
Event: 4.149 GC heap before
{Heap before GC invocations=4 (full 0):
 garbage-first heap   total 260096K, used 160588K [0x0000000702400000, 0x0000000800000000)
  region size 1024K, 152 young (155648K), 5 survivors (5120K)
 Metaspace       used 33985K, capacity 34760K, committed 34816K, reserved 1079296K
  class space    used 4024K, capacity 4336K, committed 4352K, reserved 1048576K
}
Event: 4.156 GC heap after
{Heap after GC invocations=5 (full 0):
 garbage-first heap   total 260096K, used 13888K [0x0000000702400000, 0x0000000800000000)
  region size 1024K, 8 young (8192K), 8 survivors (8192K)
 Metaspace       used 33985K, capacity 34760K, committed 34816K, reserved 1079296K
  class space    used 4024K, capacity 4336K, committed 4352K, reserved 1048576K
}
Event: 4.298 GC heap before
{Heap before GC invocations=5 (full 0):
 garbage-first heap   total 260096K, used 21056K [0x0000000702400000, 0x0000000800000000)
  region size 1024K, 16 young (16384K), 8 survivors (8192K)
 Metaspace       used 35000K, capacity 35757K, committed 35840K, reserved 1081344K
  class space    used 4159K, capacity 4453K, committed 4480K, reserved 1048576K
}
Event: 4.306 GC heap after
{Heap after GC invocations=6 (full 0):
 garbage-first heap   total 260096K, used 14376K [0x0000000702400000, 0x0000000800000000)
  region size 1024K, 8 young (8192K), 8 survivors (8192K)
 Metaspace       used 35000K, capacity 35757K, committed 35840K, reserved 1081344K
  class space    used 4159K, capacity 4453K, committed 4480K, reserved 1048576K
}
Event: 6.322 GC heap before
{Heap before GC invocations=7 (full 0):
 garbage-first heap   total 260096K, used 160808K [0x0000000702400000, 0x0000000800000000)
  region size 1024K, 152 young (155648K), 8 survivors (8192K)
 Metaspace       used 49178K, capacity 50366K, committed 50432K, reserved 1093632K
  class space    used 5865K, capacity 6351K, committed 6400K, reserved 1048576K
}
Event: 6.359 GC heap after
{Heap after GC invocations=8 (full 0):
 garbage-first heap   total 260096K, used 20081K [0x0000000702400000, 0x0000000800000000)
  region size 1024K, 14 young (14336K), 14 survivors (14336K)
 Metaspace       used 49178K, capacity 50366K, committed 50432K, reserved 1093632K
  class space    used 5865K, capacity 6351K, committed 6400K, reserved 1048576K
}
Event: 7.496 GC heap before
{Heap before GC invocations=8 (full 0):
 garbage-first heap   total 260096K, used 78449K [0x0000000702400000, 0x0000000800000000)
  region size 1024K, 73 young (74752K), 14 survivors (14336K)
 Metaspace       used 58711K, capacity 60077K, committed 60160K, reserved 1101824K
  class space    used 7325K, capacity 7853K, committed 7936K, reserved 1048576K
}
Event: 7.519 GC heap after
{Heap after GC invocations=9 (full 0):
 garbage-first heap   total 312320K, used 23019K [0x0000000702400000, 0x0000000800000000)
  region size 1024K, 13 young (13312K), 13 survivors (13312K)
 Metaspace       used 58711K, capacity 60077K, committed 60160K, reserved 1101824K
  class space    used 7325K, capacity 7853K, committed 7936K, reserved 1048576K
}

Deoptimization events (20 events):
Event: 8.758 Thread 0x0000013b7e2ec000 DEOPT PACKING pc=0x0000013b101bd6f4 sp=0x00000030fc7fc8c0
Event: 8.758 Thread 0x0000013b7e2ec000 DEOPT UNPACKING pc=0x0000013b085cbc4e sp=0x00000030fc7fbd50 mode 1
Event: 8.758 Thread 0x0000013b7e2ec000 DEOPT PACKING pc=0x0000013b08c9eb2c sp=0x00000030fc7fbd50
Event: 8.758 Thread 0x0000013b7e2ec000 DEOPT UNPACKING pc=0x0000013b085cbc4e sp=0x00000030fc7fb1e8 mode 1
Event: 8.758 Thread 0x0000013b7e2ec000 DEOPT PACKING pc=0x0000013b08c43264 sp=0x00000030fc7fbe20
Event: 8.758 Thread 0x0000013b7e2ec000 DEOPT UNPACKING pc=0x0000013b085cbc4e sp=0x00000030fc7fb2d8 mode 1
Event: 8.758 Thread 0x0000013b7e2ec000 DEOPT PACKING pc=0x0000013b101bd6f4 sp=0x00000030fc7fc8c0
Event: 8.758 Thread 0x0000013b7e2ec000 DEOPT UNPACKING pc=0x0000013b085cbc4e sp=0x00000030fc7fbd50 mode 1
Event: 8.760 Thread 0x0000013b7e2ec000 DEOPT PACKING pc=0x0000013b08c9eb2c sp=0x00000030fc7fbcd0
Event: 8.760 Thread 0x0000013b7e2ec000 DEOPT UNPACKING pc=0x0000013b085cbc4e sp=0x00000030fc7fb168 mode 1
Event: 8.760 Thread 0x0000013b7e2ec000 DEOPT PACKING pc=0x0000013b08c43264 sp=0x00000030fc7fbda0
Event: 8.760 Thread 0x0000013b7e2ec000 DEOPT UNPACKING pc=0x0000013b085cbc4e sp=0x00000030fc7fb258 mode 1
Event: 8.760 Thread 0x0000013b7e2ec000 DEOPT PACKING pc=0x0000013b101bd6f4 sp=0x00000030fc7fc840
Event: 8.760 Thread 0x0000013b7e2ec000 DEOPT UNPACKING pc=0x0000013b085cbc4e sp=0x00000030fc7fbcd0 mode 1
Event: 8.760 Thread 0x0000013b7e2ec000 DEOPT PACKING pc=0x0000013b08c9eb2c sp=0x00000030fc7fbcd0
Event: 8.760 Thread 0x0000013b7e2ec000 DEOPT UNPACKING pc=0x0000013b085cbc4e sp=0x00000030fc7fb168 mode 1
Event: 8.760 Thread 0x0000013b7e2ec000 DEOPT PACKING pc=0x0000013b08c43264 sp=0x00000030fc7fbda0
Event: 8.760 Thread 0x0000013b7e2ec000 DEOPT UNPACKING pc=0x0000013b085cbc4e sp=0x00000030fc7fb258 mode 1
Event: 8.760 Thread 0x0000013b7e2ec000 DEOPT PACKING pc=0x0000013b101bd6f4 sp=0x00000030fc7fc840
Event: 8.761 Thread 0x0000013b7e2ec000 DEOPT UNPACKING pc=0x0000013b085cbc4e sp=0x00000030fc7fbcd0 mode 1

Classes redefined (0 events):
No events

Internal exceptions (20 events):
Event: 6.467 Thread 0x0000013b7e2ec000 Exception <a 'java/lang/ClassNotFoundException'{0x00000007119b8ab8}: org/springframework/beans/factory/BeanFactoryAwareCustomizer> (0x00000007119b8ab8) thrown at [./src/hotspot/share/classfile/systemDictionary.cpp, line 231]
Event: 6.468 Thread 0x0000013b7e2ec000 Exception <a 'java/lang/ClassNotFoundException'{0x00000007119c6470}: org/springframework/beans/factory/AwareCustomizer> (0x00000007119c6470) thrown at [./src/hotspot/share/classfile/systemDictionary.cpp, line 231]
Event: 6.469 Thread 0x0000013b7e2ec000 Exception <a 'java/lang/ClassNotFoundException'{0x0000000711857678}: org/springframework/security/config/annotation/web/WebSecurityConfigurerCustomizer> (0x0000000711857678) thrown at [./src/hotspot/share/classfile/systemDictionary.cpp, line 231]
Event: 6.470 Thread 0x0000013b7e2ec000 Exception <a 'java/lang/ClassNotFoundException'{0x0000000711867750}: org/springframework/security/config/annotation/SecurityConfigurerCustomizer> (0x0000000711867750) thrown at [./src/hotspot/share/classfile/systemDictionary.cpp, line 231]
Event: 6.504 Thread 0x0000013b7e2ec000 Exception <a 'java/lang/ClassNotFoundException'{0x000000071167e270}: java/lang/ObjectCustomizer> (0x000000071167e270) thrown at [./src/hotspot/share/classfile/systemDictionary.cpp, line 231]
Event: 6.505 Thread 0x0000013b7e2ec000 Exception <a 'java/lang/ClassNotFoundException'{0x0000000711512928}: org/springframework/web/servlet/config/annotation/WebMvcConfigurationSupportCustomizer> (0x0000000711512928) thrown at [./src/hotspot/share/classfile/systemDictionary.cpp, line 231]
Event: 6.507 Thread 0x0000013b7e2ec000 Exception <a 'java/lang/ClassNotFoundException'{0x0000000711531a38}: org/springframework/web/servlet/config/annotation/DelegatingWebMvcConfigurationCustomizer> (0x0000000711531a38) thrown at [./src/hotspot/share/classfile/systemDictionary.cpp, line 231]
Event: 6.508 Thread 0x0000013b7e2ec000 Exception <a 'java/lang/ClassNotFoundException'{0x00000007115499b8}: org/springframework/boot/autoconfigure/web/servlet/WebMvcAutoConfiguration$EnableWebMvcConfigurationCustomizer> (0x00000007115499b8) thrown at [./src/hotspot/share/classfile/systemDictionary.cpp, line 231]
Event: 6.509 Thread 0x0000013b7e2ec000 Exception <a 'java/lang/ClassNotFoundException'{0x0000000711564178}: org/springframework/context/ResourceLoaderAwareCustomizer> (0x0000000711564178) thrown at [./src/hotspot/share/classfile/systemDictionary.cpp, line 231]
Event: 6.510 Thread 0x0000013b7e2ec000 Exception <a 'java/lang/ClassNotFoundException'{0x00000007115715d8}: org/springframework/beans/factory/AwareCustomizer> (0x00000007115715d8) thrown at [./src/hotspot/share/classfile/systemDictionary.cpp, line 231]
Event: 6.511 Thread 0x0000013b7e2ec000 Exception <a 'java/lang/ClassNotFoundException'{0x000000071157f698}: org/springframework/context/ApplicationContextAwareCustomizer> (0x000000071157f698) thrown at [./src/hotspot/share/classfile/systemDictionary.cpp, line 231]
Event: 6.511 Thread 0x0000013b7e2ec000 Exception <a 'java/lang/ClassNotFoundException'{0x00000007115e00d8}: org/springframework/beans/factory/AwareCustomizer> (0x00000007115e00d8) thrown at [./src/hotspot/share/classfile/systemDictionary.cpp, line 231]
Event: 6.512 Thread 0x0000013b7e2ec000 Exception <a 'java/lang/ClassNotFoundException'{0x00000007115ee170}: org/springframework/web/context/ServletContextAwareCustomizer> (0x00000007115ee170) thrown at [./src/hotspot/share/classfile/systemDictionary.cpp, line 231]
Event: 6.513 Thread 0x0000013b7e2ec000 Exception <a 'java/lang/ClassNotFoundException'{0x00000007115fba38}: org/springframework/beans/factory/AwareCustomizer> (0x00000007115fba38) thrown at [./src/hotspot/share/classfile/systemDictionary.cpp, line 231]
Event: 6.586 Thread 0x0000013b7e2ec000 Exception <a 'java/lang/ClassNotFoundException'{0x0000000710f59e20}: java/lang/ObjectCustomizer> (0x0000000710f59e20) thrown at [./src/hotspot/share/classfile/systemDictionary.cpp, line 231]
Event: 6.587 Thread 0x0000013b7e2ec000 Exception <a 'java/lang/ClassNotFoundException'{0x0000000710f70f38}: org/springframework/security/config/annotation/authentication/configuration/AuthenticationConfigurationCustomizer> (0x0000000710f70f38) thrown at [./src/hotspot/share/classfile/systemDictionary.cpp, line 231]
Event: 7.316 Thread 0x0000013b29abb000 Exception <a 'java/lang/NoSuchMethodError'{0x000000070f1d6708}: 'java.lang.Object java.lang.invoke.DirectMethodHandle$Holder.newInvokeSpecial(java.lang.Object, java.lang.Object, int, java.lang.Object, java.lang.Object)'> (0x000000070f1d6708) thrown at [./src/hotspot/share/interpreter/linkResolver.cpp, line 773]
Event: 8.263 Thread 0x0000013b29abb000 Exception <a 'java/lang/NoSuchMethodError'{0x0000000713c5e390}: 'void java.lang.invoke.DirectMethodHandle$Holder.invokeInterface(java.lang.Object, java.lang.Object)'> (0x0000000713c5e390) thrown at [./src/hotspot/share/interpreter/linkResolver.cpp, line 773]
Event: 8.284 Thread 0x0000013b29abb000 Exception <a 'java/lang/NoSuchMethodError'{0x0000000713b1cff8}: 'java.lang.Object java.lang.invoke.DirectMethodHandle$Holder.invokeStaticInit(java.lang.Object, java.lang.Object, java.lang.Object, java.lang.Object, int, int)'> (0x0000000713b1cff8) thrown at [./src/hotspot/share/interpreter/linkResolver.cpp, line 773]
Event: 8.751 Thread 0x0000013b7e2ec000 Exception <a 'java/lang/NoSuchMethodError'{0x0000000712520c68}: 'java.lang.Object java.lang.invoke.DirectMethodHandle$Holder.invokeInterface(java.lang.Object, java.lang.Object, java.lang.Object)'> (0x0000000712520c68) thrown at [./src/hotspot/share/interpreter/linkResolver.cpp, line 773]

Events (20 events):
Event: 8.760 loading class org/hibernate/internal/CoreMessageLogger_$logger_sv_SE
Event: 8.760 loading class org/hibernate/internal/CoreMessageLogger_$logger_sv_SE done
Event: 8.760 loading class org/hibernate/internal/CoreMessageLogger_$logger_sv
Event: 8.760 loading class org/hibernate/internal/CoreMessageLogger_$logger_sv done
Event: 8.761 loading class org/hibernate/resource/jdbc/internal/LogicalConnectionManagedImpl
Event: 8.761 loading class org/hibernate/resource/jdbc/internal/LogicalConnectionManagedImpl done
Event: 8.761 loading class org/hibernate/resource/jdbc/internal/AbstractLogicalConnectionImplementor
Event: 8.761 loading class org/hibernate/resource/jdbc/internal/AbstractLogicalConnectionImplementor done
Event: 8.762 loading class org/hibernate/resource/jdbc/spi/PhysicalJdbcTransaction
Event: 8.762 loading class org/hibernate/resource/jdbc/spi/PhysicalJdbcTransaction done
Event: 8.763 loading class org/hibernate/ResourceClosedException
Event: 8.763 loading class org/hibernate/ResourceClosedException done
Event: 8.763 loading class org/hibernate/internal/NonContextualJdbcConnectionAccess
Event: 8.763 loading class org/hibernate/internal/NonContextualJdbcConnectionAccess done
Event: 8.764 loading class org/hibernate/resource/transaction/spi/TransactionStatus
Event: 8.764 loading class org/hibernate/resource/transaction/spi/TransactionStatus done
Event: 8.764 loading class org/hibernate/resource/transaction/backend/jdbc/internal/JdbcResourceLocalTransactionCoordinatorImpl
Event: 8.764 loading class org/hibernate/resource/transaction/backend/jdbc/internal/JdbcResourceLocalTransactionCoordinatorImpl done
Event: 8.765 loading class org/hibernate/resource/transaction/spi/TransactionCoordinator$TransactionDriver
Event: 8.765 loading class org/hibernate/resource/transaction/spi/TransactionCoordinator$TransactionDriver done


Dynamic libraries:
0x00007ff7268b0000 - 0x00007ff7268bd000 	C:\Java\jdk11.0.8_10\bin\java.exe
0x00007ffaf38f0000 - 0x00007ffaf3ae5000 	C:\WINDOWS\SYSTEM32\ntdll.dll
0x00007ffaf2770000 - 0x00007ffaf282d000 	C:\WINDOWS\System32\KERNEL32.DLL
0x00007ffaf1430000 - 0x00007ffaf16f8000 	C:\WINDOWS\System32\KERNELBASE.dll
0x00007ffaf1330000 - 0x00007ffaf1430000 	C:\WINDOWS\System32\ucrtbase.dll
0x00007ffaa2bb0000 - 0x00007ffaa2bc7000 	C:\Java\jdk11.0.8_10\bin\jli.dll
0x00007ffaa8610000 - 0x00007ffaa8625000 	C:\Java\jdk11.0.8_10\bin\VCRUNTIME140.dll
0x00007ffaf3360000 - 0x00007ffaf3500000 	C:\WINDOWS\System32\USER32.dll
0x00007ffaf10e0000 - 0x00007ffaf1102000 	C:\WINDOWS\System32\win32u.dll
0x00007fface380000 - 0x00007fface61a000 	C:\WINDOWS\WinSxS\amd64_microsoft.windows.common-controls_6595b64144ccf1df_6.0.19041.844_none_ca00b6081b84eb1d\COMCTL32.dll
0x00007ffaf2130000 - 0x00007ffaf215a000 	C:\WINDOWS\System32\GDI32.dll
0x00007ffaf3010000 - 0x00007ffaf30ae000 	C:\WINDOWS\System32\msvcrt.dll
0x00007ffaf11f0000 - 0x00007ffaf12fb000 	C:\WINDOWS\System32\gdi32full.dll
0x00007ffaf18b0000 - 0x00007ffaf194d000 	C:\WINDOWS\System32\msvcp_win.dll
0x00007ffaf3880000 - 0x00007ffaf38b0000 	C:\WINDOWS\System32\IMM32.DLL
0x00007ffa68970000 - 0x00007ffa68a0b000 	C:\Java\jdk11.0.8_10\bin\msvcp140.dll
0x00007ffa44ba0000 - 0x00007ffa4565d000 	C:\Java\jdk11.0.8_10\bin\server\jvm.dll
0x00007ffaf3120000 - 0x00007ffaf31cc000 	C:\WINDOWS\System32\ADVAPI32.dll
0x00007ffaf2a30000 - 0x00007ffaf2acb000 	C:\WINDOWS\System32\sechost.dll
0x00007ffaf31d0000 - 0x00007ffaf32fb000 	C:\WINDOWS\System32\RPCRT4.dll
0x00007ffaf3110000 - 0x00007ffaf3118000 	C:\WINDOWS\System32\PSAPI.DLL
0x00007ffadb6a0000 - 0x00007ffadb6a9000 	C:\WINDOWS\SYSTEM32\WSOCK32.dll
0x00007ffae5a40000 - 0x00007ffae5a4a000 	C:\WINDOWS\SYSTEM32\VERSION.dll
0x00007ffadcf00000 - 0x00007ffadcf27000 	C:\WINDOWS\SYSTEM32\WINMM.dll
0x00007ffaf29c0000 - 0x00007ffaf2a2b000 	C:\WINDOWS\System32\WS2_32.dll
0x00007ffaef8d0000 - 0x00007ffaef8e2000 	C:\WINDOWS\SYSTEM32\kernel.appcore.dll
0x00007ffabe5b0000 - 0x00007ffabe5c0000 	C:\Java\jdk11.0.8_10\bin\verify.dll
0x00007ffaebc50000 - 0x00007ffaebe34000 	C:\WINDOWS\SYSTEM32\DBGHELP.DLL
0x00007ffadb180000 - 0x00007ffadb1ac000 	C:\WINDOWS\SYSTEM32\dbgcore.DLL
0x00007ffaf1170000 - 0x00007ffaf11f0000 	C:\WINDOWS\System32\bcryptPrimitives.dll
0x00007ffaa2b80000 - 0x00007ffaa2ba8000 	C:\Java\jdk11.0.8_10\bin\java.dll
0x00007ffab5f90000 - 0x00007ffab5f9a000 	C:\Java\jdk11.0.8_10\bin\jimage.dll
0x00007ffacb030000 - 0x00007ffacb068000 	C:\Java\jdk11.0.8_10\bin\jdwp.dll
0x00007ffae5780000 - 0x00007ffae578e000 	C:\Java\jdk11.0.8_10\bin\instrument.dll
0x00007ffaa2a10000 - 0x00007ffaa2a27000 	C:\Java\jdk11.0.8_10\bin\zip.dll
0x00007ffaf19e0000 - 0x00007ffaf2122000 	C:\WINDOWS\System32\SHELL32.dll
0x00007ffaef100000 - 0x00007ffaef890000 	C:\WINDOWS\SYSTEM32\windows.storage.dll
0x00007ffaf3500000 - 0x00007ffaf3855000 	C:\WINDOWS\System32\combase.dll
0x00007ffaf0aa0000 - 0x00007ffaf0acc000 	C:\WINDOWS\SYSTEM32\Wldp.dll
0x00007ffaf2420000 - 0x00007ffaf24ce000 	C:\WINDOWS\System32\SHCORE.dll
0x00007ffaf3300000 - 0x00007ffaf3355000 	C:\WINDOWS\System32\shlwapi.dll
0x00007ffaf0f70000 - 0x00007ffaf0f8f000 	C:\WINDOWS\SYSTEM32\profapi.dll
0x00007ffadd210000 - 0x00007ffadd21a000 	C:\Java\jdk11.0.8_10\bin\dt_socket.dll
0x00007ffaf0810000 - 0x00007ffaf087a000 	C:\WINDOWS\system32\mswsock.dll
0x00007ffaa29f0000 - 0x00007ffaa2a09000 	C:\Java\jdk11.0.8_10\bin\net.dll
0x00007ffae5b20000 - 0x00007ffae5c2b000 	C:\WINDOWS\SYSTEM32\WINHTTP.dll
0x00007ffaa27a0000 - 0x00007ffaa27b2000 	C:\Java\jdk11.0.8_10\bin\nio.dll
0x00007ffadd200000 - 0x00007ffadd209000 	C:\Java\jdk11.0.8_10\bin\management.dll
0x00007ffadd1f0000 - 0x00007ffadd1fb000 	C:\Java\jdk11.0.8_10\bin\management_ext.dll
0x00007ffad2420000 - 0x00007ffad2437000 	C:\WINDOWS\system32\napinsp.dll
0x00007ffad1f00000 - 0x00007ffad1f1b000 	C:\WINDOWS\system32\pnrpnsp.dll
0x00007ffae9110000 - 0x00007ffae9125000 	C:\WINDOWS\system32\wshbth.dll
0x00007ffae97c0000 - 0x00007ffae97dd000 	C:\WINDOWS\system32\NLAapi.dll
0x00007ffaf0490000 - 0x00007ffaf04cb000 	C:\WINDOWS\SYSTEM32\IPHLPAPI.DLL
0x00007ffaf04e0000 - 0x00007ffaf05ac000 	C:\WINDOWS\SYSTEM32\DNSAPI.dll
0x00007ffaf1950000 - 0x00007ffaf1958000 	C:\WINDOWS\System32\NSI.dll
0x00007ffad1ee0000 - 0x00007ffad1ef2000 	C:\WINDOWS\System32\winrnr.dll
0x00007ffae60c0000 - 0x00007ffae60ca000 	C:\Windows\System32\rasadhlp.dll
0x00007ffaddd20000 - 0x00007ffaddd9f000 	C:\WINDOWS\System32\fwpuclnt.dll
0x00007ffaf1300000 - 0x00007ffaf1327000 	C:\WINDOWS\System32\bcrypt.dll
0x00007ffaf09f0000 - 0x00007ffaf0a08000 	C:\WINDOWS\SYSTEM32\CRYPTSP.dll
0x00007ffaf0100000 - 0x00007ffaf0134000 	C:\WINDOWS\system32\rsaenh.dll
0x00007ffaf0ef0000 - 0x00007ffaf0f1e000 	C:\WINDOWS\SYSTEM32\USERENV.dll
0x00007ffaf09e0000 - 0x00007ffaf09ec000 	C:\WINDOWS\SYSTEM32\CRYPTBASE.dll
0x00007ffae4620000 - 0x00007ffae4637000 	C:\WINDOWS\SYSTEM32\dhcpcsvc6.DLL
0x00007ffae4970000 - 0x00007ffae498d000 	C:\WINDOWS\SYSTEM32\dhcpcsvc.DLL

dbghelp: loaded successfully - version: 4.0.5 - missing functions: none
symbol engine: initialized successfully - sym options: 0x614 - pdb path: .;C:\Java\jdk11.0.8_10\bin;C:\WINDOWS\SYSTEM32;C:\WINDOWS\WinSxS\amd64_microsoft.windows.common-controls_6595b64144ccf1df_6.0.19041.844_none_ca00b6081b84eb1d;C:\Java\jdk11.0.8_10\bin\server

VM Arguments:
jvm_args: -agentlib:jdwp=transport=dt_socket,address=127.0.0.1:53552,suspend=y,server=n -javaagent:C:\Users\robin\AppData\Local\JetBrains\IdeaIC2020.3\captureAgent\debugger-agent.jar -Dfile.encoding=UTF-8 
java_command: nu.borjessons.clubhouse.impl.ClubhouseApplication
java_class_path (initial): C:\Users\robin\projects\clubhouse\clubhouse\clubhouse-impl\target\classes;C:\Users\robin\.m2\repository\org\springframework\boot\spring-boot-starter-data-jpa\2.3.2.RELEASE\spring-boot-starter-data-jpa-2.3.2.RELEASE.jar;C:\Users\robin\.m2\repository\org\springframework\boot\spring-boot-starter-aop\2.3.2.RELEASE\spring-boot-starter-aop-2.3.2.RELEASE.jar;C:\Users\robin\.m2\repository\org\aspectj\aspectjweaver\1.9.6\aspectjweaver-1.9.6.jar;C:\Users\robin\.m2\repository\org\springframework\boot\spring-boot-starter-jdbc\2.3.2.RELEASE\spring-boot-starter-jdbc-2.3.2.RELEASE.jar;C:\Users\robin\.m2\repository\com\zaxxer\HikariCP\3.4.5\HikariCP-3.4.5.jar;C:\Users\robin\.m2\repository\org\springframework\spring-jdbc\5.2.8.RELEASE\spring-jdbc-5.2.8.RELEASE.jar;C:\Users\robin\.m2\repository\jakarta\transaction\jakarta.transaction-api\1.3.3\jakarta.transaction-api-1.3.3.jar;C:\Users\robin\.m2\repository\jakarta\persistence\jakarta.persistence-api\2.2.3\jakarta.persistence-api-2.2.3.jar;C:\Users\robin\.m2\repository\org\hibernate\hibernate-core\5.4.18.Final\hibernate-core-5.4.18.Final.jar;C:\Users\robin\.m2\repository\org\jboss\logging\jboss-logging\3.4.1.Final\jboss-logging-3.4.1.Final.jar;C:\Users\robin\.m2\repository\org\javassist\javassist\3.24.0-GA\javassist-3.24.0-GA.jar;C:\Users\robin\.m2\repository\net\bytebuddy\byte-buddy\1.10.13\byte-buddy-1.10.13.jar;C:\Users\robin\.m2\repository\antlr\antlr\2.7.7\antlr-2.7.7.jar;C:\Users\robin\.m2\repository\org\jboss\jandex\2.1.3.Final\jandex-2.1.3.Final.jar;C:\Users\robin\.m2\repository\com\fasterxml\classmate\1.5.1\classmate-1.5.1.jar;C:\Users\robin\.m2\repository\org\dom4j\dom4j\2.1.3\dom4j-2.1.3.jar;C:\Users\robin\.m2\repository\org\hibernate\common\hibernate-commons-annotations\5.1.0.Final\hibernate-commons-annotations-5.1.0.Final.jar;C:\Users\robin\.m2\repository\org\glassfish\jaxb\jaxb-runtime\2.3.3\jaxb-runtime-2.3.3.jar;C:\Users\robin\.m2\repository\org\glassfish\jaxb\txw2\2.3.3\txw2-2.3.3.jar;C:\U
Launcher Type: SUN_STANDARD

[Global flags]
     intx CICompilerCount                          = 4                                         {product} {ergonomic}
     uint ConcGCThreads                            = 2                                         {product} {ergonomic}
     uint G1ConcRefinementThreads                  = 8                                         {product} {ergonomic}
   size_t G1HeapRegionSize                         = 1048576                                   {product} {ergonomic}
    uintx GCDrainStackTargetSize                   = 64                                        {product} {ergonomic}
   size_t InitialHeapSize                          = 266338304                                 {product} {ergonomic}
   size_t MarkStackSize                            = 4194304                                   {product} {ergonomic}
   size_t MaxHeapSize                              = 4257218560                                {product} {ergonomic}
   size_t MaxNewSize                               = 2554331136                                {product} {ergonomic}
   size_t MinHeapDeltaBytes                        = 1048576                                   {product} {ergonomic}
    uintx NonNMethodCodeHeapSize                   = 5836300                                {pd product} {ergonomic}
    uintx NonProfiledCodeHeapSize                  = 122910970                              {pd product} {ergonomic}
    uintx ProfiledCodeHeapSize                     = 122910970                              {pd product} {ergonomic}
    uintx ReservedCodeCacheSize                    = 251658240                              {pd product} {ergonomic}
     bool SegmentedCodeCache                       = true                                      {product} {ergonomic}
     bool UseCompressedClassPointers               = true                                 {lp64_product} {ergonomic}
     bool UseCompressedOops                        = true                                 {lp64_product} {ergonomic}
     bool UseG1GC                                  = true                                      {product} {ergonomic}
     bool UseLargePagesIndividualAllocation        = false                                  {pd product} {ergonomic}

Logging:
Log output configuration:
 #0: stdout all=warning uptime,level,tags
 #1: stderr all=off uptime,level,tags

Environment Variables:
JAVA_HOME=C:\Java\jdk11.0.8_10
PATH=C:\Python39\Scripts\;C:\Python39\;C:\Python38\Scripts\;C:\Python38\;C:\Program Files (x86)\Razer Chroma SDK\bin;C:\Program Files\Razer Chroma SDK\bin;C:\Java\jdk11.0.8_10\bin;C:\Program Files (x86)\Razer\ChromaBroadcast\bin;C:\Program Files\Razer\ChromaBroadcast\bin;C:\Program Files\Microsoft MPI\Bin\;C:\Windows\system32;C:\Windows;C:\Windows\System32\Wbem;C:\Windows\System32\WindowsPowerShell\v1.0\;C:\Program Files (x86)\NVIDIA Corporation\PhysX\Common;C:\WINDOWS\system32;C:\WINDOWS;C:\WINDOWS\System32\Wbem;C:\WINDOWS\System32\WindowsPowerShell\v1.0\;C:\WINDOWS\System32\OpenSSH\;C:\ProgramData\chocolatey\bin;C:\Program Files\Microsoft VS Code\bin;C:\Program Files\NVIDIA Corporation\NVIDIA NvDLISR;C:\Users\robin\AppData\Roaming\nvm;C:\Program Files\Microsoft SQL Server\Client SDK\ODBC\130\Tools\Binn\;C:\Program Files (x86)\Microsoft SQL Server\140\Tools\Binn\;C:\Program Files\Microsoft SQL Server\140\Tools\Binn\;C:\Program Files\Microsoft SQL Server\140\DTS\Binn\;C:\RailsInstaller\DevKit;C:\Program Files\Microsoft\Web Platform Installer\;C:\Program Files\apache-maven-3.6.0\bin;C:\Python37;C:\Python37\Scripts;C:\ProgramData\chocolatey\lib\Elixir/bin;C:\Java\jdk-14.0.1\bin;C:\Program Files\MySQL\MySQL Server 8.0\bin;C:\Program Files (x86)\Yarn\bin\;C:\WINDOWS\system32;C:\WINDOWS;C:\WINDOWS\System32\Wbem;C:\WINDOWS\System32\WindowsPowerShell\v1.0\;C:\WINDOWS\System32\OpenSSH\;C:\WINDOWS\system32\config\systemprofile\AppData\Local\Microsoft\WindowsApps;C:\Program Files\nodejs\;C:\Program Files\GNU Octave\Octave-6.2.0\mingw64\bin;C:\Program Files (x86)\Intel\Intel(R) Management Engine Components\DAL;C:\Program Files\Intel\Intel(R) Management Engine Components\DAL;C:\Program Files\Git\cmd;C:\Python37\Scripts\;C:\Python37\;C:\RailsInstaller\Ruby2.3.3\bin;C:\Users\robin\.conda\envs\gl-env\Anaconda2;C:\Users\robin\.conda\envs\gl-env\Anaconda2\Scripts;C:\Users\robin\.conda\envs\gl-env\Anaconda2\Library\bin;C:\Users\robin\AppData\Local\Microsoft\WindowsApps;C:\phantomjs-2.1.
USERNAME=robin
OS=Windows_NT
PROCESSOR_IDENTIFIER=Intel64 Family 6 Model 158 Stepping 9, GenuineIntel



---------------  S Y S T E M  ---------------

OS: Windows 10 , 64 bit Build 19041 (10.0.19041.928)
OS uptime: 0 days 14:23 hours
HyperV virtualization detected

CPU:total 8 (initial active 8) (4 cores per cpu, 2 threads per core) family 6 model 158 stepping 9, cmov, cx8, fxsr, mmx, sse, sse2, sse3, ssse3, sse4.1, sse4.2, popcnt, avx, avx2, aes, clmul, erms, 3dnowpref, lzcnt, ht, tsc, tscinvbit, bmi1, bmi2, adx, fma

Memory: 4k page, system-wide physical 16235M (4544M free)
TotalPageFile size 17259M (AvailPageFile size 7M)
current process WorkingSet (physical memory assigned to process): 553M, peak: 553M
current process commit charge ("private bytes"): 678M, peak: 686M

vm_info: OpenJDK 64-Bit Server VM (11.0.8+10-LTS) for windows-amd64 JRE (11.0.8+10-LTS), built on Jul 13 2020 00:42:50 by "Administrator" with MS VC++ 15.9 (VS2017)

END.
