#
# There is insufficient memory for the Java Runtime Environment to continue.
# Native memory allocation (malloc) failed to allocate 1643216 bytes for Chunk::new
# Possible reasons:
#   The system is out of physical RAM or swap space
#   The process is running with CompressedOops enabled, and the Java Heap may be blocking the growth of the native heap
# Possible solutions:
#   Reduce memory load on the system
#   Increase physical memory or swap space
#   Check if swap backing store is full
#   Decrease Java heap size (-Xmx/-Xms)
#   Decrease number of Java threads
#   Decrease Java thread stack sizes (-Xss)
#   Set larger code cache with -XX:ReservedCodeCacheSize=
#   JVM is running with Zero Based Compressed Oops mode in which the Java heap is
#     placed in the first 32GB address space. The Java Heap base address is the
#     maximum limit for the native heap growth. Please use -XX:HeapBaseMinAddress
#     to set the Java Heap base and to place the Java Heap above 32GB virtual address.
# This output file may be truncated or incomplete.
#
#  Out of Memory Error (./src/hotspot/share/memory/arena.cpp:197), pid=18516, tid=19888
#
# JRE version: OpenJDK Runtime Environment Corretto-11.0.8.10.1 (11.0.8+10) (build 11.0.8+10-LTS)
# Java VM: OpenJDK 64-Bit Server VM Corretto-11.0.8.10.1 (11.0.8+10-LTS, mixed mode, tiered, compressed oops, g1 gc, windows-amd64)
# No core dump will be written. Minidumps are not enabled by default on client versions of Windows
#

---------------  S U M M A R Y ------------

Command Line: C:\Users\robin\AppData\Local\Temp\surefire7626776618800892085\surefirebooter1643365513702761823.jar C:\Users\robin\AppData\Local\Temp\surefire7626776618800892085 2021-01-06T23-10-37_260-jvmRun1 surefire14914942769184011947tmp surefire_016781595130956650616tmp

Host: Intel(R) Core(TM) i7-7700HQ CPU @ 2.80GHz, 8 cores, 15G,  Windows 10 , 64 bit Build 19041 (10.0.19041.662)
Time: Wed Jan  6 23:10:52 2021 Västeuropa, normaltid elapsed time: 14 seconds (0d 0h 0m 14s)

---------------  T H R E A D  ---------------

Current thread (0x00000204f5282800):  JavaThread "C2 CompilerThread0" daemon [_thread_in_native, id=19888, stack(0x0000008b97500000,0x0000008b97600000)]


Current CompileTask:
C2:  14418 6518   !   4       org.springframework.util.ClassUtils::getMostSpecificMethod (72 bytes)

Stack: [0x0000008b97500000,0x0000008b97600000]
Native frames: (J=compiled Java code, j=interpreted, Vv=VM code, C=native code)
V  [jvm.dll+0x5dfc8a]
V  [jvm.dll+0x7179be]
V  [jvm.dll+0x71908f]
V  [jvm.dll+0x719753]
V  [jvm.dll+0x240e48]
V  [jvm.dll+0xb96ac]
V  [jvm.dll+0xb9dac]
V  [jvm.dll+0x346387]
V  [jvm.dll+0x193831]
V  [jvm.dll+0x1faa32]
V  [jvm.dll+0x1f9adf]
V  [jvm.dll+0x17e4ec]
V  [jvm.dll+0x208f27]
V  [jvm.dll+0x20710b]
V  [jvm.dll+0x6dc729]
V  [jvm.dll+0x6d57d4]
V  [jvm.dll+0x5debc6]
C  [ucrtbase.dll+0x214c2]
C  [KERNEL32.DLL+0x17034]
C  [ntdll.dll+0x4d0d1]


---------------  P R O C E S S  ---------------

Threads class SMR info:
_java_thread_list=0x00000204fd5aa3e0, length=20, elements={
0x00000204d0d9e000, 0x00000204f497e000, 0x00000204f498b800, 0x00000204f527f000,
0x00000204f5281800, 0x00000204f5282800, 0x00000204f522b000, 0x00000204f522d800,
0x00000204f53d3000, 0x00000204f53d9800, 0x00000204f53fa000, 0x00000204f5702800,
0x00000204fb16e800, 0x00000204fe895000, 0x00000204f829e000, 0x00000204fce31800,
0x00000204f8289800, 0x00000204fb67a000, 0x00000204f8d51000, 0x00000204fe732800
}

Java Threads: ( => current thread )
  0x00000204d0d9e000 JavaThread "main" [_thread_in_vm, id=8956, stack(0x0000008b96900000,0x0000008b96a00000)]
  0x00000204f497e000 JavaThread "Reference Handler" daemon [_thread_blocked, id=3992, stack(0x0000008b97000000,0x0000008b97100000)]
  0x00000204f498b800 JavaThread "Finalizer" daemon [_thread_blocked, id=23048, stack(0x0000008b97100000,0x0000008b97200000)]
  0x00000204f527f000 JavaThread "Signal Dispatcher" daemon [_thread_blocked, id=13884, stack(0x0000008b97300000,0x0000008b97400000)]
  0x00000204f5281800 JavaThread "Attach Listener" daemon [_thread_blocked, id=13536, stack(0x0000008b97400000,0x0000008b97500000)]
=>0x00000204f5282800 JavaThread "C2 CompilerThread0" daemon [_thread_in_native, id=19888, stack(0x0000008b97500000,0x0000008b97600000)]
  0x00000204f522b000 JavaThread "C1 CompilerThread0" daemon [_thread_in_native, id=15460, stack(0x0000008b97600000,0x0000008b97700000)]
  0x00000204f522d800 JavaThread "Sweeper thread" daemon [_thread_blocked, id=4432, stack(0x0000008b97700000,0x0000008b97800000)]
  0x00000204f53d3000 JavaThread "Service Thread" daemon [_thread_blocked, id=21844, stack(0x0000008b97800000,0x0000008b97900000)]
  0x00000204f53d9800 JavaThread "Common-Cleaner" daemon [_thread_blocked, id=23268, stack(0x0000008b97a00000,0x0000008b97b00000)]
  0x00000204f53fa000 JavaThread "surefire-forkedjvm-command-thread" daemon [_thread_in_native, id=21272, stack(0x0000008b97b00000,0x0000008b97c00000)]
  0x00000204f5702800 JavaThread "surefire-forkedjvm-ping-30s" daemon [_thread_blocked, id=22676, stack(0x0000008b97c00000,0x0000008b97d00000)]
  0x00000204fb16e800 JavaThread "Catalina-utility-1" [_thread_blocked, id=5560, stack(0x0000008b98500000,0x0000008b98600000)]
  0x00000204fe895000 JavaThread "Catalina-utility-2" [_thread_blocked, id=20312, stack(0x0000008b98600000,0x0000008b98700000)]
  0x00000204f829e000 JavaThread "container-0" [_thread_blocked, id=13856, stack(0x0000008b98700000,0x0000008b98800000)]
  0x00000204fce31800 JavaThread "HikariPool-1 housekeeper" daemon [_thread_blocked, id=10416, stack(0x0000008b98800000,0x0000008b98900000)]
  0x00000204f8289800 JavaThread "task-1" [_thread_blocked, id=12960, stack(0x0000008b98a00000,0x0000008b98b00000)]
  0x00000204fb67a000 JavaThread "task-2" [_thread_blocked, id=21648, stack(0x0000008b98300000,0x0000008b98400000)]
  0x00000204f8d51000 JavaThread "C2 CompilerThread1" daemon [_thread_blocked, id=16228, stack(0x0000008b98200000,0x0000008b98300000)]
  0x00000204fe732800 JavaThread "C2 CompilerThread2" daemon [_thread_in_native, id=21812, stack(0x0000008b98d00000,0x0000008b98e00000)]

Other Threads:
  0x00000204f495b800 VMThread "VM Thread" [stack: 0x0000008b96f00000,0x0000008b97000000] [id=6792]
  0x00000204f53d8800 WatcherThread [stack: 0x0000008b97900000,0x0000008b97a00000] [id=21740]
  0x00000204d0db5000 GCTaskThread "GC Thread#0" [stack: 0x0000008b96a00000,0x0000008b96b00000] [id=21664]
  0x00000204f5acd800 GCTaskThread "GC Thread#1" [stack: 0x0000008b97d00000,0x0000008b97e00000] [id=10440]
  0x00000204f5e7f800 GCTaskThread "GC Thread#2" [stack: 0x0000008b97e00000,0x0000008b97f00000] [id=21568]
  0x00000204f5e5d000 GCTaskThread "GC Thread#3" [stack: 0x0000008b97f00000,0x0000008b98000000] [id=18892]
  0x00000204f60dd800 GCTaskThread "GC Thread#4" [stack: 0x0000008b98000000,0x0000008b98100000] [id=3196]
  0x00000204f60de000 GCTaskThread "GC Thread#5" [stack: 0x0000008b98100000,0x0000008b98200000] [id=15592]
  0x00000204f913b000 GCTaskThread "GC Thread#6" [stack: 0x0000008b98b00000,0x0000008b98c00000] [id=21188]
  0x00000204f9137000 GCTaskThread "GC Thread#7" [stack: 0x0000008b98c00000,0x0000008b98d00000] [id=13664]
  0x00000204d0e10000 ConcurrentGCThread "G1 Main Marker" [stack: 0x0000008b96b00000,0x0000008b96c00000] [id=11924]
  0x00000204d0e12800 ConcurrentGCThread "G1 Conc#0" [stack: 0x0000008b96c00000,0x0000008b96d00000] [id=2540]
  0x00000204f90ef000 ConcurrentGCThread "G1 Conc#1" [stack: 0x0000008b98400000,0x0000008b98500000] [id=2744]
  0x00000204f4841800 ConcurrentGCThread "G1 Refine#0" [stack: 0x0000008b96d00000,0x0000008b96e00000] [id=5060]
  0x00000204f4842800 ConcurrentGCThread "G1 Young RemSet Sampling" [stack: 0x0000008b96e00000,0x0000008b96f00000] [id=20844]

Threads with active compile tasks:
C2 CompilerThread0  14462 6518   !   4       org.springframework.util.ClassUtils::getMostSpecificMethod (72 bytes)
C2 CompilerThread1  14462 6993       4       java.lang.Class::getMethod (59 bytes)
C2 CompilerThread2  14462 6541       4       java.util.stream.AbstractPipeline::<init> (91 bytes)

VM state:not at safepoint (normal execution)

VM Mutex/Monitor currently owned by a thread: None

Heap address: 0x0000000702400000, size: 4060 MB, Compressed Oops mode: Zero based, Oop shift amount: 3
Narrow klass base: 0x0000000800000000, Narrow klass shift: 0
Compressed class space size: 1073741824 Address: 0x0000000800000000

Heap:
 garbage-first heap   total 312320K, used 163419K [0x0000000702400000, 0x0000000800000000)
  region size 1024K, 143 young (146432K), 18 survivors (18432K)
 Metaspace       used 80407K, capacity 82601K, committed 82688K, reserved 1120256K
  class space    used 10306K, capacity 11187K, committed 11264K, reserved 1048576K
Heap Regions: E=young(eden), S=young(survivor), O=old, HS=humongous(starts), HC=humongous(continues), CS=collection set, F=free, A=archive, TAMS=top-at-mark-start (previous, next)
|   0|0x0000000702400000, 0x0000000702500000, 0x0000000702500000|100%|HS|  |TAMS 0x0000000702500000, 0x0000000702400000| Complete 
|   1|0x0000000702500000, 0x0000000702600000, 0x0000000702600000|100%| O|  |TAMS 0x0000000702600000, 0x0000000702500000| Untracked 
|   2|0x0000000702600000, 0x0000000702700000, 0x0000000702700000|100%| O|  |TAMS 0x0000000702700000, 0x0000000702600000| Untracked 
|   3|0x0000000702700000, 0x0000000702800000, 0x0000000702800000|100%| O|  |TAMS 0x0000000702800000, 0x0000000702700000| Untracked 
|   4|0x0000000702800000, 0x0000000702900000, 0x0000000702900000|100%| O|  |TAMS 0x0000000702900000, 0x0000000702800000| Untracked 
|   5|0x0000000702900000, 0x0000000702a00000, 0x0000000702a00000|100%| O|  |TAMS 0x0000000702a00000, 0x0000000702900000| Untracked 
|   6|0x0000000702a00000, 0x0000000702b00000, 0x0000000702b00000|100%| O|  |TAMS 0x0000000702b00000, 0x0000000702a00000| Untracked 
|   7|0x0000000702b00000, 0x0000000702c00000, 0x0000000702c00000|100%| O|  |TAMS 0x0000000702c00000, 0x0000000702b00000| Untracked 
|   8|0x0000000702c00000, 0x0000000702d00000, 0x0000000702d00000|100%| O|  |TAMS 0x0000000702d00000, 0x0000000702c00000| Untracked 
|   9|0x0000000702d00000, 0x0000000702e00000, 0x0000000702e00000|100%| O|  |TAMS 0x0000000702e00000, 0x0000000702d00000| Untracked 
|  10|0x0000000702e00000, 0x0000000702f00000, 0x0000000702f00000|100%| O|  |TAMS 0x0000000702f00000, 0x0000000702e00000| Untracked 
|  11|0x0000000702f00000, 0x0000000703000000, 0x0000000703000000|100%| O|  |TAMS 0x0000000702f5f600, 0x0000000702f00000| Untracked 
|  12|0x0000000703000000, 0x0000000703100000, 0x0000000703100000|100%| O|  |TAMS 0x0000000703000000, 0x0000000703000000| Untracked 
|  13|0x0000000703100000, 0x0000000703200000, 0x0000000703200000|100%| O|  |TAMS 0x0000000703100000, 0x0000000703100000| Untracked 
|  14|0x0000000703200000, 0x0000000703300000, 0x0000000703300000|100%| O|  |TAMS 0x0000000703200000, 0x0000000703200000| Untracked 
|  15|0x0000000703300000, 0x0000000703400000, 0x0000000703400000|100%| O|  |TAMS 0x0000000703300000, 0x0000000703300000| Untracked 
|  16|0x0000000703400000, 0x0000000703500000, 0x0000000703500000|100%| O|  |TAMS 0x0000000703400000, 0x0000000703400000| Untracked 
|  17|0x0000000703500000, 0x00000007035d9600, 0x0000000703600000| 84%| O|  |TAMS 0x0000000703500000, 0x0000000703500000| Untracked 
|  18|0x0000000703600000, 0x0000000703600000, 0x0000000703700000|  0%| F|  |TAMS 0x0000000703600000, 0x0000000703600000| Untracked 
|  19|0x0000000703700000, 0x0000000703700000, 0x0000000703800000|  0%| F|  |TAMS 0x0000000703700000, 0x0000000703700000| Untracked 
|  20|0x0000000703800000, 0x0000000703800000, 0x0000000703900000|  0%| F|  |TAMS 0x0000000703800000, 0x0000000703800000| Untracked 
|  21|0x0000000703900000, 0x0000000703900000, 0x0000000703a00000|  0%| F|  |TAMS 0x0000000703900000, 0x0000000703900000| Untracked 
|  22|0x0000000703a00000, 0x0000000703a00000, 0x0000000703b00000|  0%| F|  |TAMS 0x0000000703a00000, 0x0000000703a00000| Untracked 
|  23|0x0000000703b00000, 0x0000000703b00000, 0x0000000703c00000|  0%| F|  |TAMS 0x0000000703b00000, 0x0000000703b00000| Untracked 
|  24|0x0000000703c00000, 0x0000000703c00000, 0x0000000703d00000|  0%| F|  |TAMS 0x0000000703c00000, 0x0000000703c00000| Untracked 
|  25|0x0000000703d00000, 0x0000000703d00000, 0x0000000703e00000|  0%| F|  |TAMS 0x0000000703d00000, 0x0000000703d00000| Untracked 
|  26|0x0000000703e00000, 0x0000000703e00000, 0x0000000703f00000|  0%| F|  |TAMS 0x0000000703e00000, 0x0000000703e00000| Untracked 
|  27|0x0000000703f00000, 0x0000000703f00000, 0x0000000704000000|  0%| F|  |TAMS 0x0000000703f00000, 0x0000000703f00000| Untracked 
|  28|0x0000000704000000, 0x0000000704000000, 0x0000000704100000|  0%| F|  |TAMS 0x0000000704000000, 0x0000000704000000| Untracked 
|  29|0x0000000704100000, 0x0000000704100000, 0x0000000704200000|  0%| F|  |TAMS 0x0000000704100000, 0x0000000704100000| Untracked 
|  30|0x0000000704200000, 0x0000000704200000, 0x0000000704300000|  0%| F|  |TAMS 0x0000000704200000, 0x0000000704200000| Untracked 
|  31|0x0000000704300000, 0x0000000704300000, 0x0000000704400000|  0%| F|  |TAMS 0x0000000704300000, 0x0000000704300000| Untracked 
|  32|0x0000000704400000, 0x0000000704400000, 0x0000000704500000|  0%| F|  |TAMS 0x0000000704400000, 0x0000000704400000| Untracked 
|  33|0x0000000704500000, 0x0000000704500000, 0x0000000704600000|  0%| F|  |TAMS 0x0000000704500000, 0x0000000704500000| Untracked 
|  34|0x0000000704600000, 0x0000000704600000, 0x0000000704700000|  0%| F|  |TAMS 0x0000000704600000, 0x0000000704600000| Untracked 
|  35|0x0000000704700000, 0x0000000704700000, 0x0000000704800000|  0%| F|  |TAMS 0x0000000704700000, 0x0000000704700000| Untracked 
|  36|0x0000000704800000, 0x0000000704800000, 0x0000000704900000|  0%| F|  |TAMS 0x0000000704800000, 0x0000000704800000| Untracked 
|  37|0x0000000704900000, 0x0000000704900000, 0x0000000704a00000|  0%| F|  |TAMS 0x0000000704900000, 0x0000000704900000| Untracked 
|  38|0x0000000704a00000, 0x0000000704a00000, 0x0000000704b00000|  0%| F|  |TAMS 0x0000000704a00000, 0x0000000704a00000| Untracked 
|  39|0x0000000704b00000, 0x0000000704b00000, 0x0000000704c00000|  0%| F|  |TAMS 0x0000000704b00000, 0x0000000704b00000| Untracked 
|  40|0x0000000704c00000, 0x0000000704c00000, 0x0000000704d00000|  0%| F|  |TAMS 0x0000000704c00000, 0x0000000704c00000| Untracked 
|  41|0x0000000704d00000, 0x0000000704d00000, 0x0000000704e00000|  0%| F|  |TAMS 0x0000000704d00000, 0x0000000704d00000| Untracked 
|  42|0x0000000704e00000, 0x0000000704e00000, 0x0000000704f00000|  0%| F|  |TAMS 0x0000000704e00000, 0x0000000704e00000| Untracked 
|  43|0x0000000704f00000, 0x0000000704f00000, 0x0000000705000000|  0%| F|  |TAMS 0x0000000704f00000, 0x0000000704f00000| Untracked 
|  44|0x0000000705000000, 0x0000000705000000, 0x0000000705100000|  0%| F|  |TAMS 0x0000000705000000, 0x0000000705000000| Untracked 
|  45|0x0000000705100000, 0x0000000705100000, 0x0000000705200000|  0%| F|  |TAMS 0x0000000705100000, 0x0000000705100000| Untracked 
|  46|0x0000000705200000, 0x0000000705200000, 0x0000000705300000|  0%| F|  |TAMS 0x0000000705200000, 0x0000000705200000| Untracked 
|  47|0x0000000705300000, 0x0000000705300000, 0x0000000705400000|  0%| F|  |TAMS 0x0000000705300000, 0x0000000705300000| Untracked 
|  48|0x0000000705400000, 0x0000000705400000, 0x0000000705500000|  0%| F|  |TAMS 0x0000000705400000, 0x0000000705400000| Untracked 
|  49|0x0000000705500000, 0x0000000705500000, 0x0000000705600000|  0%| F|  |TAMS 0x0000000705500000, 0x0000000705500000| Untracked 
|  50|0x0000000705600000, 0x0000000705600000, 0x0000000705700000|  0%| F|  |TAMS 0x0000000705600000, 0x0000000705600000| Untracked 
|  51|0x0000000705700000, 0x0000000705700000, 0x0000000705800000|  0%| F|  |TAMS 0x0000000705700000, 0x0000000705700000| Untracked 
|  52|0x0000000705800000, 0x0000000705800000, 0x0000000705900000|  0%| F|  |TAMS 0x0000000705800000, 0x0000000705800000| Untracked 
|  53|0x0000000705900000, 0x0000000705900000, 0x0000000705a00000|  0%| F|  |TAMS 0x0000000705900000, 0x0000000705900000| Untracked 
|  54|0x0000000705a00000, 0x0000000705a00000, 0x0000000705b00000|  0%| F|  |TAMS 0x0000000705a00000, 0x0000000705a00000| Untracked 
|  55|0x0000000705b00000, 0x0000000705b00000, 0x0000000705c00000|  0%| F|  |TAMS 0x0000000705b00000, 0x0000000705b00000| Untracked 
|  56|0x0000000705c00000, 0x0000000705c00000, 0x0000000705d00000|  0%| F|  |TAMS 0x0000000705c00000, 0x0000000705c00000| Untracked 
|  57|0x0000000705d00000, 0x0000000705d00000, 0x0000000705e00000|  0%| F|  |TAMS 0x0000000705d00000, 0x0000000705d00000| Untracked 
|  58|0x0000000705e00000, 0x0000000705e00000, 0x0000000705f00000|  0%| F|  |TAMS 0x0000000705e00000, 0x0000000705e00000| Untracked 
|  59|0x0000000705f00000, 0x0000000705f00000, 0x0000000706000000|  0%| F|  |TAMS 0x0000000705f00000, 0x0000000705f00000| Untracked 
|  60|0x0000000706000000, 0x0000000706000000, 0x0000000706100000|  0%| F|  |TAMS 0x0000000706000000, 0x0000000706000000| Untracked 
|  61|0x0000000706100000, 0x0000000706100000, 0x0000000706200000|  0%| F|  |TAMS 0x0000000706100000, 0x0000000706100000| Untracked 
|  62|0x0000000706200000, 0x0000000706200000, 0x0000000706300000|  0%| F|  |TAMS 0x0000000706200000, 0x0000000706200000| Untracked 
|  63|0x0000000706300000, 0x0000000706300000, 0x0000000706400000|  0%| F|  |TAMS 0x0000000706300000, 0x0000000706300000| Untracked 
|  64|0x0000000706400000, 0x0000000706400000, 0x0000000706500000|  0%| F|  |TAMS 0x0000000706400000, 0x0000000706400000| Untracked 
|  65|0x0000000706500000, 0x0000000706500000, 0x0000000706600000|  0%| F|  |TAMS 0x0000000706500000, 0x0000000706500000| Untracked 
|  66|0x0000000706600000, 0x0000000706600000, 0x0000000706700000|  0%| F|  |TAMS 0x0000000706600000, 0x0000000706600000| Untracked 
|  67|0x0000000706700000, 0x0000000706700000, 0x0000000706800000|  0%| F|  |TAMS 0x0000000706700000, 0x0000000706700000| Untracked 
|  68|0x0000000706800000, 0x0000000706800000, 0x0000000706900000|  0%| F|  |TAMS 0x0000000706800000, 0x0000000706800000| Untracked 
|  69|0x0000000706900000, 0x0000000706900000, 0x0000000706a00000|  0%| F|  |TAMS 0x0000000706900000, 0x0000000706900000| Untracked 
|  70|0x0000000706a00000, 0x0000000706a00000, 0x0000000706b00000|  0%| F|  |TAMS 0x0000000706a00000, 0x0000000706a00000| Untracked 
|  71|0x0000000706b00000, 0x0000000706b00000, 0x0000000706c00000|  0%| F|  |TAMS 0x0000000706b00000, 0x0000000706b00000| Untracked 
|  72|0x0000000706c00000, 0x0000000706c00000, 0x0000000706d00000|  0%| F|  |TAMS 0x0000000706c00000, 0x0000000706c00000| Untracked 
|  73|0x0000000706d00000, 0x0000000706d00000, 0x0000000706e00000|  0%| F|  |TAMS 0x0000000706d00000, 0x0000000706d00000| Untracked 
|  74|0x0000000706e00000, 0x0000000706e00000, 0x0000000706f00000|  0%| F|  |TAMS 0x0000000706e00000, 0x0000000706e00000| Untracked 
|  75|0x0000000706f00000, 0x0000000706f00000, 0x0000000707000000|  0%| F|  |TAMS 0x0000000706f00000, 0x0000000706f00000| Untracked 
|  76|0x0000000707000000, 0x0000000707000000, 0x0000000707100000|  0%| F|  |TAMS 0x0000000707000000, 0x0000000707000000| Untracked 
|  77|0x0000000707100000, 0x0000000707100000, 0x0000000707200000|  0%| F|  |TAMS 0x0000000707100000, 0x0000000707100000| Untracked 
|  78|0x0000000707200000, 0x0000000707200000, 0x0000000707300000|  0%| F|  |TAMS 0x0000000707200000, 0x0000000707200000| Untracked 
|  79|0x0000000707300000, 0x0000000707300000, 0x0000000707400000|  0%| F|  |TAMS 0x0000000707300000, 0x0000000707300000| Untracked 
|  80|0x0000000707400000, 0x0000000707400000, 0x0000000707500000|  0%| F|  |TAMS 0x0000000707400000, 0x0000000707400000| Untracked 
|  81|0x0000000707500000, 0x0000000707500000, 0x0000000707600000|  0%| F|  |TAMS 0x0000000707500000, 0x0000000707500000| Untracked 
|  82|0x0000000707600000, 0x0000000707600000, 0x0000000707700000|  0%| F|  |TAMS 0x0000000707600000, 0x0000000707600000| Untracked 
|  83|0x0000000707700000, 0x0000000707700000, 0x0000000707800000|  0%| F|  |TAMS 0x0000000707700000, 0x0000000707700000| Untracked 
|  84|0x0000000707800000, 0x0000000707800000, 0x0000000707900000|  0%| F|  |TAMS 0x0000000707800000, 0x0000000707800000| Untracked 
|  85|0x0000000707900000, 0x0000000707900000, 0x0000000707a00000|  0%| F|  |TAMS 0x0000000707900000, 0x0000000707900000| Untracked 
|  86|0x0000000707a00000, 0x0000000707a00000, 0x0000000707b00000|  0%| F|  |TAMS 0x0000000707a00000, 0x0000000707a00000| Untracked 
|  87|0x0000000707b00000, 0x0000000707b00000, 0x0000000707c00000|  0%| F|  |TAMS 0x0000000707b00000, 0x0000000707b00000| Untracked 
|  88|0x0000000707c00000, 0x0000000707c00000, 0x0000000707d00000|  0%| F|  |TAMS 0x0000000707c00000, 0x0000000707c00000| Untracked 
|  89|0x0000000707d00000, 0x0000000707d00000, 0x0000000707e00000|  0%| F|  |TAMS 0x0000000707d00000, 0x0000000707d00000| Untracked 
|  90|0x0000000707e00000, 0x0000000707e00000, 0x0000000707f00000|  0%| F|  |TAMS 0x0000000707e00000, 0x0000000707e00000| Untracked 
|  91|0x0000000707f00000, 0x0000000707f00000, 0x0000000708000000|  0%| F|  |TAMS 0x0000000707f00000, 0x0000000707f00000| Untracked 
|  92|0x0000000708000000, 0x0000000708000000, 0x0000000708100000|  0%| F|  |TAMS 0x0000000708000000, 0x0000000708000000| Untracked 
|  93|0x0000000708100000, 0x0000000708100000, 0x0000000708200000|  0%| F|  |TAMS 0x0000000708100000, 0x0000000708100000| Untracked 
|  94|0x0000000708200000, 0x0000000708200000, 0x0000000708300000|  0%| F|  |TAMS 0x0000000708200000, 0x0000000708200000| Untracked 
|  95|0x0000000708300000, 0x0000000708300000, 0x0000000708400000|  0%| F|  |TAMS 0x0000000708300000, 0x0000000708300000| Untracked 
|  96|0x0000000708400000, 0x0000000708400000, 0x0000000708500000|  0%| F|  |TAMS 0x0000000708400000, 0x0000000708400000| Untracked 
|  97|0x0000000708500000, 0x0000000708500000, 0x0000000708600000|  0%| F|  |TAMS 0x0000000708500000, 0x0000000708500000| Untracked 
|  98|0x0000000708600000, 0x0000000708600000, 0x0000000708700000|  0%| F|  |TAMS 0x0000000708600000, 0x0000000708600000| Untracked 
|  99|0x0000000708700000, 0x0000000708700000, 0x0000000708800000|  0%| F|  |TAMS 0x0000000708700000, 0x0000000708700000| Untracked 
| 100|0x0000000708800000, 0x0000000708800000, 0x0000000708900000|  0%| F|  |TAMS 0x0000000708800000, 0x0000000708800000| Untracked 
| 101|0x0000000708900000, 0x0000000708900000, 0x0000000708a00000|  0%| F|  |TAMS 0x0000000708900000, 0x0000000708900000| Untracked 
| 102|0x0000000708a00000, 0x0000000708a00000, 0x0000000708b00000|  0%| F|  |TAMS 0x0000000708a00000, 0x0000000708a00000| Untracked 
| 103|0x0000000708b00000, 0x0000000708b00000, 0x0000000708c00000|  0%| F|  |TAMS 0x0000000708b00000, 0x0000000708b00000| Untracked 
| 104|0x0000000708c00000, 0x0000000708cbd960, 0x0000000708d00000| 74%| S|CS|TAMS 0x0000000708c00000, 0x0000000708c00000| Complete 
| 105|0x0000000708d00000, 0x0000000708e00000, 0x0000000708e00000|100%| S|CS|TAMS 0x0000000708d00000, 0x0000000708d00000| Complete 
| 106|0x0000000708e00000, 0x0000000708f00000, 0x0000000708f00000|100%| S|CS|TAMS 0x0000000708e00000, 0x0000000708e00000| Complete 
| 107|0x0000000708f00000, 0x0000000709000000, 0x0000000709000000|100%| S|CS|TAMS 0x0000000708f00000, 0x0000000708f00000| Complete 
| 108|0x0000000709000000, 0x0000000709100000, 0x0000000709100000|100%| S|CS|TAMS 0x0000000709000000, 0x0000000709000000| Complete 
| 109|0x0000000709100000, 0x0000000709200000, 0x0000000709200000|100%| S|CS|TAMS 0x0000000709100000, 0x0000000709100000| Complete 
| 110|0x0000000709200000, 0x0000000709300000, 0x0000000709300000|100%| S|CS|TAMS 0x0000000709200000, 0x0000000709200000| Complete 
| 111|0x0000000709300000, 0x0000000709400000, 0x0000000709400000|100%| S|CS|TAMS 0x0000000709300000, 0x0000000709300000| Complete 
| 112|0x0000000709400000, 0x0000000709500000, 0x0000000709500000|100%| S|CS|TAMS 0x0000000709400000, 0x0000000709400000| Complete 
| 113|0x0000000709500000, 0x0000000709600000, 0x0000000709600000|100%| S|CS|TAMS 0x0000000709500000, 0x0000000709500000| Complete 
| 114|0x0000000709600000, 0x0000000709700000, 0x0000000709700000|100%| S|CS|TAMS 0x0000000709600000, 0x0000000709600000| Complete 
| 115|0x0000000709700000, 0x0000000709800000, 0x0000000709800000|100%| S|CS|TAMS 0x0000000709700000, 0x0000000709700000| Complete 
| 116|0x0000000709800000, 0x0000000709900000, 0x0000000709900000|100%| S|CS|TAMS 0x0000000709800000, 0x0000000709800000| Complete 
| 117|0x0000000709900000, 0x0000000709a00000, 0x0000000709a00000|100%| S|CS|TAMS 0x0000000709900000, 0x0000000709900000| Complete 
| 118|0x0000000709a00000, 0x0000000709b00000, 0x0000000709b00000|100%| S|CS|TAMS 0x0000000709a00000, 0x0000000709a00000| Complete 
| 119|0x0000000709b00000, 0x0000000709c00000, 0x0000000709c00000|100%| S|CS|TAMS 0x0000000709b00000, 0x0000000709b00000| Complete 
| 120|0x0000000709c00000, 0x0000000709d00000, 0x0000000709d00000|100%| S|CS|TAMS 0x0000000709c00000, 0x0000000709c00000| Complete 
| 121|0x0000000709d00000, 0x0000000709e00000, 0x0000000709e00000|100%| S|CS|TAMS 0x0000000709d00000, 0x0000000709d00000| Complete 
| 122|0x0000000709e00000, 0x0000000709e00000, 0x0000000709f00000|  0%| F|  |TAMS 0x0000000709e00000, 0x0000000709e00000| Untracked 
| 123|0x0000000709f00000, 0x0000000709f00000, 0x000000070a000000|  0%| F|  |TAMS 0x0000000709f00000, 0x0000000709f00000| Untracked 
| 124|0x000000070a000000, 0x000000070a000000, 0x000000070a100000|  0%| F|  |TAMS 0x000000070a000000, 0x000000070a000000| Untracked 
| 125|0x000000070a100000, 0x000000070a100000, 0x000000070a200000|  0%| F|  |TAMS 0x000000070a100000, 0x000000070a100000| Untracked 
| 126|0x000000070a200000, 0x000000070a200000, 0x000000070a300000|  0%| F|  |TAMS 0x000000070a200000, 0x000000070a200000| Untracked 
| 127|0x000000070a300000, 0x000000070a300000, 0x000000070a400000|  0%| F|  |TAMS 0x000000070a300000, 0x000000070a300000| Untracked 
| 128|0x000000070a400000, 0x000000070a400000, 0x000000070a500000|  0%| F|  |TAMS 0x000000070a400000, 0x000000070a400000| Untracked 
| 129|0x000000070a500000, 0x000000070a500000, 0x000000070a600000|  0%| F|  |TAMS 0x000000070a500000, 0x000000070a500000| Untracked 
| 130|0x000000070a600000, 0x000000070a600000, 0x000000070a700000|  0%| F|  |TAMS 0x000000070a600000, 0x000000070a600000| Untracked 
| 131|0x000000070a700000, 0x000000070a700000, 0x000000070a800000|  0%| F|  |TAMS 0x000000070a700000, 0x000000070a700000| Untracked 
| 132|0x000000070a800000, 0x000000070a800000, 0x000000070a900000|  0%| F|  |TAMS 0x000000070a800000, 0x000000070a800000| Untracked 
| 133|0x000000070a900000, 0x000000070a900000, 0x000000070aa00000|  0%| F|  |TAMS 0x000000070a900000, 0x000000070a900000| Untracked 
| 134|0x000000070aa00000, 0x000000070aa00000, 0x000000070ab00000|  0%| F|  |TAMS 0x000000070aa00000, 0x000000070aa00000| Untracked 
| 135|0x000000070ab00000, 0x000000070ab00000, 0x000000070ac00000|  0%| F|  |TAMS 0x000000070ab00000, 0x000000070ab00000| Untracked 
| 136|0x000000070ac00000, 0x000000070ac00000, 0x000000070ad00000|  0%| F|  |TAMS 0x000000070ac00000, 0x000000070ac00000| Untracked 
| 137|0x000000070ad00000, 0x000000070ad00000, 0x000000070ae00000|  0%| F|  |TAMS 0x000000070ad00000, 0x000000070ad00000| Untracked 
| 138|0x000000070ae00000, 0x000000070ae00000, 0x000000070af00000|  0%| F|  |TAMS 0x000000070ae00000, 0x000000070ae00000| Untracked 
| 139|0x000000070af00000, 0x000000070af00000, 0x000000070b000000|  0%| F|  |TAMS 0x000000070af00000, 0x000000070af00000| Untracked 
| 140|0x000000070b000000, 0x000000070b000000, 0x000000070b100000|  0%| F|  |TAMS 0x000000070b000000, 0x000000070b000000| Untracked 
| 141|0x000000070b100000, 0x000000070b100000, 0x000000070b200000|  0%| F|  |TAMS 0x000000070b100000, 0x000000070b100000| Untracked 
| 142|0x000000070b200000, 0x000000070b200000, 0x000000070b300000|  0%| F|  |TAMS 0x000000070b200000, 0x000000070b200000| Untracked 
| 143|0x000000070b300000, 0x000000070b300000, 0x000000070b400000|  0%| F|  |TAMS 0x000000070b300000, 0x000000070b300000| Untracked 
| 144|0x000000070b400000, 0x000000070b400000, 0x000000070b500000|  0%| F|  |TAMS 0x000000070b400000, 0x000000070b400000| Untracked 
| 145|0x000000070b500000, 0x000000070b500000, 0x000000070b600000|  0%| F|  |TAMS 0x000000070b500000, 0x000000070b500000| Untracked 
| 146|0x000000070b600000, 0x000000070b600000, 0x000000070b700000|  0%| F|  |TAMS 0x000000070b600000, 0x000000070b600000| Untracked 
| 147|0x000000070b700000, 0x000000070b700000, 0x000000070b800000|  0%| F|  |TAMS 0x000000070b700000, 0x000000070b700000| Untracked 
| 148|0x000000070b800000, 0x000000070b800000, 0x000000070b900000|  0%| F|  |TAMS 0x000000070b800000, 0x000000070b800000| Untracked 
| 149|0x000000070b900000, 0x000000070b900000, 0x000000070ba00000|  0%| F|  |TAMS 0x000000070b900000, 0x000000070b900000| Untracked 
| 150|0x000000070ba00000, 0x000000070ba00000, 0x000000070bb00000|  0%| F|  |TAMS 0x000000070ba00000, 0x000000070ba00000| Untracked 
| 151|0x000000070bb00000, 0x000000070bb00000, 0x000000070bc00000|  0%| F|  |TAMS 0x000000070bb00000, 0x000000070bb00000| Untracked 
| 152|0x000000070bc00000, 0x000000070bc00000, 0x000000070bd00000|  0%| F|  |TAMS 0x000000070bc00000, 0x000000070bc00000| Untracked 
| 153|0x000000070bd00000, 0x000000070bd00000, 0x000000070be00000|  0%| F|  |TAMS 0x000000070bd00000, 0x000000070bd00000| Untracked 
| 154|0x000000070be00000, 0x000000070be00000, 0x000000070bf00000|  0%| F|  |TAMS 0x000000070be00000, 0x000000070be00000| Untracked 
| 155|0x000000070bf00000, 0x000000070bf00000, 0x000000070c000000|  0%| F|  |TAMS 0x000000070bf00000, 0x000000070bf00000| Untracked 
| 156|0x000000070c000000, 0x000000070c000000, 0x000000070c100000|  0%| F|  |TAMS 0x000000070c000000, 0x000000070c000000| Untracked 
| 157|0x000000070c100000, 0x000000070c100000, 0x000000070c200000|  0%| F|  |TAMS 0x000000070c100000, 0x000000070c100000| Untracked 
| 158|0x000000070c200000, 0x000000070c200000, 0x000000070c300000|  0%| F|  |TAMS 0x000000070c200000, 0x000000070c200000| Untracked 
| 159|0x000000070c300000, 0x000000070c300000, 0x000000070c400000|  0%| F|  |TAMS 0x000000070c300000, 0x000000070c300000| Untracked 
| 160|0x000000070c400000, 0x000000070c400000, 0x000000070c500000|  0%| F|  |TAMS 0x000000070c400000, 0x000000070c400000| Untracked 
| 161|0x000000070c500000, 0x000000070c500000, 0x000000070c600000|  0%| F|  |TAMS 0x000000070c500000, 0x000000070c500000| Untracked 
| 162|0x000000070c600000, 0x000000070c600000, 0x000000070c700000|  0%| F|  |TAMS 0x000000070c600000, 0x000000070c600000| Untracked 
| 163|0x000000070c700000, 0x000000070c700000, 0x000000070c800000|  0%| F|  |TAMS 0x000000070c700000, 0x000000070c700000| Untracked 
| 164|0x000000070c800000, 0x000000070c800000, 0x000000070c900000|  0%| F|  |TAMS 0x000000070c800000, 0x000000070c800000| Untracked 
| 165|0x000000070c900000, 0x000000070c900000, 0x000000070ca00000|  0%| F|  |TAMS 0x000000070c900000, 0x000000070c900000| Untracked 
| 166|0x000000070ca00000, 0x000000070ca00000, 0x000000070cb00000|  0%| F|  |TAMS 0x000000070ca00000, 0x000000070ca00000| Untracked 
| 167|0x000000070cb00000, 0x000000070cb00000, 0x000000070cc00000|  0%| F|  |TAMS 0x000000070cb00000, 0x000000070cb00000| Untracked 
| 168|0x000000070cc00000, 0x000000070cc00000, 0x000000070cd00000|  0%| F|  |TAMS 0x000000070cc00000, 0x000000070cc00000| Untracked 
| 169|0x000000070cd00000, 0x000000070cd00000, 0x000000070ce00000|  0%| F|  |TAMS 0x000000070cd00000, 0x000000070cd00000| Untracked 
| 170|0x000000070ce00000, 0x000000070ce00000, 0x000000070cf00000|  0%| F|  |TAMS 0x000000070ce00000, 0x000000070ce00000| Untracked 
| 171|0x000000070cf00000, 0x000000070cf00000, 0x000000070d000000|  0%| F|  |TAMS 0x000000070cf00000, 0x000000070cf00000| Untracked 
| 172|0x000000070d000000, 0x000000070d000000, 0x000000070d100000|  0%| F|  |TAMS 0x000000070d000000, 0x000000070d000000| Untracked 
| 173|0x000000070d100000, 0x000000070d100000, 0x000000070d200000|  0%| F|  |TAMS 0x000000070d100000, 0x000000070d100000| Untracked 
| 174|0x000000070d200000, 0x000000070d200000, 0x000000070d300000|  0%| F|  |TAMS 0x000000070d200000, 0x000000070d200000| Untracked 
| 175|0x000000070d300000, 0x000000070d300000, 0x000000070d400000|  0%| F|  |TAMS 0x000000070d300000, 0x000000070d300000| Untracked 
| 176|0x000000070d400000, 0x000000070d400000, 0x000000070d500000|  0%| F|  |TAMS 0x000000070d400000, 0x000000070d400000| Untracked 
| 177|0x000000070d500000, 0x000000070d500000, 0x000000070d600000|  0%| F|  |TAMS 0x000000070d500000, 0x000000070d500000| Untracked 
| 178|0x000000070d600000, 0x000000070d600000, 0x000000070d700000|  0%| F|  |TAMS 0x000000070d600000, 0x000000070d600000| Untracked 
| 179|0x000000070d700000, 0x000000070d788010, 0x000000070d800000| 53%| E|  |TAMS 0x000000070d700000, 0x000000070d700000| Complete 
| 180|0x000000070d800000, 0x000000070d900000, 0x000000070d900000|100%| E|CS|TAMS 0x000000070d800000, 0x000000070d800000| Complete 
| 181|0x000000070d900000, 0x000000070da00000, 0x000000070da00000|100%| E|CS|TAMS 0x000000070d900000, 0x000000070d900000| Complete 
| 182|0x000000070da00000, 0x000000070db00000, 0x000000070db00000|100%| E|CS|TAMS 0x000000070da00000, 0x000000070da00000| Complete 
| 183|0x000000070db00000, 0x000000070dc00000, 0x000000070dc00000|100%| E|CS|TAMS 0x000000070db00000, 0x000000070db00000| Complete 
| 184|0x000000070dc00000, 0x000000070dd00000, 0x000000070dd00000|100%| E|CS|TAMS 0x000000070dc00000, 0x000000070dc00000| Complete 
| 185|0x000000070dd00000, 0x000000070de00000, 0x000000070de00000|100%| E|CS|TAMS 0x000000070dd00000, 0x000000070dd00000| Complete 
| 186|0x000000070de00000, 0x000000070df00000, 0x000000070df00000|100%| E|CS|TAMS 0x000000070de00000, 0x000000070de00000| Complete 
| 187|0x000000070df00000, 0x000000070e000000, 0x000000070e000000|100%| E|CS|TAMS 0x000000070df00000, 0x000000070df00000| Complete 
| 188|0x000000070e000000, 0x000000070e100000, 0x000000070e100000|100%| E|CS|TAMS 0x000000070e000000, 0x000000070e000000| Complete 
| 189|0x000000070e100000, 0x000000070e200000, 0x000000070e200000|100%| E|CS|TAMS 0x000000070e100000, 0x000000070e100000| Complete 
| 190|0x000000070e200000, 0x000000070e300000, 0x000000070e300000|100%| E|CS|TAMS 0x000000070e200000, 0x000000070e200000| Complete 
| 191|0x000000070e300000, 0x000000070e400000, 0x000000070e400000|100%| E|CS|TAMS 0x000000070e300000, 0x000000070e300000| Complete 
| 192|0x000000070e400000, 0x000000070e500000, 0x000000070e500000|100%| E|CS|TAMS 0x000000070e400000, 0x000000070e400000| Complete 
| 193|0x000000070e500000, 0x000000070e600000, 0x000000070e600000|100%| E|CS|TAMS 0x000000070e500000, 0x000000070e500000| Complete 
| 194|0x000000070e600000, 0x000000070e700000, 0x000000070e700000|100%| E|CS|TAMS 0x000000070e600000, 0x000000070e600000| Complete 
| 195|0x000000070e700000, 0x000000070e800000, 0x000000070e800000|100%| E|CS|TAMS 0x000000070e700000, 0x000000070e700000| Complete 
| 196|0x000000070e800000, 0x000000070e900000, 0x000000070e900000|100%| E|CS|TAMS 0x000000070e800000, 0x000000070e800000| Complete 
| 197|0x000000070e900000, 0x000000070ea00000, 0x000000070ea00000|100%| E|CS|TAMS 0x000000070e900000, 0x000000070e900000| Complete 
| 198|0x000000070ea00000, 0x000000070eb00000, 0x000000070eb00000|100%| E|CS|TAMS 0x000000070ea00000, 0x000000070ea00000| Complete 
| 199|0x000000070eb00000, 0x000000070ec00000, 0x000000070ec00000|100%| E|CS|TAMS 0x000000070eb00000, 0x000000070eb00000| Complete 
| 200|0x000000070ec00000, 0x000000070ed00000, 0x000000070ed00000|100%| E|CS|TAMS 0x000000070ec00000, 0x000000070ec00000| Complete 
| 201|0x000000070ed00000, 0x000000070ee00000, 0x000000070ee00000|100%| E|CS|TAMS 0x000000070ed00000, 0x000000070ed00000| Complete 
| 202|0x000000070ee00000, 0x000000070ef00000, 0x000000070ef00000|100%| E|CS|TAMS 0x000000070ee00000, 0x000000070ee00000| Complete 
| 203|0x000000070ef00000, 0x000000070f000000, 0x000000070f000000|100%| E|CS|TAMS 0x000000070ef00000, 0x000000070ef00000| Complete 
| 204|0x000000070f000000, 0x000000070f100000, 0x000000070f100000|100%| E|CS|TAMS 0x000000070f000000, 0x000000070f000000| Complete 
| 205|0x000000070f100000, 0x000000070f200000, 0x000000070f200000|100%| E|CS|TAMS 0x000000070f100000, 0x000000070f100000| Complete 
| 206|0x000000070f200000, 0x000000070f300000, 0x000000070f300000|100%| E|CS|TAMS 0x000000070f200000, 0x000000070f200000| Complete 
| 207|0x000000070f300000, 0x000000070f400000, 0x000000070f400000|100%| E|CS|TAMS 0x000000070f300000, 0x000000070f300000| Complete 
| 208|0x000000070f400000, 0x000000070f500000, 0x000000070f500000|100%| E|CS|TAMS 0x000000070f400000, 0x000000070f400000| Complete 
| 209|0x000000070f500000, 0x000000070f600000, 0x000000070f600000|100%| E|CS|TAMS 0x000000070f500000, 0x000000070f500000| Complete 
| 210|0x000000070f600000, 0x000000070f700000, 0x000000070f700000|100%| E|CS|TAMS 0x000000070f600000, 0x000000070f600000| Complete 
| 211|0x000000070f700000, 0x000000070f800000, 0x000000070f800000|100%| E|CS|TAMS 0x000000070f700000, 0x000000070f700000| Complete 
| 212|0x000000070f800000, 0x000000070f900000, 0x000000070f900000|100%| E|CS|TAMS 0x000000070f800000, 0x000000070f800000| Complete 
| 213|0x000000070f900000, 0x000000070fa00000, 0x000000070fa00000|100%| E|CS|TAMS 0x000000070f900000, 0x000000070f900000| Complete 
| 214|0x000000070fa00000, 0x000000070fb00000, 0x000000070fb00000|100%| E|CS|TAMS 0x000000070fa00000, 0x000000070fa00000| Complete 
| 215|0x000000070fb00000, 0x000000070fc00000, 0x000000070fc00000|100%| E|CS|TAMS 0x000000070fb00000, 0x000000070fb00000| Complete 
| 216|0x000000070fc00000, 0x000000070fd00000, 0x000000070fd00000|100%| E|CS|TAMS 0x000000070fc00000, 0x000000070fc00000| Complete 
| 217|0x000000070fd00000, 0x000000070fe00000, 0x000000070fe00000|100%| E|CS|TAMS 0x000000070fd00000, 0x000000070fd00000| Complete 
| 218|0x000000070fe00000, 0x000000070ff00000, 0x000000070ff00000|100%| E|CS|TAMS 0x000000070fe00000, 0x000000070fe00000| Complete 
| 219|0x000000070ff00000, 0x0000000710000000, 0x0000000710000000|100%| E|CS|TAMS 0x000000070ff00000, 0x000000070ff00000| Complete 
| 220|0x0000000710000000, 0x0000000710100000, 0x0000000710100000|100%| E|CS|TAMS 0x0000000710000000, 0x0000000710000000| Complete 
| 221|0x0000000710100000, 0x0000000710200000, 0x0000000710200000|100%| E|CS|TAMS 0x0000000710100000, 0x0000000710100000| Complete 
| 222|0x0000000710200000, 0x0000000710300000, 0x0000000710300000|100%| E|CS|TAMS 0x0000000710200000, 0x0000000710200000| Complete 
| 223|0x0000000710300000, 0x0000000710400000, 0x0000000710400000|100%| E|CS|TAMS 0x0000000710300000, 0x0000000710300000| Complete 
| 224|0x0000000710400000, 0x0000000710500000, 0x0000000710500000|100%| E|CS|TAMS 0x0000000710400000, 0x0000000710400000| Complete 
| 225|0x0000000710500000, 0x0000000710600000, 0x0000000710600000|100%| E|CS|TAMS 0x0000000710500000, 0x0000000710500000| Complete 
| 226|0x0000000710600000, 0x0000000710700000, 0x0000000710700000|100%| E|CS|TAMS 0x0000000710600000, 0x0000000710600000| Complete 
| 227|0x0000000710700000, 0x0000000710800000, 0x0000000710800000|100%| E|CS|TAMS 0x0000000710700000, 0x0000000710700000| Complete 
| 228|0x0000000710800000, 0x0000000710900000, 0x0000000710900000|100%| E|CS|TAMS 0x0000000710800000, 0x0000000710800000| Complete 
| 229|0x0000000710900000, 0x0000000710a00000, 0x0000000710a00000|100%| E|CS|TAMS 0x0000000710900000, 0x0000000710900000| Complete 
| 230|0x0000000710a00000, 0x0000000710b00000, 0x0000000710b00000|100%| E|CS|TAMS 0x0000000710a00000, 0x0000000710a00000| Complete 
| 231|0x0000000710b00000, 0x0000000710c00000, 0x0000000710c00000|100%| E|CS|TAMS 0x0000000710b00000, 0x0000000710b00000| Complete 
| 232|0x0000000710c00000, 0x0000000710d00000, 0x0000000710d00000|100%| E|CS|TAMS 0x0000000710c00000, 0x0000000710c00000| Complete 
| 233|0x0000000710d00000, 0x0000000710e00000, 0x0000000710e00000|100%| E|CS|TAMS 0x0000000710d00000, 0x0000000710d00000| Complete 
| 234|0x0000000710e00000, 0x0000000710f00000, 0x0000000710f00000|100%| E|CS|TAMS 0x0000000710e00000, 0x0000000710e00000| Complete 
| 235|0x0000000710f00000, 0x0000000711000000, 0x0000000711000000|100%| E|CS|TAMS 0x0000000710f00000, 0x0000000710f00000| Complete 
| 236|0x0000000711000000, 0x0000000711100000, 0x0000000711100000|100%| E|CS|TAMS 0x0000000711000000, 0x0000000711000000| Complete 
| 237|0x0000000711100000, 0x0000000711200000, 0x0000000711200000|100%| E|CS|TAMS 0x0000000711100000, 0x0000000711100000| Complete 
| 238|0x0000000711200000, 0x0000000711300000, 0x0000000711300000|100%| E|CS|TAMS 0x0000000711200000, 0x0000000711200000| Complete 
| 239|0x0000000711300000, 0x0000000711400000, 0x0000000711400000|100%| E|CS|TAMS 0x0000000711300000, 0x0000000711300000| Complete 
| 240|0x0000000711400000, 0x0000000711500000, 0x0000000711500000|100%| E|CS|TAMS 0x0000000711400000, 0x0000000711400000| Complete 
| 241|0x0000000711500000, 0x0000000711600000, 0x0000000711600000|100%| E|CS|TAMS 0x0000000711500000, 0x0000000711500000| Complete 
| 242|0x0000000711600000, 0x0000000711700000, 0x0000000711700000|100%| E|CS|TAMS 0x0000000711600000, 0x0000000711600000| Complete 
| 243|0x0000000711700000, 0x0000000711800000, 0x0000000711800000|100%| E|CS|TAMS 0x0000000711700000, 0x0000000711700000| Complete 
| 244|0x0000000711800000, 0x0000000711900000, 0x0000000711900000|100%| E|CS|TAMS 0x0000000711800000, 0x0000000711800000| Complete 
| 245|0x0000000711900000, 0x0000000711a00000, 0x0000000711a00000|100%| E|CS|TAMS 0x0000000711900000, 0x0000000711900000| Complete 
| 246|0x0000000711a00000, 0x0000000711b00000, 0x0000000711b00000|100%| E|CS|TAMS 0x0000000711a00000, 0x0000000711a00000| Complete 
| 247|0x0000000711b00000, 0x0000000711c00000, 0x0000000711c00000|100%| E|CS|TAMS 0x0000000711b00000, 0x0000000711b00000| Complete 
| 248|0x0000000711c00000, 0x0000000711d00000, 0x0000000711d00000|100%| E|CS|TAMS 0x0000000711c00000, 0x0000000711c00000| Complete 
| 249|0x0000000711d00000, 0x0000000711e00000, 0x0000000711e00000|100%| E|CS|TAMS 0x0000000711d00000, 0x0000000711d00000| Complete 
| 250|0x0000000711e00000, 0x0000000711f00000, 0x0000000711f00000|100%| E|CS|TAMS 0x0000000711e00000, 0x0000000711e00000| Complete 
| 251|0x0000000711f00000, 0x0000000712000000, 0x0000000712000000|100%| E|CS|TAMS 0x0000000711f00000, 0x0000000711f00000| Complete 
| 252|0x0000000712000000, 0x0000000712100000, 0x0000000712100000|100%| E|CS|TAMS 0x0000000712000000, 0x0000000712000000| Complete 
| 253|0x0000000712100000, 0x0000000712200000, 0x0000000712200000|100%| E|CS|TAMS 0x0000000712100000, 0x0000000712100000| Complete 
| 254|0x0000000712200000, 0x0000000712300000, 0x0000000712300000|100%| E|CS|TAMS 0x0000000712200000, 0x0000000712200000| Complete 
| 255|0x0000000712300000, 0x0000000712400000, 0x0000000712400000|100%| E|CS|TAMS 0x0000000712300000, 0x0000000712300000| Complete 
| 256|0x0000000712400000, 0x0000000712500000, 0x0000000712500000|100%| E|CS|TAMS 0x0000000712400000, 0x0000000712400000| Complete 
| 257|0x0000000712500000, 0x0000000712600000, 0x0000000712600000|100%| E|CS|TAMS 0x0000000712500000, 0x0000000712500000| Complete 
| 258|0x0000000712600000, 0x0000000712700000, 0x0000000712700000|100%| E|CS|TAMS 0x0000000712600000, 0x0000000712600000| Complete 
| 259|0x0000000712700000, 0x0000000712800000, 0x0000000712800000|100%| E|CS|TAMS 0x0000000712700000, 0x0000000712700000| Complete 
| 260|0x0000000712800000, 0x0000000712900000, 0x0000000712900000|100%| E|CS|TAMS 0x0000000712800000, 0x0000000712800000| Complete 
| 261|0x0000000712900000, 0x0000000712a00000, 0x0000000712a00000|100%| E|CS|TAMS 0x0000000712900000, 0x0000000712900000| Complete 
| 262|0x0000000712a00000, 0x0000000712b00000, 0x0000000712b00000|100%| E|CS|TAMS 0x0000000712a00000, 0x0000000712a00000| Complete 
| 263|0x0000000712b00000, 0x0000000712c00000, 0x0000000712c00000|100%| E|CS|TAMS 0x0000000712b00000, 0x0000000712b00000| Complete 
| 264|0x0000000712c00000, 0x0000000712d00000, 0x0000000712d00000|100%| E|CS|TAMS 0x0000000712c00000, 0x0000000712c00000| Complete 
| 265|0x0000000712d00000, 0x0000000712e00000, 0x0000000712e00000|100%| E|CS|TAMS 0x0000000712d00000, 0x0000000712d00000| Complete 
| 266|0x0000000712e00000, 0x0000000712f00000, 0x0000000712f00000|100%| E|CS|TAMS 0x0000000712e00000, 0x0000000712e00000| Complete 
| 267|0x0000000712f00000, 0x0000000713000000, 0x0000000713000000|100%| E|CS|TAMS 0x0000000712f00000, 0x0000000712f00000| Complete 
| 268|0x0000000713000000, 0x0000000713100000, 0x0000000713100000|100%| E|CS|TAMS 0x0000000713000000, 0x0000000713000000| Complete 
| 269|0x0000000713100000, 0x0000000713200000, 0x0000000713200000|100%| E|CS|TAMS 0x0000000713100000, 0x0000000713100000| Complete 
| 270|0x0000000713200000, 0x0000000713300000, 0x0000000713300000|100%| E|CS|TAMS 0x0000000713200000, 0x0000000713200000| Complete 
| 271|0x0000000713300000, 0x0000000713400000, 0x0000000713400000|100%| E|CS|TAMS 0x0000000713300000, 0x0000000713300000| Complete 
| 272|0x0000000713400000, 0x0000000713500000, 0x0000000713500000|100%| E|CS|TAMS 0x0000000713400000, 0x0000000713400000| Complete 
| 273|0x0000000713500000, 0x0000000713600000, 0x0000000713600000|100%| E|CS|TAMS 0x0000000713500000, 0x0000000713500000| Complete 
| 274|0x0000000713600000, 0x0000000713700000, 0x0000000713700000|100%| E|CS|TAMS 0x0000000713600000, 0x0000000713600000| Complete 
| 275|0x0000000713700000, 0x0000000713800000, 0x0000000713800000|100%| E|CS|TAMS 0x0000000713700000, 0x0000000713700000| Complete 
| 276|0x0000000713800000, 0x0000000713900000, 0x0000000713900000|100%| E|CS|TAMS 0x0000000713800000, 0x0000000713800000| Complete 
| 277|0x0000000713900000, 0x0000000713a00000, 0x0000000713a00000|100%| E|CS|TAMS 0x0000000713900000, 0x0000000713900000| Complete 
| 278|0x0000000713a00000, 0x0000000713b00000, 0x0000000713b00000|100%| E|CS|TAMS 0x0000000713a00000, 0x0000000713a00000| Complete 
| 279|0x0000000713b00000, 0x0000000713c00000, 0x0000000713c00000|100%| E|CS|TAMS 0x0000000713b00000, 0x0000000713b00000| Complete 
| 280|0x0000000713c00000, 0x0000000713d00000, 0x0000000713d00000|100%| E|CS|TAMS 0x0000000713c00000, 0x0000000713c00000| Complete 
| 281|0x0000000713d00000, 0x0000000713e00000, 0x0000000713e00000|100%| E|CS|TAMS 0x0000000713d00000, 0x0000000713d00000| Complete 
| 282|0x0000000713e00000, 0x0000000713f00000, 0x0000000713f00000|100%| E|CS|TAMS 0x0000000713e00000, 0x0000000713e00000| Complete 
| 283|0x0000000713f00000, 0x0000000714000000, 0x0000000714000000|100%| E|CS|TAMS 0x0000000713f00000, 0x0000000713f00000| Complete 
| 284|0x0000000714000000, 0x0000000714100000, 0x0000000714100000|100%| E|CS|TAMS 0x0000000714000000, 0x0000000714000000| Complete 
| 285|0x0000000714100000, 0x0000000714200000, 0x0000000714200000|100%| E|CS|TAMS 0x0000000714100000, 0x0000000714100000| Complete 
| 286|0x0000000714200000, 0x0000000714300000, 0x0000000714300000|100%| E|CS|TAMS 0x0000000714200000, 0x0000000714200000| Complete 
| 287|0x0000000714300000, 0x0000000714400000, 0x0000000714400000|100%| E|CS|TAMS 0x0000000714300000, 0x0000000714300000| Complete 
| 288|0x0000000714400000, 0x0000000714500000, 0x0000000714500000|100%| E|CS|TAMS 0x0000000714400000, 0x0000000714400000| Complete 
| 289|0x0000000714500000, 0x0000000714600000, 0x0000000714600000|100%| E|CS|TAMS 0x0000000714500000, 0x0000000714500000| Complete 
| 290|0x0000000714600000, 0x0000000714700000, 0x0000000714700000|100%| E|CS|TAMS 0x0000000714600000, 0x0000000714600000| Complete 
| 291|0x0000000714700000, 0x0000000714800000, 0x0000000714800000|100%| E|CS|TAMS 0x0000000714700000, 0x0000000714700000| Complete 
| 292|0x0000000714800000, 0x0000000714900000, 0x0000000714900000|100%| E|CS|TAMS 0x0000000714800000, 0x0000000714800000| Complete 
| 293|0x0000000714900000, 0x0000000714a00000, 0x0000000714a00000|100%| E|CS|TAMS 0x0000000714900000, 0x0000000714900000| Complete 
| 294|0x0000000714a00000, 0x0000000714b00000, 0x0000000714b00000|100%| E|CS|TAMS 0x0000000714a00000, 0x0000000714a00000| Complete 
| 295|0x0000000714b00000, 0x0000000714c00000, 0x0000000714c00000|100%| E|CS|TAMS 0x0000000714b00000, 0x0000000714b00000| Complete 
| 296|0x0000000714c00000, 0x0000000714d00000, 0x0000000714d00000|100%| E|CS|TAMS 0x0000000714c00000, 0x0000000714c00000| Complete 
| 297|0x0000000714d00000, 0x0000000714e00000, 0x0000000714e00000|100%| E|CS|TAMS 0x0000000714d00000, 0x0000000714d00000| Complete 
| 298|0x0000000714e00000, 0x0000000714f00000, 0x0000000714f00000|100%| E|CS|TAMS 0x0000000714e00000, 0x0000000714e00000| Complete 
| 299|0x0000000714f00000, 0x0000000715000000, 0x0000000715000000|100%| E|CS|TAMS 0x0000000714f00000, 0x0000000714f00000| Complete 
| 300|0x0000000715000000, 0x0000000715100000, 0x0000000715100000|100%| E|CS|TAMS 0x0000000715000000, 0x0000000715000000| Complete 
| 301|0x0000000715100000, 0x0000000715200000, 0x0000000715200000|100%| E|CS|TAMS 0x0000000715100000, 0x0000000715100000| Complete 
| 302|0x0000000715200000, 0x0000000715300000, 0x0000000715300000|100%| E|CS|TAMS 0x0000000715200000, 0x0000000715200000| Complete 
| 303|0x0000000715300000, 0x0000000715400000, 0x0000000715400000|100%| E|CS|TAMS 0x0000000715300000, 0x0000000715300000| Complete 
| 304|0x0000000715400000, 0x0000000715500000, 0x0000000715500000|100%| E|CS|TAMS 0x0000000715400000, 0x0000000715400000| Complete 

Card table byte_map: [0x00000204e8f30000,0x00000204e9720000] _byte_map_base: 0x00000204e571e000

Marking Bits (Prev, Next): (CMBitMap*) 0x00000204d0dff6c0, (CMBitMap*) 0x00000204d0dff688
 Prev Bits: [0x00000204ede80000, 0x00000204f1df0000)
 Next Bits: [0x00000204e9f10000, 0x00000204ede80000)

Polling page: 0x00000204ced30000

Metaspace:

Usage:
  Non-class:     69.76 MB capacity,    68.51 MB ( 98%) used,  1003.29 KB (  1%) free+waste,   275.50 KB ( <1%) overhead. 
      Class:     10.93 MB capacity,    10.07 MB ( 92%) used,   748.23 KB (  7%) free+waste,   130.25 KB (  1%) overhead. 
       Both:     80.69 MB capacity,    78.58 MB ( 97%) used,     1.71 MB (  2%) free+waste,   405.75 KB ( <1%) overhead. 

Virtual space:
  Non-class space:       70.00 MB reserved,      70.00 MB (100%) committed 
      Class space:        1.00 GB reserved,      11.00 MB (  1%) committed 
             Both:        1.07 GB reserved,      81.00 MB (  7%) committed 

Chunk freelists:
   Non-Class:  2.00 KB
       Class:  9.00 KB
        Both:  11.00 KB

MaxMetaspaceSize: 17179869184.00 GB
CompressedClassSpaceSize: 1.00 GB

CodeHeap 'non-profiled nmethods': size=120000Kb used=5273Kb max_used=5273Kb free=114726Kb
 bounds [0x00000204e0ee0000, 0x00000204e1410000, 0x00000204e8410000]
CodeHeap 'profiled nmethods': size=120000Kb used=14957Kb max_used=14957Kb free=105042Kb
 bounds [0x00000204d99b0000, 0x00000204da860000, 0x00000204e0ee0000]
CodeHeap 'non-nmethods': size=5760Kb used=1262Kb max_used=1355Kb free=4497Kb
 bounds [0x00000204d9410000, 0x00000204d9680000, 0x00000204d99b0000]
 total_blobs=7382 nmethods=6743 adapters=549
 compilation: enabled
              stopped_count=0, restarted_count=0
 full_count=0

Compilation events (20 events):
Event: 14.409 Thread 0x00000204f522b000 nmethod 7185 0x00000204da82da90 code [0x00000204da82dc40, 0x00000204da82dd48]
Event: 14.409 Thread 0x00000204f522b000 7186       1       sun.security.ssl.SSLCipher::isAvailable (5 bytes)
Event: 14.409 Thread 0x00000204f522b000 nmethod 7186 0x00000204e13ef410 code [0x00000204e13ef5c0, 0x00000204e13ef678]
Event: 14.409 Thread 0x00000204f522b000 7191       2       sun.security.ssl.CipherSuite::supports (11 bytes)
Event: 14.409 Thread 0x00000204f522b000 nmethod 7191 0x00000204da82de10 code [0x00000204da82dfc0, 0x00000204da82e0e8]
Event: 14.409 Thread 0x00000204f522b000 7193       2       java.lang.String::split (324 bytes)
Event: 14.412 Thread 0x00000204f522b000 nmethod 7193 0x00000204da82e190 code [0x00000204da82e520, 0x00000204da82fbb8]
Event: 14.412 Thread 0x00000204f522b000 7195 %     3       sun.security.util.AbstractAlgorithmConstraints::checkAlgorithm @ 93 (138 bytes)
Event: 14.413 Thread 0x00000204f522b000 nmethod 7195% 0x00000204da830910 code [0x00000204da830ba0, 0x00000204da831908]
Event: 14.413 Thread 0x00000204f522b000 7194       2       sun.security.util.DisabledAlgorithmConstraints::permits (33 bytes)
Event: 14.413 Thread 0x00000204f522b000 nmethod 7194 0x00000204da831d10 code [0x00000204da831ee0, 0x00000204da832098]
Event: 14.413 Thread 0x00000204f522b000 7192       2       java.lang.String::split (7 bytes)
Event: 14.413 Thread 0x00000204f522b000 nmethod 7192 0x00000204da832190 code [0x00000204da832340, 0x00000204da832448]
Event: 14.413 Thread 0x00000204f522b000 7197   !   2       sun.security.ssl.SSLAlgorithmDecomposer::decompose (67 bytes)
Event: 14.414 Thread 0x00000204f522b000 nmethod 7197 0x00000204da832510 code [0x00000204da832700, 0x00000204da832948]
Event: 14.414 Thread 0x00000204f522b000 7196       2       java.util.AbstractList::subListRangeCheck (110 bytes)
Event: 14.415 Thread 0x00000204f522b000 nmethod 7196 0x00000204da832b10 code [0x00000204da832e00, 0x00000204da833928]
Event: 14.415 Thread 0x00000204f522b000 7198       2       sun.security.ssl.SSLAlgorithmDecomposer::decompose (93 bytes)
Event: 14.415 Thread 0x00000204f522b000 nmethod 7198 0x00000204da833e10 code [0x00000204da834020, 0x00000204da834418]
Event: 14.415 Thread 0x00000204f522b000 7199       2       sun.security.ssl.SSLAlgorithmDecomposer::decomposes (533 bytes)

GC Heap History (20 events):
Event: 0.638 GC heap before
{Heap before GC invocations=0 (full 0):
 garbage-first heap   total 260096K, used 24576K [0x0000000702400000, 0x0000000800000000)
  region size 1024K, 24 young (24576K), 0 survivors (0K)
 Metaspace       used 9376K, capacity 9599K, committed 9728K, reserved 1058816K
  class space    used 842K, capacity 908K, committed 1024K, reserved 1048576K
}
Event: 0.650 GC heap after
{Heap after GC invocations=1 (full 0):
 garbage-first heap   total 260096K, used 9400K [0x0000000702400000, 0x0000000800000000)
  region size 1024K, 3 young (3072K), 3 survivors (3072K)
 Metaspace       used 9376K, capacity 9599K, committed 9728K, reserved 1058816K
  class space    used 842K, capacity 908K, committed 1024K, reserved 1048576K
}
Event: 1.037 GC heap before
{Heap before GC invocations=1 (full 0):
 garbage-first heap   total 260096K, used 26808K [0x0000000702400000, 0x0000000800000000)
  region size 1024K, 20 young (20480K), 3 survivors (3072K)
 Metaspace       used 12712K, capacity 13163K, committed 13312K, reserved 1060864K
  class space    used 1284K, capacity 1421K, committed 1536K, reserved 1048576K
}
Event: 1.040 GC heap after
{Heap after GC invocations=2 (full 0):
 garbage-first heap   total 260096K, used 10217K [0x0000000702400000, 0x0000000800000000)
  region size 1024K, 1 young (1024K), 1 survivors (1024K)
 Metaspace       used 12712K, capacity 13163K, committed 13312K, reserved 1060864K
  class space    used 1284K, capacity 1421K, committed 1536K, reserved 1048576K
}
Event: 2.223 GC heap before
{Heap before GC invocations=2 (full 0):
 garbage-first heap   total 260096K, used 58345K [0x0000000702400000, 0x0000000800000000)
  region size 1024K, 48 young (49152K), 1 survivors (1024K)
 Metaspace       used 19894K, capacity 20538K, committed 20608K, reserved 1067008K
  class space    used 2159K, capacity 2395K, committed 2432K, reserved 1048576K
}
Event: 2.226 GC heap after
{Heap after GC invocations=3 (full 0):
 garbage-first heap   total 260096K, used 11890K [0x0000000702400000, 0x0000000800000000)
  region size 1024K, 3 young (3072K), 3 survivors (3072K)
 Metaspace       used 19894K, capacity 20538K, committed 20608K, reserved 1067008K
  class space    used 2159K, capacity 2395K, committed 2432K, reserved 1048576K
}
Event: 2.280 GC heap before
{Heap before GC invocations=3 (full 0):
 garbage-first heap   total 260096K, used 14962K [0x0000000702400000, 0x0000000800000000)
  region size 1024K, 7 young (7168K), 3 survivors (3072K)
 Metaspace       used 20508K, capacity 21149K, committed 21248K, reserved 1069056K
  class space    used 2229K, capacity 2471K, committed 2560K, reserved 1048576K
}
Event: 2.284 GC heap after
{Heap after GC invocations=4 (full 0):
 garbage-first heap   total 260096K, used 12150K [0x0000000702400000, 0x0000000800000000)
  region size 1024K, 3 young (3072K), 3 survivors (3072K)
 Metaspace       used 20508K, capacity 21149K, committed 21248K, reserved 1069056K
  class space    used 2229K, capacity 2471K, committed 2560K, reserved 1048576K
}
Event: 3.070 GC heap before
{Heap before GC invocations=5 (full 0):
 garbage-first heap   total 260096K, used 93046K [0x0000000702400000, 0x0000000800000000)
  region size 1024K, 83 young (84992K), 3 survivors (3072K)
 Metaspace       used 31671K, capacity 32464K, committed 32512K, reserved 1077248K
  class space    used 3733K, capacity 4056K, committed 4096K, reserved 1048576K
}
Event: 3.076 GC heap after
{Heap after GC invocations=6 (full 0):
 garbage-first heap   total 260096K, used 14916K [0x0000000702400000, 0x0000000800000000)
  region size 1024K, 6 young (6144K), 6 survivors (6144K)
 Metaspace       used 31671K, capacity 32464K, committed 32512K, reserved 1077248K
  class space    used 3733K, capacity 4056K, committed 4096K, reserved 1048576K
}
Event: 3.773 GC heap before
{Heap before GC invocations=6 (full 0):
 garbage-first heap   total 260096K, used 48708K [0x0000000702400000, 0x0000000800000000)
  region size 1024K, 40 young (40960K), 6 survivors (6144K)
 Metaspace       used 34817K, capacity 35764K, committed 35840K, reserved 1081344K
  class space    used 4163K, capacity 4565K, committed 4608K, reserved 1048576K
}
Event: 3.782 GC heap after
{Heap after GC invocations=7 (full 0):
 garbage-first heap   total 260096K, used 16811K [0x0000000702400000, 0x0000000800000000)
  region size 1024K, 8 young (8192K), 8 survivors (8192K)
 Metaspace       used 34817K, capacity 35764K, committed 35840K, reserved 1081344K
  class space    used 4163K, capacity 4565K, committed 4608K, reserved 1048576K
}
Event: 4.917 GC heap before
{Heap before GC invocations=8 (full 0):
 garbage-first heap   total 260096K, used 153003K [0x0000000702400000, 0x0000000800000000)
  region size 1024K, 142 young (145408K), 8 survivors (8192K)
 Metaspace       used 38382K, capacity 39429K, committed 39680K, reserved 1083392K
  class space    used 4613K, capacity 5045K, committed 5120K, reserved 1048576K
}
Event: 4.926 GC heap after
{Heap after GC invocations=9 (full 0):
 garbage-first heap   total 260096K, used 19132K [0x0000000702400000, 0x0000000800000000)
  region size 1024K, 10 young (10240K), 10 survivors (10240K)
 Metaspace       used 38382K, capacity 39429K, committed 39680K, reserved 1083392K
  class space    used 4613K, capacity 5045K, committed 5120K, reserved 1048576K
}
Event: 7.380 GC heap before
{Heap before GC invocations=9 (full 0):
 garbage-first heap   total 260096K, used 163516K [0x0000000702400000, 0x0000000800000000)
  region size 1024K, 152 young (155648K), 10 survivors (10240K)
 Metaspace       used 46100K, capacity 47433K, committed 47616K, reserved 1091584K
  class space    used 5596K, capacity 6142K, committed 6144K, reserved 1048576K
}
Event: 7.395 GC heap after
{Heap after GC invocations=10 (full 0):
 garbage-first heap   total 312320K, used 24109K [0x0000000702400000, 0x0000000800000000)
  region size 1024K, 15 young (15360K), 15 survivors (15360K)
 Metaspace       used 46100K, capacity 47433K, committed 47616K, reserved 1091584K
  class space    used 5596K, capacity 6142K, committed 6144K, reserved 1048576K
}
Event: 9.561 GC heap before
{Heap before GC invocations=10 (full 0):
 garbage-first heap   total 312320K, used 139821K [0x0000000702400000, 0x0000000800000000)
  region size 1024K, 129 young (132096K), 15 survivors (15360K)
 Metaspace       used 58405K, capacity 59911K, committed 60160K, reserved 1101824K
  class space    used 7332K, capacity 7936K, committed 7936K, reserved 1048576K
}
Event: 9.580 GC heap after
{Heap after GC invocations=11 (full 0):
 garbage-first heap   total 312320K, used 29360K [0x0000000702400000, 0x0000000800000000)
  region size 1024K, 18 young (18432K), 18 survivors (18432K)
 Metaspace       used 58405K, capacity 59911K, committed 60160K, reserved 1101824K
  class space    used 7332K, capacity 7936K, committed 7936K, reserved 1048576K
}
Event: 12.610 GC heap before
{Heap before GC invocations=12 (full 0):
 garbage-first heap   total 312320K, used 197296K [0x0000000702400000, 0x0000000800000000)
  region size 1024K, 183 young (187392K), 18 survivors (18432K)
 Metaspace       used 75521K, capacity 77500K, committed 77696K, reserved 1116160K
  class space    used 9690K, capacity 10501K, committed 10624K, reserved 1048576K
}
Event: 12.627 GC heap after
{Heap after GC invocations=13 (full 0):
 garbage-first heap   total 312320K, used 36443K [0x0000000702400000, 0x0000000800000000)
  region size 1024K, 18 young (18432K), 18 survivors (18432K)
 Metaspace       used 75521K, capacity 77500K, committed 77696K, reserved 1116160K
  class space    used 9690K, capacity 10501K, committed 10624K, reserved 1048576K
}

Deoptimization events (20 events):
Event: 14.314 Thread 0x00000204d0d9e000 Uncommon trap: trap_request=0xffffff4d fr.pc=0x00000204e0ef4f28 relative=0x0000000000000208
Event: 14.314 Thread 0x00000204d0d9e000 Uncommon trap: reason=unstable_if action=reinterpret pc=0x00000204e0ef4f28 method=java.lang.String.hashCode()I @ 22 c2
Event: 14.314 Thread 0x00000204d0d9e000 DEOPT PACKING pc=0x00000204e0ef4f28 sp=0x0000008b969fab10
Event: 14.314 Thread 0x00000204d0d9e000 DEOPT UNPACKING pc=0x00000204d943772f sp=0x0000008b969faa98 mode 2
Event: 14.317 Thread 0x00000204d0d9e000 Uncommon trap: trap_request=0xffffff4d fr.pc=0x00000204e0fb21b0 relative=0x00000000000013d0
Event: 14.317 Thread 0x00000204d0d9e000 Uncommon trap: reason=unstable_if action=reinterpret pc=0x00000204e0fb21b0 method=java.util.concurrent.ConcurrentHashMap.transfer([Ljava/util/concurrent/ConcurrentHashMap$Node;[Ljava/util/concurrent/ConcurrentHashMap$Node;)V @ 352 c2
Event: 14.317 Thread 0x00000204d0d9e000 DEOPT PACKING pc=0x00000204e0fb21b0 sp=0x0000008b969fa9f0
Event: 14.317 Thread 0x00000204d0d9e000 DEOPT UNPACKING pc=0x00000204d943772f sp=0x0000008b969fa988 mode 2
Event: 14.364 Thread 0x00000204d0d9e000 Uncommon trap: trap_request=0xffffff4d fr.pc=0x00000204e1159f64 relative=0x00000000000008a4
Event: 14.364 Thread 0x00000204d0d9e000 Uncommon trap: reason=unstable_if action=reinterpret pc=0x00000204e1159f64 method=java.util.StringTokenizer.nextToken()Ljava/lang/String; @ 5 c2
Event: 14.364 Thread 0x00000204d0d9e000 DEOPT PACKING pc=0x00000204e1159f64 sp=0x0000008b969f8450
Event: 14.364 Thread 0x00000204d0d9e000 DEOPT UNPACKING pc=0x00000204d943772f sp=0x0000008b969f8430 mode 2
Event: 14.382 Thread 0x00000204d0d9e000 Uncommon trap: trap_request=0xffffff4d fr.pc=0x00000204e12536b8 relative=0x00000000000056d8
Event: 14.382 Thread 0x00000204d0d9e000 Uncommon trap: reason=unstable_if action=reinterpret pc=0x00000204e12536b8 method=java.net.URLStreamHandler.parseURL(Ljava/net/URL;Ljava/lang/String;II)V @ 155 c2
Event: 14.382 Thread 0x00000204d0d9e000 DEOPT PACKING pc=0x00000204e12536b8 sp=0x0000008b969f78c0
Event: 14.382 Thread 0x00000204d0d9e000 DEOPT UNPACKING pc=0x00000204d943772f sp=0x0000008b969f7890 mode 2
Event: 14.382 Thread 0x00000204d0d9e000 Uncommon trap: trap_request=0xffffff4d fr.pc=0x00000204e0f9ab08 relative=0x0000000000000a48
Event: 14.382 Thread 0x00000204d0d9e000 Uncommon trap: reason=unstable_if action=reinterpret pc=0x00000204e0f9ab08 method=sun.net.util.IPAddressUtil.scan(Ljava/lang/String;JJ[C)I @ 14 c2
Event: 14.382 Thread 0x00000204d0d9e000 DEOPT PACKING pc=0x00000204e0f9ab08 sp=0x0000008b969f77e0
Event: 14.382 Thread 0x00000204d0d9e000 DEOPT UNPACKING pc=0x00000204d943772f sp=0x0000008b969f76a0 mode 2

Classes redefined (0 events):
No events

Internal exceptions (20 events):
Event: 14.236 Thread 0x00000204d0d9e000 Exception <a 'java/lang/ClassNotFoundException'{0x000000070e1cab18}: org/springframework/context/annotation/ConfigurationClassEnhancer$EnhancedConfigurationCustomizer> (0x000000070e1cab18) thrown at [./src/hotspot/share/classfile/systemDictionary.cpp, line 231]
Event: 14.236 Thread 0x00000204d0d9e000 Exception <a 'java/lang/ClassNotFoundException'{0x000000070e1e3000}: org/springframework/beans/factory/BeanFactoryAwareCustomizer> (0x000000070e1e3000) thrown at [./src/hotspot/share/classfile/systemDictionary.cpp, line 231]
Event: 14.237 Thread 0x00000204d0d9e000 Exception <a 'java/lang/ClassNotFoundException'{0x000000070e1f9ae8}: org/springframework/beans/factory/AwareCustomizer> (0x000000070e1f9ae8) thrown at [./src/hotspot/share/classfile/systemDictionary.cpp, line 231]
Event: 14.239 Thread 0x00000204d0d9e000 Exception <a 'java/lang/ClassNotFoundException'{0x000000070e002c30}: java/lang/ObjectCustomizer> (0x000000070e002c30) thrown at [./src/hotspot/share/classfile/systemDictionary.cpp, line 231]
Event: 14.240 Thread 0x00000204d0d9e000 Exception <a 'java/lang/ClassNotFoundException'{0x000000070e035e28}: org/springframework/boot/actuate/autoconfigure/web/server/ManagementContextAutoConfiguration$SameManagementContextConfiguration$EnableSameManagementContextConfigurationCustomizer> (0x000000070e035e28) thrown at [./src/hotspot/share/classfile/systemDictionary.cpp, line 231]
Event: 14.243 Thread 0x00000204d0d9e000 Exception <a 'java/lang/ClassNotFoundException'{0x000000070e057ae8}: java/lang/ObjectCustomizer> (0x000000070e057ae8) thrown at [./src/hotspot/share/classfile/systemDictionary.cpp, line 231]
Event: 14.244 Thread 0x00000204d0d9e000 Exception <a 'java/lang/ClassNotFoundException'{0x000000070e082480}: org/springframework/boot/actuate/autoconfigure/web/server/ManagementContextAutoConfiguration$SameManagementContextConfigurationCustomizer> (0x000000070e082480) thrown at [./src/hotspot/share/classfile/systemDictionary.cpp, line 231]
Event: 14.245 Thread 0x00000204d0d9e000 Exception <a 'java/lang/ClassNotFoundException'{0x000000070e09ec70}: org/springframework/beans/factory/SmartInitializingSingletonCustomizer> (0x000000070e09ec70) thrown at [./src/hotspot/share/classfile/systemDictionary.cpp, line 231]
Event: 14.246 Thread 0x00000204d0d9e000 Exception <a 'java/lang/ClassNotFoundException'{0x000000070e0a8518}: java/lang/ObjectCustomizer> (0x000000070e0a8518) thrown at [./src/hotspot/share/classfile/systemDictionary.cpp, line 231]
Event: 14.247 Thread 0x00000204d0d9e000 Exception <a 'java/lang/ClassNotFoundException'{0x000000070e0cc2c0}: org/springframework/boot/actuate/autoconfigure/web/server/ManagementContextAutoConfigurationCustomizer> (0x000000070e0cc2c0) thrown at [./src/hotspot/share/classfile/systemDictionary.cpp, line 231]
Event: 14.248 Thread 0x00000204d0d9e000 Exception <a 'java/lang/ClassNotFoundException'{0x000000070e0d44a0}: java/lang/ObjectCustomizer> (0x000000070e0d44a0) thrown at [./src/hotspot/share/classfile/systemDictionary.cpp, line 231]
Event: 14.249 Thread 0x00000204d0d9e000 Exception <a 'java/lang/ClassNotFoundException'{0x000000070e0f6868}: org/springframework/boot/actuate/autoconfigure/web/server/ManagementServerPropertiesCustomizer> (0x000000070e0f6868) thrown at [./src/hotspot/share/classfile/systemDictionary.cpp, line 231]
Event: 14.251 Thread 0x00000204d0d9e000 Exception <a 'java/lang/ClassNotFoundException'{0x000000070df1e028}: java/lang/ObjectCustomizer> (0x000000070df1e028) thrown at [./src/hotspot/share/classfile/systemDictionary.cpp, line 231]
Event: 14.252 Thread 0x00000204d0d9e000 Exception <a 'java/lang/ClassNotFoundException'{0x000000070df43190}: org/springframework/boot/test/web/client/TestRestTemplateContextCustomizer$TestRestTemplateFactoryCustomizer> (0x000000070df43190) thrown at [./src/hotspot/share/classfile/systemDictionary.cpp, line 231]
Event: 14.253 Thread 0x00000204d0d9e000 Exception <a 'java/lang/ClassNotFoundException'{0x000000070df63508}: org/springframework/beans/factory/FactoryBeanCustomizer> (0x000000070df63508) thrown at [./src/hotspot/share/classfile/systemDictionary.cpp, line 231]
Event: 14.254 Thread 0x00000204d0d9e000 Exception <a 'java/lang/ClassNotFoundException'{0x000000070df7e1e0}: org/springframework/context/ApplicationContextAwareCustomizer> (0x000000070df7e1e0) thrown at [./src/hotspot/share/classfile/systemDictionary.cpp, line 231]
Event: 14.254 Thread 0x00000204d0d9e000 Exception <a 'java/lang/ClassNotFoundException'{0x000000070df94f28}: org/springframework/beans/factory/AwareCustomizer> (0x000000070df94f28) thrown at [./src/hotspot/share/classfile/systemDictionary.cpp, line 231]
Event: 14.263 Thread 0x00000204d0d9e000 Exception <a 'java/lang/ClassNotFoundException'{0x000000070dfde9f8}: org/springframework/boot/web/client/RestTemplateBuilderBeanInfo> (0x000000070dfde9f8) thrown at [./src/hotspot/share/classfile/systemDictionary.cpp, line 231]
Event: 14.264 Thread 0x00000204d0d9e000 Exception <a 'java/lang/ClassNotFoundException'{0x000000070dff71e8}: org/springframework/boot/web/client/RestTemplateBuilderCustomizer> (0x000000070dff71e8) thrown at [./src/hotspot/share/classfile/systemDictionary.cpp, line 231]
Event: 14.376 Thread 0x00000204d0d9e000 Exception <a 'sun/nio/fs/WindowsException'{0x000000070da60d90}> (0x000000070da60d90) thrown at [./src/hotspot/share/prims/jni.cpp, line 615]

Events (20 events):
Event: 14.415 loading class sun/security/action/GetIntegerAction done
Event: 14.415 loading class sun/security/util/Cache
Event: 14.415 loading class sun/security/util/Cache done
Event: 14.415 loading class sun/security/util/MemoryCache
Event: 14.415 loading class sun/security/util/MemoryCache done
Event: 14.415 loading class sun/security/ssl/SSLContextImpl$DefaultManagersHolder
Event: 14.416 loading class sun/security/ssl/SSLContextImpl$DefaultManagersHolder done
Event: 14.416 loading class javax/net/ssl/TrustManagerFactory
Event: 14.416 loading class javax/net/ssl/TrustManagerFactory done
Event: 14.416 loading class javax/net/ssl/TrustManagerFactory$1
Event: 14.416 loading class javax/net/ssl/TrustManagerFactory$1 done
Event: 14.416 loading class javax/net/ssl/TrustManagerFactorySpi
Event: 14.416 loading class javax/net/ssl/TrustManagerFactorySpi done
Event: 14.416 loading class sun/security/ssl/TrustManagerFactoryImpl$PKIXFactory
Event: 14.416 loading class sun/security/ssl/TrustManagerFactoryImpl
Event: 14.416 loading class sun/security/ssl/TrustManagerFactoryImpl done
Event: 14.416 loading class sun/security/ssl/TrustManagerFactoryImpl$PKIXFactory done
Event: 14.417 loading class sun/security/ssl/TrustStoreManager
Event: 14.417 loading class sun/security/ssl/TrustStoreManager done
Event: 14.417 loading class sun/security/ssl/TrustStoreManager$TrustAnchorManager


Dynamic libraries:
0x00007ff73d640000 - 0x00007ff73d64d000 	C:\Java\jdk11.0.8_10\bin\java.exe
0x00007fff318b0000 - 0x00007fff31aa6000 	C:\WINDOWS\SYSTEM32\ntdll.dll
0x00007fff31230000 - 0x00007fff312ed000 	C:\WINDOWS\System32\KERNEL32.DLL
0x00007fff2f2e0000 - 0x00007fff2f5a9000 	C:\WINDOWS\System32\KERNELBASE.dll
0x00007fff2f5b0000 - 0x00007fff2f6b0000 	C:\WINDOWS\System32\ucrtbase.dll
0x00007fff05bc0000 - 0x00007fff05bd7000 	C:\Java\jdk11.0.8_10\bin\jli.dll
0x00007fff2f9e0000 - 0x00007fff2fb80000 	C:\WINDOWS\System32\USER32.dll
0x00007fff2f6b0000 - 0x00007fff2f6d2000 	C:\WINDOWS\System32\win32u.dll
0x00007fff30ad0000 - 0x00007fff30afa000 	C:\WINDOWS\System32\GDI32.dll
0x00007fff2f1d0000 - 0x00007fff2f2d9000 	C:\WINDOWS\System32\gdi32full.dll
0x00007fff2f0d0000 - 0x00007fff2f16d000 	C:\WINDOWS\System32\msvcp_win.dll
0x00007fff14b40000 - 0x00007fff14b55000 	C:\Java\jdk11.0.8_10\bin\VCRUNTIME140.dll
0x00007fff19b90000 - 0x00007fff19e2b000 	C:\WINDOWS\WinSxS\amd64_microsoft.windows.common-controls_6595b64144ccf1df_6.0.19041.488_none_ca04af081b815d21\COMCTL32.dll
0x00007fff30300000 - 0x00007fff3039e000 	C:\WINDOWS\System32\msvcrt.dll
0x00007fff302d0000 - 0x00007fff30300000 	C:\WINDOWS\System32\IMM32.DLL
0x00007ffee5c90000 - 0x00007ffee5d2b000 	C:\Java\jdk11.0.8_10\bin\msvcp140.dll
0x00007ffeb4bb0000 - 0x00007ffeb566d000 	C:\Java\jdk11.0.8_10\bin\server\jvm.dll
0x00007fff317c0000 - 0x00007fff3186c000 	C:\WINDOWS\System32\ADVAPI32.dll
0x00007fff309c0000 - 0x00007fff30a5c000 	C:\WINDOWS\System32\sechost.dll
0x00007fff30fc0000 - 0x00007fff310eb000 	C:\WINDOWS\System32\RPCRT4.dll
0x00007fff304c0000 - 0x00007fff304c8000 	C:\WINDOWS\System32\PSAPI.DLL
0x00007fff17b00000 - 0x00007fff17b09000 	C:\WINDOWS\SYSTEM32\WSOCK32.dll
0x00007fff1a050000 - 0x00007fff1a077000 	C:\WINDOWS\SYSTEM32\WINMM.dll
0x00007fff30a60000 - 0x00007fff30acb000 	C:\WINDOWS\System32\WS2_32.dll
0x00007fff24c10000 - 0x00007fff24c1a000 	C:\WINDOWS\SYSTEM32\VERSION.dll
0x00007fff2d870000 - 0x00007fff2d882000 	C:\WINDOWS\SYSTEM32\kernel.appcore.dll
0x00007fff25dc0000 - 0x00007fff25dd0000 	C:\Java\jdk11.0.8_10\bin\verify.dll
0x00007fff2a510000 - 0x00007fff2a6f4000 	C:\WINDOWS\SYSTEM32\DBGHELP.DLL
0x00007fff175c0000 - 0x00007fff175ec000 	C:\WINDOWS\SYSTEM32\dbgcore.DLL
0x00007fff2f890000 - 0x00007fff2f910000 	C:\WINDOWS\System32\bcryptPrimitives.dll
0x00007ffeff460000 - 0x00007ffeff488000 	C:\Java\jdk11.0.8_10\bin\java.dll
0x00007fff192c0000 - 0x00007fff192ca000 	C:\Java\jdk11.0.8_10\bin\jimage.dll
0x00007fff04870000 - 0x00007fff04887000 	C:\Java\jdk11.0.8_10\bin\zip.dll
0x00007fff2fb80000 - 0x00007fff302c2000 	C:\WINDOWS\System32\SHELL32.dll
0x00007fff29ca0000 - 0x00007fff2a435000 	C:\WINDOWS\SYSTEM32\windows.storage.dll
0x00007fff30550000 - 0x00007fff308a6000 	C:\WINDOWS\System32\combase.dll
0x00007fff2ea60000 - 0x00007fff2ea8c000 	C:\WINDOWS\SYSTEM32\Wldp.dll
0x00007fff303a0000 - 0x00007fff3044e000 	C:\WINDOWS\System32\SHCORE.dll
0x00007fff30450000 - 0x00007fff304a5000 	C:\WINDOWS\System32\shlwapi.dll
0x00007fff2ef20000 - 0x00007fff2ef46000 	C:\WINDOWS\SYSTEM32\profapi.dll
0x00007ffefc050000 - 0x00007ffefc069000 	C:\Java\jdk11.0.8_10\bin\net.dll
0x00007fff23a30000 - 0x00007fff23b30000 	C:\WINDOWS\SYSTEM32\WINHTTP.dll
0x00007fff2e7e0000 - 0x00007fff2e84a000 	C:\WINDOWS\system32\mswsock.dll
0x00007ffefc000000 - 0x00007ffefc012000 	C:\Java\jdk11.0.8_10\bin\nio.dll
0x00007fff25e30000 - 0x00007fff25e39000 	C:\Java\jdk11.0.8_10\bin\management.dll
0x00007fff25d90000 - 0x00007fff25d9b000 	C:\Java\jdk11.0.8_10\bin\management_ext.dll
0x00007fff141c0000 - 0x00007fff141d7000 	C:\WINDOWS\system32\napinsp.dll
0x00007fff14150000 - 0x00007fff1416b000 	C:\WINDOWS\system32\pnrpnsp.dll
0x00007fff26880000 - 0x00007fff26895000 	C:\WINDOWS\system32\wshbth.dll
0x00007fff27320000 - 0x00007fff2733d000 	C:\WINDOWS\system32\NLAapi.dll
0x00007fff2e480000 - 0x00007fff2e4bb000 	C:\WINDOWS\SYSTEM32\IPHLPAPI.DLL
0x00007fff2e4d0000 - 0x00007fff2e59b000 	C:\WINDOWS\SYSTEM32\DNSAPI.dll
0x00007fff31220000 - 0x00007fff31228000 	C:\WINDOWS\System32\NSI.dll
0x00007fff12150000 - 0x00007fff12162000 	C:\WINDOWS\System32\winrnr.dll
0x00007fff24820000 - 0x00007fff2482a000 	C:\Windows\System32\rasadhlp.dll
0x00007fff1ef70000 - 0x00007fff1efef000 	C:\WINDOWS\System32\fwpuclnt.dll
0x00007fff2f0a0000 - 0x00007fff2f0c7000 	C:\WINDOWS\System32\bcrypt.dll
0x00007fff2e9b0000 - 0x00007fff2e9c8000 	C:\WINDOWS\SYSTEM32\CRYPTSP.dll
0x00007fff2e0d0000 - 0x00007fff2e104000 	C:\WINDOWS\system32\rsaenh.dll
0x00007fff2eee0000 - 0x00007fff2ef0e000 	C:\WINDOWS\SYSTEM32\USERENV.dll
0x00007fff2e9d0000 - 0x00007fff2e9dc000 	C:\WINDOWS\SYSTEM32\CRYPTBASE.dll
0x00007fff24480000 - 0x00007fff24497000 	C:\WINDOWS\SYSTEM32\dhcpcsvc6.DLL
0x00007fff23650000 - 0x00007fff2366d000 	C:\WINDOWS\SYSTEM32\dhcpcsvc.DLL
0x00007ffeff300000 - 0x00007ffeff325000 	C:\Java\jdk11.0.8_10\bin\sunec.dll

dbghelp: loaded successfully - version: 4.0.5 - missing functions: none
symbol engine: initialized successfully - sym options: 0x614 - pdb path: .;C:\Java\jdk11.0.8_10\bin;C:\WINDOWS\SYSTEM32;C:\WINDOWS\WinSxS\amd64_microsoft.windows.common-controls_6595b64144ccf1df_6.0.19041.488_none_ca04af081b815d21;C:\Java\jdk11.0.8_10\bin\server

VM Arguments:
java_command: C:\Users\robin\AppData\Local\Temp\surefire7626776618800892085\surefirebooter1643365513702761823.jar C:\Users\robin\AppData\Local\Temp\surefire7626776618800892085 2021-01-06T23-10-37_260-jvmRun1 surefire14914942769184011947tmp surefire_016781595130956650616tmp
java_class_path (initial): C:\Users\robin\AppData\Local\Temp\surefire7626776618800892085\surefirebooter1643365513702761823.jar
Launcher Type: SUN_STANDARD

[Global flags]
     intx CICompilerCount                          = 4                                         {product} {ergonomic}
     uint ConcGCThreads                            = 2                                         {product} {ergonomic}
     uint G1ConcRefinementThreads                  = 8                                         {product} {ergonomic}
   size_t G1HeapRegionSize                         = 1048576                                   {product} {ergonomic}
    uintx GCDrainStackTargetSize                   = 64                                        {product} {ergonomic}
   size_t InitialHeapSize                          = 266338304                                 {product} {ergonomic}
   size_t MarkStackSize                            = 4194304                                   {product} {ergonomic}
   size_t MaxHeapSize                              = 4257218560                                {product} {ergonomic}
   size_t MaxNewSize                               = 2554331136                                {product} {ergonomic}
   size_t MinHeapDeltaBytes                        = 1048576                                   {product} {ergonomic}
    uintx NonNMethodCodeHeapSize                   = 5836300                                {pd product} {ergonomic}
    uintx NonProfiledCodeHeapSize                  = 122910970                              {pd product} {ergonomic}
    uintx ProfiledCodeHeapSize                     = 122910970                              {pd product} {ergonomic}
    uintx ReservedCodeCacheSize                    = 251658240                              {pd product} {ergonomic}
     bool SegmentedCodeCache                       = true                                      {product} {ergonomic}
     bool UseCompressedClassPointers               = true                                 {lp64_product} {ergonomic}
     bool UseCompressedOops                        = true                                 {lp64_product} {ergonomic}
     bool UseG1GC                                  = true                                      {product} {ergonomic}
     bool UseLargePagesIndividualAllocation        = false                                  {pd product} {ergonomic}

Logging:
Log output configuration:
 #0: stdout all=warning uptime,level,tags
 #1: stderr all=off uptime,level,tags

Environment Variables:
JAVA_HOME=C:\Java\jdk11.0.8_10
PATH=C:\Python39\Scripts\;C:\Python39\;C:\Python38\Scripts\;C:\Python38\;C:\Program Files (x86)\Razer Chroma SDK\bin;C:\Program Files\Razer Chroma SDK\bin;C:\Java\jdk11.0.8_10\bin;C:\Program Files (x86)\Razer\ChromaBroadcast\bin;C:\Program Files\Razer\ChromaBroadcast\bin;C:\RailsInstaller\Ruby2.3.3\bin;C:\Program Files\ImageMagick-7.0.7-Q16;C:\Program Files\Microsoft MPI\Bin\;C:\Windows\system32;C:\Windows;C:\Windows\System32\Wbem;C:\Windows\System32\WindowsPowerShell\v1.0\;C:\Program Files (x86)\NVIDIA Corporation\PhysX\Common;C:\WINDOWS\system32;C:\WINDOWS;C:\WINDOWS\System32\Wbem;C:\WINDOWS\System32\WindowsPowerShell\v1.0\;C:\WINDOWS\System32\OpenSSH\;C:\ProgramData\chocolatey\bin;C:\Program Files\Microsoft VS Code\bin;C:\Program Files\NVIDIA Corporation\NVIDIA NvDLISR;C:\Users\robin\AppData\Roaming\nvm;C:\Program Files\Microsoft SQL Server\Client SDK\ODBC\130\Tools\Binn\;C:\Program Files (x86)\Microsoft SQL Server\140\Tools\Binn\;C:\Program Files\Microsoft SQL Server\140\Tools\Binn\;C:\Program Files\Microsoft SQL Server\140\DTS\Binn\;C:\Program Files (x86)\Microsoft SQL Server\Client SDK\ODBC\130\Tools\Binn\;C:\Program Files (x86)\Microsoft SQL Server\140\DTS\Binn\;C:\Program Files (x86)\Microsoft SQL Server\140\Tools\Binn\ManagementStudio\;C:\RailsInstaller\DevKit;C:\Program Files\Microsoft\Web Platform Installer\;C:\Program Files\apache-maven-3.6.0\bin;C:\Python37;C:\Python37\Scripts;C:\Octave\Octave-4.2.1\bin;C:\ProgramData\chocolatey\lib\Elixir/bin;C:\Java\jdk-14.0.1\bin;C:\Program Files\MySQL\MySQL Server 8.0\bin;C:\Program Files (x86)\Yarn\bin\;C:\Program Files (x86)\Intel\Intel(R) Management Engine Components\DAL;C:\Program Files\Intel\Intel(R) Management Engine Components\DAL;C:\WINDOWS\system32;C:\WINDOWS;C:\WINDOWS\System32\Wbem;C:\WINDOWS\System32\WindowsPowerShell\v1.0\;C:\WINDOWS\System32\OpenSSH\;C:\WINDOWS\system32\config\systemprofile\AppData\Local\Microsoft\WindowsApps;C:\Program Files\Git\cmd;C:\Program Files\nodejs\;C:\Python37\Scripts\;C:\Python
USERNAME=robin
OS=Windows_NT
PROCESSOR_IDENTIFIER=Intel64 Family 6 Model 158 Stepping 9, GenuineIntel



---------------  S Y S T E M  ---------------

OS: Windows 10 , 64 bit Build 19041 (10.0.19041.662)
OS uptime: 0 days 3:20 hours
HyperV virtualization detected

CPU:total 8 (initial active 8) (4 cores per cpu, 2 threads per core) family 6 model 158 stepping 9, cmov, cx8, fxsr, mmx, sse, sse2, sse3, ssse3, sse4.1, sse4.2, popcnt, avx, avx2, aes, clmul, erms, 3dnowpref, lzcnt, ht, tsc, tscinvbit, bmi1, bmi2, adx, fma

Memory: 4k page, system-wide physical 16235M (4905M free)
TotalPageFile size 17259M (AvailPageFile size 10M)
current process WorkingSet (physical memory assigned to process): 474M, peak: 486M
current process commit charge ("private bytes"): 590M, peak: 600M

vm_info: OpenJDK 64-Bit Server VM (11.0.8+10-LTS) for windows-amd64 JRE (11.0.8+10-LTS), built on Jul 13 2020 00:42:50 by "Administrator" with MS VC++ 15.9 (VS2017)

END.
