#
# There is insufficient memory for the Java Runtime Environment to continue.
# Native memory allocation (mmap) failed to map 53477376 bytes for Failed to commit area from 0x0000000712200000 to 0x0000000715500000 of length 53477376.
# Possible reasons:
#   The system is out of physical RAM or swap space
#   The process is running with CompressedOops enabled, and the Java Heap may be blocking the growth of the native heap
# Possible solutions:
#   Reduce memory load on the system
#   Increase physical memory or swap space
#   Check if swap backing store is full
#   Decrease Java heap size (-Xmx/-Xms)
#   Decrease number of Java threads
#   Decrease Java thread stack sizes (-Xss)
#   Set larger code cache with -XX:ReservedCodeCacheSize=
#   JVM is running with Zero Based Compressed Oops mode in which the Java heap is
#     placed in the first 32GB address space. The Java Heap base address is the
#     maximum limit for the native heap growth. Please use -XX:HeapBaseMinAddress
#     to set the Java Heap base and to place the Java Heap above 32GB virtual address.
# This output file may be truncated or incomplete.
#
#  Out of Memory Error (./src/hotspot/os/windows/os_windows.cpp:3303), pid=8324, tid=17124
#
# JRE version: OpenJDK Runtime Environment Corretto-11.0.8.10.1 (11.0.8+10) (build 11.0.8+10-LTS)
# Java VM: OpenJDK 64-Bit Server VM Corretto-11.0.8.10.1 (11.0.8+10-LTS, mixed mode, tiered, compressed oops, g1 gc, windows-amd64)
# No core dump will be written. Minidumps are not enabled by default on client versions of Windows
#

---------------  S U M M A R Y ------------

Command Line: -javaagent:C:\Program Files\JetBrains\IntelliJ IDEA Community Edition 2020.2.3\lib\idea_rt.jar=60533:C:\Program Files\JetBrains\IntelliJ IDEA Community Edition 2020.2.3\bin -Dfile.encoding=UTF-8 nu.borjessons.clubhouse.impl.ClubhouseApplication

Host: Intel(R) Core(TM) i7-7700HQ CPU @ 2.80GHz, 8 cores, 15G,  Windows 10 , 64 bit Build 19041 (10.0.19041.804)
Time: Sat Mar 13 18:01:10 2021 Västeuropa, normaltid elapsed time: 6 seconds (0d 0h 0m 6s)

---------------  T H R E A D  ---------------

Current thread (0x000001a9ffed7800):  VMThread "VM Thread" [stack: 0x000000a2a1400000,0x000000a2a1500000] [id=17124]

Stack: [0x000000a2a1400000,0x000000a2a1500000]
[error occurred during error reporting (printing stack bounds), id 0xc0000005, EXCEPTION_ACCESS_VIOLATION (0xc0000005) at pc=0x000001a980000dad]

Native frames: (J=compiled Java code, j=interpreted, Vv=VM code, C=native code)
V  [jvm.dll+0x5dfc8a]
V  [jvm.dll+0x7179be]
V  [jvm.dll+0x71908f]
V  [jvm.dll+0x7196b5]
V  [jvm.dll+0x71966b]
V  [jvm.dll+0x5df233]
V  [jvm.dll+0x5df938]
C  [ntdll.dll+0xa1f6f]
C  [ntdll.dll+0x51454]
C  [ntdll.dll+0xa0a9e]
C  0x000001a980000dad

VM_Operation (0x000000a2a0efb3f0): G1CollectForAllocation, mode: safepoint, requested by thread 0x000001a9eb31d800


---------------  P R O C E S S  ---------------

Threads class SMR info:
_java_thread_list=0x000001a9930fd300, length=19, elements={
0x000001a9eb31d800, 0x000001a9ffeda800, 0x000001a9ffedd800, 0x000001a98f8fb800,
0x000001a98f8fc800, 0x000001a98f8fe800, 0x000001a98f90f000, 0x000001a98f911800,
0x000001a98f881000, 0x000001a98fa9d800, 0x000001a98fdc7800, 0x000001a98ff78800,
0x000001a9923bf000, 0x000001a994d45000, 0x000001a992f4d000, 0x000001a99574a000,
0x000001a994d1a800, 0x000001a99725a800, 0x000001a997417800
}

Java Threads: ( => current thread )
  0x000001a9eb31d800 JavaThread "main" [_thread_blocked, id=16000, stack(0x000000a2a0e00000,0x000000a2a0f00000)]
  0x000001a9ffeda800 JavaThread "Reference Handler" daemon [_thread_blocked, id=16764, stack(0x000000a2a1500000,0x000000a2a1600000)]
  0x000001a9ffedd800 JavaThread "Finalizer" daemon [_thread_blocked, id=19848, stack(0x000000a2a1600000,0x000000a2a1700000)]
  0x000001a98f8fb800 JavaThread "Signal Dispatcher" daemon [_thread_blocked, id=20436, stack(0x000000a2a1700000,0x000000a2a1800000)]
  0x000001a98f8fc800 JavaThread "Attach Listener" daemon [_thread_blocked, id=18844, stack(0x000000a2a1800000,0x000000a2a1900000)]
  0x000001a98f8fe800 JavaThread "C2 CompilerThread0" daemon [_thread_in_native, id=9476, stack(0x000000a2a1900000,0x000000a2a1a00000)]
  0x000001a98f90f000 JavaThread "C1 CompilerThread0" daemon [_thread_blocked, id=12020, stack(0x000000a2a1a00000,0x000000a2a1b00000)]
  0x000001a98f911800 JavaThread "Sweeper thread" daemon [_thread_blocked, id=2264, stack(0x000000a2a1b00000,0x000000a2a1c00000)]
  0x000001a98f881000 JavaThread "Common-Cleaner" daemon [_thread_blocked, id=7264, stack(0x000000a2a1c00000,0x000000a2a1d00000)]
  0x000001a98fa9d800 JavaThread "C2 CompilerThread1" daemon [_thread_blocked, id=19664, stack(0x000000a2a1d00000,0x000000a2a1e00000)]
  0x000001a98fdc7800 JavaThread "Monitor Ctrl-Break" daemon [_thread_in_native, id=9728, stack(0x000000a2a1e00000,0x000000a2a1f00000)]
  0x000001a98ff78800 JavaThread "Service Thread" daemon [_thread_blocked, id=19624, stack(0x000000a2a1f00000,0x000000a2a2000000)]
  0x000001a9923bf000 JavaThread "C2 CompilerThread2" daemon [_thread_blocked, id=21676, stack(0x000000a2a2100000,0x000000a2a2200000)]
  0x000001a994d45000 JavaThread "HikariPool-1 housekeeper" daemon [_thread_blocked, id=21720, stack(0x000000a2a2800000,0x000000a2a2900000)]
  0x000001a992f4d000 JavaThread "HikariPool-1 connection adder" daemon [_thread_blocked, id=21728, stack(0x000000a2a2900000,0x000000a2a2a00000)]
  0x000001a99574a000 JavaThread "Catalina-utility-1" [_thread_blocked, id=21732, stack(0x000000a2a2a00000,0x000000a2a2b00000)]
  0x000001a994d1a800 JavaThread "Catalina-utility-2" [_thread_blocked, id=21736, stack(0x000000a2a2b00000,0x000000a2a2c00000)]
  0x000001a99725a800 JavaThread "container-0" [_thread_blocked, id=21740, stack(0x000000a2a2c00000,0x000000a2a2d00000)]
  0x000001a997417800 JavaThread "task-1" [_thread_blocked, id=21748, stack(0x000000a2a2d00000,0x000000a2a2e00000)]

Other Threads:
=>0x000001a9ffed7800 VMThread "VM Thread" [stack: 0x000000a2a1400000,0x000000a2a1500000] [id=17124]
  0x000001a98ff7d800 WatcherThread [stack: 0x000000a2a2000000,0x000000a2a2100000] [id=4732]
  0x000001a9eb336800 GCTaskThread "GC Thread#0" [stack: 0x000000a2a0f00000,0x000000a2a1000000] [id=2712]
  0x000001a9901d6000 GCTaskThread "GC Thread#1" [stack: 0x000000a2a2200000,0x000000a2a2300000] [id=10260]
  0x000001a9900ae800 GCTaskThread "GC Thread#2" [stack: 0x000000a2a2300000,0x000000a2a2400000] [id=13436]
  0x000001a990b49000 GCTaskThread "GC Thread#3" [stack: 0x000000a2a2400000,0x000000a2a2500000] [id=3984]
  0x000001a990b82800 GCTaskThread "GC Thread#4" [stack: 0x000000a2a2500000,0x000000a2a2600000] [id=20940]
  0x000001a990bb4800 GCTaskThread "GC Thread#5" [stack: 0x000000a2a2600000,0x000000a2a2700000] [id=3024]
  0x000001a9986bc800 GCTaskThread "GC Thread#6" [stack: 0x000000a2a2e00000,0x000000a2a2f00000] [id=21752]
  0x000001a9910c0800 GCTaskThread "GC Thread#7" [stack: 0x000000a2a2f00000,0x000000a2a3000000] [id=21756]
  0x000001a9eb395800 ConcurrentGCThread "G1 Main Marker" [stack: 0x000000a2a1000000,0x000000a2a1100000] [id=3744]
  0x000001a9eb398000 ConcurrentGCThread "G1 Conc#0" [stack: 0x000000a2a1100000,0x000000a2a1200000] [id=7612]
  0x000001a990d5f800 ConcurrentGCThread "G1 Conc#1" [stack: 0x000000a2a2700000,0x000000a2a2800000] [id=21604]
  0x000001a9ffdbe800 ConcurrentGCThread "G1 Refine#0" [stack: 0x000000a2a1200000,0x000000a2a1300000] [id=7276]
  0x000001a9ffdbf800 ConcurrentGCThread "G1 Young RemSet Sampling" [stack: 0x000000a2a1300000,0x000000a2a1400000] [id=5232]

Threads with active compile tasks:
C2 CompilerThread0   6331 4115       4       org.springframework.core.annotation.TypeMappedAnnotations$MergedAnnotationFinder::doWithAnnotations (75 bytes)
C2 CompilerThread1   6331 4168   !   4       java.lang.reflect.Executable::declaredAnnotations (85 bytes)
C2 CompilerThread2   6331 4114       4       org.springframework.core.annotation.AnnotationsScanner::getDeclaredAnnotations (166 bytes)

VM state:at safepoint (normal execution)

VM Mutex/Monitor currently owned by a thread:  ([mutex/lock_event])
[0x000001a9eb319880] Threads_lock - owner thread: 0x000001a9ffed7800
[0x000001a9eb31a180] Heap_lock - owner thread: 0x000001a9eb31d800

Heap address: 0x0000000702400000, size: 4060 MB, Compressed Oops mode: Zero based, Oop shift amount: 3
Narrow klass base: 0x0000000800000000, Narrow klass shift: 0
Compressed class space size: 1073741824 Address: 0x0000000800000000

Heap:
 garbage-first heap   total 312320K, used 20731K [0x0000000702400000, 0x0000000800000000)
  region size 1024K, 14 young (14336K), 14 survivors (14336K)
 Metaspace       used 50378K, capacity 51516K, committed 51664K, reserved 1093632K
  class space    used 6141K, capacity 6604K, committed 6656K, reserved 1048576K
Heap Regions: E=young(eden), S=young(survivor), O=old, HS=humongous(starts), HC=humongous(continues), CS=collection set, F=free, A=archive, TAMS=top-at-mark-start (previous, next)
|   0|0x0000000702400000, 0x0000000702500000, 0x0000000702500000|100%|HS|  |TAMS 0x0000000702500000, 0x0000000702400000| Complete 
|   1|0x0000000702500000, 0x0000000702600000, 0x0000000702600000|100%| O|  |TAMS 0x0000000702600000, 0x0000000702500000| Untracked 
|   2|0x0000000702600000, 0x0000000702700000, 0x0000000702700000|100%| O|  |TAMS 0x0000000702700000, 0x0000000702600000| Untracked 
|   3|0x0000000702700000, 0x0000000702800000, 0x0000000702800000|100%| O|  |TAMS 0x0000000702800000, 0x0000000702700000| Untracked 
|   4|0x0000000702800000, 0x0000000702900000, 0x0000000702900000|100%| O|  |TAMS 0x0000000702900000, 0x0000000702800000| Untracked 
|   5|0x0000000702900000, 0x0000000702a00000, 0x0000000702a00000|100%| O|  |TAMS 0x0000000702a00000, 0x0000000702900000| Untracked 
|   6|0x0000000702a00000, 0x0000000702ae5e00, 0x0000000702b00000| 89%| O|  |TAMS 0x0000000702ae5e00, 0x0000000702a00000| Untracked 
|   7|0x0000000702b00000, 0x0000000702b00000, 0x0000000702c00000|  0%| F|  |TAMS 0x0000000702b00000, 0x0000000702b00000| Untracked 
|   8|0x0000000702c00000, 0x0000000702c00000, 0x0000000702d00000|  0%| F|  |TAMS 0x0000000702c00000, 0x0000000702c00000| Untracked 
|   9|0x0000000702d00000, 0x0000000702d00000, 0x0000000702e00000|  0%| F|  |TAMS 0x0000000702d00000, 0x0000000702d00000| Untracked 
|  10|0x0000000702e00000, 0x0000000702e00000, 0x0000000702f00000|  0%| F|  |TAMS 0x0000000702e00000, 0x0000000702e00000| Untracked 
|  11|0x0000000702f00000, 0x0000000702f00000, 0x0000000703000000|  0%| F|  |TAMS 0x0000000702f00000, 0x0000000702f00000| Untracked 
|  12|0x0000000703000000, 0x0000000703000000, 0x0000000703100000|  0%| F|  |TAMS 0x0000000703000000, 0x0000000703000000| Untracked 
|  13|0x0000000703100000, 0x0000000703100000, 0x0000000703200000|  0%| F|  |TAMS 0x0000000703100000, 0x0000000703100000| Untracked 
|  14|0x0000000703200000, 0x0000000703200000, 0x0000000703300000|  0%| F|  |TAMS 0x0000000703200000, 0x0000000703200000| Untracked 
|  15|0x0000000703300000, 0x0000000703300000, 0x0000000703400000|  0%| F|  |TAMS 0x0000000703300000, 0x0000000703300000| Untracked 
|  16|0x0000000703400000, 0x0000000703400000, 0x0000000703500000|  0%| F|  |TAMS 0x0000000703400000, 0x0000000703400000| Untracked 
|  17|0x0000000703500000, 0x0000000703500000, 0x0000000703600000|  0%| F|  |TAMS 0x0000000703500000, 0x0000000703500000| Untracked 
|  18|0x0000000703600000, 0x0000000703600000, 0x0000000703700000|  0%| F|  |TAMS 0x0000000703600000, 0x0000000703600000| Untracked 
|  19|0x0000000703700000, 0x0000000703700000, 0x0000000703800000|  0%| F|  |TAMS 0x0000000703700000, 0x0000000703700000| Untracked 
|  20|0x0000000703800000, 0x0000000703800000, 0x0000000703900000|  0%| F|  |TAMS 0x0000000703800000, 0x0000000703800000| Untracked 
|  21|0x0000000703900000, 0x0000000703900000, 0x0000000703a00000|  0%| F|  |TAMS 0x0000000703900000, 0x0000000703900000| Untracked 
|  22|0x0000000703a00000, 0x0000000703a00000, 0x0000000703b00000|  0%| F|  |TAMS 0x0000000703a00000, 0x0000000703a00000| Untracked 
|  23|0x0000000703b00000, 0x0000000703b00000, 0x0000000703c00000|  0%| F|  |TAMS 0x0000000703b00000, 0x0000000703b00000| Untracked 
|  24|0x0000000703c00000, 0x0000000703c00000, 0x0000000703d00000|  0%| F|  |TAMS 0x0000000703c00000, 0x0000000703c00000| Untracked 
|  25|0x0000000703d00000, 0x0000000703d00000, 0x0000000703e00000|  0%| F|  |TAMS 0x0000000703d00000, 0x0000000703d00000| Untracked 
|  26|0x0000000703e00000, 0x0000000703e00000, 0x0000000703f00000|  0%| F|  |TAMS 0x0000000703e00000, 0x0000000703e00000| Untracked 
|  27|0x0000000703f00000, 0x0000000703f00000, 0x0000000704000000|  0%| F|  |TAMS 0x0000000703f00000, 0x0000000703f00000| Untracked 
|  28|0x0000000704000000, 0x0000000704000000, 0x0000000704100000|  0%| F|  |TAMS 0x0000000704000000, 0x0000000704000000| Untracked 
|  29|0x0000000704100000, 0x0000000704100000, 0x0000000704200000|  0%| F|  |TAMS 0x0000000704100000, 0x0000000704100000| Untracked 
|  30|0x0000000704200000, 0x0000000704200000, 0x0000000704300000|  0%| F|  |TAMS 0x0000000704200000, 0x0000000704200000| Untracked 
|  31|0x0000000704300000, 0x0000000704300000, 0x0000000704400000|  0%| F|  |TAMS 0x0000000704300000, 0x0000000704300000| Untracked 
|  32|0x0000000704400000, 0x0000000704400000, 0x0000000704500000|  0%| F|  |TAMS 0x0000000704400000, 0x0000000704400000| Untracked 
|  33|0x0000000704500000, 0x0000000704500000, 0x0000000704600000|  0%| F|  |TAMS 0x0000000704500000, 0x0000000704500000| Untracked 
|  34|0x0000000704600000, 0x0000000704600000, 0x0000000704700000|  0%| F|  |TAMS 0x0000000704600000, 0x0000000704600000| Untracked 
|  35|0x0000000704700000, 0x0000000704700000, 0x0000000704800000|  0%| F|  |TAMS 0x0000000704700000, 0x0000000704700000| Untracked 
|  36|0x0000000704800000, 0x0000000704800000, 0x0000000704900000|  0%| F|  |TAMS 0x0000000704800000, 0x0000000704800000| Untracked 
|  37|0x0000000704900000, 0x0000000704900000, 0x0000000704a00000|  0%| F|  |TAMS 0x0000000704900000, 0x0000000704900000| Untracked 
|  38|0x0000000704a00000, 0x0000000704a00000, 0x0000000704b00000|  0%| F|  |TAMS 0x0000000704a00000, 0x0000000704a00000| Untracked 
|  39|0x0000000704b00000, 0x0000000704b00000, 0x0000000704c00000|  0%| F|  |TAMS 0x0000000704b00000, 0x0000000704b00000| Untracked 
|  40|0x0000000704c00000, 0x0000000704c00000, 0x0000000704d00000|  0%| F|  |TAMS 0x0000000704c00000, 0x0000000704c00000| Untracked 
|  41|0x0000000704d00000, 0x0000000704d00000, 0x0000000704e00000|  0%| F|  |TAMS 0x0000000704d00000, 0x0000000704d00000| Untracked 
|  42|0x0000000704e00000, 0x0000000704e00000, 0x0000000704f00000|  0%| F|  |TAMS 0x0000000704e00000, 0x0000000704e00000| Untracked 
|  43|0x0000000704f00000, 0x0000000704f00000, 0x0000000705000000|  0%| F|  |TAMS 0x0000000704f00000, 0x0000000704f00000| Untracked 
|  44|0x0000000705000000, 0x0000000705000000, 0x0000000705100000|  0%| F|  |TAMS 0x0000000705000000, 0x0000000705000000| Untracked 
|  45|0x0000000705100000, 0x0000000705100000, 0x0000000705200000|  0%| F|  |TAMS 0x0000000705100000, 0x0000000705100000| Untracked 
|  46|0x0000000705200000, 0x0000000705200000, 0x0000000705300000|  0%| F|  |TAMS 0x0000000705200000, 0x0000000705200000| Untracked 
|  47|0x0000000705300000, 0x0000000705300000, 0x0000000705400000|  0%| F|  |TAMS 0x0000000705300000, 0x0000000705300000| Untracked 
|  48|0x0000000705400000, 0x0000000705400000, 0x0000000705500000|  0%| F|  |TAMS 0x0000000705400000, 0x0000000705400000| Untracked 
|  49|0x0000000705500000, 0x0000000705500000, 0x0000000705600000|  0%| F|  |TAMS 0x0000000705500000, 0x0000000705500000| Untracked 
|  50|0x0000000705600000, 0x0000000705600000, 0x0000000705700000|  0%| F|  |TAMS 0x0000000705600000, 0x0000000705600000| Untracked 
|  51|0x0000000705700000, 0x0000000705700000, 0x0000000705800000|  0%| F|  |TAMS 0x0000000705700000, 0x0000000705700000| Untracked 
|  52|0x0000000705800000, 0x0000000705800000, 0x0000000705900000|  0%| F|  |TAMS 0x0000000705800000, 0x0000000705800000| Untracked 
|  53|0x0000000705900000, 0x0000000705900000, 0x0000000705a00000|  0%| F|  |TAMS 0x0000000705900000, 0x0000000705900000| Untracked 
|  54|0x0000000705a00000, 0x0000000705a00000, 0x0000000705b00000|  0%| F|  |TAMS 0x0000000705a00000, 0x0000000705a00000| Untracked 
|  55|0x0000000705b00000, 0x0000000705b00000, 0x0000000705c00000|  0%| F|  |TAMS 0x0000000705b00000, 0x0000000705b00000| Untracked 
|  56|0x0000000705c00000, 0x0000000705c00000, 0x0000000705d00000|  0%| F|  |TAMS 0x0000000705c00000, 0x0000000705c00000| Untracked 
|  57|0x0000000705d00000, 0x0000000705d00000, 0x0000000705e00000|  0%| F|  |TAMS 0x0000000705d00000, 0x0000000705d00000| Untracked 
|  58|0x0000000705e00000, 0x0000000705e00000, 0x0000000705f00000|  0%| F|  |TAMS 0x0000000705e00000, 0x0000000705e00000| Untracked 
|  59|0x0000000705f00000, 0x0000000705f00000, 0x0000000706000000|  0%| F|  |TAMS 0x0000000705f00000, 0x0000000705f00000| Untracked 
|  60|0x0000000706000000, 0x0000000706000000, 0x0000000706100000|  0%| F|  |TAMS 0x0000000706000000, 0x0000000706000000| Untracked 
|  61|0x0000000706100000, 0x0000000706100000, 0x0000000706200000|  0%| F|  |TAMS 0x0000000706100000, 0x0000000706100000| Untracked 
|  62|0x0000000706200000, 0x0000000706200000, 0x0000000706300000|  0%| F|  |TAMS 0x0000000706200000, 0x0000000706200000| Untracked 
|  63|0x0000000706300000, 0x0000000706300000, 0x0000000706400000|  0%| F|  |TAMS 0x0000000706300000, 0x0000000706300000| Untracked 
|  64|0x0000000706400000, 0x0000000706400000, 0x0000000706500000|  0%| F|  |TAMS 0x0000000706400000, 0x0000000706400000| Untracked 
|  65|0x0000000706500000, 0x0000000706500000, 0x0000000706600000|  0%| F|  |TAMS 0x0000000706500000, 0x0000000706500000| Untracked 
|  66|0x0000000706600000, 0x0000000706600000, 0x0000000706700000|  0%| F|  |TAMS 0x0000000706600000, 0x0000000706600000| Untracked 
|  67|0x0000000706700000, 0x0000000706700000, 0x0000000706800000|  0%| F|  |TAMS 0x0000000706700000, 0x0000000706700000| Untracked 
|  68|0x0000000706800000, 0x0000000706800000, 0x0000000706900000|  0%| F|  |TAMS 0x0000000706800000, 0x0000000706800000| Untracked 
|  69|0x0000000706900000, 0x0000000706900000, 0x0000000706a00000|  0%| F|  |TAMS 0x0000000706900000, 0x0000000706900000| Untracked 
|  70|0x0000000706a00000, 0x0000000706a00000, 0x0000000706b00000|  0%| F|  |TAMS 0x0000000706a00000, 0x0000000706a00000| Untracked 
|  71|0x0000000706b00000, 0x0000000706b00000, 0x0000000706c00000|  0%| F|  |TAMS 0x0000000706b00000, 0x0000000706b00000| Untracked 
|  72|0x0000000706c00000, 0x0000000706c00000, 0x0000000706d00000|  0%| F|  |TAMS 0x0000000706c00000, 0x0000000706c00000| Untracked 
|  73|0x0000000706d00000, 0x0000000706d00000, 0x0000000706e00000|  0%| F|  |TAMS 0x0000000706d00000, 0x0000000706d00000| Untracked 
|  74|0x0000000706e00000, 0x0000000706e00000, 0x0000000706f00000|  0%| F|  |TAMS 0x0000000706e00000, 0x0000000706e00000| Untracked 
|  75|0x0000000706f00000, 0x0000000706f00000, 0x0000000707000000|  0%| F|  |TAMS 0x0000000706f00000, 0x0000000706f00000| Untracked 
|  76|0x0000000707000000, 0x0000000707000000, 0x0000000707100000|  0%| F|  |TAMS 0x0000000707000000, 0x0000000707000000| Untracked 
|  77|0x0000000707100000, 0x0000000707100000, 0x0000000707200000|  0%| F|  |TAMS 0x0000000707100000, 0x0000000707100000| Untracked 
|  78|0x0000000707200000, 0x0000000707200000, 0x0000000707300000|  0%| F|  |TAMS 0x0000000707200000, 0x0000000707200000| Untracked 
|  79|0x0000000707300000, 0x0000000707300000, 0x0000000707400000|  0%| F|  |TAMS 0x0000000707300000, 0x0000000707300000| Untracked 
|  80|0x0000000707400000, 0x0000000707400000, 0x0000000707500000|  0%| F|  |TAMS 0x0000000707400000, 0x0000000707400000| Untracked 
|  81|0x0000000707500000, 0x0000000707500000, 0x0000000707600000|  0%| F|  |TAMS 0x0000000707500000, 0x0000000707500000| Untracked 
|  82|0x0000000707600000, 0x0000000707600000, 0x0000000707700000|  0%| F|  |TAMS 0x0000000707600000, 0x0000000707600000| Untracked 
|  83|0x0000000707700000, 0x0000000707700000, 0x0000000707800000|  0%| F|  |TAMS 0x0000000707700000, 0x0000000707700000| Untracked 
|  84|0x0000000707800000, 0x0000000707800000, 0x0000000707900000|  0%| F|  |TAMS 0x0000000707800000, 0x0000000707800000| Untracked 
|  85|0x0000000707900000, 0x0000000707900000, 0x0000000707a00000|  0%| F|  |TAMS 0x0000000707900000, 0x0000000707900000| Untracked 
|  86|0x0000000707a00000, 0x0000000707a00000, 0x0000000707b00000|  0%| F|  |TAMS 0x0000000707a00000, 0x0000000707a00000| Untracked 
|  87|0x0000000707b00000, 0x0000000707b00000, 0x0000000707c00000|  0%| F|  |TAMS 0x0000000707b00000, 0x0000000707b00000| Untracked 
|  88|0x0000000707c00000, 0x0000000707c591c0, 0x0000000707d00000| 34%| S|CS|TAMS 0x0000000707c00000, 0x0000000707c00000| Complete 
|  89|0x0000000707d00000, 0x0000000707e00000, 0x0000000707e00000|100%| S|CS|TAMS 0x0000000707d00000, 0x0000000707d00000| Complete 
|  90|0x0000000707e00000, 0x0000000707f00000, 0x0000000707f00000|100%| S|CS|TAMS 0x0000000707e00000, 0x0000000707e00000| Complete 
|  91|0x0000000707f00000, 0x0000000708000000, 0x0000000708000000|100%| S|CS|TAMS 0x0000000707f00000, 0x0000000707f00000| Complete 
|  92|0x0000000708000000, 0x0000000708100000, 0x0000000708100000|100%| S|CS|TAMS 0x0000000708000000, 0x0000000708000000| Complete 
|  93|0x0000000708100000, 0x0000000708200000, 0x0000000708200000|100%| S|CS|TAMS 0x0000000708100000, 0x0000000708100000| Complete 
|  94|0x0000000708200000, 0x0000000708300000, 0x0000000708300000|100%| S|CS|TAMS 0x0000000708200000, 0x0000000708200000| Complete 
|  95|0x0000000708300000, 0x0000000708400000, 0x0000000708400000|100%| S|CS|TAMS 0x0000000708300000, 0x0000000708300000| Complete 
|  96|0x0000000708400000, 0x0000000708500000, 0x0000000708500000|100%| S|CS|TAMS 0x0000000708400000, 0x0000000708400000| Complete 
|  97|0x0000000708500000, 0x0000000708600000, 0x0000000708600000|100%| S|CS|TAMS 0x0000000708500000, 0x0000000708500000| Complete 
|  98|0x0000000708600000, 0x0000000708700000, 0x0000000708700000|100%| S|CS|TAMS 0x0000000708600000, 0x0000000708600000| Complete 
|  99|0x0000000708700000, 0x0000000708800000, 0x0000000708800000|100%| S|CS|TAMS 0x0000000708700000, 0x0000000708700000| Complete 
| 100|0x0000000708800000, 0x0000000708900000, 0x0000000708900000|100%| S|CS|TAMS 0x0000000708800000, 0x0000000708800000| Complete 
| 101|0x0000000708900000, 0x0000000708a00000, 0x0000000708a00000|100%| S|CS|TAMS 0x0000000708900000, 0x0000000708900000| Complete 
| 102|0x0000000708a00000, 0x0000000708a00000, 0x0000000708b00000|  0%| F|  |TAMS 0x0000000708a00000, 0x0000000708a00000| Untracked 
| 103|0x0000000708b00000, 0x0000000708b00000, 0x0000000708c00000|  0%| F|  |TAMS 0x0000000708b00000, 0x0000000708b00000| Untracked 
| 104|0x0000000708c00000, 0x0000000708c00000, 0x0000000708d00000|  0%| F|  |TAMS 0x0000000708c00000, 0x0000000708c00000| Untracked 
| 105|0x0000000708d00000, 0x0000000708d00000, 0x0000000708e00000|  0%| F|  |TAMS 0x0000000708d00000, 0x0000000708d00000| Untracked 
| 106|0x0000000708e00000, 0x0000000708e00000, 0x0000000708f00000|  0%| F|  |TAMS 0x0000000708e00000, 0x0000000708e00000| Untracked 
| 107|0x0000000708f00000, 0x0000000708f00000, 0x0000000709000000|  0%| F|  |TAMS 0x0000000708f00000, 0x0000000708f00000| Untracked 
| 108|0x0000000709000000, 0x0000000709000000, 0x0000000709100000|  0%| F|  |TAMS 0x0000000709000000, 0x0000000709000000| Untracked 
| 109|0x0000000709100000, 0x0000000709100000, 0x0000000709200000|  0%| F|  |TAMS 0x0000000709100000, 0x0000000709100000| Untracked 
| 110|0x0000000709200000, 0x0000000709200000, 0x0000000709300000|  0%| F|  |TAMS 0x0000000709200000, 0x0000000709200000| Untracked 
| 111|0x0000000709300000, 0x0000000709300000, 0x0000000709400000|  0%| F|  |TAMS 0x0000000709300000, 0x0000000709300000| Untracked 
| 112|0x0000000709400000, 0x0000000709400000, 0x0000000709500000|  0%| F|  |TAMS 0x0000000709400000, 0x0000000709400000| Untracked 
| 113|0x0000000709500000, 0x0000000709500000, 0x0000000709600000|  0%| F|  |TAMS 0x0000000709500000, 0x0000000709500000| Untracked 
| 114|0x0000000709600000, 0x0000000709600000, 0x0000000709700000|  0%| F|  |TAMS 0x0000000709600000, 0x0000000709600000| Untracked 
| 115|0x0000000709700000, 0x0000000709700000, 0x0000000709800000|  0%| F|  |TAMS 0x0000000709700000, 0x0000000709700000| Untracked 
| 116|0x0000000709800000, 0x0000000709800000, 0x0000000709900000|  0%| F|  |TAMS 0x0000000709800000, 0x0000000709800000| Untracked 
| 117|0x0000000709900000, 0x0000000709900000, 0x0000000709a00000|  0%| F|  |TAMS 0x0000000709900000, 0x0000000709900000| Untracked 
| 118|0x0000000709a00000, 0x0000000709a00000, 0x0000000709b00000|  0%| F|  |TAMS 0x0000000709a00000, 0x0000000709a00000| Untracked 
| 119|0x0000000709b00000, 0x0000000709b00000, 0x0000000709c00000|  0%| F|  |TAMS 0x0000000709b00000, 0x0000000709b00000| Untracked 
| 120|0x0000000709c00000, 0x0000000709c00000, 0x0000000709d00000|  0%| F|  |TAMS 0x0000000709c00000, 0x0000000709c00000| Untracked 
| 121|0x0000000709d00000, 0x0000000709d00000, 0x0000000709e00000|  0%| F|  |TAMS 0x0000000709d00000, 0x0000000709d00000| Untracked 
| 122|0x0000000709e00000, 0x0000000709e00000, 0x0000000709f00000|  0%| F|  |TAMS 0x0000000709e00000, 0x0000000709e00000| Untracked 
| 123|0x0000000709f00000, 0x0000000709f00000, 0x000000070a000000|  0%| F|  |TAMS 0x0000000709f00000, 0x0000000709f00000| Untracked 
| 124|0x000000070a000000, 0x000000070a000000, 0x000000070a100000|  0%| F|  |TAMS 0x000000070a000000, 0x000000070a000000| Untracked 
| 125|0x000000070a100000, 0x000000070a100000, 0x000000070a200000|  0%| F|  |TAMS 0x000000070a100000, 0x000000070a100000| Untracked 
| 126|0x000000070a200000, 0x000000070a200000, 0x000000070a300000|  0%| F|  |TAMS 0x000000070a200000, 0x000000070a200000| Untracked 
| 127|0x000000070a300000, 0x000000070a300000, 0x000000070a400000|  0%| F|  |TAMS 0x000000070a300000, 0x000000070a300000| Untracked 
| 128|0x000000070a400000, 0x000000070a400000, 0x000000070a500000|  0%| F|  |TAMS 0x000000070a400000, 0x000000070a400000| Untracked 
| 129|0x000000070a500000, 0x000000070a500000, 0x000000070a600000|  0%| F|  |TAMS 0x000000070a500000, 0x000000070a500000| Untracked 
| 130|0x000000070a600000, 0x000000070a600000, 0x000000070a700000|  0%| F|  |TAMS 0x000000070a600000, 0x000000070a600000| Untracked 
| 131|0x000000070a700000, 0x000000070a700000, 0x000000070a800000|  0%| F|  |TAMS 0x000000070a700000, 0x000000070a700000| Untracked 
| 132|0x000000070a800000, 0x000000070a800000, 0x000000070a900000|  0%| F|  |TAMS 0x000000070a800000, 0x000000070a800000| Untracked 
| 133|0x000000070a900000, 0x000000070a900000, 0x000000070aa00000|  0%| F|  |TAMS 0x000000070a900000, 0x000000070a900000| Untracked 
| 134|0x000000070aa00000, 0x000000070aa00000, 0x000000070ab00000|  0%| F|  |TAMS 0x000000070aa00000, 0x000000070aa00000| Untracked 
| 135|0x000000070ab00000, 0x000000070ab00000, 0x000000070ac00000|  0%| F|  |TAMS 0x000000070ab00000, 0x000000070ab00000| Untracked 
| 136|0x000000070ac00000, 0x000000070ac00000, 0x000000070ad00000|  0%| F|  |TAMS 0x000000070ac00000, 0x000000070ac00000| Untracked 
| 137|0x000000070ad00000, 0x000000070ad00000, 0x000000070ae00000|  0%| F|  |TAMS 0x000000070ad00000, 0x000000070ad00000| Untracked 
| 138|0x000000070ae00000, 0x000000070ae00000, 0x000000070af00000|  0%| F|  |TAMS 0x000000070ae00000, 0x000000070ae00000| Untracked 
| 139|0x000000070af00000, 0x000000070af00000, 0x000000070b000000|  0%| F|  |TAMS 0x000000070af00000, 0x000000070af00000| Untracked 
| 140|0x000000070b000000, 0x000000070b000000, 0x000000070b100000|  0%| F|  |TAMS 0x000000070b000000, 0x000000070b000000| Untracked 
| 141|0x000000070b100000, 0x000000070b100000, 0x000000070b200000|  0%| F|  |TAMS 0x000000070b100000, 0x000000070b100000| Untracked 
| 142|0x000000070b200000, 0x000000070b200000, 0x000000070b300000|  0%| F|  |TAMS 0x000000070b200000, 0x000000070b200000| Untracked 
| 143|0x000000070b300000, 0x000000070b300000, 0x000000070b400000|  0%| F|  |TAMS 0x000000070b300000, 0x000000070b300000| Untracked 
| 144|0x000000070b400000, 0x000000070b400000, 0x000000070b500000|  0%| F|  |TAMS 0x000000070b400000, 0x000000070b400000| Untracked 
| 145|0x000000070b500000, 0x000000070b500000, 0x000000070b600000|  0%| F|  |TAMS 0x000000070b500000, 0x000000070b500000| Untracked 
| 146|0x000000070b600000, 0x000000070b600000, 0x000000070b700000|  0%| F|  |TAMS 0x000000070b600000, 0x000000070b600000| Untracked 
| 147|0x000000070b700000, 0x000000070b700000, 0x000000070b800000|  0%| F|  |TAMS 0x000000070b700000, 0x000000070b700000| Untracked 
| 148|0x000000070b800000, 0x000000070b800000, 0x000000070b900000|  0%| F|  |TAMS 0x000000070b800000, 0x000000070b800000| Untracked 
| 149|0x000000070b900000, 0x000000070b900000, 0x000000070ba00000|  0%| F|  |TAMS 0x000000070b900000, 0x000000070b900000| Untracked 
| 150|0x000000070ba00000, 0x000000070ba00000, 0x000000070bb00000|  0%| F|  |TAMS 0x000000070ba00000, 0x000000070ba00000| Untracked 
| 151|0x000000070bb00000, 0x000000070bb00000, 0x000000070bc00000|  0%| F|  |TAMS 0x000000070bb00000, 0x000000070bb00000| Untracked 
| 152|0x000000070bc00000, 0x000000070bc00000, 0x000000070bd00000|  0%| F|  |TAMS 0x000000070bc00000, 0x000000070bc00000| Untracked 
| 153|0x000000070bd00000, 0x000000070bd00000, 0x000000070be00000|  0%| F|  |TAMS 0x000000070bd00000, 0x000000070bd00000| Untracked 
| 154|0x000000070be00000, 0x000000070be00000, 0x000000070bf00000|  0%| F|  |TAMS 0x000000070be00000, 0x000000070be00000| Untracked 
| 155|0x000000070bf00000, 0x000000070bf00000, 0x000000070c000000|  0%| F|  |TAMS 0x000000070bf00000, 0x000000070bf00000| Untracked 
| 156|0x000000070c000000, 0x000000070c000000, 0x000000070c100000|  0%| F|  |TAMS 0x000000070c000000, 0x000000070c000000| Untracked 
| 157|0x000000070c100000, 0x000000070c100000, 0x000000070c200000|  0%| F|  |TAMS 0x000000070c100000, 0x000000070c100000| Untracked 
| 158|0x000000070c200000, 0x000000070c200000, 0x000000070c300000|  0%| F|  |TAMS 0x000000070c200000, 0x000000070c200000| Untracked 
| 159|0x000000070c300000, 0x000000070c300000, 0x000000070c400000|  0%| F|  |TAMS 0x000000070c300000, 0x000000070c300000| Untracked 
| 160|0x000000070c400000, 0x000000070c400000, 0x000000070c500000|  0%| F|  |TAMS 0x000000070c400000, 0x000000070c400000| Untracked 
| 161|0x000000070c500000, 0x000000070c500000, 0x000000070c600000|  0%| F|  |TAMS 0x000000070c500000, 0x000000070c500000| Untracked 
| 162|0x000000070c600000, 0x000000070c600000, 0x000000070c700000|  0%| F|  |TAMS 0x000000070c600000, 0x000000070c600000| Untracked 
| 163|0x000000070c700000, 0x000000070c700000, 0x000000070c800000|  0%| F|  |TAMS 0x000000070c700000, 0x000000070c700000| Untracked 
| 164|0x000000070c800000, 0x000000070c800000, 0x000000070c900000|  0%| F|  |TAMS 0x000000070c800000, 0x000000070c800000| Untracked 
| 165|0x000000070c900000, 0x000000070c900000, 0x000000070ca00000|  0%| F|  |TAMS 0x000000070c900000, 0x000000070c900000| Untracked 
| 166|0x000000070ca00000, 0x000000070ca00000, 0x000000070cb00000|  0%| F|  |TAMS 0x000000070ca00000, 0x000000070ca00000| Untracked 
| 167|0x000000070cb00000, 0x000000070cb00000, 0x000000070cc00000|  0%| F|  |TAMS 0x000000070cb00000, 0x000000070cb00000| Untracked 
| 168|0x000000070cc00000, 0x000000070cc00000, 0x000000070cd00000|  0%| F|  |TAMS 0x000000070cc00000, 0x000000070cc00000| Untracked 
| 169|0x000000070cd00000, 0x000000070cd00000, 0x000000070ce00000|  0%| F|  |TAMS 0x000000070cd00000, 0x000000070cd00000| Untracked 
| 170|0x000000070ce00000, 0x000000070ce00000, 0x000000070cf00000|  0%| F|  |TAMS 0x000000070ce00000, 0x000000070ce00000| Untracked 
| 171|0x000000070cf00000, 0x000000070cf00000, 0x000000070d000000|  0%| F|  |TAMS 0x000000070cf00000, 0x000000070cf00000| Untracked 
| 172|0x000000070d000000, 0x000000070d000000, 0x000000070d100000|  0%| F|  |TAMS 0x000000070d000000, 0x000000070d000000| Untracked 
| 173|0x000000070d100000, 0x000000070d100000, 0x000000070d200000|  0%| F|  |TAMS 0x000000070d100000, 0x000000070d100000| Untracked 
| 174|0x000000070d200000, 0x000000070d200000, 0x000000070d300000|  0%| F|  |TAMS 0x000000070d200000, 0x000000070d200000| Untracked 
| 175|0x000000070d300000, 0x000000070d300000, 0x000000070d400000|  0%| F|  |TAMS 0x000000070d300000, 0x000000070d300000| Untracked 
| 176|0x000000070d400000, 0x000000070d400000, 0x000000070d500000|  0%| F|  |TAMS 0x000000070d400000, 0x000000070d400000| Untracked 
| 177|0x000000070d500000, 0x000000070d500000, 0x000000070d600000|  0%| F|  |TAMS 0x000000070d500000, 0x000000070d500000| Untracked 
| 178|0x000000070d600000, 0x000000070d600000, 0x000000070d700000|  0%| F|  |TAMS 0x000000070d600000, 0x000000070d600000| Untracked 
| 179|0x000000070d700000, 0x000000070d700000, 0x000000070d800000|  0%| F|  |TAMS 0x000000070d700000, 0x000000070d700000| Untracked 
| 180|0x000000070d800000, 0x000000070d800000, 0x000000070d900000|  0%| F|  |TAMS 0x000000070d800000, 0x000000070d800000| Untracked 
| 181|0x000000070d900000, 0x000000070d900000, 0x000000070da00000|  0%| F|  |TAMS 0x000000070d900000, 0x000000070d900000| Untracked 
| 182|0x000000070da00000, 0x000000070da00000, 0x000000070db00000|  0%| F|  |TAMS 0x000000070da00000, 0x000000070da00000| Untracked 
| 183|0x000000070db00000, 0x000000070db00000, 0x000000070dc00000|  0%| F|  |TAMS 0x000000070db00000, 0x000000070db00000| Untracked 
| 184|0x000000070dc00000, 0x000000070dc00000, 0x000000070dd00000|  0%| F|  |TAMS 0x000000070dc00000, 0x000000070dc00000| Untracked 
| 185|0x000000070dd00000, 0x000000070dd00000, 0x000000070de00000|  0%| F|  |TAMS 0x000000070dd00000, 0x000000070dd00000| Untracked 
| 186|0x000000070de00000, 0x000000070de00000, 0x000000070df00000|  0%| F|  |TAMS 0x000000070de00000, 0x000000070de00000| Untracked 
| 187|0x000000070df00000, 0x000000070df00000, 0x000000070e000000|  0%| F|  |TAMS 0x000000070df00000, 0x000000070df00000| Untracked 
| 188|0x000000070e000000, 0x000000070e000000, 0x000000070e100000|  0%| F|  |TAMS 0x000000070e000000, 0x000000070e000000| Untracked 
| 189|0x000000070e100000, 0x000000070e100000, 0x000000070e200000|  0%| F|  |TAMS 0x000000070e100000, 0x000000070e100000| Untracked 
| 190|0x000000070e200000, 0x000000070e200000, 0x000000070e300000|  0%| F|  |TAMS 0x000000070e200000, 0x000000070e200000| Untracked 
| 191|0x000000070e300000, 0x000000070e300000, 0x000000070e400000|  0%| F|  |TAMS 0x000000070e300000, 0x000000070e300000| Untracked 
| 192|0x000000070e400000, 0x000000070e400000, 0x000000070e500000|  0%| F|  |TAMS 0x000000070e400000, 0x000000070e400000| Untracked 
| 193|0x000000070e500000, 0x000000070e500000, 0x000000070e600000|  0%| F|  |TAMS 0x000000070e500000, 0x000000070e500000| Untracked 
| 194|0x000000070e600000, 0x000000070e600000, 0x000000070e700000|  0%| F|  |TAMS 0x000000070e600000, 0x000000070e600000| Untracked 
| 195|0x000000070e700000, 0x000000070e700000, 0x000000070e800000|  0%| F|  |TAMS 0x000000070e700000, 0x000000070e700000| Untracked 
| 196|0x000000070e800000, 0x000000070e800000, 0x000000070e900000|  0%| F|  |TAMS 0x000000070e800000, 0x000000070e800000| Untracked 
| 197|0x000000070e900000, 0x000000070e900000, 0x000000070ea00000|  0%| F|  |TAMS 0x000000070e900000, 0x000000070e900000| Untracked 
| 198|0x000000070ea00000, 0x000000070ea00000, 0x000000070eb00000|  0%| F|  |TAMS 0x000000070ea00000, 0x000000070ea00000| Untracked 
| 199|0x000000070eb00000, 0x000000070eb00000, 0x000000070ec00000|  0%| F|  |TAMS 0x000000070eb00000, 0x000000070eb00000| Untracked 
| 200|0x000000070ec00000, 0x000000070ec00000, 0x000000070ed00000|  0%| F|  |TAMS 0x000000070ec00000, 0x000000070ec00000| Untracked 
| 201|0x000000070ed00000, 0x000000070ed00000, 0x000000070ee00000|  0%| F|  |TAMS 0x000000070ed00000, 0x000000070ed00000| Untracked 
| 202|0x000000070ee00000, 0x000000070ee00000, 0x000000070ef00000|  0%| F|  |TAMS 0x000000070ee00000, 0x000000070ee00000| Untracked 
| 203|0x000000070ef00000, 0x000000070ef00000, 0x000000070f000000|  0%| F|  |TAMS 0x000000070ef00000, 0x000000070ef00000| Untracked 
| 204|0x000000070f000000, 0x000000070f000000, 0x000000070f100000|  0%| F|  |TAMS 0x000000070f000000, 0x000000070f000000| Untracked 
| 205|0x000000070f100000, 0x000000070f100000, 0x000000070f200000|  0%| F|  |TAMS 0x000000070f100000, 0x000000070f100000| Untracked 
| 206|0x000000070f200000, 0x000000070f200000, 0x000000070f300000|  0%| F|  |TAMS 0x000000070f200000, 0x000000070f200000| Untracked 
| 207|0x000000070f300000, 0x000000070f300000, 0x000000070f400000|  0%| F|  |TAMS 0x000000070f300000, 0x000000070f300000| Untracked 
| 208|0x000000070f400000, 0x000000070f400000, 0x000000070f500000|  0%| F|  |TAMS 0x000000070f400000, 0x000000070f400000| Untracked 
| 209|0x000000070f500000, 0x000000070f500000, 0x000000070f600000|  0%| F|  |TAMS 0x000000070f500000, 0x000000070f500000| Untracked 
| 210|0x000000070f600000, 0x000000070f600000, 0x000000070f700000|  0%| F|  |TAMS 0x000000070f600000, 0x000000070f600000| Untracked 
| 211|0x000000070f700000, 0x000000070f700000, 0x000000070f800000|  0%| F|  |TAMS 0x000000070f700000, 0x000000070f700000| Untracked 
| 212|0x000000070f800000, 0x000000070f800000, 0x000000070f900000|  0%| F|  |TAMS 0x000000070f800000, 0x000000070f800000| Untracked 
| 213|0x000000070f900000, 0x000000070f900000, 0x000000070fa00000|  0%| F|  |TAMS 0x000000070f900000, 0x000000070f900000| Untracked 
| 214|0x000000070fa00000, 0x000000070fa00000, 0x000000070fb00000|  0%| F|  |TAMS 0x000000070fa00000, 0x000000070fa00000| Untracked 
| 215|0x000000070fb00000, 0x000000070fb00000, 0x000000070fc00000|  0%| F|  |TAMS 0x000000070fb00000, 0x000000070fb00000| Untracked 
| 216|0x000000070fc00000, 0x000000070fc00000, 0x000000070fd00000|  0%| F|  |TAMS 0x000000070fc00000, 0x000000070fc00000| Untracked 
| 217|0x000000070fd00000, 0x000000070fd00000, 0x000000070fe00000|  0%| F|  |TAMS 0x000000070fd00000, 0x000000070fd00000| Untracked 
| 218|0x000000070fe00000, 0x000000070fe00000, 0x000000070ff00000|  0%| F|  |TAMS 0x000000070fe00000, 0x000000070fe00000| Untracked 
| 219|0x000000070ff00000, 0x000000070ff00000, 0x0000000710000000|  0%| F|  |TAMS 0x000000070ff00000, 0x000000070ff00000| Untracked 
| 220|0x0000000710000000, 0x0000000710000000, 0x0000000710100000|  0%| F|  |TAMS 0x0000000710000000, 0x0000000710000000| Untracked 
| 221|0x0000000710100000, 0x0000000710100000, 0x0000000710200000|  0%| F|  |TAMS 0x0000000710100000, 0x0000000710100000| Untracked 
| 222|0x0000000710200000, 0x0000000710200000, 0x0000000710300000|  0%| F|  |TAMS 0x0000000710200000, 0x0000000710200000| Untracked 
| 223|0x0000000710300000, 0x0000000710300000, 0x0000000710400000|  0%| F|  |TAMS 0x0000000710300000, 0x0000000710300000| Untracked 
| 224|0x0000000710400000, 0x0000000710400000, 0x0000000710500000|  0%| F|  |TAMS 0x0000000710400000, 0x0000000710400000| Untracked 
| 225|0x0000000710500000, 0x0000000710500000, 0x0000000710600000|  0%| F|  |TAMS 0x0000000710500000, 0x0000000710500000| Untracked 
| 226|0x0000000710600000, 0x0000000710600000, 0x0000000710700000|  0%| F|  |TAMS 0x0000000710600000, 0x0000000710600000| Untracked 
| 227|0x0000000710700000, 0x0000000710700000, 0x0000000710800000|  0%| F|  |TAMS 0x0000000710700000, 0x0000000710700000| Untracked 
| 228|0x0000000710800000, 0x0000000710800000, 0x0000000710900000|  0%| F|  |TAMS 0x0000000710800000, 0x0000000710800000| Untracked 
| 229|0x0000000710900000, 0x0000000710900000, 0x0000000710a00000|  0%| F|  |TAMS 0x0000000710900000, 0x0000000710900000| Untracked 
| 230|0x0000000710a00000, 0x0000000710a00000, 0x0000000710b00000|  0%| F|  |TAMS 0x0000000710a00000, 0x0000000710a00000| Untracked 
| 231|0x0000000710b00000, 0x0000000710b00000, 0x0000000710c00000|  0%| F|  |TAMS 0x0000000710b00000, 0x0000000710b00000| Untracked 
| 232|0x0000000710c00000, 0x0000000710c00000, 0x0000000710d00000|  0%| F|  |TAMS 0x0000000710c00000, 0x0000000710c00000| Untracked 
| 233|0x0000000710d00000, 0x0000000710d00000, 0x0000000710e00000|  0%| F|  |TAMS 0x0000000710d00000, 0x0000000710d00000| Untracked 
| 234|0x0000000710e00000, 0x0000000710e00000, 0x0000000710f00000|  0%| F|  |TAMS 0x0000000710e00000, 0x0000000710e00000| Untracked 
| 235|0x0000000710f00000, 0x0000000710f00000, 0x0000000711000000|  0%| F|  |TAMS 0x0000000710f00000, 0x0000000710f00000| Untracked 
| 236|0x0000000711000000, 0x0000000711000000, 0x0000000711100000|  0%| F|  |TAMS 0x0000000711000000, 0x0000000711000000| Untracked 
| 237|0x0000000711100000, 0x0000000711100000, 0x0000000711200000|  0%| F|  |TAMS 0x0000000711100000, 0x0000000711100000| Untracked 
| 238|0x0000000711200000, 0x0000000711200000, 0x0000000711300000|  0%| F|  |TAMS 0x0000000711200000, 0x0000000711200000| Untracked 
| 239|0x0000000711300000, 0x0000000711300000, 0x0000000711400000|  0%| F|  |TAMS 0x0000000711300000, 0x0000000711300000| Untracked 
| 240|0x0000000711400000, 0x0000000711400000, 0x0000000711500000|  0%| F|  |TAMS 0x0000000711400000, 0x0000000711400000| Untracked 
| 241|0x0000000711500000, 0x0000000711500000, 0x0000000711600000|  0%| F|  |TAMS 0x0000000711500000, 0x0000000711500000| Untracked 
| 242|0x0000000711600000, 0x0000000711600000, 0x0000000711700000|  0%| F|  |TAMS 0x0000000711600000, 0x0000000711600000| Untracked 
| 243|0x0000000711700000, 0x0000000711700000, 0x0000000711800000|  0%| F|  |TAMS 0x0000000711700000, 0x0000000711700000| Untracked 
| 244|0x0000000711800000, 0x0000000711800000, 0x0000000711900000|  0%| F|  |TAMS 0x0000000711800000, 0x0000000711800000| Untracked 
| 245|0x0000000711900000, 0x0000000711900000, 0x0000000711a00000|  0%| F|  |TAMS 0x0000000711900000, 0x0000000711900000| Untracked 
| 246|0x0000000711a00000, 0x0000000711a00000, 0x0000000711b00000|  0%| F|  |TAMS 0x0000000711a00000, 0x0000000711a00000| Untracked 
| 247|0x0000000711b00000, 0x0000000711b00000, 0x0000000711c00000|  0%| F|  |TAMS 0x0000000711b00000, 0x0000000711b00000| Untracked 
| 248|0x0000000711c00000, 0x0000000711c00000, 0x0000000711d00000|  0%| F|  |TAMS 0x0000000711c00000, 0x0000000711c00000| Untracked 
| 249|0x0000000711d00000, 0x0000000711d00000, 0x0000000711e00000|  0%| F|  |TAMS 0x0000000711d00000, 0x0000000711d00000| Untracked 
| 250|0x0000000711e00000, 0x0000000711e00000, 0x0000000711f00000|  0%| F|  |TAMS 0x0000000711e00000, 0x0000000711e00000| Untracked 
| 251|0x0000000711f00000, 0x0000000711f00000, 0x0000000712000000|  0%| F|  |TAMS 0x0000000711f00000, 0x0000000711f00000| Untracked 
| 252|0x0000000712000000, 0x0000000712000000, 0x0000000712100000|  0%| F|  |TAMS 0x0000000712000000, 0x0000000712000000| Untracked 
| 253|0x0000000712100000, 0x0000000712100000, 0x0000000712200000|  0%| F|  |TAMS 0x0000000712100000, 0x0000000712100000| Untracked 

Card table byte_map: [0x000001a9f4490000,0x000001a9f4c80000] _byte_map_base: 0x000001a9f0c7e000

Marking Bits (Prev, Next): (CMBitMap*) 0x000001a9eb384e38, (CMBitMap*) 0x000001a9eb384e70
 Prev Bits: [0x000001a9f5470000, 0x000001a9f93e0000)
 Next Bits: [0x000001a9f93e0000, 0x000001a9fd350000)

Polling page: 0x000001a9eaae0000

Metaspace:

Usage:
  Non-class:     43.86 MB capacity,    43.20 MB ( 98%) used,   520.84 KB (  1%) free+waste,   154.06 KB ( <1%) overhead. 
      Class:      6.45 MB capacity,     6.00 MB ( 93%) used,   390.01 KB (  6%) free+waste,    72.25 KB (  1%) overhead. 
       Both:     50.31 MB capacity,    49.20 MB ( 98%) used,   910.85 KB (  2%) free+waste,   226.31 KB ( <1%) overhead. 

Virtual space:
  Non-class space:       44.00 MB reserved,      43.95 MB (>99%) committed 
      Class space:        1.00 GB reserved,       6.50 MB ( <1%) committed 
             Both:        1.04 GB reserved,      50.45 MB (  5%) committed 

Chunk freelists:
   Non-Class:  32.00 KB
       Class:  20.00 KB
        Both:  52.00 KB

MaxMetaspaceSize: 17179869184.00 GB
CompressedClassSpaceSize: 1.00 GB

CodeHeap 'non-profiled nmethods': size=120000Kb used=2571Kb max_used=2571Kb free=117428Kb
 bounds [0x000001a987ad0000, 0x000001a987d60000, 0x000001a98f000000]
CodeHeap 'profiled nmethods': size=120000Kb used=9987Kb max_used=9987Kb free=110013Kb
 bounds [0x000001a9805a0000, 0x000001a980f70000, 0x000001a987ad0000]
CodeHeap 'non-nmethods': size=5760Kb used=1175Kb max_used=1241Kb free=4584Kb
 bounds [0x000001a980000000, 0x000001a980270000, 0x000001a9805a0000]
 total_blobs=4825 nmethods=4306 adapters=429
 compilation: enabled
              stopped_count=0, restarted_count=0
 full_count=0

Compilation events (20 events):
Event: 6.286 Thread 0x000001a98f90f000 4511       1       org.springframework.orm.jpa.support.PersistenceAnnotationBeanPostProcessor::postProcessAfterInstantiation (2 bytes)
Event: 6.286 Thread 0x000001a98f90f000 nmethod 4511 0x000001a987d51f90 code [0x000001a987d52140, 0x000001a987d521f8]
Event: 6.286 Thread 0x000001a98f90f000 4512       1       org.springframework.context.annotation.CommonAnnotationBeanPostProcessor::postProcessAfterInstantiation (2 bytes)
Event: 6.286 Thread 0x000001a98f90f000 nmethod 4512 0x000001a987d52290 code [0x000001a987d52440, 0x000001a987d524f8]
Event: 6.286 Thread 0x000001a98f90f000 4513       2       org.springframework.aop.framework.AbstractAdvisingBeanPostProcessor::isEligible (61 bytes)
Event: 6.286 Thread 0x000001a98f90f000 nmethod 4513 0x000001a980f5eb90 code [0x000001a980f5ed80, 0x000001a980f5efe8]
Event: 6.286 Thread 0x000001a98f90f000 4514       1       org.springframework.beans.factory.annotation.InitDestroyAnnotationBeanPostProcessor$1::hasDestroyMethods (2 bytes)
Event: 6.286 Thread 0x000001a98f90f000 nmethod 4514 0x000001a987d52590 code [0x000001a987d52740, 0x000001a987d527f8]
Event: 6.287 Thread 0x000001a98f90f000 4515   !   2       org.springframework.core.SerializableTypeWrapper$TypeProxyInvocationHandler::invoke (239 bytes)
Event: 6.289 Thread 0x000001a98f90f000 nmethod 4515 0x000001a980f5f190 code [0x000001a980f5f4e0, 0x000001a980f60358]
Event: 6.289 Thread 0x000001a98f90f000 4516       1       org.springframework.aop.support.DefaultPointcutAdvisor::getPointcut (5 bytes)
Event: 6.289 Thread 0x000001a98f90f000 nmethod 4516 0x000001a987d52890 code [0x000001a987d52a40, 0x000001a987d52af8]
Event: 6.289 Thread 0x000001a98f90f000 4517       1       org.springframework.dao.annotation.PersistenceExceptionTranslationAdvisor::getPointcut (5 bytes)
Event: 6.289 Thread 0x000001a98f90f000 nmethod 4517 0x000001a987d52b90 code [0x000001a987d52d40, 0x000001a987d52df8]
Event: 6.290 Thread 0x000001a98f90f000 4518       2       java.util.ArrayList::add (65 bytes)
Event: 6.290 Thread 0x000001a98f90f000 nmethod 4518 0x000001a980f60a90 code [0x000001a980f60ca0, 0x000001a980f611c8]
Event: 6.290 Thread 0x000001a98f90f000 4520       2       org.springframework.core.OrderComparator::getOrder (115 bytes)
Event: 6.291 Thread 0x000001a98f90f000 nmethod 4520 0x000001a980f61490 code [0x000001a980f616a0, 0x000001a980f61a38]
Event: 6.291 Thread 0x000001a98f90f000 4519       2       org.springframework.core.annotation.AnnotationAwareOrderComparator::findOrderFromAnnotation (63 bytes)
Event: 6.291 Thread 0x000001a98f90f000 nmethod 4519 0x000001a980f61d10 code [0x000001a980f61f20, 0x000001a980f62388]

GC Heap History (11 events):
Event: 1.157 GC heap before
{Heap before GC invocations=0 (full 0):
 garbage-first heap   total 260096K, used 24576K [0x0000000702400000, 0x0000000800000000)
  region size 1024K, 24 young (24576K), 0 survivors (0K)
 Metaspace       used 12288K, capacity 12603K, committed 12928K, reserved 1060864K
  class space    used 1194K, capacity 1286K, committed 1408K, reserved 1048576K
}
Event: 1.171 GC heap after
{Heap after GC invocations=1 (full 0):
 garbage-first heap   total 260096K, used 7038K [0x0000000702400000, 0x0000000800000000)
  region size 1024K, 3 young (3072K), 3 survivors (3072K)
 Metaspace       used 12288K, capacity 12603K, committed 12928K, reserved 1060864K
  class space    used 1194K, capacity 1286K, committed 1408K, reserved 1048576K
}
Event: 1.908 GC heap before
{Heap before GC invocations=1 (full 0):
 garbage-first heap   total 260096K, used 55166K [0x0000000702400000, 0x0000000800000000)
  region size 1024K, 51 young (52224K), 3 survivors (3072K)
 Metaspace       used 20749K, capacity 21182K, committed 21248K, reserved 1069056K
  class space    used 2375K, capacity 2542K, committed 2560K, reserved 1048576K
}
Event: 1.916 GC heap after
{Heap after GC invocations=2 (full 0):
 garbage-first heap   total 260096K, used 9279K [0x0000000702400000, 0x0000000800000000)
  region size 1024K, 6 young (6144K), 6 survivors (6144K)
 Metaspace       used 20749K, capacity 21182K, committed 21248K, reserved 1069056K
  class space    used 2375K, capacity 2542K, committed 2560K, reserved 1048576K
}
Event: 2.879 GC heap before
{Heap before GC invocations=3 (full 0):
 garbage-first heap   total 260096K, used 63551K [0x0000000702400000, 0x0000000800000000)
  region size 1024K, 59 young (60416K), 6 survivors (6144K)
 Metaspace       used 27974K, capacity 28634K, committed 28924K, reserved 1075200K
  class space    used 3278K, capacity 3533K, committed 3584K, reserved 1048576K
}
Event: 2.887 GC heap after
{Heap after GC invocations=4 (full 0):
 garbage-first heap   total 260096K, used 11265K [0x0000000702400000, 0x0000000800000000)
  region size 1024K, 5 young (5120K), 5 survivors (5120K)
 Metaspace       used 27974K, capacity 28634K, committed 28924K, reserved 1075200K
  class space    used 3278K, capacity 3533K, committed 3584K, reserved 1048576K
}
Event: 3.861 GC heap before
{Heap before GC invocations=4 (full 0):
 garbage-first heap   total 260096K, used 144385K [0x0000000702400000, 0x0000000800000000)
  region size 1024K, 136 young (139264K), 5 survivors (5120K)
 Metaspace       used 32413K, capacity 33169K, committed 33404K, reserved 1079296K
  class space    used 3836K, capacity 4152K, committed 4224K, reserved 1048576K
}
Event: 3.867 GC heap after
{Heap after GC invocations=5 (full 0):
 garbage-first heap   total 260096K, used 13707K [0x0000000702400000, 0x0000000800000000)
  region size 1024K, 7 young (7168K), 7 survivors (7168K)
 Metaspace       used 32413K, capacity 33169K, committed 33404K, reserved 1079296K
  class space    used 3836K, capacity 4152K, committed 4224K, reserved 1048576K
}
Event: 4.284 GC heap before
{Heap before GC invocations=5 (full 0):
 garbage-first heap   total 260096K, used 37259K [0x0000000702400000, 0x0000000800000000)
  region size 1024K, 31 young (31744K), 7 survivors (7168K)
 Metaspace       used 35197K, capacity 36010K, committed 36048K, reserved 1081344K
  class space    used 4218K, capacity 4577K, committed 4608K, reserved 1048576K
}
Event: 4.296 GC heap after
{Heap after GC invocations=6 (full 0):
 garbage-first heap   total 260096K, used 15172K [0x0000000702400000, 0x0000000800000000)
  region size 1024K, 8 young (8192K), 8 survivors (8192K)
 Metaspace       used 35197K, capacity 36010K, committed 36048K, reserved 1081344K
  class space    used 4218K, capacity 4577K, committed 4608K, reserved 1048576K
}
Event: 6.297 GC heap before
{Heap before GC invocations=7 (full 0):
 garbage-first heap   total 260096K, used 161604K [0x0000000702400000, 0x0000000800000000)
  region size 1024K, 152 young (155648K), 8 survivors (8192K)
 Metaspace       used 50378K, capacity 51516K, committed 51664K, reserved 1093632K
  class space    used 6141K, capacity 6604K, committed 6656K, reserved 1048576K
}

Deoptimization events (20 events):
Event: 5.960 Thread 0x000001a9eb31d800 Uncommon trap: trap_request=0xffffff4d fr.pc=0x000001a987d05780 relative=0x0000000000004620
Event: 5.960 Thread 0x000001a9eb31d800 Uncommon trap: reason=unstable_if action=reinterpret pc=0x000001a987d05780 method=java.net.URL.<init>(Ljava/net/URL;Ljava/lang/String;Ljava/net/URLStreamHandler;)V @ 57 c2
Event: 5.960 Thread 0x000001a9eb31d800 DEOPT PACKING pc=0x000001a987d05780 sp=0x000000a2a0efe270
Event: 5.960 Thread 0x000001a9eb31d800 DEOPT UNPACKING pc=0x000001a98002772f sp=0x000000a2a0efe230 mode 2
Event: 5.960 Thread 0x000001a9eb31d800 Uncommon trap: trap_request=0xffffff4d fr.pc=0x000001a987d0f89c relative=0x0000000000003ffc
Event: 5.960 Thread 0x000001a9eb31d800 Uncommon trap: reason=unstable_if action=reinterpret pc=0x000001a987d0f89c method=java.net.URLStreamHandler.parseURL(Ljava/net/URL;Ljava/lang/String;II)V @ 57 c2
Event: 5.960 Thread 0x000001a9eb31d800 DEOPT PACKING pc=0x000001a987d0f89c sp=0x000000a2a0efe0e0
Event: 5.960 Thread 0x000001a9eb31d800 DEOPT UNPACKING pc=0x000001a98002772f sp=0x000000a2a0efe0a0 mode 2
Event: 5.991 Thread 0x000001a9eb31d800 Uncommon trap: trap_request=0xffffff4d fr.pc=0x000001a987c6b37c relative=0x0000000000000d1c
Event: 5.991 Thread 0x000001a9eb31d800 Uncommon trap: reason=unstable_if action=reinterpret pc=0x000001a987c6b37c method=sun.reflect.annotation.AnnotationInvocationHandler.invoke(Ljava/lang/Object;Ljava/lang/reflect/Method;[Ljava/lang/Object;)Ljava/lang/Object; @ 64 c2
Event: 5.991 Thread 0x000001a9eb31d800 DEOPT PACKING pc=0x000001a987c6b37c sp=0x000000a2a0efdf20
Event: 5.991 Thread 0x000001a9eb31d800 DEOPT UNPACKING pc=0x000001a98002772f sp=0x000000a2a0efdee0 mode 2
Event: 6.061 Thread 0x000001a9eb31d800 Uncommon trap: trap_request=0xffffff4d fr.pc=0x000001a987bfd7ac relative=0x000000000000008c
Event: 6.061 Thread 0x000001a9eb31d800 Uncommon trap: reason=unstable_if action=reinterpret pc=0x000001a987bfd7ac method=java.util.LinkedList.node(I)Ljava/util/LinkedList$Node; @ 19 c2
Event: 6.061 Thread 0x000001a9eb31d800 DEOPT PACKING pc=0x000001a987bfd7ac sp=0x000000a2a0efdb70
Event: 6.061 Thread 0x000001a9eb31d800 DEOPT UNPACKING pc=0x000001a98002772f sp=0x000000a2a0efdae8 mode 2
Event: 6.081 Thread 0x000001a9eb31d800 Uncommon trap: trap_request=0xffffff4d fr.pc=0x000001a987c93520 relative=0x0000000000000160
Event: 6.081 Thread 0x000001a9eb31d800 Uncommon trap: reason=unstable_if action=reinterpret pc=0x000001a987c93520 method=org.springframework.aop.framework.autoproxy.AbstractAutoProxyCreator.predictBeanType(Ljava/lang/Class;Ljava/lang/String;)Ljava/lang/Class; @ 9 c2
Event: 6.081 Thread 0x000001a9eb31d800 DEOPT PACKING pc=0x000001a987c93520 sp=0x000000a2a0efde30
Event: 6.081 Thread 0x000001a9eb31d800 DEOPT UNPACKING pc=0x000001a98002772f sp=0x000000a2a0efddd0 mode 2

Classes redefined (0 events):
No events

Internal exceptions (20 events):
Event: 5.902 Thread 0x000001a9eb31d800 Exception <a 'java/lang/NoSuchMethodError'{0x000000070adddb30}: 'void java.lang.invoke.DirectMethodHandle$Holder.invokeVirtual(java.lang.Object, java.lang.Object, int)'> (0x000000070adddb30) thrown at [./src/hotspot/share/interpreter/linkResolver.cpp, line 773]
Event: 6.215 Thread 0x000001a9eb31d800 Exception <a 'java/lang/ClassNotFoundException'{0x00000007092105b8}: java/lang/ObjectCustomizer> (0x00000007092105b8) thrown at [./src/hotspot/share/classfile/systemDictionary.cpp, line 231]
Event: 6.216 Thread 0x000001a9eb31d800 Exception <a 'java/lang/ClassNotFoundException'{0x00000007092264b0}: org/springframework/security/config/annotation/web/configuration/WebSecurityConfigurerAdapterCustomizer> (0x00000007092264b0) thrown at [./src/hotspot/share/classfile/systemDictionary.cpp, line 231]
Event: 6.218 Thread 0x000001a9eb31d800 Exception <a 'java/lang/ClassNotFoundException'{0x0000000709241ca8}: nu/borjessons/clubhouse/impl/security/WebSecurityCustomizer> (0x0000000709241ca8) thrown at [./src/hotspot/share/classfile/systemDictionary.cpp, line 231]
Event: 6.218 Thread 0x000001a9eb31d800 Exception <a 'java/lang/ClassNotFoundException'{0x0000000709255cc8}: nu/borjessons/clubhouse/impl/security/WebSecurity$$EnhancerBySpringCGLIB$$d409879Customizer> (0x0000000709255cc8) thrown at [./src/hotspot/share/classfile/systemDictionary.cpp, line 231]
Event: 6.220 Thread 0x000001a9eb31d800 Exception <a 'java/lang/ClassNotFoundException'{0x00000007092744f8}: org/springframework/context/annotation/ConfigurationClassEnhancer$EnhancedConfigurationCustomizer> (0x00000007092744f8) thrown at [./src/hotspot/share/classfile/systemDictionary.cpp, line 231]
Event: 6.220 Thread 0x000001a9eb31d800 Exception <a 'java/lang/ClassNotFoundException'{0x0000000709282750}: org/springframework/beans/factory/BeanFactoryAwareCustomizer> (0x0000000709282750) thrown at [./src/hotspot/share/classfile/systemDictionary.cpp, line 231]
Event: 6.221 Thread 0x000001a9eb31d800 Exception <a 'java/lang/ClassNotFoundException'{0x000000070928ffc8}: org/springframework/beans/factory/AwareCustomizer> (0x000000070928ffc8) thrown at [./src/hotspot/share/classfile/systemDictionary.cpp, line 231]
Event: 6.221 Thread 0x000001a9eb31d800 Exception <a 'java/lang/ClassNotFoundException'{0x00000007092a0660}: org/springframework/security/config/annotation/web/WebSecurityConfigurerCustomizer> (0x00000007092a0660) thrown at [./src/hotspot/share/classfile/systemDictionary.cpp, line 231]
Event: 6.222 Thread 0x000001a9eb31d800 Exception <a 'java/lang/ClassNotFoundException'{0x00000007092b0578}: org/springframework/security/config/annotation/SecurityConfigurerCustomizer> (0x00000007092b0578) thrown at [./src/hotspot/share/classfile/systemDictionary.cpp, line 231]
Event: 6.245 Thread 0x000001a9eb31d800 Exception <a 'java/lang/ClassNotFoundException'{0x0000000708f82940}: java/lang/ObjectCustomizer> (0x0000000708f82940) thrown at [./src/hotspot/share/classfile/systemDictionary.cpp, line 231]
Event: 6.246 Thread 0x000001a9eb31d800 Exception <a 'java/lang/ClassNotFoundException'{0x0000000708f97160}: org/springframework/web/servlet/config/annotation/WebMvcConfigurationSupportCustomizer> (0x0000000708f97160) thrown at [./src/hotspot/share/classfile/systemDictionary.cpp, line 231]
Event: 6.247 Thread 0x000001a9eb31d800 Exception <a 'java/lang/ClassNotFoundException'{0x0000000708fb6090}: org/springframework/web/servlet/config/annotation/DelegatingWebMvcConfigurationCustomizer> (0x0000000708fb6090) thrown at [./src/hotspot/share/classfile/systemDictionary.cpp, line 231]
Event: 6.248 Thread 0x000001a9eb31d800 Exception <a 'java/lang/ClassNotFoundException'{0x0000000708fcddd0}: org/springframework/boot/autoconfigure/web/servlet/WebMvcAutoConfiguration$EnableWebMvcConfigurationCustomizer> (0x0000000708fcddd0) thrown at [./src/hotspot/share/classfile/systemDictionary.cpp, line 231]
Event: 6.249 Thread 0x000001a9eb31d800 Exception <a 'java/lang/ClassNotFoundException'{0x0000000708fe89c0}: org/springframework/context/ResourceLoaderAwareCustomizer> (0x0000000708fe89c0) thrown at [./src/hotspot/share/classfile/systemDictionary.cpp, line 231]
Event: 6.249 Thread 0x000001a9eb31d800 Exception <a 'java/lang/ClassNotFoundException'{0x0000000708ff5ce0}: org/springframework/beans/factory/AwareCustomizer> (0x0000000708ff5ce0) thrown at [./src/hotspot/share/classfile/systemDictionary.cpp, line 231]
Event: 6.250 Thread 0x000001a9eb31d800 Exception <a 'java/lang/ClassNotFoundException'{0x0000000708e846a0}: org/springframework/context/ApplicationContextAwareCustomizer> (0x0000000708e846a0) thrown at [./src/hotspot/share/classfile/systemDictionary.cpp, line 231]
Event: 6.250 Thread 0x000001a9eb31d800 Exception <a 'java/lang/ClassNotFoundException'{0x0000000708e92350}: org/springframework/beans/factory/AwareCustomizer> (0x0000000708e92350) thrown at [./src/hotspot/share/classfile/systemDictionary.cpp, line 231]
Event: 6.251 Thread 0x000001a9eb31d800 Exception <a 'java/lang/ClassNotFoundException'{0x0000000708ea0268}: org/springframework/web/context/ServletContextAwareCustomizer> (0x0000000708ea0268) thrown at [./src/hotspot/share/classfile/systemDictionary.cpp, line 231]
Event: 6.251 Thread 0x000001a9eb31d800 Exception <a 'java/lang/ClassNotFoundException'{0x0000000708ead9f0}: org/springframework/beans/factory/AwareCustomizer> (0x0000000708ead9f0) thrown at [./src/hotspot/share/classfile/systemDictionary.cpp, line 231]

Events (20 events):
Event: 6.296 loading class org/springframework/web/servlet/config/annotation/ContentNegotiationConfigurer done
Event: 6.296 loading class org/hibernate/annotations/common/reflection/java/JavaReflectionManager
Event: 6.296 loading class org/hibernate/annotations/common/reflection/java/JavaReflectionManager done
Event: 6.296 loading class org/springframework/http/MediaType
Event: 6.296 loading class org/springframework/http/MediaType done
Event: 6.296 loading class org/springframework/http/MediaType
Event: 6.296 loading class org/springframework/http/MediaType done
Event: 6.296 loading class org/springframework/web/accept/ContentNegotiationManagerFactoryBean
Event: 6.296 loading class org/springframework/web/accept/ContentNegotiationManagerFactoryBean done
Event: 6.297 loading class org/hibernate/annotations/common/reflection/MetadataProviderInjector
Event: 6.297 loading class org/hibernate/annotations/common/reflection/MetadataProviderInjector done
Event: 6.297 loading class org/springframework/http/MediaType
Event: 6.297 loading class org/springframework/http/MediaType done
Event: 6.297 loading class org/springframework/web/accept/MappingMediaTypeFileExtensionResolver
Event: 6.297 loading class org/springframework/web/accept/MappingMediaTypeFileExtensionResolver done
Event: 6.297 loading class org/springframework/http/MediaType
Event: 6.297 loading class org/springframework/http/MediaType done
Event: 6.297 loading class org/springframework/http/MediaType
Event: 6.297 loading class org/springframework/http/MediaType done
Event: 6.297 Executing VM operation: G1CollectForAllocation


Dynamic libraries:
0x00007ff61d370000 - 0x00007ff61d37d000 	C:\Java\jdk11.0.8_10\bin\java.exe
0x00007ff9c9fb0000 - 0x00007ff9ca1a5000 	C:\WINDOWS\SYSTEM32\ntdll.dll
0x00007ff9c9940000 - 0x00007ff9c99fd000 	C:\WINDOWS\System32\KERNEL32.DLL
0x00007ff9c76f0000 - 0x00007ff9c79b9000 	C:\WINDOWS\System32\KERNELBASE.dll
0x00007ff9c1a80000 - 0x00007ff9c1b10000 	C:\WINDOWS\SYSTEM32\apphelp.dll
0x00007ff9c79f0000 - 0x00007ff9c7af0000 	C:\WINDOWS\System32\ucrtbase.dll
0x00007ff9be460000 - 0x00007ff9be475000 	C:\Java\jdk11.0.8_10\bin\VCRUNTIME140.dll
0x00007ff9be5a0000 - 0x00007ff9be5b7000 	C:\Java\jdk11.0.8_10\bin\jli.dll
0x00007ff9c8190000 - 0x00007ff9c8330000 	C:\WINDOWS\System32\USER32.dll
0x00007ff9a47f0000 - 0x00007ff9a4a8a000 	C:\WINDOWS\WinSxS\amd64_microsoft.windows.common-controls_6595b64144ccf1df_6.0.19041.844_none_ca00b6081b84eb1d\COMCTL32.dll
0x00007ff9c79c0000 - 0x00007ff9c79e2000 	C:\WINDOWS\System32\win32u.dll
0x00007ff9c8670000 - 0x00007ff9c869a000 	C:\WINDOWS\System32\GDI32.dll
0x00007ff9c8fa0000 - 0x00007ff9c903e000 	C:\WINDOWS\System32\msvcrt.dll
0x00007ff9c7c80000 - 0x00007ff9c7d8b000 	C:\WINDOWS\System32\gdi32full.dll
0x00007ff9c7f70000 - 0x00007ff9c800d000 	C:\WINDOWS\System32\msvcp_win.dll
0x00007ff9c9a00000 - 0x00007ff9c9a30000 	C:\WINDOWS\System32\IMM32.DLL
0x00007ff99f7e0000 - 0x00007ff99f87b000 	C:\Java\jdk11.0.8_10\bin\msvcp140.dll
0x00007ff95e960000 - 0x00007ff95f41d000 	C:\Java\jdk11.0.8_10\bin\server\jvm.dll
0x00007ff9c8010000 - 0x00007ff9c80bc000 	C:\WINDOWS\System32\ADVAPI32.dll
0x00007ff9c9a30000 - 0x00007ff9c9acc000 	C:\WINDOWS\System32\sechost.dll
0x00007ff9c84e0000 - 0x00007ff9c860b000 	C:\WINDOWS\System32\RPCRT4.dll
0x00007ff9c90c0000 - 0x00007ff9c90c8000 	C:\WINDOWS\System32\PSAPI.DLL
0x00007ff9b4000000 - 0x00007ff9b4027000 	C:\WINDOWS\SYSTEM32\WINMM.dll
0x00007ff9b22c0000 - 0x00007ff9b22c9000 	C:\WINDOWS\SYSTEM32\WSOCK32.dll
0x00007ff9bd050000 - 0x00007ff9bd05a000 	C:\WINDOWS\SYSTEM32\VERSION.dll
0x00007ff9c8f30000 - 0x00007ff9c8f9b000 	C:\WINDOWS\System32\WS2_32.dll
0x00007ff9c5fa0000 - 0x00007ff9c5fb2000 	C:\WINDOWS\SYSTEM32\kernel.appcore.dll
0x00007ff9c00e0000 - 0x00007ff9c00f0000 	C:\Java\jdk11.0.8_10\bin\verify.dll
0x00007ff9c2470000 - 0x00007ff9c2654000 	C:\WINDOWS\SYSTEM32\DBGHELP.DLL
0x00007ff9b0790000 - 0x00007ff9b07bc000 	C:\WINDOWS\SYSTEM32\dbgcore.DLL
0x00007ff9c7df0000 - 0x00007ff9c7e70000 	C:\WINDOWS\System32\bcryptPrimitives.dll
0x00007ff9be430000 - 0x00007ff9be458000 	C:\Java\jdk11.0.8_10\bin\java.dll
0x00007ff9c0070000 - 0x00007ff9c007a000 	C:\Java\jdk11.0.8_10\bin\jimage.dll
0x00007ff9ad250000 - 0x00007ff9ad25e000 	C:\Java\jdk11.0.8_10\bin\instrument.dll
0x00007ff9be2e0000 - 0x00007ff9be2f7000 	C:\Java\jdk11.0.8_10\bin\zip.dll
0x00007ff9c9140000 - 0x00007ff9c9882000 	C:\WINDOWS\System32\SHELL32.dll
0x00007ff9c2660000 - 0x00007ff9c2df0000 	C:\WINDOWS\SYSTEM32\windows.storage.dll
0x00007ff9c9ad0000 - 0x00007ff9c9e25000 	C:\WINDOWS\System32\combase.dll
0x00007ff9c7160000 - 0x00007ff9c718c000 	C:\WINDOWS\SYSTEM32\Wldp.dll
0x00007ff9c9890000 - 0x00007ff9c993e000 	C:\WINDOWS\System32\SHCORE.dll
0x00007ff9c8df0000 - 0x00007ff9c8e45000 	C:\WINDOWS\System32\shlwapi.dll
0x00007ff9c7630000 - 0x00007ff9c764f000 	C:\WINDOWS\SYSTEM32\profapi.dll
0x00007ff9be2c0000 - 0x00007ff9be2d9000 	C:\Java\jdk11.0.8_10\bin\net.dll
0x00007ff9bc180000 - 0x00007ff9bc28c000 	C:\WINDOWS\SYSTEM32\WINHTTP.dll
0x00007ff9c6ee0000 - 0x00007ff9c6f4a000 	C:\WINDOWS\system32\mswsock.dll
0x00007ff9bcee0000 - 0x00007ff9bcef2000 	C:\Java\jdk11.0.8_10\bin\nio.dll
0x00007ff9a4e40000 - 0x00007ff9a4e5a000 	C:\Program Files\JetBrains\IntelliJ IDEA Community Edition 2020.2.3\bin\breakgen64.dll
0x00007ff9be4f0000 - 0x00007ff9be4f9000 	C:\Java\jdk11.0.8_10\bin\management.dll
0x00007ff9be3c0000 - 0x00007ff9be3cb000 	C:\Java\jdk11.0.8_10\bin\management_ext.dll
0x00007ff9afda0000 - 0x00007ff9afdb7000 	C:\WINDOWS\system32\napinsp.dll
0x00007ff9afd80000 - 0x00007ff9afd9b000 	C:\WINDOWS\system32\pnrpnsp.dll
0x00007ff9bf380000 - 0x00007ff9bf395000 	C:\WINDOWS\system32\wshbth.dll
0x00007ff9bfdc0000 - 0x00007ff9bfddd000 	C:\WINDOWS\system32\NLAapi.dll
0x00007ff9c6b60000 - 0x00007ff9c6b9b000 	C:\WINDOWS\SYSTEM32\IPHLPAPI.DLL
0x00007ff9c6bb0000 - 0x00007ff9c6c7b000 	C:\WINDOWS\SYSTEM32\DNSAPI.dll
0x00007ff9c8cf0000 - 0x00007ff9c8cf8000 	C:\WINDOWS\System32\NSI.dll
0x00007ff9af7b0000 - 0x00007ff9af7c2000 	C:\WINDOWS\System32\winrnr.dll
0x00007ff9bd2d0000 - 0x00007ff9bd2da000 	C:\Windows\System32\rasadhlp.dll
0x00007ff9b45f0000 - 0x00007ff9b466f000 	C:\WINDOWS\System32\fwpuclnt.dll
0x00007ff9c7af0000 - 0x00007ff9c7b17000 	C:\WINDOWS\System32\bcrypt.dll
0x00007ff9c70c0000 - 0x00007ff9c70d8000 	C:\WINDOWS\SYSTEM32\CRYPTSP.dll
0x00007ff9c67d0000 - 0x00007ff9c6804000 	C:\WINDOWS\system32\rsaenh.dll
0x00007ff9c75f0000 - 0x00007ff9c761e000 	C:\WINDOWS\SYSTEM32\USERENV.dll
0x00007ff9c70b0000 - 0x00007ff9c70bc000 	C:\WINDOWS\SYSTEM32\CRYPTBASE.dll
0x00007ff9ba040000 - 0x00007ff9ba057000 	C:\WINDOWS\SYSTEM32\dhcpcsvc6.DLL
0x00007ff9bb3e0000 - 0x00007ff9bb3fd000 	C:\WINDOWS\SYSTEM32\dhcpcsvc.DLL

dbghelp: loaded successfully - version: 4.0.5 - missing functions: none
symbol engine: initialized successfully - sym options: 0x614 - pdb path: .;C:\Java\jdk11.0.8_10\bin;C:\WINDOWS\SYSTEM32;C:\WINDOWS\WinSxS\amd64_microsoft.windows.common-controls_6595b64144ccf1df_6.0.19041.844_none_ca00b6081b84eb1d;C:\Java\jdk11.0.8_10\bin\server;C:\Program Files\JetBrains\IntelliJ IDEA Community Edition 2020.2.3\bin

VM Arguments:
jvm_args: -javaagent:C:\Program Files\JetBrains\IntelliJ IDEA Community Edition 2020.2.3\lib\idea_rt.jar=60533:C:\Program Files\JetBrains\IntelliJ IDEA Community Edition 2020.2.3\bin -Dfile.encoding=UTF-8 
java_command: nu.borjessons.clubhouse.impl.ClubhouseApplication
java_class_path (initial): C:\Users\robin\projects\clubhouse\clubhouse\clubhouse-impl\target\classes;C:\Users\robin\.m2\repository\org\springframework\boot\spring-boot-starter-data-jpa\2.3.2.RELEASE\spring-boot-starter-data-jpa-2.3.2.RELEASE.jar;C:\Users\robin\.m2\repository\org\springframework\boot\spring-boot-starter-aop\2.3.2.RELEASE\spring-boot-starter-aop-2.3.2.RELEASE.jar;C:\Users\robin\.m2\repository\org\aspectj\aspectjweaver\1.9.6\aspectjweaver-1.9.6.jar;C:\Users\robin\.m2\repository\org\springframework\boot\spring-boot-starter-jdbc\2.3.2.RELEASE\spring-boot-starter-jdbc-2.3.2.RELEASE.jar;C:\Users\robin\.m2\repository\com\zaxxer\HikariCP\3.4.5\HikariCP-3.4.5.jar;C:\Users\robin\.m2\repository\org\springframework\spring-jdbc\5.2.8.RELEASE\spring-jdbc-5.2.8.RELEASE.jar;C:\Users\robin\.m2\repository\jakarta\transaction\jakarta.transaction-api\1.3.3\jakarta.transaction-api-1.3.3.jar;C:\Users\robin\.m2\repository\jakarta\persistence\jakarta.persistence-api\2.2.3\jakarta.persistence-api-2.2.3.jar;C:\Users\robin\.m2\repository\org\hibernate\hibernate-core\5.4.18.Final\hibernate-core-5.4.18.Final.jar;C:\Users\robin\.m2\repository\org\jboss\logging\jboss-logging\3.4.1.Final\jboss-logging-3.4.1.Final.jar;C:\Users\robin\.m2\repository\org\javassist\javassist\3.24.0-GA\javassist-3.24.0-GA.jar;C:\Users\robin\.m2\repository\net\bytebuddy\byte-buddy\1.10.13\byte-buddy-1.10.13.jar;C:\Users\robin\.m2\repository\antlr\antlr\2.7.7\antlr-2.7.7.jar;C:\Users\robin\.m2\repository\org\jboss\jandex\2.1.3.Final\jandex-2.1.3.Final.jar;C:\Users\robin\.m2\repository\com\fasterxml\classmate\1.5.1\classmate-1.5.1.jar;C:\Users\robin\.m2\repository\org\dom4j\dom4j\2.1.3\dom4j-2.1.3.jar;C:\Users\robin\.m2\repository\org\hibernate\common\hibernate-commons-annotations\5.1.0.Final\hibernate-commons-annotations-5.1.0.Final.jar;C:\Users\robin\.m2\repository\org\glassfish\jaxb\jaxb-runtime\2.3.3\jaxb-runtime-2.3.3.jar;C:\Users\robin\.m2\repository\org\glassfish\jaxb\txw2\2.3.3\txw2-2.3.3.jar;C:\U
Launcher Type: SUN_STANDARD

[Global flags]
     intx CICompilerCount                          = 4                                         {product} {ergonomic}
     uint ConcGCThreads                            = 2                                         {product} {ergonomic}
     uint G1ConcRefinementThreads                  = 8                                         {product} {ergonomic}
   size_t G1HeapRegionSize                         = 1048576                                   {product} {ergonomic}
    uintx GCDrainStackTargetSize                   = 64                                        {product} {ergonomic}
   size_t InitialHeapSize                          = 266338304                                 {product} {ergonomic}
   size_t MarkStackSize                            = 4194304                                   {product} {ergonomic}
   size_t MaxHeapSize                              = 4257218560                                {product} {ergonomic}
   size_t MaxNewSize                               = 2554331136                                {product} {ergonomic}
   size_t MinHeapDeltaBytes                        = 1048576                                   {product} {ergonomic}
    uintx NonNMethodCodeHeapSize                   = 5836300                                {pd product} {ergonomic}
    uintx NonProfiledCodeHeapSize                  = 122910970                              {pd product} {ergonomic}
    uintx ProfiledCodeHeapSize                     = 122910970                              {pd product} {ergonomic}
    uintx ReservedCodeCacheSize                    = 251658240                              {pd product} {ergonomic}
     bool SegmentedCodeCache                       = true                                      {product} {ergonomic}
     bool UseCompressedClassPointers               = true                                 {lp64_product} {ergonomic}
     bool UseCompressedOops                        = true                                 {lp64_product} {ergonomic}
     bool UseG1GC                                  = true                                      {product} {ergonomic}
     bool UseLargePagesIndividualAllocation        = false                                  {pd product} {ergonomic}

Logging:
Log output configuration:
 #0: stdout all=warning uptime,level,tags
 #1: stderr all=off uptime,level,tags

Environment Variables:
JAVA_HOME=C:\Java\jdk11.0.8_10
PATH=C:\Python39\Scripts\;C:\Python39\;C:\Python38\Scripts\;C:\Python38\;C:\Program Files (x86)\Razer Chroma SDK\bin;C:\Program Files\Razer Chroma SDK\bin;C:\Java\jdk11.0.8_10\bin;C:\Program Files (x86)\Razer\ChromaBroadcast\bin;C:\Program Files\Razer\ChromaBroadcast\bin;C:\Program Files\Microsoft MPI\Bin\;C:\Windows\system32;C:\Windows;C:\Windows\System32\Wbem;C:\Windows\System32\WindowsPowerShell\v1.0\;C:\Program Files (x86)\NVIDIA Corporation\PhysX\Common;C:\WINDOWS\system32;C:\WINDOWS;C:\WINDOWS\System32\Wbem;C:\WINDOWS\System32\WindowsPowerShell\v1.0\;C:\WINDOWS\System32\OpenSSH\;C:\ProgramData\chocolatey\bin;C:\Program Files\Microsoft VS Code\bin;C:\Program Files\NVIDIA Corporation\NVIDIA NvDLISR;C:\Users\robin\AppData\Roaming\nvm;C:\Program Files\Microsoft SQL Server\Client SDK\ODBC\130\Tools\Binn\;C:\Program Files (x86)\Microsoft SQL Server\140\Tools\Binn\;C:\Program Files\Microsoft SQL Server\140\Tools\Binn\;C:\Program Files\Microsoft SQL Server\140\DTS\Binn\;C:\RailsInstaller\DevKit;C:\Program Files\Microsoft\Web Platform Installer\;C:\Program Files\apache-maven-3.6.0\bin;C:\Python37;C:\Python37\Scripts;C:\Octave\Octave-4.2.1\bin;C:\ProgramData\chocolatey\lib\Elixir/bin;C:\Java\jdk-14.0.1\bin;C:\Program Files\MySQL\MySQL Server 8.0\bin;C:\Program Files (x86)\Yarn\bin\;C:\WINDOWS\system32;C:\WINDOWS;C:\WINDOWS\System32\Wbem;C:\WINDOWS\System32\WindowsPowerShell\v1.0\;C:\WINDOWS\System32\OpenSSH\;C:\WINDOWS\system32\config\systemprofile\AppData\Local\Microsoft\WindowsApps;C:\Program Files\nodejs\;C:\Program Files\Git\cmd;C:\Program Files (x86)\Intel\Intel(R) Management Engine Components\DAL;C:\Program Files\Intel\Intel(R) Management Engine Components\DAL;C:\Python37\Scripts\;C:\Python37\;C:\RailsInstaller\Ruby2.3.3\bin;C:\Users\robin\.conda\envs\gl-env\Anaconda2;C:\Users\robin\.conda\envs\gl-env\Anaconda2\Scripts;C:\Users\robin\.conda\envs\gl-env\Anaconda2\Library\bin;C:\Users\robin\AppData\Local\Microsoft\WindowsApps;C:\phantomjs-2.1.1-windows\bin;C:\Program F
USERNAME=robin
OS=Windows_NT
PROCESSOR_IDENTIFIER=Intel64 Family 6 Model 158 Stepping 9, GenuineIntel



---------------  S Y S T E M  ---------------

OS: Windows 10 , 64 bit Build 19041 (10.0.19041.804)
OS uptime: 1 days 5:22 hours
HyperV virtualization detected

CPU:total 8 (initial active 8) (4 cores per cpu, 2 threads per core) family 6 model 158 stepping 9, cmov, cx8, fxsr, mmx, sse, sse2, sse3, ssse3, sse4.1, sse4.2, popcnt, avx, avx2, aes, clmul, erms, 3dnowpref, lzcnt, ht, tsc, tscinvbit, bmi1, bmi2, adx, fma

Memory: 4k page, system-wide physical 16235M (5002M free)
TotalPageFile size 17259M (AvailPageFile size 50M)
current process WorkingSet (physical memory assigned to process): 360M, peak: 360M
current process commit charge ("private bytes"): 482M, peak: 533M

vm_info: OpenJDK 64-Bit Server VM (11.0.8+10-LTS) for windows-amd64 JRE (11.0.8+10-LTS), built on Jul 13 2020 00:42:50 by "Administrator" with MS VC++ 15.9 (VS2017)

END.
