#
# There is insufficient memory for the Java Runtime Environment to continue.
# Native memory allocation (malloc) failed to allocate 284464 bytes for Chunk::new
# Possible reasons:
#   The system is out of physical RAM or swap space
#   The process is running with CompressedOops enabled, and the Java Heap may be blocking the growth of the native heap
# Possible solutions:
#   Reduce memory load on the system
#   Increase physical memory or swap space
#   Check if swap backing store is full
#   Decrease Java heap size (-Xmx/-Xms)
#   Decrease number of Java threads
#   Decrease Java thread stack sizes (-Xss)
#   Set larger code cache with -XX:ReservedCodeCacheSize=
#   JVM is running with Zero Based Compressed Oops mode in which the Java heap is
#     placed in the first 32GB address space. The Java Heap base address is the
#     maximum limit for the native heap growth. Please use -XX:HeapBaseMinAddress
#     to set the Java Heap base and to place the Java Heap above 32GB virtual address.
# This output file may be truncated or incomplete.
#
#  Out of Memory Error (./src/hotspot/share/memory/arena.cpp:197), pid=2984, tid=15980
#
# JRE version: OpenJDK Runtime Environment Corretto-11.0.8.10.1 (11.0.8+10) (build 11.0.8+10-LTS)
# Java VM: OpenJDK 64-Bit Server VM Corretto-11.0.8.10.1 (11.0.8+10-LTS, mixed mode, tiered, compressed oops, g1 gc, windows-amd64)
# No core dump will be written. Minidumps are not enabled by default on client versions of Windows
#

---------------  S U M M A R Y ------------

Command Line: -javaagent:C:\Program Files\JetBrains\IntelliJ IDEA Community Edition 2020.2.3\lib\idea_rt.jar=53356:C:\Program Files\JetBrains\IntelliJ IDEA Community Edition 2020.2.3\bin -Dfile.encoding=UTF-8 nu.borjessons.clubhouse.impl.ClubhouseApplication

Host: Intel(R) Core(TM) i7-7700HQ CPU @ 2.80GHz, 8 cores, 15G,  Windows 10 , 64 bit Build 19041 (10.0.19041.1149)
Time: Tue Jul 27 18:38:20 2021 Västeuropa, sommartid elapsed time: 2 seconds (0d 0h 0m 2s)

---------------  T H R E A D  ---------------

Current thread (0x0000028efa47d800):  JavaThread "C2 CompilerThread2" daemon [_thread_in_native, id=15980, stack(0x00000093c3f00000,0x00000093c4000000)]


Current CompileTask:
C2:   2556 2593       4       org.springframework.boot.context.properties.source.ConfigurationPropertyName$ElementsParser::parse (234 bytes)

Stack: [0x00000093c3f00000,0x00000093c4000000]
Native frames: (J=compiled Java code, j=interpreted, Vv=VM code, C=native code)
V  [jvm.dll+0x5dfc8a]
V  [jvm.dll+0x7179be]
V  [jvm.dll+0x71908f]
V  [jvm.dll+0x719753]
V  [jvm.dll+0x240e48]
V  [jvm.dll+0xb96ac]
V  [jvm.dll+0xb9dac]
V  [jvm.dll+0x1fa187]
V  [jvm.dll+0x5712b2]
V  [jvm.dll+0x57446c]
V  [jvm.dll+0x1fa7c7]
V  [jvm.dll+0x1f9adf]
V  [jvm.dll+0x17e4ec]
V  [jvm.dll+0x208f27]
V  [jvm.dll+0x20710b]
V  [jvm.dll+0x6dc729]
V  [jvm.dll+0x6d57d4]
V  [jvm.dll+0x5debc6]
C  [ucrtbase.dll+0x21bb2]
C  [KERNEL32.DLL+0x17034]
C  [ntdll.dll+0x52651]


---------------  P R O C E S S  ---------------

Threads class SMR info:
_java_thread_list=0x0000028efc58b2f0, length=13, elements={
0x0000028ed2c8b800, 0x0000028ef8767800, 0x0000028ef8771000, 0x0000028ef906b800,
0x0000028ef906c800, 0x0000028ef906d800, 0x0000028ef9075000, 0x0000028ef9076800,
0x0000028ef9001000, 0x0000028ef9671000, 0x0000028ef962c800, 0x0000028ef98bd000,
0x0000028efa47d800
}

Java Threads: ( => current thread )
  0x0000028ed2c8b800 JavaThread "main" [_thread_in_vm, id=2080, stack(0x00000093c2500000,0x00000093c2600000)]
  0x0000028ef8767800 JavaThread "Reference Handler" daemon [_thread_blocked, id=9796, stack(0x00000093c2c00000,0x00000093c2d00000)]
  0x0000028ef8771000 JavaThread "Finalizer" daemon [_thread_blocked, id=616, stack(0x00000093c2d00000,0x00000093c2e00000)]
  0x0000028ef906b800 JavaThread "Signal Dispatcher" daemon [_thread_blocked, id=14864, stack(0x00000093c2e00000,0x00000093c2f00000)]
  0x0000028ef906c800 JavaThread "Attach Listener" daemon [_thread_blocked, id=6288, stack(0x00000093c2f00000,0x00000093c3000000)]
  0x0000028ef906d800 JavaThread "C2 CompilerThread0" daemon [_thread_in_native, id=588, stack(0x00000093c3000000,0x00000093c3100000)]
  0x0000028ef9075000 JavaThread "C1 CompilerThread0" daemon [_thread_blocked, id=16276, stack(0x00000093c3100000,0x00000093c3200000)]
  0x0000028ef9076800 JavaThread "Sweeper thread" daemon [_thread_blocked, id=17968, stack(0x00000093c3200000,0x00000093c3300000)]
  0x0000028ef9001000 JavaThread "Common-Cleaner" daemon [_thread_blocked, id=10644, stack(0x00000093c3300000,0x00000093c3400000)]
  0x0000028ef9671000 JavaThread "Monitor Ctrl-Break" daemon [_thread_in_native, id=10048, stack(0x00000093c3400000,0x00000093c3500000)]
  0x0000028ef962c800 JavaThread "Service Thread" daemon [_thread_blocked, id=18804, stack(0x00000093c3500000,0x00000093c3600000)]
  0x0000028ef98bd000 JavaThread "C2 CompilerThread1" daemon [_thread_in_native, id=12544, stack(0x00000093c3700000,0x00000093c3800000)]
=>0x0000028efa47d800 JavaThread "C2 CompilerThread2" daemon [_thread_in_native, id=15980, stack(0x00000093c3f00000,0x00000093c4000000)]

Other Threads:
  0x0000028ef8765800 VMThread "VM Thread" [stack: 0x00000093c2b00000,0x00000093c2c00000] [id=7016]
  0x0000028ef962e800 WatcherThread [stack: 0x00000093c3600000,0x00000093c3700000] [id=1940]
  0x0000028ed2ca3800 GCTaskThread "GC Thread#0" [stack: 0x00000093c2600000,0x00000093c2700000] [id=13040]
  0x0000028ef9f67000 GCTaskThread "GC Thread#1" [stack: 0x00000093c3800000,0x00000093c3900000] [id=4300]
  0x0000028ef9f26000 GCTaskThread "GC Thread#2" [stack: 0x00000093c3900000,0x00000093c3a00000] [id=7756]
  0x0000028ef9f88800 GCTaskThread "GC Thread#3" [stack: 0x00000093c3a00000,0x00000093c3b00000] [id=21116]
  0x0000028ef9f89000 GCTaskThread "GC Thread#4" [stack: 0x00000093c3b00000,0x00000093c3c00000] [id=21144]
  0x0000028ef9f42800 GCTaskThread "GC Thread#5" [stack: 0x00000093c3c00000,0x00000093c3d00000] [id=3852]
  0x0000028ed2cff800 ConcurrentGCThread "G1 Main Marker" [stack: 0x00000093c2700000,0x00000093c2800000] [id=296]
  0x0000028ed2d02000 ConcurrentGCThread "G1 Conc#0" [stack: 0x00000093c2800000,0x00000093c2900000] [id=21008]
  0x0000028efa082000 ConcurrentGCThread "G1 Conc#1" [stack: 0x00000093c3e00000,0x00000093c3f00000] [id=15236]
  0x0000028ef8647800 ConcurrentGCThread "G1 Refine#0" [stack: 0x00000093c2900000,0x00000093c2a00000] [id=9192]
  0x0000028ef8648800 ConcurrentGCThread "G1 Young RemSet Sampling" [stack: 0x00000093c2a00000,0x00000093c2b00000] [id=17936]

Threads with active compile tasks:
C2 CompilerThread0   2599 2691       4       java.lang.String::substring (68 bytes)
C1 CompilerThread0   2599 2747       3       java.util.Properties::containsKey (9 bytes)
C2 CompilerThread1   2600 2406   !   4       jdk.internal.loader.BuiltinClassLoader::loadClassOrNull (143 bytes)
C2 CompilerThread2   2600 2593       4       org.springframework.boot.context.properties.source.ConfigurationPropertyName$ElementsParser::parse (234 bytes)

VM state:not at safepoint (normal execution)

VM Mutex/Monitor currently owned by a thread: None

Heap address: 0x0000000702400000, size: 4060 MB, Compressed Oops mode: Zero based, Oop shift amount: 3
Narrow klass base: 0x0000000800000000, Narrow klass shift: 0
Compressed class space size: 1073741824 Address: 0x0000000800000000

Heap:
 garbage-first heap   total 260096K, used 122113K [0x0000000702400000, 0x0000000800000000)
  region size 1024K, 115 young (117760K), 5 survivors (5120K)
 Metaspace       used 30412K, capacity 31117K, committed 31360K, reserved 1077248K
  class space    used 3582K, capacity 3871K, committed 3968K, reserved 1048576K
Heap Regions: E=young(eden), S=young(survivor), O=old, HS=humongous(starts), HC=humongous(continues), CS=collection set, F=free, A=archive, TAMS=top-at-mark-start (previous, next)
|   0|0x0000000702400000, 0x0000000702500000, 0x0000000702500000|100%|HS|  |TAMS 0x0000000702500000, 0x0000000702400000| Complete 
|   1|0x0000000702500000, 0x0000000702600000, 0x0000000702600000|100%| O|  |TAMS 0x0000000702600000, 0x0000000702500000| Untracked 
|   2|0x0000000702600000, 0x0000000702700000, 0x0000000702700000|100%| O|  |TAMS 0x0000000702700000, 0x0000000702600000| Untracked 
|   3|0x0000000702700000, 0x0000000702800000, 0x0000000702800000|100%| O|  |TAMS 0x0000000702800000, 0x0000000702700000| Untracked 
|   4|0x0000000702800000, 0x0000000702900000, 0x0000000702900000|100%| O|  |TAMS 0x0000000702900000, 0x0000000702800000| Untracked 
|   5|0x0000000702900000, 0x0000000702a00000, 0x0000000702a00000|100%| O|  |TAMS 0x0000000702a00000, 0x0000000702900000| Untracked 
|   6|0x0000000702a00000, 0x0000000702ad5000, 0x0000000702b00000| 83%| O|  |TAMS 0x0000000702ad5000, 0x0000000702a00000| Untracked 
|   7|0x0000000702b00000, 0x0000000702b00000, 0x0000000702c00000|  0%| F|  |TAMS 0x0000000702b00000, 0x0000000702b00000| Untracked 
|   8|0x0000000702c00000, 0x0000000702c00000, 0x0000000702d00000|  0%| F|  |TAMS 0x0000000702c00000, 0x0000000702c00000| Untracked 
|   9|0x0000000702d00000, 0x0000000702d00000, 0x0000000702e00000|  0%| F|  |TAMS 0x0000000702d00000, 0x0000000702d00000| Untracked 
|  10|0x0000000702e00000, 0x0000000702e00000, 0x0000000702f00000|  0%| F|  |TAMS 0x0000000702e00000, 0x0000000702e00000| Untracked 
|  11|0x0000000702f00000, 0x0000000702f00000, 0x0000000703000000|  0%| F|  |TAMS 0x0000000702f00000, 0x0000000702f00000| Untracked 
|  12|0x0000000703000000, 0x0000000703000000, 0x0000000703100000|  0%| F|  |TAMS 0x0000000703000000, 0x0000000703000000| Untracked 
|  13|0x0000000703100000, 0x0000000703100000, 0x0000000703200000|  0%| F|  |TAMS 0x0000000703100000, 0x0000000703100000| Untracked 
|  14|0x0000000703200000, 0x0000000703200000, 0x0000000703300000|  0%| F|  |TAMS 0x0000000703200000, 0x0000000703200000| Untracked 
|  15|0x0000000703300000, 0x0000000703300000, 0x0000000703400000|  0%| F|  |TAMS 0x0000000703300000, 0x0000000703300000| Untracked 
|  16|0x0000000703400000, 0x0000000703400000, 0x0000000703500000|  0%| F|  |TAMS 0x0000000703400000, 0x0000000703400000| Untracked 
|  17|0x0000000703500000, 0x0000000703500000, 0x0000000703600000|  0%| F|  |TAMS 0x0000000703500000, 0x0000000703500000| Untracked 
|  18|0x0000000703600000, 0x0000000703600000, 0x0000000703700000|  0%| F|  |TAMS 0x0000000703600000, 0x0000000703600000| Untracked 
|  19|0x0000000703700000, 0x0000000703700000, 0x0000000703800000|  0%| F|  |TAMS 0x0000000703700000, 0x0000000703700000| Untracked 
|  20|0x0000000703800000, 0x0000000703800000, 0x0000000703900000|  0%| F|  |TAMS 0x0000000703800000, 0x0000000703800000| Untracked 
|  21|0x0000000703900000, 0x0000000703900000, 0x0000000703a00000|  0%| F|  |TAMS 0x0000000703900000, 0x0000000703900000| Untracked 
|  22|0x0000000703a00000, 0x0000000703a00000, 0x0000000703b00000|  0%| F|  |TAMS 0x0000000703a00000, 0x0000000703a00000| Untracked 
|  23|0x0000000703b00000, 0x0000000703b00000, 0x0000000703c00000|  0%| F|  |TAMS 0x0000000703b00000, 0x0000000703b00000| Untracked 
|  24|0x0000000703c00000, 0x0000000703c00000, 0x0000000703d00000|  0%| F|  |TAMS 0x0000000703c00000, 0x0000000703c00000| Untracked 
|  25|0x0000000703d00000, 0x0000000703d00000, 0x0000000703e00000|  0%| F|  |TAMS 0x0000000703d00000, 0x0000000703d00000| Untracked 
|  26|0x0000000703e00000, 0x0000000703e00000, 0x0000000703f00000|  0%| F|  |TAMS 0x0000000703e00000, 0x0000000703e00000| Untracked 
|  27|0x0000000703f00000, 0x0000000703f00000, 0x0000000704000000|  0%| F|  |TAMS 0x0000000703f00000, 0x0000000703f00000| Untracked 
|  28|0x0000000704000000, 0x0000000704000000, 0x0000000704100000|  0%| F|  |TAMS 0x0000000704000000, 0x0000000704000000| Untracked 
|  29|0x0000000704100000, 0x0000000704100000, 0x0000000704200000|  0%| F|  |TAMS 0x0000000704100000, 0x0000000704100000| Untracked 
|  30|0x0000000704200000, 0x0000000704200000, 0x0000000704300000|  0%| F|  |TAMS 0x0000000704200000, 0x0000000704200000| Untracked 
|  31|0x0000000704300000, 0x0000000704300000, 0x0000000704400000|  0%| F|  |TAMS 0x0000000704300000, 0x0000000704300000| Untracked 
|  32|0x0000000704400000, 0x0000000704400000, 0x0000000704500000|  0%| F|  |TAMS 0x0000000704400000, 0x0000000704400000| Untracked 
|  33|0x0000000704500000, 0x0000000704500000, 0x0000000704600000|  0%| F|  |TAMS 0x0000000704500000, 0x0000000704500000| Untracked 
|  34|0x0000000704600000, 0x0000000704600000, 0x0000000704700000|  0%| F|  |TAMS 0x0000000704600000, 0x0000000704600000| Untracked 
|  35|0x0000000704700000, 0x0000000704700000, 0x0000000704800000|  0%| F|  |TAMS 0x0000000704700000, 0x0000000704700000| Untracked 
|  36|0x0000000704800000, 0x0000000704800000, 0x0000000704900000|  0%| F|  |TAMS 0x0000000704800000, 0x0000000704800000| Untracked 
|  37|0x0000000704900000, 0x0000000704900000, 0x0000000704a00000|  0%| F|  |TAMS 0x0000000704900000, 0x0000000704900000| Untracked 
|  38|0x0000000704a00000, 0x0000000704a00000, 0x0000000704b00000|  0%| F|  |TAMS 0x0000000704a00000, 0x0000000704a00000| Untracked 
|  39|0x0000000704b00000, 0x0000000704b00000, 0x0000000704c00000|  0%| F|  |TAMS 0x0000000704b00000, 0x0000000704b00000| Untracked 
|  40|0x0000000704c00000, 0x0000000704c00000, 0x0000000704d00000|  0%| F|  |TAMS 0x0000000704c00000, 0x0000000704c00000| Untracked 
|  41|0x0000000704d00000, 0x0000000704d00000, 0x0000000704e00000|  0%| F|  |TAMS 0x0000000704d00000, 0x0000000704d00000| Untracked 
|  42|0x0000000704e00000, 0x0000000704e00000, 0x0000000704f00000|  0%| F|  |TAMS 0x0000000704e00000, 0x0000000704e00000| Untracked 
|  43|0x0000000704f00000, 0x0000000704f00000, 0x0000000705000000|  0%| F|  |TAMS 0x0000000704f00000, 0x0000000704f00000| Untracked 
|  44|0x0000000705000000, 0x0000000705000000, 0x0000000705100000|  0%| F|  |TAMS 0x0000000705000000, 0x0000000705000000| Untracked 
|  45|0x0000000705100000, 0x0000000705100000, 0x0000000705200000|  0%| F|  |TAMS 0x0000000705100000, 0x0000000705100000| Untracked 
|  46|0x0000000705200000, 0x0000000705200000, 0x0000000705300000|  0%| F|  |TAMS 0x0000000705200000, 0x0000000705200000| Untracked 
|  47|0x0000000705300000, 0x0000000705300000, 0x0000000705400000|  0%| F|  |TAMS 0x0000000705300000, 0x0000000705300000| Untracked 
|  48|0x0000000705400000, 0x0000000705400000, 0x0000000705500000|  0%| F|  |TAMS 0x0000000705400000, 0x0000000705400000| Untracked 
|  49|0x0000000705500000, 0x0000000705500000, 0x0000000705600000|  0%| F|  |TAMS 0x0000000705500000, 0x0000000705500000| Untracked 
|  50|0x0000000705600000, 0x0000000705600000, 0x0000000705700000|  0%| F|  |TAMS 0x0000000705600000, 0x0000000705600000| Untracked 
|  51|0x0000000705700000, 0x0000000705700000, 0x0000000705800000|  0%| F|  |TAMS 0x0000000705700000, 0x0000000705700000| Untracked 
|  52|0x0000000705800000, 0x0000000705800000, 0x0000000705900000|  0%| F|  |TAMS 0x0000000705800000, 0x0000000705800000| Untracked 
|  53|0x0000000705900000, 0x0000000705900000, 0x0000000705a00000|  0%| F|  |TAMS 0x0000000705900000, 0x0000000705900000| Untracked 
|  54|0x0000000705a00000, 0x0000000705a00000, 0x0000000705b00000|  0%| F|  |TAMS 0x0000000705a00000, 0x0000000705a00000| Untracked 
|  55|0x0000000705b00000, 0x0000000705b00000, 0x0000000705c00000|  0%| F|  |TAMS 0x0000000705b00000, 0x0000000705b00000| Untracked 
|  56|0x0000000705c00000, 0x0000000705c00000, 0x0000000705d00000|  0%| F|  |TAMS 0x0000000705c00000, 0x0000000705c00000| Untracked 
|  57|0x0000000705d00000, 0x0000000705d00000, 0x0000000705e00000|  0%| F|  |TAMS 0x0000000705d00000, 0x0000000705d00000| Untracked 
|  58|0x0000000705e00000, 0x0000000705e00000, 0x0000000705f00000|  0%| F|  |TAMS 0x0000000705e00000, 0x0000000705e00000| Untracked 
|  59|0x0000000705f00000, 0x0000000705f00000, 0x0000000706000000|  0%| F|  |TAMS 0x0000000705f00000, 0x0000000705f00000| Untracked 
|  60|0x0000000706000000, 0x0000000706000000, 0x0000000706100000|  0%| F|  |TAMS 0x0000000706000000, 0x0000000706000000| Untracked 
|  61|0x0000000706100000, 0x0000000706100000, 0x0000000706200000|  0%| F|  |TAMS 0x0000000706100000, 0x0000000706100000| Untracked 
|  62|0x0000000706200000, 0x0000000706200000, 0x0000000706300000|  0%| F|  |TAMS 0x0000000706200000, 0x0000000706200000| Untracked 
|  63|0x0000000706300000, 0x0000000706300000, 0x0000000706400000|  0%| F|  |TAMS 0x0000000706300000, 0x0000000706300000| Untracked 
|  64|0x0000000706400000, 0x0000000706400000, 0x0000000706500000|  0%| F|  |TAMS 0x0000000706400000, 0x0000000706400000| Untracked 
|  65|0x0000000706500000, 0x0000000706500000, 0x0000000706600000|  0%| F|  |TAMS 0x0000000706500000, 0x0000000706500000| Untracked 
|  66|0x0000000706600000, 0x0000000706600000, 0x0000000706700000|  0%| F|  |TAMS 0x0000000706600000, 0x0000000706600000| Untracked 
|  67|0x0000000706700000, 0x0000000706700000, 0x0000000706800000|  0%| F|  |TAMS 0x0000000706700000, 0x0000000706700000| Untracked 
|  68|0x0000000706800000, 0x0000000706800000, 0x0000000706900000|  0%| F|  |TAMS 0x0000000706800000, 0x0000000706800000| Untracked 
|  69|0x0000000706900000, 0x0000000706900000, 0x0000000706a00000|  0%| F|  |TAMS 0x0000000706900000, 0x0000000706900000| Untracked 
|  70|0x0000000706a00000, 0x0000000706a00000, 0x0000000706b00000|  0%| F|  |TAMS 0x0000000706a00000, 0x0000000706a00000| Untracked 
|  71|0x0000000706b00000, 0x0000000706b00000, 0x0000000706c00000|  0%| F|  |TAMS 0x0000000706b00000, 0x0000000706b00000| Untracked 
|  72|0x0000000706c00000, 0x0000000706c00000, 0x0000000706d00000|  0%| F|  |TAMS 0x0000000706c00000, 0x0000000706c00000| Untracked 
|  73|0x0000000706d00000, 0x0000000706d00000, 0x0000000706e00000|  0%| F|  |TAMS 0x0000000706d00000, 0x0000000706d00000| Untracked 
|  74|0x0000000706e00000, 0x0000000706e00000, 0x0000000706f00000|  0%| F|  |TAMS 0x0000000706e00000, 0x0000000706e00000| Untracked 
|  75|0x0000000706f00000, 0x0000000706f00000, 0x0000000707000000|  0%| F|  |TAMS 0x0000000706f00000, 0x0000000706f00000| Untracked 
|  76|0x0000000707000000, 0x0000000707000000, 0x0000000707100000|  0%| F|  |TAMS 0x0000000707000000, 0x0000000707000000| Untracked 
|  77|0x0000000707100000, 0x0000000707100000, 0x0000000707200000|  0%| F|  |TAMS 0x0000000707100000, 0x0000000707100000| Untracked 
|  78|0x0000000707200000, 0x0000000707200000, 0x0000000707300000|  0%| F|  |TAMS 0x0000000707200000, 0x0000000707200000| Untracked 
|  79|0x0000000707300000, 0x0000000707300000, 0x0000000707400000|  0%| F|  |TAMS 0x0000000707300000, 0x0000000707300000| Untracked 
|  80|0x0000000707400000, 0x0000000707400000, 0x0000000707500000|  0%| F|  |TAMS 0x0000000707400000, 0x0000000707400000| Untracked 
|  81|0x0000000707500000, 0x0000000707500000, 0x0000000707600000|  0%| F|  |TAMS 0x0000000707500000, 0x0000000707500000| Untracked 
|  82|0x0000000707600000, 0x0000000707600000, 0x0000000707700000|  0%| F|  |TAMS 0x0000000707600000, 0x0000000707600000| Untracked 
|  83|0x0000000707700000, 0x0000000707700000, 0x0000000707800000|  0%| F|  |TAMS 0x0000000707700000, 0x0000000707700000| Untracked 
|  84|0x0000000707800000, 0x0000000707800000, 0x0000000707900000|  0%| F|  |TAMS 0x0000000707800000, 0x0000000707800000| Untracked 
|  85|0x0000000707900000, 0x0000000707900000, 0x0000000707a00000|  0%| F|  |TAMS 0x0000000707900000, 0x0000000707900000| Untracked 
|  86|0x0000000707a00000, 0x0000000707a00000, 0x0000000707b00000|  0%| F|  |TAMS 0x0000000707a00000, 0x0000000707a00000| Untracked 
|  87|0x0000000707b00000, 0x0000000707b00000, 0x0000000707c00000|  0%| F|  |TAMS 0x0000000707b00000, 0x0000000707b00000| Untracked 
|  88|0x0000000707c00000, 0x0000000707c00000, 0x0000000707d00000|  0%| F|  |TAMS 0x0000000707c00000, 0x0000000707c00000| Untracked 
|  89|0x0000000707d00000, 0x0000000707d00000, 0x0000000707e00000|  0%| F|  |TAMS 0x0000000707d00000, 0x0000000707d00000| Untracked 
|  90|0x0000000707e00000, 0x0000000707e00000, 0x0000000707f00000|  0%| F|  |TAMS 0x0000000707e00000, 0x0000000707e00000| Untracked 
|  91|0x0000000707f00000, 0x0000000707f00000, 0x0000000708000000|  0%| F|  |TAMS 0x0000000707f00000, 0x0000000707f00000| Untracked 
|  92|0x0000000708000000, 0x0000000708000000, 0x0000000708100000|  0%| F|  |TAMS 0x0000000708000000, 0x0000000708000000| Untracked 
|  93|0x0000000708100000, 0x0000000708100000, 0x0000000708200000|  0%| F|  |TAMS 0x0000000708100000, 0x0000000708100000| Untracked 
|  94|0x0000000708200000, 0x0000000708200000, 0x0000000708300000|  0%| F|  |TAMS 0x0000000708200000, 0x0000000708200000| Untracked 
|  95|0x0000000708300000, 0x0000000708300000, 0x0000000708400000|  0%| F|  |TAMS 0x0000000708300000, 0x0000000708300000| Untracked 
|  96|0x0000000708400000, 0x0000000708400000, 0x0000000708500000|  0%| F|  |TAMS 0x0000000708400000, 0x0000000708400000| Untracked 
|  97|0x0000000708500000, 0x0000000708500000, 0x0000000708600000|  0%| F|  |TAMS 0x0000000708500000, 0x0000000708500000| Untracked 
|  98|0x0000000708600000, 0x0000000708600000, 0x0000000708700000|  0%| F|  |TAMS 0x0000000708600000, 0x0000000708600000| Untracked 
|  99|0x0000000708700000, 0x0000000708700000, 0x0000000708800000|  0%| F|  |TAMS 0x0000000708700000, 0x0000000708700000| Untracked 
| 100|0x0000000708800000, 0x0000000708800000, 0x0000000708900000|  0%| F|  |TAMS 0x0000000708800000, 0x0000000708800000| Untracked 
| 101|0x0000000708900000, 0x0000000708900000, 0x0000000708a00000|  0%| F|  |TAMS 0x0000000708900000, 0x0000000708900000| Untracked 
| 102|0x0000000708a00000, 0x0000000708a00000, 0x0000000708b00000|  0%| F|  |TAMS 0x0000000708a00000, 0x0000000708a00000| Untracked 
| 103|0x0000000708b00000, 0x0000000708b00000, 0x0000000708c00000|  0%| F|  |TAMS 0x0000000708b00000, 0x0000000708b00000| Untracked 
| 104|0x0000000708c00000, 0x0000000708c00000, 0x0000000708d00000|  0%| F|  |TAMS 0x0000000708c00000, 0x0000000708c00000| Untracked 
| 105|0x0000000708d00000, 0x0000000708d00000, 0x0000000708e00000|  0%| F|  |TAMS 0x0000000708d00000, 0x0000000708d00000| Untracked 
| 106|0x0000000708e00000, 0x0000000708e00000, 0x0000000708f00000|  0%| F|  |TAMS 0x0000000708e00000, 0x0000000708e00000| Untracked 
| 107|0x0000000708f00000, 0x0000000708f00000, 0x0000000709000000|  0%| F|  |TAMS 0x0000000708f00000, 0x0000000708f00000| Untracked 
| 108|0x0000000709000000, 0x0000000709000000, 0x0000000709100000|  0%| F|  |TAMS 0x0000000709000000, 0x0000000709000000| Untracked 
| 109|0x0000000709100000, 0x0000000709100000, 0x0000000709200000|  0%| F|  |TAMS 0x0000000709100000, 0x0000000709100000| Untracked 
| 110|0x0000000709200000, 0x0000000709200000, 0x0000000709300000|  0%| F|  |TAMS 0x0000000709200000, 0x0000000709200000| Untracked 
| 111|0x0000000709300000, 0x0000000709300000, 0x0000000709400000|  0%| F|  |TAMS 0x0000000709300000, 0x0000000709300000| Untracked 
| 112|0x0000000709400000, 0x0000000709400000, 0x0000000709500000|  0%| F|  |TAMS 0x0000000709400000, 0x0000000709400000| Untracked 
| 113|0x0000000709500000, 0x0000000709500000, 0x0000000709600000|  0%| F|  |TAMS 0x0000000709500000, 0x0000000709500000| Untracked 
| 114|0x0000000709600000, 0x0000000709600000, 0x0000000709700000|  0%| F|  |TAMS 0x0000000709600000, 0x0000000709600000| Untracked 
| 115|0x0000000709700000, 0x0000000709700000, 0x0000000709800000|  0%| F|  |TAMS 0x0000000709700000, 0x0000000709700000| Untracked 
| 116|0x0000000709800000, 0x0000000709800000, 0x0000000709900000|  0%| F|  |TAMS 0x0000000709800000, 0x0000000709800000| Untracked 
| 117|0x0000000709900000, 0x0000000709900000, 0x0000000709a00000|  0%| F|  |TAMS 0x0000000709900000, 0x0000000709900000| Untracked 
| 118|0x0000000709a00000, 0x0000000709a00000, 0x0000000709b00000|  0%| F|  |TAMS 0x0000000709a00000, 0x0000000709a00000| Untracked 
| 119|0x0000000709b00000, 0x0000000709b00000, 0x0000000709c00000|  0%| F|  |TAMS 0x0000000709b00000, 0x0000000709b00000| Untracked 
| 120|0x0000000709c00000, 0x0000000709c00000, 0x0000000709d00000|  0%| F|  |TAMS 0x0000000709c00000, 0x0000000709c00000| Untracked 
| 121|0x0000000709d00000, 0x0000000709d00000, 0x0000000709e00000|  0%| F|  |TAMS 0x0000000709d00000, 0x0000000709d00000| Untracked 
| 122|0x0000000709e00000, 0x0000000709e00000, 0x0000000709f00000|  0%| F|  |TAMS 0x0000000709e00000, 0x0000000709e00000| Untracked 
| 123|0x0000000709f00000, 0x0000000709f00000, 0x000000070a000000|  0%| F|  |TAMS 0x0000000709f00000, 0x0000000709f00000| Untracked 
| 124|0x000000070a000000, 0x000000070a000000, 0x000000070a100000|  0%| F|  |TAMS 0x000000070a000000, 0x000000070a000000| Untracked 
| 125|0x000000070a100000, 0x000000070a100000, 0x000000070a200000|  0%| F|  |TAMS 0x000000070a100000, 0x000000070a100000| Untracked 
| 126|0x000000070a200000, 0x000000070a200000, 0x000000070a300000|  0%| F|  |TAMS 0x000000070a200000, 0x000000070a200000| Untracked 
| 127|0x000000070a300000, 0x000000070a300000, 0x000000070a400000|  0%| F|  |TAMS 0x000000070a300000, 0x000000070a300000| Untracked 
| 128|0x000000070a400000, 0x000000070a400000, 0x000000070a500000|  0%| F|  |TAMS 0x000000070a400000, 0x000000070a400000| Untracked 
| 129|0x000000070a500000, 0x000000070a500000, 0x000000070a600000|  0%| F|  |TAMS 0x000000070a500000, 0x000000070a500000| Untracked 
| 130|0x000000070a600000, 0x000000070a600000, 0x000000070a700000|  0%| F|  |TAMS 0x000000070a600000, 0x000000070a600000| Untracked 
| 131|0x000000070a700000, 0x000000070a700000, 0x000000070a800000|  0%| F|  |TAMS 0x000000070a700000, 0x000000070a700000| Untracked 
| 132|0x000000070a800000, 0x000000070a800000, 0x000000070a900000|  0%| F|  |TAMS 0x000000070a800000, 0x000000070a800000| Untracked 
| 133|0x000000070a900000, 0x000000070a900000, 0x000000070aa00000|  0%| F|  |TAMS 0x000000070a900000, 0x000000070a900000| Untracked 
| 134|0x000000070aa00000, 0x000000070aa00000, 0x000000070ab00000|  0%| F|  |TAMS 0x000000070aa00000, 0x000000070aa00000| Untracked 
| 135|0x000000070ab00000, 0x000000070ab00000, 0x000000070ac00000|  0%| F|  |TAMS 0x000000070ab00000, 0x000000070ab00000| Untracked 
| 136|0x000000070ac00000, 0x000000070ac00000, 0x000000070ad00000|  0%| F|  |TAMS 0x000000070ac00000, 0x000000070ac00000| Untracked 
| 137|0x000000070ad00000, 0x000000070ad00000, 0x000000070ae00000|  0%| F|  |TAMS 0x000000070ad00000, 0x000000070ad00000| Untracked 
| 138|0x000000070ae00000, 0x000000070ae00000, 0x000000070af00000|  0%| F|  |TAMS 0x000000070ae00000, 0x000000070ae00000| Untracked 
| 139|0x000000070af00000, 0x000000070b000000, 0x000000070b000000|100%| E|  |TAMS 0x000000070af00000, 0x000000070af00000| Complete 
| 140|0x000000070b000000, 0x000000070b100000, 0x000000070b100000|100%| E|CS|TAMS 0x000000070b000000, 0x000000070b000000| Complete 
| 141|0x000000070b100000, 0x000000070b200000, 0x000000070b200000|100%| E|CS|TAMS 0x000000070b100000, 0x000000070b100000| Complete 
| 142|0x000000070b200000, 0x000000070b300000, 0x000000070b300000|100%| E|CS|TAMS 0x000000070b200000, 0x000000070b200000| Complete 
| 143|0x000000070b300000, 0x000000070b400000, 0x000000070b400000|100%| E|CS|TAMS 0x000000070b300000, 0x000000070b300000| Complete 
| 144|0x000000070b400000, 0x000000070b500000, 0x000000070b500000|100%| E|CS|TAMS 0x000000070b400000, 0x000000070b400000| Complete 
| 145|0x000000070b500000, 0x000000070b600000, 0x000000070b600000|100%| E|CS|TAMS 0x000000070b500000, 0x000000070b500000| Complete 
| 146|0x000000070b600000, 0x000000070b700000, 0x000000070b700000|100%| E|CS|TAMS 0x000000070b600000, 0x000000070b600000| Complete 
| 147|0x000000070b700000, 0x000000070b800000, 0x000000070b800000|100%| E|CS|TAMS 0x000000070b700000, 0x000000070b700000| Complete 
| 148|0x000000070b800000, 0x000000070b900000, 0x000000070b900000|100%| E|CS|TAMS 0x000000070b800000, 0x000000070b800000| Complete 
| 149|0x000000070b900000, 0x000000070ba00000, 0x000000070ba00000|100%| E|CS|TAMS 0x000000070b900000, 0x000000070b900000| Complete 
| 150|0x000000070ba00000, 0x000000070bb00000, 0x000000070bb00000|100%| E|CS|TAMS 0x000000070ba00000, 0x000000070ba00000| Complete 
| 151|0x000000070bb00000, 0x000000070bc00000, 0x000000070bc00000|100%| E|CS|TAMS 0x000000070bb00000, 0x000000070bb00000| Complete 
| 152|0x000000070bc00000, 0x000000070bd00000, 0x000000070bd00000|100%| E|CS|TAMS 0x000000070bc00000, 0x000000070bc00000| Complete 
| 153|0x000000070bd00000, 0x000000070be00000, 0x000000070be00000|100%| E|CS|TAMS 0x000000070bd00000, 0x000000070bd00000| Complete 
| 154|0x000000070be00000, 0x000000070bf00000, 0x000000070bf00000|100%| E|CS|TAMS 0x000000070be00000, 0x000000070be00000| Complete 
| 155|0x000000070bf00000, 0x000000070c000000, 0x000000070c000000|100%| E|CS|TAMS 0x000000070bf00000, 0x000000070bf00000| Complete 
| 156|0x000000070c000000, 0x000000070c100000, 0x000000070c100000|100%| E|CS|TAMS 0x000000070c000000, 0x000000070c000000| Complete 
| 157|0x000000070c100000, 0x000000070c200000, 0x000000070c200000|100%| E|CS|TAMS 0x000000070c100000, 0x000000070c100000| Complete 
| 158|0x000000070c200000, 0x000000070c300000, 0x000000070c300000|100%| E|CS|TAMS 0x000000070c200000, 0x000000070c200000| Complete 
| 159|0x000000070c300000, 0x000000070c400000, 0x000000070c400000|100%| E|CS|TAMS 0x000000070c300000, 0x000000070c300000| Complete 
| 160|0x000000070c400000, 0x000000070c500000, 0x000000070c500000|100%| E|CS|TAMS 0x000000070c400000, 0x000000070c400000| Complete 
| 161|0x000000070c500000, 0x000000070c600000, 0x000000070c600000|100%| E|CS|TAMS 0x000000070c500000, 0x000000070c500000| Complete 
| 162|0x000000070c600000, 0x000000070c700000, 0x000000070c700000|100%| E|CS|TAMS 0x000000070c600000, 0x000000070c600000| Complete 
| 163|0x000000070c700000, 0x000000070c800000, 0x000000070c800000|100%| E|CS|TAMS 0x000000070c700000, 0x000000070c700000| Complete 
| 164|0x000000070c800000, 0x000000070c900000, 0x000000070c900000|100%| E|CS|TAMS 0x000000070c800000, 0x000000070c800000| Complete 
| 165|0x000000070c900000, 0x000000070ca00000, 0x000000070ca00000|100%| E|CS|TAMS 0x000000070c900000, 0x000000070c900000| Complete 
| 166|0x000000070ca00000, 0x000000070cb00000, 0x000000070cb00000|100%| E|CS|TAMS 0x000000070ca00000, 0x000000070ca00000| Complete 
| 167|0x000000070cb00000, 0x000000070cc00000, 0x000000070cc00000|100%| E|CS|TAMS 0x000000070cb00000, 0x000000070cb00000| Complete 
| 168|0x000000070cc00000, 0x000000070cd00000, 0x000000070cd00000|100%| E|CS|TAMS 0x000000070cc00000, 0x000000070cc00000| Complete 
| 169|0x000000070cd00000, 0x000000070ce00000, 0x000000070ce00000|100%| E|CS|TAMS 0x000000070cd00000, 0x000000070cd00000| Complete 
| 170|0x000000070ce00000, 0x000000070cf00000, 0x000000070cf00000|100%| E|  |TAMS 0x000000070ce00000, 0x000000070ce00000| Complete 
| 171|0x000000070cf00000, 0x000000070d000000, 0x000000070d000000|100%| E|CS|TAMS 0x000000070cf00000, 0x000000070cf00000| Complete 
| 172|0x000000070d000000, 0x000000070d100000, 0x000000070d100000|100%| E|CS|TAMS 0x000000070d000000, 0x000000070d000000| Complete 
| 173|0x000000070d100000, 0x000000070d200000, 0x000000070d200000|100%| E|CS|TAMS 0x000000070d100000, 0x000000070d100000| Complete 
| 174|0x000000070d200000, 0x000000070d300000, 0x000000070d300000|100%| E|CS|TAMS 0x000000070d200000, 0x000000070d200000| Complete 
| 175|0x000000070d300000, 0x000000070d400000, 0x000000070d400000|100%| E|CS|TAMS 0x000000070d300000, 0x000000070d300000| Complete 
| 176|0x000000070d400000, 0x000000070d500000, 0x000000070d500000|100%| E|CS|TAMS 0x000000070d400000, 0x000000070d400000| Complete 
| 177|0x000000070d500000, 0x000000070d600000, 0x000000070d600000|100%| E|CS|TAMS 0x000000070d500000, 0x000000070d500000| Complete 
| 178|0x000000070d600000, 0x000000070d700000, 0x000000070d700000|100%| E|CS|TAMS 0x000000070d600000, 0x000000070d600000| Complete 
| 179|0x000000070d700000, 0x000000070d800000, 0x000000070d800000|100%| E|CS|TAMS 0x000000070d700000, 0x000000070d700000| Complete 
| 180|0x000000070d800000, 0x000000070d900000, 0x000000070d900000|100%| E|CS|TAMS 0x000000070d800000, 0x000000070d800000| Complete 
| 181|0x000000070d900000, 0x000000070da00000, 0x000000070da00000|100%| E|CS|TAMS 0x000000070d900000, 0x000000070d900000| Complete 
| 182|0x000000070da00000, 0x000000070db00000, 0x000000070db00000|100%| E|CS|TAMS 0x000000070da00000, 0x000000070da00000| Complete 
| 183|0x000000070db00000, 0x000000070dc00000, 0x000000070dc00000|100%| E|CS|TAMS 0x000000070db00000, 0x000000070db00000| Complete 
| 184|0x000000070dc00000, 0x000000070dd00000, 0x000000070dd00000|100%| E|CS|TAMS 0x000000070dc00000, 0x000000070dc00000| Complete 
| 185|0x000000070dd00000, 0x000000070de00000, 0x000000070de00000|100%| E|CS|TAMS 0x000000070dd00000, 0x000000070dd00000| Complete 
| 186|0x000000070de00000, 0x000000070df00000, 0x000000070df00000|100%| E|CS|TAMS 0x000000070de00000, 0x000000070de00000| Complete 
| 187|0x000000070df00000, 0x000000070e000000, 0x000000070e000000|100%| E|CS|TAMS 0x000000070df00000, 0x000000070df00000| Complete 
| 188|0x000000070e000000, 0x000000070e100000, 0x000000070e100000|100%| E|CS|TAMS 0x000000070e000000, 0x000000070e000000| Complete 
| 189|0x000000070e100000, 0x000000070e200000, 0x000000070e200000|100%| E|CS|TAMS 0x000000070e100000, 0x000000070e100000| Complete 
| 190|0x000000070e200000, 0x000000070e300000, 0x000000070e300000|100%| E|CS|TAMS 0x000000070e200000, 0x000000070e200000| Complete 
| 191|0x000000070e300000, 0x000000070e400000, 0x000000070e400000|100%| E|CS|TAMS 0x000000070e300000, 0x000000070e300000| Complete 
| 192|0x000000070e400000, 0x000000070e500000, 0x000000070e500000|100%| E|CS|TAMS 0x000000070e400000, 0x000000070e400000| Complete 
| 193|0x000000070e500000, 0x000000070e600000, 0x000000070e600000|100%| E|CS|TAMS 0x000000070e500000, 0x000000070e500000| Complete 
| 194|0x000000070e600000, 0x000000070e700000, 0x000000070e700000|100%| E|CS|TAMS 0x000000070e600000, 0x000000070e600000| Complete 
| 195|0x000000070e700000, 0x000000070e800000, 0x000000070e800000|100%| E|CS|TAMS 0x000000070e700000, 0x000000070e700000| Complete 
| 196|0x000000070e800000, 0x000000070e900000, 0x000000070e900000|100%| E|CS|TAMS 0x000000070e800000, 0x000000070e800000| Complete 
| 197|0x000000070e900000, 0x000000070ea00000, 0x000000070ea00000|100%| E|CS|TAMS 0x000000070e900000, 0x000000070e900000| Complete 
| 198|0x000000070ea00000, 0x000000070eb00000, 0x000000070eb00000|100%| E|CS|TAMS 0x000000070ea00000, 0x000000070ea00000| Complete 
| 199|0x000000070eb00000, 0x000000070eb6b7c0, 0x000000070ec00000| 41%| S|CS|TAMS 0x000000070eb00000, 0x000000070eb00000| Complete 
| 200|0x000000070ec00000, 0x000000070ed00000, 0x000000070ed00000|100%| S|CS|TAMS 0x000000070ec00000, 0x000000070ec00000| Complete 
| 201|0x000000070ed00000, 0x000000070ee00000, 0x000000070ee00000|100%| S|CS|TAMS 0x000000070ed00000, 0x000000070ed00000| Complete 
| 202|0x000000070ee00000, 0x000000070ef00000, 0x000000070ef00000|100%| S|CS|TAMS 0x000000070ee00000, 0x000000070ee00000| Complete 
| 203|0x000000070ef00000, 0x000000070f000000, 0x000000070f000000|100%| S|CS|TAMS 0x000000070ef00000, 0x000000070ef00000| Complete 
| 204|0x000000070f000000, 0x000000070f100000, 0x000000070f100000|100%| E|CS|TAMS 0x000000070f000000, 0x000000070f000000| Complete 
| 205|0x000000070f100000, 0x000000070f200000, 0x000000070f200000|100%| E|CS|TAMS 0x000000070f100000, 0x000000070f100000| Complete 
| 206|0x000000070f200000, 0x000000070f300000, 0x000000070f300000|100%| E|CS|TAMS 0x000000070f200000, 0x000000070f200000| Complete 
| 207|0x000000070f300000, 0x000000070f400000, 0x000000070f400000|100%| E|CS|TAMS 0x000000070f300000, 0x000000070f300000| Complete 
| 208|0x000000070f400000, 0x000000070f500000, 0x000000070f500000|100%| E|CS|TAMS 0x000000070f400000, 0x000000070f400000| Complete 
| 209|0x000000070f500000, 0x000000070f600000, 0x000000070f600000|100%| E|CS|TAMS 0x000000070f500000, 0x000000070f500000| Complete 
| 210|0x000000070f600000, 0x000000070f700000, 0x000000070f700000|100%| E|CS|TAMS 0x000000070f600000, 0x000000070f600000| Complete 
| 211|0x000000070f700000, 0x000000070f800000, 0x000000070f800000|100%| E|CS|TAMS 0x000000070f700000, 0x000000070f700000| Complete 
| 212|0x000000070f800000, 0x000000070f900000, 0x000000070f900000|100%| E|CS|TAMS 0x000000070f800000, 0x000000070f800000| Complete 
| 213|0x000000070f900000, 0x000000070fa00000, 0x000000070fa00000|100%| E|CS|TAMS 0x000000070f900000, 0x000000070f900000| Complete 
| 214|0x000000070fa00000, 0x000000070fb00000, 0x000000070fb00000|100%| E|CS|TAMS 0x000000070fa00000, 0x000000070fa00000| Complete 
| 215|0x000000070fb00000, 0x000000070fc00000, 0x000000070fc00000|100%| E|CS|TAMS 0x000000070fb00000, 0x000000070fb00000| Complete 
| 216|0x000000070fc00000, 0x000000070fd00000, 0x000000070fd00000|100%| E|CS|TAMS 0x000000070fc00000, 0x000000070fc00000| Complete 
| 217|0x000000070fd00000, 0x000000070fe00000, 0x000000070fe00000|100%| E|CS|TAMS 0x000000070fd00000, 0x000000070fd00000| Complete 
| 218|0x000000070fe00000, 0x000000070ff00000, 0x000000070ff00000|100%| E|CS|TAMS 0x000000070fe00000, 0x000000070fe00000| Complete 
| 219|0x000000070ff00000, 0x0000000710000000, 0x0000000710000000|100%| E|CS|TAMS 0x000000070ff00000, 0x000000070ff00000| Complete 
| 220|0x0000000710000000, 0x0000000710100000, 0x0000000710100000|100%| E|CS|TAMS 0x0000000710000000, 0x0000000710000000| Complete 
| 221|0x0000000710100000, 0x0000000710200000, 0x0000000710200000|100%| E|CS|TAMS 0x0000000710100000, 0x0000000710100000| Complete 
| 222|0x0000000710200000, 0x0000000710300000, 0x0000000710300000|100%| E|CS|TAMS 0x0000000710200000, 0x0000000710200000| Complete 
| 223|0x0000000710300000, 0x0000000710400000, 0x0000000710400000|100%| E|CS|TAMS 0x0000000710300000, 0x0000000710300000| Complete 
| 224|0x0000000710400000, 0x0000000710500000, 0x0000000710500000|100%| E|CS|TAMS 0x0000000710400000, 0x0000000710400000| Complete 
| 225|0x0000000710500000, 0x0000000710600000, 0x0000000710600000|100%| E|CS|TAMS 0x0000000710500000, 0x0000000710500000| Complete 
| 226|0x0000000710600000, 0x0000000710700000, 0x0000000710700000|100%| E|CS|TAMS 0x0000000710600000, 0x0000000710600000| Complete 
| 227|0x0000000710700000, 0x0000000710800000, 0x0000000710800000|100%| E|CS|TAMS 0x0000000710700000, 0x0000000710700000| Complete 
| 228|0x0000000710800000, 0x0000000710900000, 0x0000000710900000|100%| E|CS|TAMS 0x0000000710800000, 0x0000000710800000| Complete 
| 229|0x0000000710900000, 0x0000000710a00000, 0x0000000710a00000|100%| E|CS|TAMS 0x0000000710900000, 0x0000000710900000| Complete 
| 230|0x0000000710a00000, 0x0000000710b00000, 0x0000000710b00000|100%| E|CS|TAMS 0x0000000710a00000, 0x0000000710a00000| Complete 
| 231|0x0000000710b00000, 0x0000000710c00000, 0x0000000710c00000|100%| E|CS|TAMS 0x0000000710b00000, 0x0000000710b00000| Complete 
| 232|0x0000000710c00000, 0x0000000710d00000, 0x0000000710d00000|100%| E|CS|TAMS 0x0000000710c00000, 0x0000000710c00000| Complete 
| 233|0x0000000710d00000, 0x0000000710e00000, 0x0000000710e00000|100%| E|CS|TAMS 0x0000000710d00000, 0x0000000710d00000| Complete 
| 234|0x0000000710e00000, 0x0000000710f00000, 0x0000000710f00000|100%| E|CS|TAMS 0x0000000710e00000, 0x0000000710e00000| Complete 
| 235|0x0000000710f00000, 0x0000000711000000, 0x0000000711000000|100%| E|CS|TAMS 0x0000000710f00000, 0x0000000710f00000| Complete 
| 236|0x0000000711000000, 0x0000000711100000, 0x0000000711100000|100%| E|CS|TAMS 0x0000000711000000, 0x0000000711000000| Complete 
| 237|0x0000000711100000, 0x0000000711200000, 0x0000000711200000|100%| E|CS|TAMS 0x0000000711100000, 0x0000000711100000| Complete 
| 238|0x0000000711200000, 0x0000000711300000, 0x0000000711300000|100%| E|CS|TAMS 0x0000000711200000, 0x0000000711200000| Complete 
| 239|0x0000000711300000, 0x0000000711400000, 0x0000000711400000|100%| E|CS|TAMS 0x0000000711300000, 0x0000000711300000| Complete 
| 240|0x0000000711400000, 0x0000000711500000, 0x0000000711500000|100%| E|CS|TAMS 0x0000000711400000, 0x0000000711400000| Complete 
| 241|0x0000000711500000, 0x0000000711600000, 0x0000000711600000|100%| E|CS|TAMS 0x0000000711500000, 0x0000000711500000| Complete 
| 242|0x0000000711600000, 0x0000000711700000, 0x0000000711700000|100%| E|CS|TAMS 0x0000000711600000, 0x0000000711600000| Complete 
| 243|0x0000000711700000, 0x0000000711800000, 0x0000000711800000|100%| E|CS|TAMS 0x0000000711700000, 0x0000000711700000| Complete 
| 244|0x0000000711800000, 0x0000000711900000, 0x0000000711900000|100%| E|CS|TAMS 0x0000000711800000, 0x0000000711800000| Complete 
| 245|0x0000000711900000, 0x0000000711a00000, 0x0000000711a00000|100%| E|CS|TAMS 0x0000000711900000, 0x0000000711900000| Complete 
| 246|0x0000000711a00000, 0x0000000711b00000, 0x0000000711b00000|100%| E|CS|TAMS 0x0000000711a00000, 0x0000000711a00000| Complete 
| 247|0x0000000711b00000, 0x0000000711c00000, 0x0000000711c00000|100%| E|CS|TAMS 0x0000000711b00000, 0x0000000711b00000| Complete 
| 248|0x0000000711c00000, 0x0000000711d00000, 0x0000000711d00000|100%| E|CS|TAMS 0x0000000711c00000, 0x0000000711c00000| Complete 
| 249|0x0000000711d00000, 0x0000000711e00000, 0x0000000711e00000|100%| E|CS|TAMS 0x0000000711d00000, 0x0000000711d00000| Complete 
| 250|0x0000000711e00000, 0x0000000711f00000, 0x0000000711f00000|100%| E|CS|TAMS 0x0000000711e00000, 0x0000000711e00000| Complete 
| 251|0x0000000711f00000, 0x0000000712000000, 0x0000000712000000|100%| E|CS|TAMS 0x0000000711f00000, 0x0000000711f00000| Complete 
| 252|0x0000000712000000, 0x0000000712100000, 0x0000000712100000|100%| E|CS|TAMS 0x0000000712000000, 0x0000000712000000| Complete 
| 253|0x0000000712100000, 0x0000000712200000, 0x0000000712200000|100%| E|CS|TAMS 0x0000000712100000, 0x0000000712100000| Complete 

Card table byte_map: [0x0000028eecd20000,0x0000028eed510000] _byte_map_base: 0x0000028ee950e000

Marking Bits (Prev, Next): (CMBitMap*) 0x0000028ed2ceeb70, (CMBitMap*) 0x0000028ed2ceeb38
 Prev Bits: [0x0000028ef1c70000, 0x0000028ef5be0000)
 Next Bits: [0x0000028eedd00000, 0x0000028ef1c70000)

Polling page: 0x0000028ed2d60000

Metaspace:

Usage:
  Non-class:     26.61 MB capacity,    26.21 MB ( 98%) used,   324.51 KB (  1%) free+waste,    84.25 KB ( <1%) overhead. 
      Class:      3.78 MB capacity,     3.50 MB ( 93%) used,   246.86 KB (  6%) free+waste,    40.94 KB (  1%) overhead. 
       Both:     30.39 MB capacity,    29.71 MB ( 98%) used,   571.37 KB (  2%) free+waste,   125.19 KB ( <1%) overhead. 

Virtual space:
  Non-class space:       28.00 MB reserved,      26.75 MB ( 96%) committed 
      Class space:        1.00 GB reserved,       3.88 MB ( <1%) committed 
             Both:        1.03 GB reserved,      30.63 MB (  3%) committed 

Chunk freelists:
   Non-Class:  17.00 KB
       Class:  1.00 KB
        Both:  18.00 KB

MaxMetaspaceSize: 17179869184.00 GB
CompressedClassSpaceSize: 1.00 GB

CodeHeap 'non-profiled nmethods': size=120000Kb used=1187Kb max_used=1187Kb free=118812Kb
 bounds [0x0000028ee4590000, 0x0000028ee4800000, 0x0000028eebac0000]
CodeHeap 'profiled nmethods': size=120000Kb used=5748Kb max_used=5748Kb free=114251Kb
 bounds [0x0000028edd060000, 0x0000028edd600000, 0x0000028ee4590000]
CodeHeap 'non-nmethods': size=5760Kb used=1125Kb max_used=1168Kb free=4634Kb
 bounds [0x0000028edcac0000, 0x0000028edcd30000, 0x0000028edd060000]
 total_blobs=3199 nmethods=2750 adapters=359
 compilation: enabled
              stopped_count=0, restarted_count=0
 full_count=0

Compilation events (20 events):
Event: 2.550 Thread 0x0000028ef9075000 nmethod 2701 0x0000028edd5d8a10 code [0x0000028edd5d8be0, 0x0000028edd5d8df8]
Event: 2.551 Thread 0x0000028ef9075000 2702       3       org.springframework.core.annotation.MergedAnnotations::from (10 bytes)
Event: 2.551 Thread 0x0000028ef9075000 nmethod 2702 0x0000028edd5d8e90 code [0x0000028edd5d90a0, 0x0000028edd5d9588]
Event: 2.551 Thread 0x0000028ef9075000 2703       3       org.springframework.core.annotation.MergedAnnotations::from (20 bytes)
Event: 2.551 Thread 0x0000028ef9075000 nmethod 2703 0x0000028edd5d9790 code [0x0000028edd5d99a0, 0x0000028edd5d9f18]
Event: 2.551 Thread 0x0000028ef9075000 2706   !   3       org.springframework.context.annotation.ConfigurationClassParser$SourceClass::getAnnotations (171 bytes)
Event: 2.552 Thread 0x0000028ef906d800 nmethod 2649 0x0000028ee46b3790 code [0x0000028ee46b3960, 0x0000028ee46b4398]
Event: 2.552 Thread 0x0000028ef906d800 2652   !   4       sun.nio.fs.WindowsPath::initOffsets (153 bytes)
Event: 2.553 Thread 0x0000028ef9075000 nmethod 2706 0x0000028edd5da110 code [0x0000028edd5da4e0, 0x0000028edd5dbf18]
Event: 2.553 Thread 0x0000028ef9075000 2707       3       org.springframework.context.annotation.ConfigurationClassParser$SourceClass::getAnnotationAttributes (103 bytes)
Event: 2.554 Thread 0x0000028ef9075000 nmethod 2707 0x0000028edd5dc890 code [0x0000028edd5dcb40, 0x0000028edd5dd818]
Event: 2.554 Thread 0x0000028ef9075000 2704       3       org.springframework.core.annotation.TypeMappedAnnotations::from (24 bytes)
Event: 2.554 Thread 0x0000028ef9075000 nmethod 2704 0x0000028edd5ddd10 code [0x0000028edd5ddee0, 0x0000028edd5de118]
Event: 2.554 Thread 0x0000028ef9075000 2705       3       java.util.stream.ReduceOps$ReduceOp::evaluateSequential (18 bytes)
Event: 2.554 Thread 0x0000028ef9075000 nmethod 2705 0x0000028edd5de210 code [0x0000028edd5de400, 0x0000028edd5de888]
Event: 2.554 Thread 0x0000028ef9075000 2708       3       java.util.stream.ReduceOps$3::getOpFlags (28 bytes)
Event: 2.554 Thread 0x0000028ef9075000 nmethod 2708 0x0000028edd5de990 code [0x0000028edd5deb60, 0x0000028edd5dee08]
Event: 2.554 Thread 0x0000028ef9075000 2709       3       java.util.stream.ReduceOps$3ReducingSink::begin (14 bytes)
Event: 2.554 Thread 0x0000028ef9075000 nmethod 2709 0x0000028edd5def10 code [0x0000028edd5df0e0, 0x0000028edd5df308]
Event: 2.554 Thread 0x0000028ef9075000 2710       3       org.springframework.util.MultiValueMapAdapter::add (28 bytes)

GC Heap History (8 events):
Event: 0.781 GC heap before
{Heap before GC invocations=0 (full 0):
 garbage-first heap   total 260096K, used 24576K [0x0000000702400000, 0x0000000800000000)
  region size 1024K, 24 young (24576K), 0 survivors (0K)
 Metaspace       used 11905K, capacity 12187K, committed 12288K, reserved 1060864K
  class space    used 1176K, capacity 1253K, committed 1280K, reserved 1048576K
}
Event: 0.786 GC heap after
{Heap after GC invocations=1 (full 0):
 garbage-first heap   total 260096K, used 7058K [0x0000000702400000, 0x0000000800000000)
  region size 1024K, 3 young (3072K), 3 survivors (3072K)
 Metaspace       used 11905K, capacity 12187K, committed 12288K, reserved 1060864K
  class space    used 1176K, capacity 1253K, committed 1280K, reserved 1048576K
}
Event: 1.435 GC heap before
{Heap before GC invocations=1 (full 0):
 garbage-first heap   total 260096K, used 38802K [0x0000000702400000, 0x0000000800000000)
  region size 1024K, 35 young (35840K), 3 survivors (3072K)
 Metaspace       used 19232K, capacity 19730K, committed 19968K, reserved 1067008K
  class space    used 2126K, capacity 2293K, committed 2304K, reserved 1048576K
}
Event: 1.440 GC heap after
{Heap after GC invocations=2 (full 0):
 garbage-first heap   total 260096K, used 9027K [0x0000000702400000, 0x0000000800000000)
  region size 1024K, 2 young (2048K), 2 survivors (2048K)
 Metaspace       used 19232K, capacity 19730K, committed 19968K, reserved 1067008K
  class space    used 2126K, capacity 2293K, committed 2304K, reserved 1048576K
}
Event: 1.576 GC heap before
{Heap before GC invocations=2 (full 0):
 garbage-first heap   total 260096K, used 18243K [0x0000000702400000, 0x0000000800000000)
  region size 1024K, 12 young (12288K), 2 survivors (2048K)
 Metaspace       used 20694K, capacity 21187K, committed 21248K, reserved 1069056K
  class space    used 2335K, capacity 2540K, committed 2560K, reserved 1048576K
}
Event: 1.580 GC heap after
{Heap after GC invocations=3 (full 0):
 garbage-first heap   total 260096K, used 9449K [0x0000000702400000, 0x0000000800000000)
  region size 1024K, 3 young (3072K), 3 survivors (3072K)
 Metaspace       used 20694K, capacity 21187K, committed 21248K, reserved 1069056K
  class space    used 2335K, capacity 2540K, committed 2560K, reserved 1048576K
}
Event: 2.091 GC heap before
{Heap before GC invocations=4 (full 0):
 garbage-first heap   total 260096K, used 56553K [0x0000000702400000, 0x0000000800000000)
  region size 1024K, 50 young (51200K), 3 survivors (3072K)
 Metaspace       used 26918K, capacity 27599K, committed 27776K, reserved 1073152K
  class space    used 3143K, capacity 3400K, committed 3456K, reserved 1048576K
}
Event: 2.096 GC heap after
{Heap after GC invocations=5 (full 0):
 garbage-first heap   total 260096K, used 11521K [0x0000000702400000, 0x0000000800000000)
  region size 1024K, 5 young (5120K), 5 survivors (5120K)
 Metaspace       used 26918K, capacity 27599K, committed 27776K, reserved 1073152K
  class space    used 3143K, capacity 3400K, committed 3456K, reserved 1048576K
}

Deoptimization events (20 events):
Event: 2.466 Thread 0x0000028ed2c8b800 Uncommon trap: trap_request=0xffffff7e fr.pc=0x0000028ee46ad8f8 relative=0x0000000000000918
Event: 2.466 Thread 0x0000028ed2c8b800 Uncommon trap: reason=predicate action=maybe_recompile pc=0x0000028ee46ad8f8 method=java.util.AbstractCollection.toArray([Ljava/lang/Object;)[Ljava/lang/Object; @ 43 c2
Event: 2.466 Thread 0x0000028ed2c8b800 DEOPT PACKING pc=0x0000028ee46ad8f8 sp=0x00000093c25fe390
Event: 2.466 Thread 0x0000028ed2c8b800 DEOPT UNPACKING pc=0x0000028edcae772f sp=0x00000093c25fe358 mode 2
Event: 2.482 Thread 0x0000028ed2c8b800 Uncommon trap: trap_request=0xffffffd6 fr.pc=0x0000028ee46af73c relative=0x00000000000007dc
Event: 2.482 Thread 0x0000028ed2c8b800 Uncommon trap: reason=array_check action=maybe_recompile pc=0x0000028ee46af73c method=java.util.AbstractCollection.toArray([Ljava/lang/Object;)[Ljava/lang/Object; @ 116 c2
Event: 2.482 Thread 0x0000028ed2c8b800 DEOPT PACKING pc=0x0000028ee46af73c sp=0x00000093c25fe3e0
Event: 2.482 Thread 0x0000028ed2c8b800 DEOPT UNPACKING pc=0x0000028edcae772f sp=0x00000093c25fe3b0 mode 2
Event: 2.483 Thread 0x0000028ed2c8b800 Uncommon trap: trap_request=0xffffffd6 fr.pc=0x0000028ee46af73c relative=0x00000000000007dc
Event: 2.483 Thread 0x0000028ed2c8b800 Uncommon trap: reason=array_check action=maybe_recompile pc=0x0000028ee46af73c method=java.util.AbstractCollection.toArray([Ljava/lang/Object;)[Ljava/lang/Object; @ 116 c2
Event: 2.483 Thread 0x0000028ed2c8b800 DEOPT PACKING pc=0x0000028ee46af73c sp=0x00000093c25fe2c0
Event: 2.483 Thread 0x0000028ed2c8b800 DEOPT UNPACKING pc=0x0000028edcae772f sp=0x00000093c25fe290 mode 2
Event: 2.483 Thread 0x0000028ed2c8b800 Uncommon trap: trap_request=0xffffffd6 fr.pc=0x0000028ee46af73c relative=0x00000000000007dc
Event: 2.483 Thread 0x0000028ed2c8b800 Uncommon trap: reason=array_check action=maybe_recompile pc=0x0000028ee46af73c method=java.util.AbstractCollection.toArray([Ljava/lang/Object;)[Ljava/lang/Object; @ 116 c2
Event: 2.483 Thread 0x0000028ed2c8b800 DEOPT PACKING pc=0x0000028ee46af73c sp=0x00000093c25fe2c0
Event: 2.483 Thread 0x0000028ed2c8b800 DEOPT UNPACKING pc=0x0000028edcae772f sp=0x00000093c25fe290 mode 2
Event: 2.483 Thread 0x0000028ed2c8b800 Uncommon trap: trap_request=0xffffffd6 fr.pc=0x0000028ee46af73c relative=0x00000000000007dc
Event: 2.483 Thread 0x0000028ed2c8b800 Uncommon trap: reason=array_check action=maybe_recompile pc=0x0000028ee46af73c method=java.util.AbstractCollection.toArray([Ljava/lang/Object;)[Ljava/lang/Object; @ 116 c2
Event: 2.483 Thread 0x0000028ed2c8b800 DEOPT PACKING pc=0x0000028ee46af73c sp=0x00000093c25fe1b0
Event: 2.483 Thread 0x0000028ed2c8b800 DEOPT UNPACKING pc=0x0000028edcae772f sp=0x00000093c25fe170 mode 2

Classes redefined (0 events):
No events

Internal exceptions (20 events):
Event: 1.713 Thread 0x0000028ed2c8b800 Exception <a 'java/lang/ClassNotFoundException'{0x00000007112a3de0}: org/springframework/context/ApplicationStartupAwareCustomizer> (0x00000007112a3de0) thrown at [./src/hotspot/share/classfile/systemDictionary.cpp, line 231]
Event: 1.713 Thread 0x0000028ed2c8b800 Exception <a 'java/lang/ClassNotFoundException'{0x00000007112b1960}: org/springframework/beans/factory/AwareCustomizer> (0x00000007112b1960) thrown at [./src/hotspot/share/classfile/systemDictionary.cpp, line 231]
Event: 1.714 Thread 0x0000028ed2c8b800 Exception <a 'java/lang/ClassNotFoundException'{0x00000007112bfd48}: org/springframework/beans/factory/BeanClassLoaderAwareCustomizer> (0x00000007112bfd48) thrown at [./src/hotspot/share/classfile/systemDictionary.cpp, line 231]
Event: 1.715 Thread 0x0000028ed2c8b800 Exception <a 'java/lang/ClassNotFoundException'{0x00000007112cd668}: org/springframework/beans/factory/AwareCustomizer> (0x00000007112cd668) thrown at [./src/hotspot/share/classfile/systemDictionary.cpp, line 231]
Event: 1.715 Thread 0x0000028ed2c8b800 Exception <a 'java/lang/ClassNotFoundException'{0x00000007112daa40}: org/springframework/context/EnvironmentAwareCustomizer> (0x00000007112daa40) thrown at [./src/hotspot/share/classfile/systemDictionary.cpp, line 231]
Event: 1.716 Thread 0x0000028ed2c8b800 Exception <a 'java/lang/ClassNotFoundException'{0x00000007112e82d8}: org/springframework/beans/factory/AwareCustomizer> (0x00000007112e82d8) thrown at [./src/hotspot/share/classfile/systemDictionary.cpp, line 231]
Event: 1.904 Thread 0x0000028efa1cc000 Exception <a 'java/lang/NoSuchMethodError'{0x00000007103177d8}: 'java.lang.Object java.lang.invoke.DirectMethodHandle$Holder.invokeStaticInit(java.lang.Object, java.lang.Object, java.lang.Object, java.lang.Object, java.lang.Object)'> (0x00000007103177d8) thrown at [./src/hotspot/share/interpreter/linkResolver.cpp, line 773]
Event: 1.914 Thread 0x0000028efa1cc000 Exception <a 'java/lang/NoSuchMethodError'{0x00000007102038b8}: 'java.lang.Object java.lang.invoke.DirectMethodHandle$Holder.invokeSpecial(java.lang.Object, java.lang.Object, int, int, java.lang.Object, java.lang.Object, java.lang.Object)'> (0x00000007102038b8) thrown at [./src/hotspot/share/interpreter/linkResolver.cpp, line 773]
Event: 1.915 Thread 0x0000028efa1cc000 Exception <a 'java/lang/NoSuchMethodError'{0x0000000710206e48}: 'java.lang.Object java.lang.invoke.DelegatingMethodHandle$Holder.reinvoke_L(java.lang.Object, int, int, java.lang.Object, java.lang.Object, java.lang.Object)'> (0x0000000710206e48) thrown at [./src/hotspot/share/interpreter/linkResolver.cpp, line 773]
Event: 1.915 Thread 0x0000028efa1cc000 Exception <a 'java/lang/NoSuchMethodError'{0x000000071020ad28}: 'java.lang.Object java.lang.invoke.DirectMethodHandle$Holder.invokeStatic(java.lang.Object, java.lang.Object, java.lang.Object, java.lang.Object, int)'> (0x000000071020ad28) thrown at [./src/hotspot/share/interpreter/linkResolver.cpp, line 773]
Event: 1.931 Thread 0x0000028ed2c8b800 Exception <a 'java/lang/NoSuchMethodError'{0x0000000710121488}: 'void java.lang.invoke.DirectMethodHandle$Holder.invokeInterface(java.lang.Object, java.lang.Object, java.lang.Object, java.lang.Object)'> (0x0000000710121488) thrown at [./src/hotspot/share/interpreter/linkResolver.cpp, line 773]
Event: 2.197 Thread 0x0000028ed2c8b800 Exception <a 'java/lang/IncompatibleClassChangeError'{0x000000070c88eaf8}: Found class java.lang.Object, but interface was expected> (0x000000070c88eaf8) thrown at [./src/hotspot/share/interpreter/linkResolver.cpp, line 839]
Event: 2.276 Thread 0x0000028efa1cc000 Exception <a 'java/lang/NoSuchMethodError'{0x000000070c2e0498}: 'long java.lang.invoke.DirectMethodHandle$Holder.invokeSpecial(java.lang.Object, java.lang.Object)'> (0x000000070c2e0498) thrown at [./src/hotspot/share/interpreter/linkResolver.cpp, line 773]
Event: 2.279 Thread 0x0000028efa1cc000 Exception <a 'java/lang/NoSuchMethodError'{0x000000070c2ea850}: 'long java.lang.invoke.DirectMethodHandle$Holder.invokeStatic(java.lang.Object, java.lang.Object)'> (0x000000070c2ea850) thrown at [./src/hotspot/share/interpreter/linkResolver.cpp, line 773]
Event: 2.279 Thread 0x0000028efa1cc000 Exception <a 'java/lang/NoSuchMethodError'{0x000000070c2ed678}: 'long java.lang.invoke.DirectMethodHandle$Holder.invokeStaticInit(java.lang.Object, java.lang.Object)'> (0x000000070c2ed678) thrown at [./src/hotspot/share/interpreter/linkResolver.cpp, line 773]
Event: 2.282 Thread 0x0000028efa1cc000 Exception <a 'java/lang/NoSuchMethodError'{0x000000070c2f9b38}: 'long java.lang.invoke.DirectMethodHandle$Holder.invokeInterface(java.lang.Object, java.lang.Object)'> (0x000000070c2f9b38) thrown at [./src/hotspot/share/interpreter/linkResolver.cpp, line 773]
Event: 2.282 Thread 0x0000028efa1cc000 Exception <a 'java/lang/IncompatibleClassChangeError'{0x000000070c2fc8d0}: Found class java.lang.Object, but interface was expected> (0x000000070c2fc8d0) thrown at [./src/hotspot/share/interpreter/linkResolver.cpp, line 839]
Event: 2.298 Thread 0x0000028efa1cc000 Exception <a 'java/lang/NoSuchMethodError'{0x000000070c0365a0}: 'java.lang.Object java.lang.invoke.DirectMethodHandle$Holder.invokeVirtual(java.lang.Object, java.lang.Object, java.lang.Object, java.lang.Object)'> (0x000000070c0365a0) thrown at [./src/hotspot/share/interpreter/linkResolver.cpp, line 773]
Event: 2.390 Thread 0x0000028ed2c8b800 Implicit null exception at 0x0000028ee4660850 to 0x0000028ee4660cbc
Event: 2.393 Thread 0x0000028ed2c8b800 Exception <a 'java/lang/NoSuchMethodError'{0x000000070bb5e768}: 'void java.lang.invoke.DelegatingMethodHandle$Holder.delegate(java.lang.Object, java.lang.Object, int, java.lang.Object)'> (0x000000070bb5e768) thrown at [./src/hotspot/share/interpreter/linkResolver.cpp, line 773]

Events (20 events):
Event: 2.545 loading class javax/cache/Caching
Event: 2.545 loading class javax/cache/Caching done
Event: 2.546 loading class net/sf/ehcache/Cache
Event: 2.546 loading class net/sf/ehcache/Cache done
Event: 2.546 Executing VM operation: RevokeBias
Event: 2.546 Executing VM operation: RevokeBias done
Event: 2.546 Executing VM operation: RevokeBias
Event: 2.546 Executing VM operation: RevokeBias done
Event: 2.546 loading class com/hazelcast/core/HazelcastInstance
Event: 2.546 loading class com/hazelcast/core/HazelcastInstance done
Event: 2.546 loading class org/infinispan/spring/embedded/provider/SpringEmbeddedCacheManager
Event: 2.546 loading class org/infinispan/spring/embedded/provider/SpringEmbeddedCacheManager done
Event: 2.547 loading class com/couchbase/client/java/Cluster
Event: 2.547 loading class com/couchbase/client/java/Cluster done
Event: 2.547 loading class org/springframework/data/redis/connection/RedisConnectionFactory
Event: 2.547 loading class org/springframework/data/redis/connection/RedisConnectionFactory done
Event: 2.547 loading class com/github/benmanes/caffeine/cache/Caffeine
Event: 2.547 loading class com/github/benmanes/caffeine/cache/Caffeine done
Event: 2.549 loading class org/springframework/boot/autoconfigure/cache/CacheCondition
Event: 2.549 loading class org/springframework/boot/autoconfigure/cache/CacheCondition done


Dynamic libraries:
0x00007ff649aa0000 - 0x00007ff649aad000 	C:\Java\jdk11.0.8_10\bin\java.exe
0x00007ff881c50000 - 0x00007ff881e45000 	C:\WINDOWS\SYSTEM32\ntdll.dll
0x00007ff881050000 - 0x00007ff88110d000 	C:\WINDOWS\System32\KERNEL32.DLL
0x00007ff87f9b0000 - 0x00007ff87fc79000 	C:\WINDOWS\System32\KERNELBASE.dll
0x00007ff87f8b0000 - 0x00007ff87f9b0000 	C:\WINDOWS\System32\ucrtbase.dll
0x00007ff877770000 - 0x00007ff877785000 	C:\Java\jdk11.0.8_10\bin\VCRUNTIME140.dll
0x00007ff877790000 - 0x00007ff8777a7000 	C:\Java\jdk11.0.8_10\bin\jli.dll
0x00007ff881930000 - 0x00007ff881ad0000 	C:\WINDOWS\System32\USER32.dll
0x00007ff867e00000 - 0x00007ff86809a000 	C:\WINDOWS\WinSxS\amd64_microsoft.windows.common-controls_6595b64144ccf1df_6.0.19041.1110_none_60b5254171f9507e\COMCTL32.dll
0x00007ff87f530000 - 0x00007ff87f552000 	C:\WINDOWS\System32\win32u.dll
0x00007ff880230000 - 0x00007ff88025a000 	C:\WINDOWS\System32\GDI32.dll
0x00007ff881890000 - 0x00007ff88192e000 	C:\WINDOWS\System32\msvcrt.dll
0x00007ff87f6c0000 - 0x00007ff87f7cb000 	C:\WINDOWS\System32\gdi32full.dll
0x00007ff87f380000 - 0x00007ff87f41d000 	C:\WINDOWS\System32\msvcp_win.dll
0x00007ff87fd80000 - 0x00007ff87fdb0000 	C:\WINDOWS\System32\IMM32.DLL
0x00007ff862460000 - 0x00007ff8624fb000 	C:\Java\jdk11.0.8_10\bin\msvcp140.dll
0x00007ff8334c0000 - 0x00007ff833f7d000 	C:\Java\jdk11.0.8_10\bin\server\jvm.dll
0x00007ff880f40000 - 0x00007ff880fec000 	C:\WINDOWS\System32\ADVAPI32.dll
0x00007ff881390000 - 0x00007ff88142b000 	C:\WINDOWS\System32\sechost.dll
0x00007ff881ad0000 - 0x00007ff881bfa000 	C:\WINDOWS\System32\RPCRT4.dll
0x00007ff880f30000 - 0x00007ff880f38000 	C:\WINDOWS\System32\PSAPI.DLL
0x00007ff8664d0000 - 0x00007ff8664d9000 	C:\WINDOWS\SYSTEM32\WSOCK32.dll
0x00007ff873f60000 - 0x00007ff873f6a000 	C:\WINDOWS\SYSTEM32\VERSION.dll
0x00007ff869f40000 - 0x00007ff869f67000 	C:\WINDOWS\SYSTEM32\WINMM.dll
0x00007ff881820000 - 0x00007ff88188b000 	C:\WINDOWS\System32\WS2_32.dll
0x00007ff87dbe0000 - 0x00007ff87dbf2000 	C:\WINDOWS\SYSTEM32\kernel.appcore.dll
0x00007ff877760000 - 0x00007ff877770000 	C:\Java\jdk11.0.8_10\bin\verify.dll
0x00007ff87a840000 - 0x00007ff87aa24000 	C:\WINDOWS\SYSTEM32\DBGHELP.DLL
0x00007ff865120000 - 0x00007ff86514c000 	C:\WINDOWS\SYSTEM32\dbgcore.DLL
0x00007ff87f820000 - 0x00007ff87f8a3000 	C:\WINDOWS\System32\bcryptPrimitives.dll
0x00007ff877730000 - 0x00007ff877758000 	C:\Java\jdk11.0.8_10\bin\java.dll
0x00007ff877720000 - 0x00007ff87772a000 	C:\Java\jdk11.0.8_10\bin\jimage.dll
0x00007ff875ee0000 - 0x00007ff875eee000 	C:\Java\jdk11.0.8_10\bin\instrument.dll
0x00007ff877700000 - 0x00007ff877717000 	C:\Java\jdk11.0.8_10\bin\zip.dll
0x00007ff8806e0000 - 0x00007ff880e1f000 	C:\WINDOWS\System32\SHELL32.dll
0x00007ff87a0b0000 - 0x00007ff87a840000 	C:\WINDOWS\SYSTEM32\windows.storage.dll
0x00007ff880380000 - 0x00007ff8806d5000 	C:\WINDOWS\System32\combase.dll
0x00007ff87ede0000 - 0x00007ff87ee0c000 	C:\WINDOWS\SYSTEM32\Wldp.dll
0x00007ff880e80000 - 0x00007ff880f2e000 	C:\WINDOWS\System32\SHCORE.dll
0x00007ff880e20000 - 0x00007ff880e75000 	C:\WINDOWS\System32\shlwapi.dll
0x00007ff87f2c0000 - 0x00007ff87f2df000 	C:\WINDOWS\SYSTEM32\profapi.dll
0x00007ff875e50000 - 0x00007ff875e69000 	C:\Java\jdk11.0.8_10\bin\net.dll
0x00007ff8732f0000 - 0x00007ff8733f8000 	C:\WINDOWS\SYSTEM32\WINHTTP.dll
0x00007ff87eb40000 - 0x00007ff87ebaa000 	C:\WINDOWS\system32\mswsock.dll
0x00007ff86aa70000 - 0x00007ff86aa82000 	C:\Java\jdk11.0.8_10\bin\nio.dll
0x00007ff868b10000 - 0x00007ff868b2a000 	C:\Program Files\JetBrains\IntelliJ IDEA Community Edition 2020.2.3\bin\breakgen64.dll
0x00007ff86aa60000 - 0x00007ff86aa69000 	C:\Java\jdk11.0.8_10\bin\management.dll
0x00007ff866780000 - 0x00007ff86678b000 	C:\Java\jdk11.0.8_10\bin\management_ext.dll
0x00007ff864a00000 - 0x00007ff864a17000 	C:\WINDOWS\system32\napinsp.dll
0x00007ff8649c0000 - 0x00007ff8649db000 	C:\WINDOWS\system32\pnrpnsp.dll
0x00007ff876ba0000 - 0x00007ff876bb5000 	C:\WINDOWS\system32\wshbth.dll
0x00007ff877650000 - 0x00007ff87766d000 	C:\WINDOWS\system32\NLAapi.dll
0x00007ff87e7c0000 - 0x00007ff87e7fb000 	C:\WINDOWS\SYSTEM32\IPHLPAPI.DLL
0x00007ff87e810000 - 0x00007ff87e8dc000 	C:\WINDOWS\SYSTEM32\DNSAPI.dll
0x00007ff881c00000 - 0x00007ff881c08000 	C:\WINDOWS\System32\NSI.dll
0x00007ff8649a0000 - 0x00007ff8649b2000 	C:\WINDOWS\System32\winrnr.dll
0x00007ff874840000 - 0x00007ff87484a000 	C:\Windows\System32\rasadhlp.dll
0x00007ff86c0e0000 - 0x00007ff86c15f000 	C:\WINDOWS\System32\fwpuclnt.dll
0x00007ff87fc80000 - 0x00007ff87fca7000 	C:\WINDOWS\System32\bcrypt.dll

dbghelp: loaded successfully - version: 4.0.5 - missing functions: none
symbol engine: initialized successfully - sym options: 0x614 - pdb path: .;C:\Java\jdk11.0.8_10\bin;C:\WINDOWS\SYSTEM32;C:\WINDOWS\WinSxS\amd64_microsoft.windows.common-controls_6595b64144ccf1df_6.0.19041.1110_none_60b5254171f9507e;C:\Java\jdk11.0.8_10\bin\server;C:\Program Files\JetBrains\IntelliJ IDEA Community Edition 2020.2.3\bin

VM Arguments:
jvm_args: -javaagent:C:\Program Files\JetBrains\IntelliJ IDEA Community Edition 2020.2.3\lib\idea_rt.jar=53356:C:\Program Files\JetBrains\IntelliJ IDEA Community Edition 2020.2.3\bin -Dfile.encoding=UTF-8 
java_command: nu.borjessons.clubhouse.impl.ClubhouseApplication
java_class_path (initial): C:\Users\robin\projects\clubhouse\clubhouse\clubhouse-impl\target\classes;C:\Users\robin\.m2\repository\org\springframework\boot\spring-boot-starter-data-jpa\2.5.1\spring-boot-starter-data-jpa-2.5.1.jar;C:\Users\robin\.m2\repository\org\springframework\boot\spring-boot-starter-aop\2.5.1\spring-boot-starter-aop-2.5.1.jar;C:\Users\robin\.m2\repository\org\aspectj\aspectjweaver\1.9.6\aspectjweaver-1.9.6.jar;C:\Users\robin\.m2\repository\org\springframework\boot\spring-boot-starter-jdbc\2.5.1\spring-boot-starter-jdbc-2.5.1.jar;C:\Users\robin\.m2\repository\com\zaxxer\HikariCP\4.0.3\HikariCP-4.0.3.jar;C:\Users\robin\.m2\repository\org\springframework\spring-jdbc\5.3.8\spring-jdbc-5.3.8.jar;C:\Users\robin\.m2\repository\jakarta\transaction\jakarta.transaction-api\1.3.3\jakarta.transaction-api-1.3.3.jar;C:\Users\robin\.m2\repository\jakarta\persistence\jakarta.persistence-api\2.2.3\jakarta.persistence-api-2.2.3.jar;C:\Users\robin\.m2\repository\org\hibernate\hibernate-core\5.4.32.Final\hibernate-core-5.4.32.Final.jar;C:\Users\robin\.m2\repository\org\jboss\logging\jboss-logging\3.4.2.Final\jboss-logging-3.4.2.Final.jar;C:\Users\robin\.m2\repository\org\javassist\javassist\3.27.0-GA\javassist-3.27.0-GA.jar;C:\Users\robin\.m2\repository\net\bytebuddy\byte-buddy\1.10.22\byte-buddy-1.10.22.jar;C:\Users\robin\.m2\repository\antlr\antlr\2.7.7\antlr-2.7.7.jar;C:\Users\robin\.m2\repository\org\jboss\jandex\2.2.3.Final\jandex-2.2.3.Final.jar;C:\Users\robin\.m2\repository\com\fasterxml\classmate\1.5.1\classmate-1.5.1.jar;C:\Users\robin\.m2\repository\org\dom4j\dom4j\2.1.3\dom4j-2.1.3.jar;C:\Users\robin\.m2\repository\org\hibernate\common\hibernate-commons-annotations\5.1.2.Final\hibernate-commons-annotations-5.1.2.Final.jar;C:\Users\robin\.m2\repository\org\glassfish\jaxb\jaxb-runtime\2.3.4\jaxb-runtime-2.3.4.jar;C:\Users\robin\.m2\repository\org\glassfish\jaxb\txw2\2.3.4\txw2-2.3.4.jar;C:\Users\robin\.m2\repository\com\sun\istack\istack-commons-runtime\
Launcher Type: SUN_STANDARD

[Global flags]
     intx CICompilerCount                          = 4                                         {product} {ergonomic}
     uint ConcGCThreads                            = 2                                         {product} {ergonomic}
     uint G1ConcRefinementThreads                  = 8                                         {product} {ergonomic}
   size_t G1HeapRegionSize                         = 1048576                                   {product} {ergonomic}
    uintx GCDrainStackTargetSize                   = 64                                        {product} {ergonomic}
   size_t InitialHeapSize                          = 266338304                                 {product} {ergonomic}
   size_t MarkStackSize                            = 4194304                                   {product} {ergonomic}
   size_t MaxHeapSize                              = 4257218560                                {product} {ergonomic}
   size_t MaxNewSize                               = 2554331136                                {product} {ergonomic}
   size_t MinHeapDeltaBytes                        = 1048576                                   {product} {ergonomic}
    uintx NonNMethodCodeHeapSize                   = 5836300                                {pd product} {ergonomic}
    uintx NonProfiledCodeHeapSize                  = 122910970                              {pd product} {ergonomic}
    uintx ProfiledCodeHeapSize                     = 122910970                              {pd product} {ergonomic}
    uintx ReservedCodeCacheSize                    = 251658240                              {pd product} {ergonomic}
     bool SegmentedCodeCache                       = true                                      {product} {ergonomic}
     bool UseCompressedClassPointers               = true                                 {lp64_product} {ergonomic}
     bool UseCompressedOops                        = true                                 {lp64_product} {ergonomic}
     bool UseG1GC                                  = true                                      {product} {ergonomic}
     bool UseLargePagesIndividualAllocation        = false                                  {pd product} {ergonomic}

Logging:
Log output configuration:
 #0: stdout all=warning uptime,level,tags
 #1: stderr all=off uptime,level,tags

Environment Variables:
JAVA_HOME=C:\Java\jdk11.0.8_10
PATH=C:\Python39\Scripts\;C:\Python39\;C:\Python38\Scripts\;C:\Python38\;C:\Program Files (x86)\Razer Chroma SDK\bin;C:\Program Files\Razer Chroma SDK\bin;C:\Java\jdk11.0.8_10\bin;C:\Program Files (x86)\Razer\ChromaBroadcast\bin;C:\Program Files\Razer\ChromaBroadcast\bin;C:\Program Files\Microsoft MPI\Bin\;C:\Windows\system32;C:\Windows;C:\Windows\System32\Wbem;C:\Windows\System32\WindowsPowerShell\v1.0\;C:\Program Files (x86)\NVIDIA Corporation\PhysX\Common;C:\WINDOWS\system32;C:\WINDOWS;C:\WINDOWS\System32\Wbem;C:\WINDOWS\System32\WindowsPowerShell\v1.0\;C:\WINDOWS\System32\OpenSSH\;C:\ProgramData\chocolatey\bin;C:\Program Files\Microsoft VS Code\bin;C:\Program Files\NVIDIA Corporation\NVIDIA NvDLISR;C:\Users\robin\AppData\Roaming\nvm;C:\Program Files\Microsoft SQL Server\Client SDK\ODBC\130\Tools\Binn\;C:\Program Files (x86)\Microsoft SQL Server\140\Tools\Binn\;C:\Program Files\Microsoft SQL Server\140\Tools\Binn\;C:\Program Files\Microsoft SQL Server\140\DTS\Binn\;C:\RailsInstaller\DevKit;C:\Program Files\Microsoft\Web Platform Installer\;C:\Program Files\apache-maven-3.6.0\bin;C:\Python37;C:\Python37\Scripts;C:\ProgramData\chocolatey\lib\Elixir/bin;C:\Java\jdk-14.0.1\bin;C:\Program Files\MySQL\MySQL Server 8.0\bin;C:\Program Files (x86)\Yarn\bin\;C:\WINDOWS\system32;C:\WINDOWS;C:\WINDOWS\System32\Wbem;C:\WINDOWS\System32\WindowsPowerShell\v1.0\;C:\WINDOWS\System32\OpenSSH\;C:\WINDOWS\system32\config\systemprofile\AppData\Local\Microsoft\WindowsApps;C:\Program Files\nodejs\;C:\Program Files\GNU Octave\Octave-6.2.0\mingw64\bin;C:\Program Files (x86)\Intel\Intel(R) Management Engine Components\DAL;C:\Program Files\Intel\Intel(R) Management Engine Components\DAL;C:\Program Files\Git\cmd;C:\Program Files\Docker\Docker\resources\bin;C:\ProgramData\DockerDesktop\version-bin;C:\Python37\Scripts\;C:\Python37\;C:\RailsInstaller\Ruby2.3.3\bin;C:\Users\robin\.conda\envs\gl-env\Anaconda2;C:\Users\robin\.conda\envs\gl-env\Anaconda2\Scripts;C:\Users\robin\.conda\envs\gl-env\Anac
USERNAME=robin
OS=Windows_NT
PROCESSOR_IDENTIFIER=Intel64 Family 6 Model 158 Stepping 9, GenuineIntel



---------------  S Y S T E M  ---------------

OS: Windows 10 , 64 bit Build 19041 (10.0.19041.1149)
OS uptime: 0 days 1:05 hours
HyperV virtualization detected

CPU:total 8 (initial active 8) (4 cores per cpu, 2 threads per core) family 6 model 158 stepping 9, cmov, cx8, fxsr, mmx, sse, sse2, sse3, ssse3, sse4.1, sse4.2, popcnt, avx, avx2, aes, clmul, erms, 3dnowpref, lzcnt, ht, tsc, tscinvbit, bmi1, bmi2, adx, fma

Memory: 4k page, system-wide physical 16235M (1407M free)
TotalPageFile size 17259M (AvailPageFile size 22M)
current process WorkingSet (physical memory assigned to process): 240M, peak: 240M
current process commit charge ("private bytes"): 415M, peak: 417M

vm_info: OpenJDK 64-Bit Server VM (11.0.8+10-LTS) for windows-amd64 JRE (11.0.8+10-LTS), built on Jul 13 2020 00:42:50 by "Administrator" with MS VC++ 15.9 (VS2017)

END.
