#
# There is insufficient memory for the Java Runtime Environment to continue.
# Native memory allocation (malloc) failed to allocate 32744 bytes for ChunkPool::allocate
# Possible reasons:
#   The system is out of physical RAM or swap space
#   The process is running with CompressedOops enabled, and the Java Heap may be blocking the growth of the native heap
# Possible solutions:
#   Reduce memory load on the system
#   Increase physical memory or swap space
#   Check if swap backing store is full
#   Decrease Java heap size (-Xmx/-Xms)
#   Decrease number of Java threads
#   Decrease Java thread stack sizes (-Xss)
#   Set larger code cache with -XX:ReservedCodeCacheSize=
#   JVM is running with Zero Based Compressed Oops mode in which the Java heap is
#     placed in the first 32GB address space. The Java Heap base address is the
#     maximum limit for the native heap growth. Please use -XX:HeapBaseMinAddress
#     to set the Java Heap base and to place the Java Heap above 32GB virtual address.
# This output file may be truncated or incomplete.
#
#  Out of Memory Error (./src/hotspot/share/memory/arena.cpp:81), pid=21964, tid=19608
#
# JRE version: OpenJDK Runtime Environment Corretto-11.0.8.10.1 (11.0.8+10) (build 11.0.8+10-LTS)
# Java VM: OpenJDK 64-Bit Server VM Corretto-11.0.8.10.1 (11.0.8+10-LTS, mixed mode, tiered, compressed oops, g1 gc, windows-amd64)
# No core dump will be written. Minidumps are not enabled by default on client versions of Windows
#

---------------  S U M M A R Y ------------

Command Line: -javaagent:C:\Program Files\JetBrains\IntelliJ IDEA Community Edition 2020.2.3\lib\idea_rt.jar=62096:C:\Program Files\JetBrains\IntelliJ IDEA Community Edition 2020.2.3\bin -Dfile.encoding=UTF-8 nu.borjessons.clubhouse.ClubhouseApplication

Host: Intel(R) Core(TM) i7-7700HQ CPU @ 2.80GHz, 8 cores, 15G,  Windows 10 , 64 bit Build 19041 (10.0.19041.662)
Time: Wed Jan  6 23:30:25 2021 Västeuropa, normaltid elapsed time: 206 seconds (0d 0h 3m 26s)

---------------  T H R E A D  ---------------

Current thread (0x000001aaa4841000):  JavaThread "C1 CompilerThread0" daemon [_thread_in_native, id=19608, stack(0x0000001c33c00000,0x0000001c33d00000)]


Current CompileTask:
C1: 206041 7362   !   3       java.util.concurrent.FutureTask::runAndReset (125 bytes)

Stack: [0x0000001c33c00000,0x0000001c33d00000]
Native frames: (J=compiled Java code, j=interpreted, Vv=VM code, C=native code)
V  [jvm.dll+0x5dfc8a]
V  [jvm.dll+0x7179be]
V  [jvm.dll+0x71908f]
V  [jvm.dll+0x719753]
V  [jvm.dll+0x240e48]
V  [jvm.dll+0xb9a4b]
V  [jvm.dll+0xb9dac]
V  [jvm.dll+0x160703]
V  [jvm.dll+0x1607c7]
V  [jvm.dll+0x162ff9]
V  [jvm.dll+0x164a61]
V  [jvm.dll+0x11f105]
V  [jvm.dll+0x11e97f]
V  [jvm.dll+0x11ebaf]
V  [jvm.dll+0x11de57]
V  [jvm.dll+0x11fd67]
V  [jvm.dll+0x208f27]
V  [jvm.dll+0x20710b]
V  [jvm.dll+0x6dc729]
V  [jvm.dll+0x6d57d4]
V  [jvm.dll+0x5debc6]
C  [ucrtbase.dll+0x214c2]
C  [KERNEL32.DLL+0x17034]
C  [ntdll.dll+0x4d0d1]


---------------  P R O C E S S  ---------------

Threads class SMR info:
_java_thread_list=0x000001aaa7e85d00, length=28, elements={
0x000001aaa3f28000, 0x000001aaa3f31800, 0x000001aaa3f37000, 0x000001aaa3f38800,
0x000001aaa4832800, 0x000001aaa4841000, 0x000001aaa4846000, 0x000001aaa47c0800,
0x000001aaa4ff1000, 0x000001aaa4ff1800, 0x000001aaaaf8b800, 0x000001aaaab2d000,
0x000001aaaaa17000, 0x000001aaa8444000, 0x000001aaab237000, 0x000001aaab235800,
0x000001aaab238000, 0x000001aaab239800, 0x000001aaab234000, 0x000001aaab23a800,
0x000001aaab234800, 0x000001aaabb8f000, 0x000001aaabb91000, 0x000001aaabb93800,
0x000001aaabb90000, 0x000001aaabb91800, 0x000001aaabb92800, 0x000001aaabb8d800
}

Java Threads: ( => current thread )
  0x000001aaa3f28000 JavaThread "Reference Handler" daemon [_thread_blocked, id=21956, stack(0x0000001c33700000,0x0000001c33800000)]
  0x000001aaa3f31800 JavaThread "Finalizer" daemon [_thread_blocked, id=7464, stack(0x0000001c33800000,0x0000001c33900000)]
  0x000001aaa3f37000 JavaThread "Signal Dispatcher" daemon [_thread_blocked, id=19912, stack(0x0000001c33900000,0x0000001c33a00000)]
  0x000001aaa3f38800 JavaThread "Attach Listener" daemon [_thread_blocked, id=20220, stack(0x0000001c33a00000,0x0000001c33b00000)]
  0x000001aaa4832800 JavaThread "C2 CompilerThread0" daemon [_thread_in_native, id=23380, stack(0x0000001c33b00000,0x0000001c33c00000)]
=>0x000001aaa4841000 JavaThread "C1 CompilerThread0" daemon [_thread_in_native, id=19608, stack(0x0000001c33c00000,0x0000001c33d00000)]
  0x000001aaa4846000 JavaThread "Sweeper thread" daemon [_thread_blocked, id=9256, stack(0x0000001c33d00000,0x0000001c33e00000)]
  0x000001aaa47c0800 JavaThread "Common-Cleaner" daemon [_thread_blocked, id=13544, stack(0x0000001c33e00000,0x0000001c33f00000)]
  0x000001aaa4ff1000 JavaThread "Monitor Ctrl-Break" daemon [_thread_in_native, id=9296, stack(0x0000001c34000000,0x0000001c34100000)]
  0x000001aaa4ff1800 JavaThread "Service Thread" daemon [_thread_blocked, id=11024, stack(0x0000001c34100000,0x0000001c34200000)]
  0x000001aaaaf8b800 JavaThread "HikariPool-1 housekeeper" daemon [_thread_blocked, id=11008, stack(0x0000001c34300000,0x0000001c34400000)]
  0x000001aaaab2d000 JavaThread "Catalina-utility-1" [_thread_blocked, id=2972, stack(0x0000001c34c00000,0x0000001c34d00000)]
  0x000001aaaaa17000 JavaThread "Catalina-utility-2" [_thread_blocked, id=21000, stack(0x0000001c34d00000,0x0000001c34e00000)]
  0x000001aaa8444000 JavaThread "container-0" [_thread_blocked, id=11920, stack(0x0000001c34e00000,0x0000001c34f00000)]
  0x000001aaab237000 JavaThread "http-nio-8080-BlockPoller" daemon [_thread_in_native, id=14496, stack(0x0000001c35300000,0x0000001c35400000)]
  0x000001aaab235800 JavaThread "http-nio-8080-exec-1" daemon [_thread_blocked, id=2528, stack(0x0000001c35400000,0x0000001c35500000)]
  0x000001aaab238000 JavaThread "http-nio-8080-exec-2" daemon [_thread_blocked, id=14004, stack(0x0000001c35500000,0x0000001c35600000)]
  0x000001aaab239800 JavaThread "http-nio-8080-exec-3" daemon [_thread_blocked, id=3304, stack(0x0000001c35600000,0x0000001c35700000)]
  0x000001aaab234000 JavaThread "http-nio-8080-exec-4" daemon [_thread_blocked, id=11752, stack(0x0000001c35700000,0x0000001c35800000)]
  0x000001aaab23a800 JavaThread "http-nio-8080-exec-5" daemon [_thread_blocked, id=18756, stack(0x0000001c35800000,0x0000001c35900000)]
  0x000001aaab234800 JavaThread "http-nio-8080-exec-6" daemon [_thread_blocked, id=6412, stack(0x0000001c35900000,0x0000001c35a00000)]
  0x000001aaabb8f000 JavaThread "http-nio-8080-exec-7" daemon [_thread_blocked, id=20528, stack(0x0000001c35a00000,0x0000001c35b00000)]
  0x000001aaabb91000 JavaThread "http-nio-8080-exec-8" daemon [_thread_blocked, id=3992, stack(0x0000001c35b00000,0x0000001c35c00000)]
  0x000001aaabb93800 JavaThread "http-nio-8080-exec-9" daemon [_thread_blocked, id=4636, stack(0x0000001c35c00000,0x0000001c35d00000)]
  0x000001aaabb90000 JavaThread "http-nio-8080-exec-10" daemon [_thread_blocked, id=23432, stack(0x0000001c35d00000,0x0000001c35e00000)]
  0x000001aaabb91800 JavaThread "http-nio-8080-ClientPoller" daemon [_thread_in_native, id=19472, stack(0x0000001c35e00000,0x0000001c35f00000)]
  0x000001aaabb92800 JavaThread "http-nio-8080-Acceptor" daemon [_thread_in_native, id=10264, stack(0x0000001c35f00000,0x0000001c36000000)]
  0x000001aaabb8d800 JavaThread "DestroyJavaVM" [_thread_blocked, id=5720, stack(0x0000001c33000000,0x0000001c33100000)]

Other Threads:
  0x000001aaa3f22000 VMThread "VM Thread" [stack: 0x0000001c33600000,0x0000001c33700000] [id=19680]
  0x000001aaa4ff6800 WatcherThread [stack: 0x0000001c34200000,0x0000001c34300000] [id=11760]
  0x000001aaffc25000 GCTaskThread "GC Thread#0" [stack: 0x0000001c33100000,0x0000001c33200000] [id=18760]
  0x000001aaa5b74000 GCTaskThread "GC Thread#1" [stack: 0x0000001c34400000,0x0000001c34500000] [id=21380]
  0x000001aaa5245800 GCTaskThread "GC Thread#2" [stack: 0x0000001c34500000,0x0000001c34600000] [id=19852]
  0x000001aaa5246000 GCTaskThread "GC Thread#3" [stack: 0x0000001c34600000,0x0000001c34700000] [id=22012]
  0x000001aaa5bd4800 GCTaskThread "GC Thread#4" [stack: 0x0000001c34700000,0x0000001c34800000] [id=16380]
  0x000001aaa5bd5800 GCTaskThread "GC Thread#5" [stack: 0x0000001c34800000,0x0000001c34900000] [id=20408]
  0x000001aaac56c800 GCTaskThread "GC Thread#6" [stack: 0x0000001c35000000,0x0000001c35100000] [id=9644]
  0x000001aaa79a3000 GCTaskThread "GC Thread#7" [stack: 0x0000001c35100000,0x0000001c35200000] [id=7220]
  0x000001aaffc81000 ConcurrentGCThread "G1 Main Marker" [stack: 0x0000001c33200000,0x0000001c33300000] [id=22572]
  0x000001aaffc83800 ConcurrentGCThread "G1 Conc#0" [stack: 0x0000001c33300000,0x0000001c33400000] [id=21700]
  0x000001aaa5b61000 ConcurrentGCThread "G1 Conc#1" [stack: 0x0000001c34900000,0x0000001c34a00000] [id=2816]
  0x000001aaa3e0c000 ConcurrentGCThread "G1 Refine#0" [stack: 0x0000001c33400000,0x0000001c33500000] [id=10416]
  0x000001aaa3e0d000 ConcurrentGCThread "G1 Young RemSet Sampling" [stack: 0x0000001c33500000,0x0000001c33600000] [id=12960]

Threads with active compile tasks:
C2 CompilerThread0 206064 7363       4       java.util.concurrent.locks.ReentrantLock::lock (9 bytes)
C1 CompilerThread0 206064 7362   !   3       java.util.concurrent.FutureTask::runAndReset (125 bytes)

VM state:not at safepoint (normal execution)

VM Mutex/Monitor currently owned by a thread: None

Heap address: 0x0000000702400000, size: 4060 MB, Compressed Oops mode: Zero based, Oop shift amount: 3
Narrow klass base: 0x0000000800000000, Narrow klass shift: 0
Compressed class space size: 1073741824 Address: 0x0000000800000000

Heap:
 garbage-first heap   total 312320K, used 47209K [0x0000000702400000, 0x0000000800000000)
  region size 1024K, 38 young (38912K), 19 survivors (19456K)
 Metaspace       used 79237K, capacity 81182K, committed 81280K, reserved 1120256K
  class space    used 10075K, capacity 10863K, committed 10880K, reserved 1048576K
Heap Regions: E=young(eden), S=young(survivor), O=old, HS=humongous(starts), HC=humongous(continues), CS=collection set, F=free, A=archive, TAMS=top-at-mark-start (previous, next)
|   0|0x0000000702400000, 0x0000000702500000, 0x0000000702500000|100%|HS|  |TAMS 0x0000000702500000, 0x0000000702400000| Complete 
|   1|0x0000000702500000, 0x0000000702600000, 0x0000000702600000|100%| O|  |TAMS 0x0000000702600000, 0x0000000702500000| Untracked 
|   2|0x0000000702600000, 0x0000000702700000, 0x0000000702700000|100%| O|  |TAMS 0x0000000702700000, 0x0000000702600000| Untracked 
|   3|0x0000000702700000, 0x0000000702800000, 0x0000000702800000|100%| O|  |TAMS 0x0000000702800000, 0x0000000702700000| Untracked 
|   4|0x0000000702800000, 0x0000000702900000, 0x0000000702900000|100%| O|  |TAMS 0x0000000702900000, 0x0000000702800000| Untracked 
|   5|0x0000000702900000, 0x0000000702a00000, 0x0000000702a00000|100%| O|  |TAMS 0x0000000702a00000, 0x0000000702900000| Untracked 
|   6|0x0000000702a00000, 0x0000000702b00000, 0x0000000702b00000|100%| O|  |TAMS 0x0000000702b00000, 0x0000000702a00000| Untracked 
|   7|0x0000000702b00000, 0x0000000702c00000, 0x0000000702c00000|100%| O|  |TAMS 0x0000000702c00000, 0x0000000702b00000| Untracked 
|   8|0x0000000702c00000, 0x0000000702d00000, 0x0000000702d00000|100%| O|  |TAMS 0x0000000702cd5800, 0x0000000702c00000| Untracked 
|   9|0x0000000702d00000, 0x0000000702e00000, 0x0000000702e00000|100%| O|  |TAMS 0x0000000702d00000, 0x0000000702d00000| Untracked 
|  10|0x0000000702e00000, 0x0000000702e39200, 0x0000000702f00000| 22%| O|  |TAMS 0x0000000702e00000, 0x0000000702e00000| Untracked 
|  11|0x0000000702f00000, 0x0000000702f00000, 0x0000000703000000|  0%| F|  |TAMS 0x0000000702f00000, 0x0000000702f00000| Untracked 
|  12|0x0000000703000000, 0x0000000703000000, 0x0000000703100000|  0%| F|  |TAMS 0x0000000703000000, 0x0000000703000000| Untracked 
|  13|0x0000000703100000, 0x0000000703100000, 0x0000000703200000|  0%| F|  |TAMS 0x0000000703100000, 0x0000000703100000| Untracked 
|  14|0x0000000703200000, 0x0000000703200000, 0x0000000703300000|  0%| F|  |TAMS 0x0000000703200000, 0x0000000703200000| Untracked 
|  15|0x0000000703300000, 0x0000000703300000, 0x0000000703400000|  0%| F|  |TAMS 0x0000000703300000, 0x0000000703300000| Untracked 
|  16|0x0000000703400000, 0x0000000703400000, 0x0000000703500000|  0%| F|  |TAMS 0x0000000703400000, 0x0000000703400000| Untracked 
|  17|0x0000000703500000, 0x0000000703500000, 0x0000000703600000|  0%| F|  |TAMS 0x0000000703500000, 0x0000000703500000| Untracked 
|  18|0x0000000703600000, 0x0000000703600000, 0x0000000703700000|  0%| F|  |TAMS 0x0000000703600000, 0x0000000703600000| Untracked 
|  19|0x0000000703700000, 0x0000000703700000, 0x0000000703800000|  0%| F|  |TAMS 0x0000000703700000, 0x0000000703700000| Untracked 
|  20|0x0000000703800000, 0x0000000703800000, 0x0000000703900000|  0%| F|  |TAMS 0x0000000703800000, 0x0000000703800000| Untracked 
|  21|0x0000000703900000, 0x0000000703900000, 0x0000000703a00000|  0%| F|  |TAMS 0x0000000703900000, 0x0000000703900000| Untracked 
|  22|0x0000000703a00000, 0x0000000703a00000, 0x0000000703b00000|  0%| F|  |TAMS 0x0000000703a00000, 0x0000000703a00000| Untracked 
|  23|0x0000000703b00000, 0x0000000703b00000, 0x0000000703c00000|  0%| F|  |TAMS 0x0000000703b00000, 0x0000000703b00000| Untracked 
|  24|0x0000000703c00000, 0x0000000703c00000, 0x0000000703d00000|  0%| F|  |TAMS 0x0000000703c00000, 0x0000000703c00000| Untracked 
|  25|0x0000000703d00000, 0x0000000703d00000, 0x0000000703e00000|  0%| F|  |TAMS 0x0000000703d00000, 0x0000000703d00000| Untracked 
|  26|0x0000000703e00000, 0x0000000703e00000, 0x0000000703f00000|  0%| F|  |TAMS 0x0000000703e00000, 0x0000000703e00000| Untracked 
|  27|0x0000000703f00000, 0x0000000703f00000, 0x0000000704000000|  0%| F|  |TAMS 0x0000000703f00000, 0x0000000703f00000| Untracked 
|  28|0x0000000704000000, 0x0000000704000000, 0x0000000704100000|  0%| F|  |TAMS 0x0000000704000000, 0x0000000704000000| Untracked 
|  29|0x0000000704100000, 0x0000000704100000, 0x0000000704200000|  0%| F|  |TAMS 0x0000000704100000, 0x0000000704100000| Untracked 
|  30|0x0000000704200000, 0x0000000704200000, 0x0000000704300000|  0%| F|  |TAMS 0x0000000704200000, 0x0000000704200000| Untracked 
|  31|0x0000000704300000, 0x0000000704300000, 0x0000000704400000|  0%| F|  |TAMS 0x0000000704300000, 0x0000000704300000| Untracked 
|  32|0x0000000704400000, 0x0000000704400000, 0x0000000704500000|  0%| F|  |TAMS 0x0000000704400000, 0x0000000704400000| Untracked 
|  33|0x0000000704500000, 0x0000000704500000, 0x0000000704600000|  0%| F|  |TAMS 0x0000000704500000, 0x0000000704500000| Untracked 
|  34|0x0000000704600000, 0x0000000704600000, 0x0000000704700000|  0%| F|  |TAMS 0x0000000704600000, 0x0000000704600000| Untracked 
|  35|0x0000000704700000, 0x0000000704700000, 0x0000000704800000|  0%| F|  |TAMS 0x0000000704700000, 0x0000000704700000| Untracked 
|  36|0x0000000704800000, 0x0000000704800000, 0x0000000704900000|  0%| F|  |TAMS 0x0000000704800000, 0x0000000704800000| Untracked 
|  37|0x0000000704900000, 0x0000000704900000, 0x0000000704a00000|  0%| F|  |TAMS 0x0000000704900000, 0x0000000704900000| Untracked 
|  38|0x0000000704a00000, 0x0000000704a00000, 0x0000000704b00000|  0%| F|  |TAMS 0x0000000704a00000, 0x0000000704a00000| Untracked 
|  39|0x0000000704b00000, 0x0000000704b00000, 0x0000000704c00000|  0%| F|  |TAMS 0x0000000704b00000, 0x0000000704b00000| Untracked 
|  40|0x0000000704c00000, 0x0000000704c00000, 0x0000000704d00000|  0%| F|  |TAMS 0x0000000704c00000, 0x0000000704c00000| Untracked 
|  41|0x0000000704d00000, 0x0000000704d00000, 0x0000000704e00000|  0%| F|  |TAMS 0x0000000704d00000, 0x0000000704d00000| Untracked 
|  42|0x0000000704e00000, 0x0000000704e00000, 0x0000000704f00000|  0%| F|  |TAMS 0x0000000704e00000, 0x0000000704e00000| Untracked 
|  43|0x0000000704f00000, 0x0000000704f00000, 0x0000000705000000|  0%| F|  |TAMS 0x0000000704f00000, 0x0000000704f00000| Untracked 
|  44|0x0000000705000000, 0x0000000705000000, 0x0000000705100000|  0%| F|  |TAMS 0x0000000705000000, 0x0000000705000000| Untracked 
|  45|0x0000000705100000, 0x0000000705100000, 0x0000000705200000|  0%| F|  |TAMS 0x0000000705100000, 0x0000000705100000| Untracked 
|  46|0x0000000705200000, 0x0000000705200000, 0x0000000705300000|  0%| F|  |TAMS 0x0000000705200000, 0x0000000705200000| Untracked 
|  47|0x0000000705300000, 0x0000000705300000, 0x0000000705400000|  0%| F|  |TAMS 0x0000000705300000, 0x0000000705300000| Untracked 
|  48|0x0000000705400000, 0x0000000705400000, 0x0000000705500000|  0%| F|  |TAMS 0x0000000705400000, 0x0000000705400000| Untracked 
|  49|0x0000000705500000, 0x0000000705500000, 0x0000000705600000|  0%| F|  |TAMS 0x0000000705500000, 0x0000000705500000| Untracked 
|  50|0x0000000705600000, 0x0000000705600000, 0x0000000705700000|  0%| F|  |TAMS 0x0000000705600000, 0x0000000705600000| Untracked 
|  51|0x0000000705700000, 0x0000000705700000, 0x0000000705800000|  0%| F|  |TAMS 0x0000000705700000, 0x0000000705700000| Untracked 
|  52|0x0000000705800000, 0x0000000705800000, 0x0000000705900000|  0%| F|  |TAMS 0x0000000705800000, 0x0000000705800000| Untracked 
|  53|0x0000000705900000, 0x0000000705900000, 0x0000000705a00000|  0%| F|  |TAMS 0x0000000705900000, 0x0000000705900000| Untracked 
|  54|0x0000000705a00000, 0x0000000705a00000, 0x0000000705b00000|  0%| F|  |TAMS 0x0000000705a00000, 0x0000000705a00000| Untracked 
|  55|0x0000000705b00000, 0x0000000705b00000, 0x0000000705c00000|  0%| F|  |TAMS 0x0000000705b00000, 0x0000000705b00000| Untracked 
|  56|0x0000000705c00000, 0x0000000705c00000, 0x0000000705d00000|  0%| F|  |TAMS 0x0000000705c00000, 0x0000000705c00000| Untracked 
|  57|0x0000000705d00000, 0x0000000705d00000, 0x0000000705e00000|  0%| F|  |TAMS 0x0000000705d00000, 0x0000000705d00000| Untracked 
|  58|0x0000000705e00000, 0x0000000705e00000, 0x0000000705f00000|  0%| F|  |TAMS 0x0000000705e00000, 0x0000000705e00000| Untracked 
|  59|0x0000000705f00000, 0x0000000705f00000, 0x0000000706000000|  0%| F|  |TAMS 0x0000000705f00000, 0x0000000705f00000| Untracked 
|  60|0x0000000706000000, 0x0000000706000000, 0x0000000706100000|  0%| F|  |TAMS 0x0000000706000000, 0x0000000706000000| Untracked 
|  61|0x0000000706100000, 0x0000000706100000, 0x0000000706200000|  0%| F|  |TAMS 0x0000000706100000, 0x0000000706100000| Untracked 
|  62|0x0000000706200000, 0x0000000706200000, 0x0000000706300000|  0%| F|  |TAMS 0x0000000706200000, 0x0000000706200000| Untracked 
|  63|0x0000000706300000, 0x0000000706300000, 0x0000000706400000|  0%| F|  |TAMS 0x0000000706300000, 0x0000000706300000| Untracked 
|  64|0x0000000706400000, 0x0000000706400000, 0x0000000706500000|  0%| F|  |TAMS 0x0000000706400000, 0x0000000706400000| Untracked 
|  65|0x0000000706500000, 0x0000000706500000, 0x0000000706600000|  0%| F|  |TAMS 0x0000000706500000, 0x0000000706500000| Untracked 
|  66|0x0000000706600000, 0x0000000706600000, 0x0000000706700000|  0%| F|  |TAMS 0x0000000706600000, 0x0000000706600000| Untracked 
|  67|0x0000000706700000, 0x0000000706700000, 0x0000000706800000|  0%| F|  |TAMS 0x0000000706700000, 0x0000000706700000| Untracked 
|  68|0x0000000706800000, 0x0000000706800000, 0x0000000706900000|  0%| F|  |TAMS 0x0000000706800000, 0x0000000706800000| Untracked 
|  69|0x0000000706900000, 0x0000000706900000, 0x0000000706a00000|  0%| F|  |TAMS 0x0000000706900000, 0x0000000706900000| Untracked 
|  70|0x0000000706a00000, 0x0000000706a00000, 0x0000000706b00000|  0%| F|  |TAMS 0x0000000706a00000, 0x0000000706a00000| Untracked 
|  71|0x0000000706b00000, 0x0000000706b00000, 0x0000000706c00000|  0%| F|  |TAMS 0x0000000706b00000, 0x0000000706b00000| Untracked 
|  72|0x0000000706c00000, 0x0000000706c00000, 0x0000000706d00000|  0%| F|  |TAMS 0x0000000706c00000, 0x0000000706c00000| Untracked 
|  73|0x0000000706d00000, 0x0000000706d00000, 0x0000000706e00000|  0%| F|  |TAMS 0x0000000706d00000, 0x0000000706d00000| Untracked 
|  74|0x0000000706e00000, 0x0000000706e00000, 0x0000000706f00000|  0%| F|  |TAMS 0x0000000706e00000, 0x0000000706e00000| Untracked 
|  75|0x0000000706f00000, 0x0000000706f00000, 0x0000000707000000|  0%| F|  |TAMS 0x0000000706f00000, 0x0000000706f00000| Untracked 
|  76|0x0000000707000000, 0x0000000707000000, 0x0000000707100000|  0%| F|  |TAMS 0x0000000707000000, 0x0000000707000000| Untracked 
|  77|0x0000000707100000, 0x0000000707100000, 0x0000000707200000|  0%| F|  |TAMS 0x0000000707100000, 0x0000000707100000| Untracked 
|  78|0x0000000707200000, 0x0000000707200000, 0x0000000707300000|  0%| F|  |TAMS 0x0000000707200000, 0x0000000707200000| Untracked 
|  79|0x0000000707300000, 0x0000000707300000, 0x0000000707400000|  0%| F|  |TAMS 0x0000000707300000, 0x0000000707300000| Untracked 
|  80|0x0000000707400000, 0x0000000707400000, 0x0000000707500000|  0%| F|  |TAMS 0x0000000707400000, 0x0000000707400000| Untracked 
|  81|0x0000000707500000, 0x0000000707500000, 0x0000000707600000|  0%| F|  |TAMS 0x0000000707500000, 0x0000000707500000| Untracked 
|  82|0x0000000707600000, 0x0000000707600000, 0x0000000707700000|  0%| F|  |TAMS 0x0000000707600000, 0x0000000707600000| Untracked 
|  83|0x0000000707700000, 0x0000000707700000, 0x0000000707800000|  0%| F|  |TAMS 0x0000000707700000, 0x0000000707700000| Untracked 
|  84|0x0000000707800000, 0x0000000707800000, 0x0000000707900000|  0%| F|  |TAMS 0x0000000707800000, 0x0000000707800000| Untracked 
|  85|0x0000000707900000, 0x0000000707900000, 0x0000000707a00000|  0%| F|  |TAMS 0x0000000707900000, 0x0000000707900000| Untracked 
|  86|0x0000000707a00000, 0x0000000707a00000, 0x0000000707b00000|  0%| F|  |TAMS 0x0000000707a00000, 0x0000000707a00000| Untracked 
|  87|0x0000000707b00000, 0x0000000707b00000, 0x0000000707c00000|  0%| F|  |TAMS 0x0000000707b00000, 0x0000000707b00000| Untracked 
|  88|0x0000000707c00000, 0x0000000707c00000, 0x0000000707d00000|  0%| F|  |TAMS 0x0000000707c00000, 0x0000000707c00000| Untracked 
|  89|0x0000000707d00000, 0x0000000707d00000, 0x0000000707e00000|  0%| F|  |TAMS 0x0000000707d00000, 0x0000000707d00000| Untracked 
|  90|0x0000000707e00000, 0x0000000707e00000, 0x0000000707f00000|  0%| F|  |TAMS 0x0000000707e00000, 0x0000000707e00000| Untracked 
|  91|0x0000000707f00000, 0x0000000707f00000, 0x0000000708000000|  0%| F|  |TAMS 0x0000000707f00000, 0x0000000707f00000| Untracked 
|  92|0x0000000708000000, 0x0000000708000000, 0x0000000708100000|  0%| F|  |TAMS 0x0000000708000000, 0x0000000708000000| Untracked 
|  93|0x0000000708100000, 0x0000000708100000, 0x0000000708200000|  0%| F|  |TAMS 0x0000000708100000, 0x0000000708100000| Untracked 
|  94|0x0000000708200000, 0x0000000708200000, 0x0000000708300000|  0%| F|  |TAMS 0x0000000708200000, 0x0000000708200000| Untracked 
|  95|0x0000000708300000, 0x0000000708300000, 0x0000000708400000|  0%| F|  |TAMS 0x0000000708300000, 0x0000000708300000| Untracked 
|  96|0x0000000708400000, 0x0000000708400000, 0x0000000708500000|  0%| F|  |TAMS 0x0000000708400000, 0x0000000708400000| Untracked 
|  97|0x0000000708500000, 0x0000000708500000, 0x0000000708600000|  0%| F|  |TAMS 0x0000000708500000, 0x0000000708500000| Untracked 
|  98|0x0000000708600000, 0x0000000708600000, 0x0000000708700000|  0%| F|  |TAMS 0x0000000708600000, 0x0000000708600000| Untracked 
|  99|0x0000000708700000, 0x0000000708700000, 0x0000000708800000|  0%| F|  |TAMS 0x0000000708700000, 0x0000000708700000| Untracked 
| 100|0x0000000708800000, 0x0000000708800000, 0x0000000708900000|  0%| F|  |TAMS 0x0000000708800000, 0x0000000708800000| Untracked 
| 101|0x0000000708900000, 0x0000000708900000, 0x0000000708a00000|  0%| F|  |TAMS 0x0000000708900000, 0x0000000708900000| Untracked 
| 102|0x0000000708a00000, 0x0000000708a00000, 0x0000000708b00000|  0%| F|  |TAMS 0x0000000708a00000, 0x0000000708a00000| Untracked 
| 103|0x0000000708b00000, 0x0000000708be1318, 0x0000000708c00000| 87%| S|CS|TAMS 0x0000000708b00000, 0x0000000708b00000| Complete 
| 104|0x0000000708c00000, 0x0000000708d00000, 0x0000000708d00000|100%| S|CS|TAMS 0x0000000708c00000, 0x0000000708c00000| Complete 
| 105|0x0000000708d00000, 0x0000000708e00000, 0x0000000708e00000|100%| S|CS|TAMS 0x0000000708d00000, 0x0000000708d00000| Complete 
| 106|0x0000000708e00000, 0x0000000708f00000, 0x0000000708f00000|100%| S|CS|TAMS 0x0000000708e00000, 0x0000000708e00000| Complete 
| 107|0x0000000708f00000, 0x0000000709000000, 0x0000000709000000|100%| S|CS|TAMS 0x0000000708f00000, 0x0000000708f00000| Complete 
| 108|0x0000000709000000, 0x0000000709100000, 0x0000000709100000|100%| S|CS|TAMS 0x0000000709000000, 0x0000000709000000| Complete 
| 109|0x0000000709100000, 0x0000000709200000, 0x0000000709200000|100%| S|CS|TAMS 0x0000000709100000, 0x0000000709100000| Complete 
| 110|0x0000000709200000, 0x0000000709300000, 0x0000000709300000|100%| S|CS|TAMS 0x0000000709200000, 0x0000000709200000| Complete 
| 111|0x0000000709300000, 0x0000000709400000, 0x0000000709400000|100%| S|CS|TAMS 0x0000000709300000, 0x0000000709300000| Complete 
| 112|0x0000000709400000, 0x0000000709500000, 0x0000000709500000|100%| S|CS|TAMS 0x0000000709400000, 0x0000000709400000| Complete 
| 113|0x0000000709500000, 0x0000000709600000, 0x0000000709600000|100%| S|CS|TAMS 0x0000000709500000, 0x0000000709500000| Complete 
| 114|0x0000000709600000, 0x0000000709700000, 0x0000000709700000|100%| S|CS|TAMS 0x0000000709600000, 0x0000000709600000| Complete 
| 115|0x0000000709700000, 0x0000000709800000, 0x0000000709800000|100%| S|CS|TAMS 0x0000000709700000, 0x0000000709700000| Complete 
| 116|0x0000000709800000, 0x0000000709900000, 0x0000000709900000|100%| S|CS|TAMS 0x0000000709800000, 0x0000000709800000| Complete 
| 117|0x0000000709900000, 0x0000000709a00000, 0x0000000709a00000|100%| S|CS|TAMS 0x0000000709900000, 0x0000000709900000| Complete 
| 118|0x0000000709a00000, 0x0000000709b00000, 0x0000000709b00000|100%| S|CS|TAMS 0x0000000709a00000, 0x0000000709a00000| Complete 
| 119|0x0000000709b00000, 0x0000000709c00000, 0x0000000709c00000|100%| S|CS|TAMS 0x0000000709b00000, 0x0000000709b00000| Complete 
| 120|0x0000000709c00000, 0x0000000709d00000, 0x0000000709d00000|100%| S|CS|TAMS 0x0000000709c00000, 0x0000000709c00000| Complete 
| 121|0x0000000709d00000, 0x0000000709e00000, 0x0000000709e00000|100%| S|CS|TAMS 0x0000000709d00000, 0x0000000709d00000| Complete 
| 122|0x0000000709e00000, 0x0000000709e00000, 0x0000000709f00000|  0%| F|  |TAMS 0x0000000709e00000, 0x0000000709e00000| Untracked 
| 123|0x0000000709f00000, 0x0000000709f00000, 0x000000070a000000|  0%| F|  |TAMS 0x0000000709f00000, 0x0000000709f00000| Untracked 
| 124|0x000000070a000000, 0x000000070a000000, 0x000000070a100000|  0%| F|  |TAMS 0x000000070a000000, 0x000000070a000000| Untracked 
| 125|0x000000070a100000, 0x000000070a100000, 0x000000070a200000|  0%| F|  |TAMS 0x000000070a100000, 0x000000070a100000| Untracked 
| 126|0x000000070a200000, 0x000000070a200000, 0x000000070a300000|  0%| F|  |TAMS 0x000000070a200000, 0x000000070a200000| Untracked 
| 127|0x000000070a300000, 0x000000070a300000, 0x000000070a400000|  0%| F|  |TAMS 0x000000070a300000, 0x000000070a300000| Untracked 
| 128|0x000000070a400000, 0x000000070a400000, 0x000000070a500000|  0%| F|  |TAMS 0x000000070a400000, 0x000000070a400000| Untracked 
| 129|0x000000070a500000, 0x000000070a500000, 0x000000070a600000|  0%| F|  |TAMS 0x000000070a500000, 0x000000070a500000| Untracked 
| 130|0x000000070a600000, 0x000000070a600000, 0x000000070a700000|  0%| F|  |TAMS 0x000000070a600000, 0x000000070a600000| Untracked 
| 131|0x000000070a700000, 0x000000070a700000, 0x000000070a800000|  0%| F|  |TAMS 0x000000070a700000, 0x000000070a700000| Untracked 
| 132|0x000000070a800000, 0x000000070a800000, 0x000000070a900000|  0%| F|  |TAMS 0x000000070a800000, 0x000000070a800000| Untracked 
| 133|0x000000070a900000, 0x000000070a900000, 0x000000070aa00000|  0%| F|  |TAMS 0x000000070a900000, 0x000000070a900000| Untracked 
| 134|0x000000070aa00000, 0x000000070aa00000, 0x000000070ab00000|  0%| F|  |TAMS 0x000000070aa00000, 0x000000070aa00000| Untracked 
| 135|0x000000070ab00000, 0x000000070ab00000, 0x000000070ac00000|  0%| F|  |TAMS 0x000000070ab00000, 0x000000070ab00000| Untracked 
| 136|0x000000070ac00000, 0x000000070ac00000, 0x000000070ad00000|  0%| F|  |TAMS 0x000000070ac00000, 0x000000070ac00000| Untracked 
| 137|0x000000070ad00000, 0x000000070ad00000, 0x000000070ae00000|  0%| F|  |TAMS 0x000000070ad00000, 0x000000070ad00000| Untracked 
| 138|0x000000070ae00000, 0x000000070ae00000, 0x000000070af00000|  0%| F|  |TAMS 0x000000070ae00000, 0x000000070ae00000| Untracked 
| 139|0x000000070af00000, 0x000000070af00000, 0x000000070b000000|  0%| F|  |TAMS 0x000000070af00000, 0x000000070af00000| Untracked 
| 140|0x000000070b000000, 0x000000070b000000, 0x000000070b100000|  0%| F|  |TAMS 0x000000070b000000, 0x000000070b000000| Untracked 
| 141|0x000000070b100000, 0x000000070b100000, 0x000000070b200000|  0%| F|  |TAMS 0x000000070b100000, 0x000000070b100000| Untracked 
| 142|0x000000070b200000, 0x000000070b200000, 0x000000070b300000|  0%| F|  |TAMS 0x000000070b200000, 0x000000070b200000| Untracked 
| 143|0x000000070b300000, 0x000000070b300000, 0x000000070b400000|  0%| F|  |TAMS 0x000000070b300000, 0x000000070b300000| Untracked 
| 144|0x000000070b400000, 0x000000070b400000, 0x000000070b500000|  0%| F|  |TAMS 0x000000070b400000, 0x000000070b400000| Untracked 
| 145|0x000000070b500000, 0x000000070b500000, 0x000000070b600000|  0%| F|  |TAMS 0x000000070b500000, 0x000000070b500000| Untracked 
| 146|0x000000070b600000, 0x000000070b600000, 0x000000070b700000|  0%| F|  |TAMS 0x000000070b600000, 0x000000070b600000| Untracked 
| 147|0x000000070b700000, 0x000000070b700000, 0x000000070b800000|  0%| F|  |TAMS 0x000000070b700000, 0x000000070b700000| Untracked 
| 148|0x000000070b800000, 0x000000070b800000, 0x000000070b900000|  0%| F|  |TAMS 0x000000070b800000, 0x000000070b800000| Untracked 
| 149|0x000000070b900000, 0x000000070b900000, 0x000000070ba00000|  0%| F|  |TAMS 0x000000070b900000, 0x000000070b900000| Untracked 
| 150|0x000000070ba00000, 0x000000070ba00000, 0x000000070bb00000|  0%| F|  |TAMS 0x000000070ba00000, 0x000000070ba00000| Untracked 
| 151|0x000000070bb00000, 0x000000070bb00000, 0x000000070bc00000|  0%| F|  |TAMS 0x000000070bb00000, 0x000000070bb00000| Untracked 
| 152|0x000000070bc00000, 0x000000070bc00000, 0x000000070bd00000|  0%| F|  |TAMS 0x000000070bc00000, 0x000000070bc00000| Untracked 
| 153|0x000000070bd00000, 0x000000070bd00000, 0x000000070be00000|  0%| F|  |TAMS 0x000000070bd00000, 0x000000070bd00000| Untracked 
| 154|0x000000070be00000, 0x000000070be00000, 0x000000070bf00000|  0%| F|  |TAMS 0x000000070be00000, 0x000000070be00000| Untracked 
| 155|0x000000070bf00000, 0x000000070bf00000, 0x000000070c000000|  0%| F|  |TAMS 0x000000070bf00000, 0x000000070bf00000| Untracked 
| 156|0x000000070c000000, 0x000000070c000000, 0x000000070c100000|  0%| F|  |TAMS 0x000000070c000000, 0x000000070c000000| Untracked 
| 157|0x000000070c100000, 0x000000070c100000, 0x000000070c200000|  0%| F|  |TAMS 0x000000070c100000, 0x000000070c100000| Untracked 
| 158|0x000000070c200000, 0x000000070c200000, 0x000000070c300000|  0%| F|  |TAMS 0x000000070c200000, 0x000000070c200000| Untracked 
| 159|0x000000070c300000, 0x000000070c300000, 0x000000070c400000|  0%| F|  |TAMS 0x000000070c300000, 0x000000070c300000| Untracked 
| 160|0x000000070c400000, 0x000000070c400000, 0x000000070c500000|  0%| F|  |TAMS 0x000000070c400000, 0x000000070c400000| Untracked 
| 161|0x000000070c500000, 0x000000070c500000, 0x000000070c600000|  0%| F|  |TAMS 0x000000070c500000, 0x000000070c500000| Untracked 
| 162|0x000000070c600000, 0x000000070c600000, 0x000000070c700000|  0%| F|  |TAMS 0x000000070c600000, 0x000000070c600000| Untracked 
| 163|0x000000070c700000, 0x000000070c700000, 0x000000070c800000|  0%| F|  |TAMS 0x000000070c700000, 0x000000070c700000| Untracked 
| 164|0x000000070c800000, 0x000000070c800000, 0x000000070c900000|  0%| F|  |TAMS 0x000000070c800000, 0x000000070c800000| Untracked 
| 165|0x000000070c900000, 0x000000070c900000, 0x000000070ca00000|  0%| F|  |TAMS 0x000000070c900000, 0x000000070c900000| Untracked 
| 166|0x000000070ca00000, 0x000000070ca00000, 0x000000070cb00000|  0%| F|  |TAMS 0x000000070ca00000, 0x000000070ca00000| Untracked 
| 167|0x000000070cb00000, 0x000000070cb00000, 0x000000070cc00000|  0%| F|  |TAMS 0x000000070cb00000, 0x000000070cb00000| Untracked 
| 168|0x000000070cc00000, 0x000000070cc00000, 0x000000070cd00000|  0%| F|  |TAMS 0x000000070cc00000, 0x000000070cc00000| Untracked 
| 169|0x000000070cd00000, 0x000000070cd00000, 0x000000070ce00000|  0%| F|  |TAMS 0x000000070cd00000, 0x000000070cd00000| Untracked 
| 170|0x000000070ce00000, 0x000000070ce00000, 0x000000070cf00000|  0%| F|  |TAMS 0x000000070ce00000, 0x000000070ce00000| Untracked 
| 171|0x000000070cf00000, 0x000000070cf00000, 0x000000070d000000|  0%| F|  |TAMS 0x000000070cf00000, 0x000000070cf00000| Untracked 
| 172|0x000000070d000000, 0x000000070d000000, 0x000000070d100000|  0%| F|  |TAMS 0x000000070d000000, 0x000000070d000000| Untracked 
| 173|0x000000070d100000, 0x000000070d100000, 0x000000070d200000|  0%| F|  |TAMS 0x000000070d100000, 0x000000070d100000| Untracked 
| 174|0x000000070d200000, 0x000000070d200000, 0x000000070d300000|  0%| F|  |TAMS 0x000000070d200000, 0x000000070d200000| Untracked 
| 175|0x000000070d300000, 0x000000070d300000, 0x000000070d400000|  0%| F|  |TAMS 0x000000070d300000, 0x000000070d300000| Untracked 
| 176|0x000000070d400000, 0x000000070d400000, 0x000000070d500000|  0%| F|  |TAMS 0x000000070d400000, 0x000000070d400000| Untracked 
| 177|0x000000070d500000, 0x000000070d500000, 0x000000070d600000|  0%| F|  |TAMS 0x000000070d500000, 0x000000070d500000| Untracked 
| 178|0x000000070d600000, 0x000000070d600000, 0x000000070d700000|  0%| F|  |TAMS 0x000000070d600000, 0x000000070d600000| Untracked 
| 179|0x000000070d700000, 0x000000070d700000, 0x000000070d800000|  0%| F|  |TAMS 0x000000070d700000, 0x000000070d700000| Untracked 
| 180|0x000000070d800000, 0x000000070d800000, 0x000000070d900000|  0%| F|  |TAMS 0x000000070d800000, 0x000000070d800000| Untracked 
| 181|0x000000070d900000, 0x000000070d900000, 0x000000070da00000|  0%| F|  |TAMS 0x000000070d900000, 0x000000070d900000| Untracked 
| 182|0x000000070da00000, 0x000000070da00000, 0x000000070db00000|  0%| F|  |TAMS 0x000000070da00000, 0x000000070da00000| Untracked 
| 183|0x000000070db00000, 0x000000070db00000, 0x000000070dc00000|  0%| F|  |TAMS 0x000000070db00000, 0x000000070db00000| Untracked 
| 184|0x000000070dc00000, 0x000000070dc00000, 0x000000070dd00000|  0%| F|  |TAMS 0x000000070dc00000, 0x000000070dc00000| Untracked 
| 185|0x000000070dd00000, 0x000000070dd00000, 0x000000070de00000|  0%| F|  |TAMS 0x000000070dd00000, 0x000000070dd00000| Untracked 
| 186|0x000000070de00000, 0x000000070de00000, 0x000000070df00000|  0%| F|  |TAMS 0x000000070de00000, 0x000000070de00000| Untracked 
| 187|0x000000070df00000, 0x000000070df00000, 0x000000070e000000|  0%| F|  |TAMS 0x000000070df00000, 0x000000070df00000| Untracked 
| 188|0x000000070e000000, 0x000000070e000000, 0x000000070e100000|  0%| F|  |TAMS 0x000000070e000000, 0x000000070e000000| Untracked 
| 189|0x000000070e100000, 0x000000070e100000, 0x000000070e200000|  0%| F|  |TAMS 0x000000070e100000, 0x000000070e100000| Untracked 
| 190|0x000000070e200000, 0x000000070e200000, 0x000000070e300000|  0%| F|  |TAMS 0x000000070e200000, 0x000000070e200000| Untracked 
| 191|0x000000070e300000, 0x000000070e300000, 0x000000070e400000|  0%| F|  |TAMS 0x000000070e300000, 0x000000070e300000| Untracked 
| 192|0x000000070e400000, 0x000000070e400000, 0x000000070e500000|  0%| F|  |TAMS 0x000000070e400000, 0x000000070e400000| Untracked 
| 193|0x000000070e500000, 0x000000070e500000, 0x000000070e600000|  0%| F|  |TAMS 0x000000070e500000, 0x000000070e500000| Untracked 
| 194|0x000000070e600000, 0x000000070e600000, 0x000000070e700000|  0%| F|  |TAMS 0x000000070e600000, 0x000000070e600000| Untracked 
| 195|0x000000070e700000, 0x000000070e700000, 0x000000070e800000|  0%| F|  |TAMS 0x000000070e700000, 0x000000070e700000| Untracked 
| 196|0x000000070e800000, 0x000000070e800000, 0x000000070e900000|  0%| F|  |TAMS 0x000000070e800000, 0x000000070e800000| Untracked 
| 197|0x000000070e900000, 0x000000070e900000, 0x000000070ea00000|  0%| F|  |TAMS 0x000000070e900000, 0x000000070e900000| Untracked 
| 198|0x000000070ea00000, 0x000000070ea00000, 0x000000070eb00000|  0%| F|  |TAMS 0x000000070ea00000, 0x000000070ea00000| Untracked 
| 199|0x000000070eb00000, 0x000000070eb00000, 0x000000070ec00000|  0%| F|  |TAMS 0x000000070eb00000, 0x000000070eb00000| Untracked 
| 200|0x000000070ec00000, 0x000000070ec00000, 0x000000070ed00000|  0%| F|  |TAMS 0x000000070ec00000, 0x000000070ec00000| Untracked 
| 201|0x000000070ed00000, 0x000000070ed00000, 0x000000070ee00000|  0%| F|  |TAMS 0x000000070ed00000, 0x000000070ed00000| Untracked 
| 202|0x000000070ee00000, 0x000000070ee00000, 0x000000070ef00000|  0%| F|  |TAMS 0x000000070ee00000, 0x000000070ee00000| Untracked 
| 203|0x000000070ef00000, 0x000000070ef00000, 0x000000070f000000|  0%| F|  |TAMS 0x000000070ef00000, 0x000000070ef00000| Untracked 
| 204|0x000000070f000000, 0x000000070f000000, 0x000000070f100000|  0%| F|  |TAMS 0x000000070f000000, 0x000000070f000000| Untracked 
| 205|0x000000070f100000, 0x000000070f100000, 0x000000070f200000|  0%| F|  |TAMS 0x000000070f100000, 0x000000070f100000| Untracked 
| 206|0x000000070f200000, 0x000000070f200000, 0x000000070f300000|  0%| F|  |TAMS 0x000000070f200000, 0x000000070f200000| Untracked 
| 207|0x000000070f300000, 0x000000070f300000, 0x000000070f400000|  0%| F|  |TAMS 0x000000070f300000, 0x000000070f300000| Untracked 
| 208|0x000000070f400000, 0x000000070f400000, 0x000000070f500000|  0%| F|  |TAMS 0x000000070f400000, 0x000000070f400000| Untracked 
| 209|0x000000070f500000, 0x000000070f500000, 0x000000070f600000|  0%| F|  |TAMS 0x000000070f500000, 0x000000070f500000| Untracked 
| 210|0x000000070f600000, 0x000000070f600000, 0x000000070f700000|  0%| F|  |TAMS 0x000000070f600000, 0x000000070f600000| Untracked 
| 211|0x000000070f700000, 0x000000070f700000, 0x000000070f800000|  0%| F|  |TAMS 0x000000070f700000, 0x000000070f700000| Untracked 
| 212|0x000000070f800000, 0x000000070f800000, 0x000000070f900000|  0%| F|  |TAMS 0x000000070f800000, 0x000000070f800000| Untracked 
| 213|0x000000070f900000, 0x000000070f900000, 0x000000070fa00000|  0%| F|  |TAMS 0x000000070f900000, 0x000000070f900000| Untracked 
| 214|0x000000070fa00000, 0x000000070fa00000, 0x000000070fb00000|  0%| F|  |TAMS 0x000000070fa00000, 0x000000070fa00000| Untracked 
| 215|0x000000070fb00000, 0x000000070fb00000, 0x000000070fc00000|  0%| F|  |TAMS 0x000000070fb00000, 0x000000070fb00000| Untracked 
| 216|0x000000070fc00000, 0x000000070fc00000, 0x000000070fd00000|  0%| F|  |TAMS 0x000000070fc00000, 0x000000070fc00000| Untracked 
| 217|0x000000070fd00000, 0x000000070fd00000, 0x000000070fe00000|  0%| F|  |TAMS 0x000000070fd00000, 0x000000070fd00000| Untracked 
| 218|0x000000070fe00000, 0x000000070fe00000, 0x000000070ff00000|  0%| F|  |TAMS 0x000000070fe00000, 0x000000070fe00000| Untracked 
| 219|0x000000070ff00000, 0x000000070ff00000, 0x0000000710000000|  0%| F|  |TAMS 0x000000070ff00000, 0x000000070ff00000| Untracked 
| 220|0x0000000710000000, 0x0000000710000000, 0x0000000710100000|  0%| F|  |TAMS 0x0000000710000000, 0x0000000710000000| Untracked 
| 221|0x0000000710100000, 0x0000000710100000, 0x0000000710200000|  0%| F|  |TAMS 0x0000000710100000, 0x0000000710100000| Untracked 
| 222|0x0000000710200000, 0x0000000710200000, 0x0000000710300000|  0%| F|  |TAMS 0x0000000710200000, 0x0000000710200000| Untracked 
| 223|0x0000000710300000, 0x0000000710300000, 0x0000000710400000|  0%| F|  |TAMS 0x0000000710300000, 0x0000000710300000| Untracked 
| 224|0x0000000710400000, 0x0000000710400000, 0x0000000710500000|  0%| F|  |TAMS 0x0000000710400000, 0x0000000710400000| Untracked 
| 225|0x0000000710500000, 0x0000000710500000, 0x0000000710600000|  0%| F|  |TAMS 0x0000000710500000, 0x0000000710500000| Untracked 
| 226|0x0000000710600000, 0x0000000710600000, 0x0000000710700000|  0%| F|  |TAMS 0x0000000710600000, 0x0000000710600000| Untracked 
| 227|0x0000000710700000, 0x0000000710700000, 0x0000000710800000|  0%| F|  |TAMS 0x0000000710700000, 0x0000000710700000| Untracked 
| 228|0x0000000710800000, 0x0000000710800000, 0x0000000710900000|  0%| F|  |TAMS 0x0000000710800000, 0x0000000710800000| Untracked 
| 229|0x0000000710900000, 0x0000000710900000, 0x0000000710a00000|  0%| F|  |TAMS 0x0000000710900000, 0x0000000710900000| Untracked 
| 230|0x0000000710a00000, 0x0000000710a00000, 0x0000000710b00000|  0%| F|  |TAMS 0x0000000710a00000, 0x0000000710a00000| Untracked 
| 231|0x0000000710b00000, 0x0000000710b00000, 0x0000000710c00000|  0%| F|  |TAMS 0x0000000710b00000, 0x0000000710b00000| Untracked 
| 232|0x0000000710c00000, 0x0000000710c00000, 0x0000000710d00000|  0%| F|  |TAMS 0x0000000710c00000, 0x0000000710c00000| Untracked 
| 233|0x0000000710d00000, 0x0000000710d00000, 0x0000000710e00000|  0%| F|  |TAMS 0x0000000710d00000, 0x0000000710d00000| Untracked 
| 234|0x0000000710e00000, 0x0000000710e00000, 0x0000000710f00000|  0%| F|  |TAMS 0x0000000710e00000, 0x0000000710e00000| Untracked 
| 235|0x0000000710f00000, 0x0000000710f00000, 0x0000000711000000|  0%| F|  |TAMS 0x0000000710f00000, 0x0000000710f00000| Untracked 
| 236|0x0000000711000000, 0x0000000711000000, 0x0000000711100000|  0%| F|  |TAMS 0x0000000711000000, 0x0000000711000000| Untracked 
| 237|0x0000000711100000, 0x0000000711100000, 0x0000000711200000|  0%| F|  |TAMS 0x0000000711100000, 0x0000000711100000| Untracked 
| 238|0x0000000711200000, 0x0000000711200000, 0x0000000711300000|  0%| F|  |TAMS 0x0000000711200000, 0x0000000711200000| Untracked 
| 239|0x0000000711300000, 0x0000000711300000, 0x0000000711400000|  0%| F|  |TAMS 0x0000000711300000, 0x0000000711300000| Untracked 
| 240|0x0000000711400000, 0x0000000711400000, 0x0000000711500000|  0%| F|  |TAMS 0x0000000711400000, 0x0000000711400000| Untracked 
| 241|0x0000000711500000, 0x0000000711500000, 0x0000000711600000|  0%| F|  |TAMS 0x0000000711500000, 0x0000000711500000| Untracked 
| 242|0x0000000711600000, 0x0000000711600000, 0x0000000711700000|  0%| F|  |TAMS 0x0000000711600000, 0x0000000711600000| Untracked 
| 243|0x0000000711700000, 0x0000000711700000, 0x0000000711800000|  0%| F|  |TAMS 0x0000000711700000, 0x0000000711700000| Untracked 
| 244|0x0000000711800000, 0x0000000711800000, 0x0000000711900000|  0%| F|  |TAMS 0x0000000711800000, 0x0000000711800000| Untracked 
| 245|0x0000000711900000, 0x0000000711900000, 0x0000000711a00000|  0%| F|  |TAMS 0x0000000711900000, 0x0000000711900000| Untracked 
| 246|0x0000000711a00000, 0x0000000711a00000, 0x0000000711b00000|  0%| F|  |TAMS 0x0000000711a00000, 0x0000000711a00000| Untracked 
| 247|0x0000000711b00000, 0x0000000711b00000, 0x0000000711c00000|  0%| F|  |TAMS 0x0000000711b00000, 0x0000000711b00000| Untracked 
| 248|0x0000000711c00000, 0x0000000711c00000, 0x0000000711d00000|  0%| F|  |TAMS 0x0000000711c00000, 0x0000000711c00000| Untracked 
| 249|0x0000000711d00000, 0x0000000711d00000, 0x0000000711e00000|  0%| F|  |TAMS 0x0000000711d00000, 0x0000000711d00000| Untracked 
| 250|0x0000000711e00000, 0x0000000711e00000, 0x0000000711f00000|  0%| F|  |TAMS 0x0000000711e00000, 0x0000000711e00000| Untracked 
| 251|0x0000000711f00000, 0x0000000711f00000, 0x0000000712000000|  0%| F|  |TAMS 0x0000000711f00000, 0x0000000711f00000| Untracked 
| 252|0x0000000712000000, 0x0000000712000000, 0x0000000712100000|  0%| F|  |TAMS 0x0000000712000000, 0x0000000712000000| Untracked 
| 253|0x0000000712100000, 0x0000000712100000, 0x0000000712200000|  0%| F|  |TAMS 0x0000000712100000, 0x0000000712100000| Untracked 
| 254|0x0000000712200000, 0x0000000712200000, 0x0000000712300000|  0%| F|  |TAMS 0x0000000712200000, 0x0000000712200000| Untracked 
| 255|0x0000000712300000, 0x0000000712300000, 0x0000000712400000|  0%| F|  |TAMS 0x0000000712300000, 0x0000000712300000| Untracked 
| 256|0x0000000712400000, 0x0000000712400000, 0x0000000712500000|  0%| F|  |TAMS 0x0000000712400000, 0x0000000712400000| Untracked 
| 257|0x0000000712500000, 0x0000000712500000, 0x0000000712600000|  0%| F|  |TAMS 0x0000000712500000, 0x0000000712500000| Untracked 
| 258|0x0000000712600000, 0x0000000712600000, 0x0000000712700000|  0%| F|  |TAMS 0x0000000712600000, 0x0000000712600000| Untracked 
| 259|0x0000000712700000, 0x0000000712700000, 0x0000000712800000|  0%| F|  |TAMS 0x0000000712700000, 0x0000000712700000| Untracked 
| 260|0x0000000712800000, 0x0000000712800000, 0x0000000712900000|  0%| F|  |TAMS 0x0000000712800000, 0x0000000712800000| Untracked 
| 261|0x0000000712900000, 0x0000000712900000, 0x0000000712a00000|  0%| F|  |TAMS 0x0000000712900000, 0x0000000712900000| Untracked 
| 262|0x0000000712a00000, 0x0000000712a00000, 0x0000000712b00000|  0%| F|  |TAMS 0x0000000712a00000, 0x0000000712a00000| Untracked 
| 263|0x0000000712b00000, 0x0000000712b00000, 0x0000000712c00000|  0%| F|  |TAMS 0x0000000712b00000, 0x0000000712b00000| Untracked 
| 264|0x0000000712c00000, 0x0000000712c00000, 0x0000000712d00000|  0%| F|  |TAMS 0x0000000712c00000, 0x0000000712c00000| Untracked 
| 265|0x0000000712d00000, 0x0000000712d00000, 0x0000000712e00000|  0%| F|  |TAMS 0x0000000712d00000, 0x0000000712d00000| Untracked 
| 266|0x0000000712e00000, 0x0000000712e00000, 0x0000000712f00000|  0%| F|  |TAMS 0x0000000712e00000, 0x0000000712e00000| Untracked 
| 267|0x0000000712f00000, 0x0000000712f00000, 0x0000000713000000|  0%| F|  |TAMS 0x0000000712f00000, 0x0000000712f00000| Untracked 
| 268|0x0000000713000000, 0x0000000713000000, 0x0000000713100000|  0%| F|  |TAMS 0x0000000713000000, 0x0000000713000000| Untracked 
| 269|0x0000000713100000, 0x0000000713100000, 0x0000000713200000|  0%| F|  |TAMS 0x0000000713100000, 0x0000000713100000| Untracked 
| 270|0x0000000713200000, 0x0000000713200000, 0x0000000713300000|  0%| F|  |TAMS 0x0000000713200000, 0x0000000713200000| Untracked 
| 271|0x0000000713300000, 0x0000000713300000, 0x0000000713400000|  0%| F|  |TAMS 0x0000000713300000, 0x0000000713300000| Untracked 
| 272|0x0000000713400000, 0x0000000713400000, 0x0000000713500000|  0%| F|  |TAMS 0x0000000713400000, 0x0000000713400000| Untracked 
| 273|0x0000000713500000, 0x0000000713500000, 0x0000000713600000|  0%| F|  |TAMS 0x0000000713500000, 0x0000000713500000| Untracked 
| 274|0x0000000713600000, 0x0000000713600000, 0x0000000713700000|  0%| F|  |TAMS 0x0000000713600000, 0x0000000713600000| Untracked 
| 275|0x0000000713700000, 0x0000000713700000, 0x0000000713800000|  0%| F|  |TAMS 0x0000000713700000, 0x0000000713700000| Untracked 
| 276|0x0000000713800000, 0x0000000713800000, 0x0000000713900000|  0%| F|  |TAMS 0x0000000713800000, 0x0000000713800000| Untracked 
| 277|0x0000000713900000, 0x0000000713900000, 0x0000000713a00000|  0%| F|  |TAMS 0x0000000713900000, 0x0000000713900000| Untracked 
| 278|0x0000000713a00000, 0x0000000713a00000, 0x0000000713b00000|  0%| F|  |TAMS 0x0000000713a00000, 0x0000000713a00000| Untracked 
| 279|0x0000000713b00000, 0x0000000713b00000, 0x0000000713c00000|  0%| F|  |TAMS 0x0000000713b00000, 0x0000000713b00000| Untracked 
| 280|0x0000000713c00000, 0x0000000713c00000, 0x0000000713d00000|  0%| F|  |TAMS 0x0000000713c00000, 0x0000000713c00000| Untracked 
| 281|0x0000000713d00000, 0x0000000713d00000, 0x0000000713e00000|  0%| F|  |TAMS 0x0000000713d00000, 0x0000000713d00000| Untracked 
| 282|0x0000000713e00000, 0x0000000713e00000, 0x0000000713f00000|  0%| F|  |TAMS 0x0000000713e00000, 0x0000000713e00000| Untracked 
| 283|0x0000000713f00000, 0x0000000713f00000, 0x0000000714000000|  0%| F|  |TAMS 0x0000000713f00000, 0x0000000713f00000| Untracked 
| 284|0x0000000714000000, 0x0000000714000000, 0x0000000714100000|  0%| F|  |TAMS 0x0000000714000000, 0x0000000714000000| Untracked 
| 285|0x0000000714100000, 0x0000000714100000, 0x0000000714200000|  0%| F|  |TAMS 0x0000000714100000, 0x0000000714100000| Untracked 
| 286|0x0000000714200000, 0x000000071423e9e0, 0x0000000714300000| 24%| E|  |TAMS 0x0000000714200000, 0x0000000714200000| Complete 
| 287|0x0000000714300000, 0x0000000714400000, 0x0000000714400000|100%| E|CS|TAMS 0x0000000714300000, 0x0000000714300000| Complete 
| 288|0x0000000714400000, 0x0000000714500000, 0x0000000714500000|100%| E|CS|TAMS 0x0000000714400000, 0x0000000714400000| Complete 
| 289|0x0000000714500000, 0x0000000714600000, 0x0000000714600000|100%| E|CS|TAMS 0x0000000714500000, 0x0000000714500000| Complete 
| 290|0x0000000714600000, 0x0000000714700000, 0x0000000714700000|100%| E|CS|TAMS 0x0000000714600000, 0x0000000714600000| Complete 
| 291|0x0000000714700000, 0x0000000714800000, 0x0000000714800000|100%| E|  |TAMS 0x0000000714700000, 0x0000000714700000| Complete 
| 292|0x0000000714800000, 0x0000000714900000, 0x0000000714900000|100%| E|CS|TAMS 0x0000000714800000, 0x0000000714800000| Complete 
| 293|0x0000000714900000, 0x0000000714a00000, 0x0000000714a00000|100%| E|CS|TAMS 0x0000000714900000, 0x0000000714900000| Complete 
| 294|0x0000000714a00000, 0x0000000714b00000, 0x0000000714b00000|100%| E|CS|TAMS 0x0000000714a00000, 0x0000000714a00000| Complete 
| 295|0x0000000714b00000, 0x0000000714c00000, 0x0000000714c00000|100%| E|CS|TAMS 0x0000000714b00000, 0x0000000714b00000| Complete 
| 296|0x0000000714c00000, 0x0000000714d00000, 0x0000000714d00000|100%| E|CS|TAMS 0x0000000714c00000, 0x0000000714c00000| Complete 
| 297|0x0000000714d00000, 0x0000000714e00000, 0x0000000714e00000|100%| E|CS|TAMS 0x0000000714d00000, 0x0000000714d00000| Complete 
| 298|0x0000000714e00000, 0x0000000714f00000, 0x0000000714f00000|100%| E|CS|TAMS 0x0000000714e00000, 0x0000000714e00000| Complete 
| 299|0x0000000714f00000, 0x0000000715000000, 0x0000000715000000|100%| E|CS|TAMS 0x0000000714f00000, 0x0000000714f00000| Complete 
| 300|0x0000000715000000, 0x0000000715100000, 0x0000000715100000|100%| E|CS|TAMS 0x0000000715000000, 0x0000000715000000| Complete 
| 301|0x0000000715100000, 0x0000000715200000, 0x0000000715200000|100%| E|CS|TAMS 0x0000000715100000, 0x0000000715100000| Complete 
| 302|0x0000000715200000, 0x0000000715300000, 0x0000000715300000|100%| E|CS|TAMS 0x0000000715200000, 0x0000000715200000| Complete 
| 303|0x0000000715300000, 0x0000000715400000, 0x0000000715400000|100%| E|CS|TAMS 0x0000000715300000, 0x0000000715300000| Complete 
| 304|0x0000000715400000, 0x0000000715500000, 0x0000000715500000|100%| E|CS|TAMS 0x0000000715400000, 0x0000000715400000| Complete 

Card table byte_map: [0x000001aa984f0000,0x000001aa98ce0000] _byte_map_base: 0x000001aa94cde000

Marking Bits (Prev, Next): (CMBitMap*) 0x000001aaffc70810, (CMBitMap*) 0x000001aaffc707d8
 Prev Bits: [0x000001aa9d440000, 0x000001aaa13b0000)
 Next Bits: [0x000001aa994d0000, 0x000001aa9d440000)

Polling page: 0x000001aaffce0000

Metaspace:

Usage:
  Non-class:     68.67 MB capacity,    67.54 MB ( 98%) used,   905.19 KB (  1%) free+waste,   251.94 KB ( <1%) overhead. 
      Class:     10.61 MB capacity,     9.84 MB ( 93%) used,   669.45 KB (  6%) free+waste,   117.56 KB (  1%) overhead. 
       Both:     79.28 MB capacity,    77.38 MB ( 98%) used,     1.54 MB (  2%) free+waste,   369.50 KB ( <1%) overhead. 

Virtual space:
  Non-class space:       70.00 MB reserved,      68.75 MB ( 98%) committed 
      Class space:        1.00 GB reserved,      10.63 MB (  1%) committed 
             Both:        1.07 GB reserved,      79.38 MB (  7%) committed 

Chunk freelists:
   Non-Class:  17.00 KB
       Class:  17.00 KB
        Both:  34.00 KB

MaxMetaspaceSize: 17179869184.00 GB
CompressedClassSpaceSize: 1.00 GB

CodeHeap 'non-profiled nmethods': size=120000Kb used=5312Kb max_used=5312Kb free=114687Kb
 bounds [0x000001aa90060000, 0x000001aa905a0000, 0x000001aa97590000]
CodeHeap 'profiled nmethods': size=120000Kb used=15077Kb max_used=15077Kb free=104922Kb
 bounds [0x000001aa88b30000, 0x000001aa899f0000, 0x000001aa90060000]
CodeHeap 'non-nmethods': size=5760Kb used=1274Kb max_used=1321Kb free=4485Kb
 bounds [0x000001aa88590000, 0x000001aa88800000, 0x000001aa88b30000]
 total_blobs=7747 nmethods=7097 adapters=560
 compilation: enabled
              stopped_count=0, restarted_count=0
 full_count=0

Compilation events (20 events):
Event: 195.682 Thread 0x000001aaa4841000 7353       3       java.util.concurrent.ScheduledThreadPoolExecutor$DelayedWorkQueue::siftUp (64 bytes)
Event: 195.682 Thread 0x000001aaa4841000 nmethod 7353 0x000001aa899e1a10 code [0x000001aa899e1c40, 0x000001aa899e2848]
Event: 195.807 Thread 0x000001aaa4841000 7354       3       java.util.concurrent.locks.ReentrantReadWriteLock$ReadLock::unlock (10 bytes)
Event: 195.807 Thread 0x000001aaa4841000 nmethod 7354 0x000001aa899e2b90 code [0x000001aa899e2d60, 0x000001aa899e3018]
Event: 195.807 Thread 0x000001aaa4841000 7355       3       java.util.concurrent.locks.ReentrantReadWriteLock$Sync::tryReleaseShared (146 bytes)
Event: 195.808 Thread 0x000001aaa4841000 nmethod 7355 0x000001aa899e3110 code [0x000001aa899e33e0, 0x000001aa899e43a8]
Event: 197.034 Thread 0x000001aaa4841000 7356       3       java.util.concurrent.ThreadPoolExecutor::afterExecute (1 bytes)
Event: 197.035 Thread 0x000001aaa4841000 nmethod 7356 0x000001aa899e4990 code [0x000001aa899e4b40, 0x000001aa899e4c38]
Event: 199.208 Thread 0x000001aaa4841000 7357       3       sun.nio.ch.WindowsSelectorImpl$SubSelector::processSelectedKeys (75 bytes)
Event: 199.209 Thread 0x000001aaa4841000 nmethod 7357 0x000001aa899e4d10 code [0x000001aa899e4ee0, 0x000001aa899e5108]
Event: 200.038 Thread 0x000001aaa4841000 7358       3       java.util.concurrent.locks.AbstractQueuedSynchronizer$ConditionObject::await (98 bytes)
Event: 200.040 Thread 0x000001aaa4841000 nmethod 7358 0x000001aa899e5210 code [0x000001aa899e5540, 0x000001aa899e6758]
Event: 205.045 Thread 0x000001aaa4841000 7360   !   3       java.util.concurrent.ScheduledThreadPoolExecutor$DelayedWorkQueue::take (203 bytes)
Event: 205.046 Thread 0x000001aaa4841000 nmethod 7360 0x000001aa899e6e10 code [0x000001aa899e71a0, 0x000001aa899e8848]
Event: 205.046 Thread 0x000001aaa4841000 7359       3       java.util.concurrent.ScheduledThreadPoolExecutor$DelayedWorkQueue::take (5 bytes)
Event: 205.046 Thread 0x000001aaa4841000 nmethod 7359 0x000001aa899e9290 code [0x000001aa899e9440, 0x000001aa899e9588]
Event: 206.039 Thread 0x000001aaa4841000 7361       3       java.util.concurrent.ScheduledThreadPoolExecutor$ScheduledFutureTask::run (57 bytes)
Event: 206.039 Thread 0x000001aaa4832800 7363       4       java.util.concurrent.locks.ReentrantLock::lock (9 bytes)
Event: 206.039 Thread 0x000001aaa4841000 nmethod 7361 0x000001aa899e9610 code [0x000001aa899e9840, 0x000001aa899e9c98]
Event: 206.039 Thread 0x000001aaa4841000 7362   !   3       java.util.concurrent.FutureTask::runAndReset (125 bytes)

GC Heap History (16 events):
Event: 0.729 GC heap before
{Heap before GC invocations=0 (full 0):
 garbage-first heap   total 260096K, used 24576K [0x0000000702400000, 0x0000000800000000)
  region size 1024K, 24 young (24576K), 0 survivors (0K)
 Metaspace       used 12111K, capacity 12380K, committed 12544K, reserved 1060864K
  class space    used 1188K, capacity 1255K, committed 1280K, reserved 1048576K
}
Event: 0.733 GC heap after
{Heap after GC invocations=1 (full 0):
 garbage-first heap   total 260096K, used 6798K [0x0000000702400000, 0x0000000800000000)
  region size 1024K, 3 young (3072K), 3 survivors (3072K)
 Metaspace       used 12111K, capacity 12380K, committed 12544K, reserved 1060864K
  class space    used 1188K, capacity 1255K, committed 1280K, reserved 1048576K
}
Event: 1.355 GC heap before
{Heap before GC invocations=1 (full 0):
 garbage-first heap   total 260096K, used 54926K [0x0000000702400000, 0x0000000800000000)
  region size 1024K, 51 young (52224K), 3 survivors (3072K)
 Metaspace       used 20797K, capacity 21206K, committed 21248K, reserved 1069056K
  class space    used 2389K, capacity 2546K, committed 2560K, reserved 1048576K
}
Event: 1.361 GC heap after
{Heap after GC invocations=2 (full 0):
 garbage-first heap   total 260096K, used 9148K [0x0000000702400000, 0x0000000800000000)
  region size 1024K, 6 young (6144K), 6 survivors (6144K)
 Metaspace       used 20797K, capacity 21206K, committed 21248K, reserved 1069056K
  class space    used 2389K, capacity 2546K, committed 2560K, reserved 1048576K
}
Event: 2.066 GC heap before
{Heap before GC invocations=3 (full 0):
 garbage-first heap   total 260096K, used 59324K [0x0000000702400000, 0x0000000800000000)
  region size 1024K, 55 young (56320K), 6 survivors (6144K)
 Metaspace       used 27907K, capacity 28503K, committed 28672K, reserved 1075200K
  class space    used 3276K, capacity 3533K, committed 3584K, reserved 1048576K
}
Event: 2.073 GC heap after
{Heap after GC invocations=4 (full 0):
 garbage-first heap   total 260096K, used 11344K [0x0000000702400000, 0x0000000800000000)
  region size 1024K, 5 young (5120K), 5 survivors (5120K)
 Metaspace       used 27907K, capacity 28503K, committed 28672K, reserved 1075200K
  class space    used 3276K, capacity 3533K, committed 3584K, reserved 1048576K
}
Event: 2.620 GC heap before
{Heap before GC invocations=4 (full 0):
 garbage-first heap   total 260096K, used 117840K [0x0000000702400000, 0x0000000800000000)
  region size 1024K, 110 young (112640K), 5 survivors (5120K)
 Metaspace       used 29737K, capacity 30421K, committed 30720K, reserved 1077248K
  class space    used 3461K, capacity 3734K, committed 3840K, reserved 1048576K
}
Event: 2.625 GC heap after
{Heap after GC invocations=5 (full 0):
 garbage-first heap   total 260096K, used 13065K [0x0000000702400000, 0x0000000800000000)
  region size 1024K, 6 young (6144K), 6 survivors (6144K)
 Metaspace       used 29737K, capacity 30421K, committed 30720K, reserved 1077248K
  class space    used 3461K, capacity 3734K, committed 3840K, reserved 1048576K
}
Event: 3.765 GC heap before
{Heap before GC invocations=5 (full 0):
 garbage-first heap   total 260096K, used 61193K [0x0000000702400000, 0x0000000800000000)
  region size 1024K, 54 young (55296K), 6 survivors (6144K)
 Metaspace       used 34729K, capacity 35494K, committed 35584K, reserved 1081344K
  class space    used 4160K, capacity 4520K, committed 4608K, reserved 1048576K
}
Event: 3.774 GC heap after
{Heap after GC invocations=6 (full 0):
 garbage-first heap   total 260096K, used 14619K [0x0000000702400000, 0x0000000800000000)
  region size 1024K, 8 young (8192K), 8 survivors (8192K)
 Metaspace       used 34729K, capacity 35494K, committed 35584K, reserved 1081344K
  class space    used 4160K, capacity 4520K, committed 4608K, reserved 1048576K
}
Event: 5.972 GC heap before
{Heap before GC invocations=7 (full 0):
 garbage-first heap   total 260096K, used 149787K [0x0000000702400000, 0x0000000800000000)
  region size 1024K, 141 young (144384K), 8 survivors (8192K)
 Metaspace       used 48596K, capacity 49808K, committed 49920K, reserved 1093632K
  class space    used 5863K, capacity 6345K, committed 6400K, reserved 1048576K
}
Event: 5.984 GC heap after
{Heap after GC invocations=8 (full 0):
 garbage-first heap   total 312320K, used 20404K [0x0000000702400000, 0x0000000800000000)
  region size 1024K, 14 young (14336K), 14 survivors (14336K)
 Metaspace       used 48596K, capacity 49808K, committed 49920K, reserved 1093632K
  class space    used 5863K, capacity 6345K, committed 6400K, reserved 1048576K
}
Event: 6.888 GC heap before
{Heap before GC invocations=8 (full 0):
 garbage-first heap   total 312320K, used 75700K [0x0000000702400000, 0x0000000800000000)
  region size 1024K, 69 young (70656K), 14 survivors (14336K)
 Metaspace       used 58203K, capacity 59583K, committed 59648K, reserved 1101824K
  class space    used 7332K, capacity 7888K, committed 7936K, reserved 1048576K
}
Event: 6.905 GC heap after
{Heap after GC invocations=9 (full 0):
 garbage-first heap   total 312320K, used 22895K [0x0000000702400000, 0x0000000800000000)
  region size 1024K, 14 young (14336K), 14 survivors (14336K)
 Metaspace       used 58203K, capacity 59583K, committed 59648K, reserved 1101824K
  class space    used 7332K, capacity 7888K, committed 7936K, reserved 1048576K
}
Event: 13.831 GC heap before
{Heap before GC invocations=10 (full 0):
 garbage-first heap   total 312320K, used 194927K [0x0000000702400000, 0x0000000800000000)
  region size 1024K, 183 young (187392K), 14 survivors (14336K)
 Metaspace       used 77142K, capacity 79094K, committed 79232K, reserved 1118208K
  class space    used 9838K, capacity 10598K, committed 10624K, reserved 1048576K
}
Event: 13.846 GC heap after
{Heap after GC invocations=11 (full 0):
 garbage-first heap   total 312320K, used 29801K [0x0000000702400000, 0x0000000800000000)
  region size 1024K, 19 young (19456K), 19 survivors (19456K)
 Metaspace       used 77142K, capacity 79094K, committed 79232K, reserved 1118208K
  class space    used 9838K, capacity 10598K, committed 10624K, reserved 1048576K
}

Deoptimization events (20 events):
Event: 14.277 Thread 0x000001aaab234000 DEOPT PACKING pc=0x000001aa904cfc5c sp=0x0000001c357fdc70
Event: 14.277 Thread 0x000001aaab234000 DEOPT UNPACKING pc=0x000001aa885b772f sp=0x0000001c357fdb98 mode 2
Event: 14.454 Thread 0x000001aaab234800 DEOPT PACKING pc=0x000001aa88b87d4b sp=0x0000001c359fc5b0
Event: 14.454 Thread 0x000001aaab234800 DEOPT UNPACKING pc=0x000001aa885b754e sp=0x0000001c359fbaf0 mode 0
Event: 14.456 Thread 0x000001aaab234800 DEOPT PACKING pc=0x000001aa88b89bae sp=0x0000001c359fcac0
Event: 14.456 Thread 0x000001aaab234800 DEOPT UNPACKING pc=0x000001aa885b754e sp=0x0000001c359fbf30 mode 0
Event: 14.470 Thread 0x000001aaab234800 Uncommon trap: trap_request=0xffffffc6 fr.pc=0x000001aa904a75f0 relative=0x00000000000044d0
Event: 14.470 Thread 0x000001aaab234800 Uncommon trap: reason=bimorphic_or_optimized_type_check action=maybe_recompile pc=0x000001aa904a75f0 method=org.springframework.core.annotation.AnnotationsScanner.processMethodAnnotations(Ljava/lang/Object;ILjava/lang/reflect/Method;Lorg/springframework/c
Event: 14.470 Thread 0x000001aaab234800 DEOPT PACKING pc=0x000001aa904a75f0 sp=0x0000001c359fbc40
Event: 14.470 Thread 0x000001aaab234800 DEOPT UNPACKING pc=0x000001aa885b772f sp=0x0000001c359fbcb0 mode 2
Event: 21.140 Thread 0x000001aaabb8f000 Uncommon trap: trap_request=0xffffffc6 fr.pc=0x000001aa904a75f0 relative=0x00000000000044d0
Event: 21.140 Thread 0x000001aaabb8f000 Uncommon trap: reason=bimorphic_or_optimized_type_check action=maybe_recompile pc=0x000001aa904a75f0 method=org.springframework.core.annotation.AnnotationsScanner.processMethodAnnotations(Ljava/lang/Object;ILjava/lang/reflect/Method;Lorg/springframework/c
Event: 21.140 Thread 0x000001aaabb8f000 DEOPT PACKING pc=0x000001aa904a75f0 sp=0x0000001c35afb520
Event: 21.140 Thread 0x000001aaabb8f000 DEOPT UNPACKING pc=0x000001aa885b772f sp=0x0000001c35afb590 mode 2
Event: 21.318 Thread 0x000001aaabb91000 Uncommon trap: trap_request=0xffffffc6 fr.pc=0x000001aa904a75f0 relative=0x00000000000044d0
Event: 21.318 Thread 0x000001aaabb91000 Uncommon trap: reason=bimorphic_or_optimized_type_check action=maybe_recompile pc=0x000001aa904a75f0 method=org.springframework.core.annotation.AnnotationsScanner.processMethodAnnotations(Ljava/lang/Object;ILjava/lang/reflect/Method;Lorg/springframework/c
Event: 21.318 Thread 0x000001aaabb91000 DEOPT PACKING pc=0x000001aa904a75f0 sp=0x0000001c35bfba70
Event: 21.318 Thread 0x000001aaabb91000 DEOPT UNPACKING pc=0x000001aa885b772f sp=0x0000001c35bfbae0 mode 2
Event: 29.680 Thread 0x000001aaabb90000 DEOPT PACKING pc=0x000001aa8983e867 sp=0x0000001c35dfbb40
Event: 29.680 Thread 0x000001aaabb90000 DEOPT UNPACKING pc=0x000001aa885b754e sp=0x0000001c35dfb0c8 mode 0

Classes redefined (0 events):
No events

Internal exceptions (20 events):
Event: 8.896 Thread 0x000001aaffc0d000 Exception <a 'java/lang/IncompatibleClassChangeError'{0x000000070cd5c990}: Found class java.lang.Object, but interface was expected> (0x000000070cd5c990) thrown at [./src/hotspot/share/interpreter/linkResolver.cpp, line 839]
Event: 8.897 Thread 0x000001aaffc0d000 Exception <a 'java/lang/ClassNotFoundException'{0x000000070cd6d360}: java/lang/ObjectCustomizer> (0x000000070cd6d360) thrown at [./src/hotspot/share/classfile/systemDictionary.cpp, line 231]
Event: 8.898 Thread 0x000001aaffc0d000 Exception <a 'java/lang/ClassNotFoundException'{0x000000070cd83958}: org/springframework/boot/actuate/autoconfigure/metrics/orm/jpa/HibernateMetricsAutoConfigurationCustomizer> (0x000000070cd83958) thrown at [./src/hotspot/share/classfile/systemDictionary.cpp, line 231]
Event: 8.914 Thread 0x000001aaffc0d000 Implicit null exception at 0x000001aa901a405a to 0x000001aa901a429c
Event: 8.981 Thread 0x000001aaffc0d000 Exception <a 'java/lang/IncompatibleClassChangeError'{0x000000070c60c180}: Found class java.lang.Object, but interface was expected> (0x000000070c60c180) thrown at [./src/hotspot/share/interpreter/linkResolver.cpp, line 839]
Event: 9.055 Thread 0x000001aaffc0d000 Exception <a 'java/lang/reflect/InvocationTargetException'{0x000000070bc66e48}> (0x000000070bc66e48) thrown at [./src/hotspot/share/runtime/reflection.cpp, line 1247]
Event: 9.090 Thread 0x000001aaffc0d000 Exception <a 'java/lang/reflect/InvocationTargetException'{0x000000070b5ba480}> (0x000000070b5ba480) thrown at [./src/hotspot/share/runtime/reflection.cpp, line 1247]
Event: 9.121 Thread 0x000001aaffc0d000 Exception <a 'java/lang/IncompatibleClassChangeError'{0x000000070b4cbf28}: Found class java.lang.Object, but interface was expected> (0x000000070b4cbf28) thrown at [./src/hotspot/share/interpreter/linkResolver.cpp, line 839]
Event: 9.137 Thread 0x000001aaffc0d000 Exception <a 'java/lang/NoSuchMethodError'{0x000000070b328308}: 'java.lang.Object java.lang.invoke.DirectMethodHandle$Holder.invokeStatic(java.lang.Object, java.lang.Object, java.lang.Object, java.lang.Object, java.lang.Object, java.lang.Object, java.lang.Object, java.lang.Object, java.lang.Object, java.lang.Object, java.lang.Object, int)'> (0x000000070b328308) thrown at [./src/hotspot/share/interpreter/linkResolver.cpp, line 773]
Event: 9.138 Thread 0x000001aaffc0d000 Exception <a 'java/lang/NoSuchMethodError'{0x000000070b346290}: 'java.lang.Object java.lang.invoke.DirectMethodHandle$Holder.invokeStatic(java.lang.Object, java.lang.Object, java.lang.Object, java.lang.Object, java.lang.Object, java.lang.Object, java.lang.Object, java.lang.Object, java.lang.Object, java.lang.Object, java.lang.Object, int, int)'> (0x000000070b346290) thrown at [./src/hotspot/share/interpreter/linkResolver.cpp, line 773]
Event: 9.139 Thread 0x000001aaffc0d000 Exception <a 'java/lang/NoSuchMethodError'{0x000000070b3652c8}: 'java.lang.Object java.lang.invoke.DirectMethodHandle$Holder.invokeStatic(java.lang.Object, java.lang.Object, java.lang.Object, java.lang.Object, java.lang.Object, java.lang.Object, java.lang.Object, java.lang.Object, java.lang.Object, java.lang.Object, java.lang.Object, int, int, java.lang.Object)'> (0x000000070b3652c8) thrown at [./src/hotspot/share/interpreter/linkResolver.cpp, line 773]
Event: 9.140 Thread 0x000001aaffc0d000 Exception <a 'java/lang/NoSuchMethodError'{0x000000070b385c78}: 'java.lang.Object java.lang.invoke.DirectMethodHandle$Holder.invokeStatic(java.lang.Object, java.lang.Object, java.lang.Object, java.lang.Object, java.lang.Object, java.lang.Object, java.lang.Object, java.lang.Object, java.lang.Object, java.lang.Object, java.lang.Object, int, int, java.lang.Object, java.lang.Object)'> (0x000000070b385c78) thrown at [./src/hotspot/share/interpreter/linkResolver.cpp, line 773]
Event: 9.155 Thread 0x000001aaffc0d000 Implicit null exception at 0x000001aa90177024 to 0x000001aa90177768
Event: 13.820 Thread 0x000001aaab238000 Exception <a 'java/lang/NoSuchMethodError'{0x0000000709ea5ec0}: 'java.lang.Object java.lang.invoke.DirectMethodHandle$Holder.invokeStaticInit(java.lang.Object, java.lang.Object, java.lang.Object, java.lang.Object, java.lang.Object, java.lang.Object)'> (0x0000000709ea5ec0) thrown at [./src/hotspot/share/interpreter/linkResolver.cpp, line 773]
Event: 13.957 Thread 0x000001aaab238000 Exception <a 'java/lang/ClassNotFoundException'{0x0000000715375808}: java/lang/ObjectCustomizer> (0x0000000715375808) thrown at [./src/hotspot/share/classfile/systemDictionary.cpp, line 231]
Event: 13.959 Thread 0x000001aaab238000 Exception <a 'java/lang/ClassNotFoundException'{0x0000000715388130}: nu/borjessons/clubhouse/data/BaseEntityCustomizer> (0x0000000715388130) thrown at [./src/hotspot/share/classfile/systemDictionary.cpp, line 231]
Event: 13.960 Thread 0x000001aaab238000 Exception <a 'java/lang/ClassNotFoundException'{0x000000071539a0b8}: nu/borjessons/clubhouse/data/UserCustomizer> (0x000000071539a0b8) thrown at [./src/hotspot/share/classfile/systemDictionary.cpp, line 231]
Event: 13.962 Thread 0x000001aaab238000 Exception <a 'java/lang/ClassNotFoundException'{0x00000007153dd3a0}: org/springframework/security/core/userdetails/UserDetailsCustomizer> (0x00000007153dd3a0) thrown at [./src/hotspot/share/classfile/systemDictionary.cpp, line 231]
Event: 14.055 Thread 0x000001aaab238000 Exception <a 'sun/nio/fs/WindowsException'{0x0000000714f60aa8}> (0x0000000714f60aa8) thrown at [./src/hotspot/share/prims/jni.cpp, line 615]
Event: 14.183 Thread 0x000001aaab234000 Exception <a 'java/lang/NoSuchMethodError'{0x0000000714cb94e8}: 'void java.lang.invoke.DirectMethodHandle$Holder.invokeStaticInit(java.lang.Object, java.lang.Object, java.lang.Object)'> (0x0000000714cb94e8) thrown at [./src/hotspot/share/interpreter/linkResolver.cpp, line 773]

Events (20 events):
Event: 29.700 loading class nu/borjessons/clubhouse/data/User
Event: 29.700 loading class nu/borjessons/clubhouse/data/User done
Event: 29.718 Thread 0x000001aaa61e5800 Thread added: 0x000001aaa61e5800
Event: 30.046 Thread 0x000001aaa61e5800 Thread exited: 0x000001aaa61e5800
Event: 67.607 Executing VM operation: RevokeBias
Event: 67.607 Executing VM operation: RevokeBias done
Event: 67.607 Thread 0x000001aaab239000 Thread exited: 0x000001aaab239000
Event: 68.265 Executing VM operation: RevokeBias
Event: 68.265 Executing VM operation: RevokeBias done
Event: 68.265 Thread 0x000001aaab236800 Thread exited: 0x000001aaab236800
Event: 90.323 Executing VM operation: RevokeBias
Event: 90.323 Executing coalesced safepoint VM operation: RevokeBias
Event: 90.323 Executing coalesced safepoint VM operation: RevokeBias done
Event: 90.323 Executing VM operation: RevokeBias done
Event: 90.323 Executing VM operation: RevokeBias
Event: 90.323 Executing coalesced safepoint VM operation: RevokeBias
Event: 90.323 Executing coalesced safepoint VM operation: RevokeBias done
Event: 90.323 Executing coalesced safepoint VM operation: RevokeBias
Event: 90.323 Executing coalesced safepoint VM operation: RevokeBias done
Event: 90.323 Executing VM operation: RevokeBias done


Dynamic libraries:
0x00007ff73d640000 - 0x00007ff73d64d000 	C:\Java\jdk11.0.8_10\bin\java.exe
0x00007fff318b0000 - 0x00007fff31aa6000 	C:\WINDOWS\SYSTEM32\ntdll.dll
0x00007fff31230000 - 0x00007fff312ed000 	C:\WINDOWS\System32\KERNEL32.DLL
0x00007fff2f2e0000 - 0x00007fff2f5a9000 	C:\WINDOWS\System32\KERNELBASE.dll
0x00007fff2f5b0000 - 0x00007fff2f6b0000 	C:\WINDOWS\System32\ucrtbase.dll
0x00007fff05bc0000 - 0x00007fff05bd7000 	C:\Java\jdk11.0.8_10\bin\jli.dll
0x00007fff14b40000 - 0x00007fff14b55000 	C:\Java\jdk11.0.8_10\bin\VCRUNTIME140.dll
0x00007fff2f9e0000 - 0x00007fff2fb80000 	C:\WINDOWS\System32\USER32.dll
0x00007fff2f6b0000 - 0x00007fff2f6d2000 	C:\WINDOWS\System32\win32u.dll
0x00007fff19b90000 - 0x00007fff19e2b000 	C:\WINDOWS\WinSxS\amd64_microsoft.windows.common-controls_6595b64144ccf1df_6.0.19041.488_none_ca04af081b815d21\COMCTL32.dll
0x00007fff30ad0000 - 0x00007fff30afa000 	C:\WINDOWS\System32\GDI32.dll
0x00007fff30300000 - 0x00007fff3039e000 	C:\WINDOWS\System32\msvcrt.dll
0x00007fff2f1d0000 - 0x00007fff2f2d9000 	C:\WINDOWS\System32\gdi32full.dll
0x00007fff2f0d0000 - 0x00007fff2f16d000 	C:\WINDOWS\System32\msvcp_win.dll
0x00007fff302d0000 - 0x00007fff30300000 	C:\WINDOWS\System32\IMM32.DLL
0x00007ffee5c90000 - 0x00007ffee5d2b000 	C:\Java\jdk11.0.8_10\bin\msvcp140.dll
0x00007ffeb4bb0000 - 0x00007ffeb566d000 	C:\Java\jdk11.0.8_10\bin\server\jvm.dll
0x00007fff317c0000 - 0x00007fff3186c000 	C:\WINDOWS\System32\ADVAPI32.dll
0x00007fff309c0000 - 0x00007fff30a5c000 	C:\WINDOWS\System32\sechost.dll
0x00007fff30fc0000 - 0x00007fff310eb000 	C:\WINDOWS\System32\RPCRT4.dll
0x00007fff304c0000 - 0x00007fff304c8000 	C:\WINDOWS\System32\PSAPI.DLL
0x00007fff24c10000 - 0x00007fff24c1a000 	C:\WINDOWS\SYSTEM32\VERSION.dll
0x00007fff17b00000 - 0x00007fff17b09000 	C:\WINDOWS\SYSTEM32\WSOCK32.dll
0x00007fff1a050000 - 0x00007fff1a077000 	C:\WINDOWS\SYSTEM32\WINMM.dll
0x00007fff30a60000 - 0x00007fff30acb000 	C:\WINDOWS\System32\WS2_32.dll
0x00007fff2d870000 - 0x00007fff2d882000 	C:\WINDOWS\SYSTEM32\kernel.appcore.dll
0x00007fff25dc0000 - 0x00007fff25dd0000 	C:\Java\jdk11.0.8_10\bin\verify.dll
0x00007fff2a510000 - 0x00007fff2a6f4000 	C:\WINDOWS\SYSTEM32\DBGHELP.DLL
0x00007fff175c0000 - 0x00007fff175ec000 	C:\WINDOWS\SYSTEM32\dbgcore.DLL
0x00007fff2f890000 - 0x00007fff2f910000 	C:\WINDOWS\System32\bcryptPrimitives.dll
0x00007ffeff460000 - 0x00007ffeff488000 	C:\Java\jdk11.0.8_10\bin\java.dll
0x00007fff192c0000 - 0x00007fff192ca000 	C:\Java\jdk11.0.8_10\bin\jimage.dll
0x00007fff25e30000 - 0x00007fff25e3e000 	C:\Java\jdk11.0.8_10\bin\instrument.dll
0x00007fff04870000 - 0x00007fff04887000 	C:\Java\jdk11.0.8_10\bin\zip.dll
0x00007fff2fb80000 - 0x00007fff302c2000 	C:\WINDOWS\System32\SHELL32.dll
0x00007fff29ca0000 - 0x00007fff2a435000 	C:\WINDOWS\SYSTEM32\windows.storage.dll
0x00007fff30550000 - 0x00007fff308a6000 	C:\WINDOWS\System32\combase.dll
0x00007fff2ea60000 - 0x00007fff2ea8c000 	C:\WINDOWS\SYSTEM32\Wldp.dll
0x00007fff303a0000 - 0x00007fff3044e000 	C:\WINDOWS\System32\SHCORE.dll
0x00007fff30450000 - 0x00007fff304a5000 	C:\WINDOWS\System32\shlwapi.dll
0x00007fff2ef20000 - 0x00007fff2ef46000 	C:\WINDOWS\SYSTEM32\profapi.dll
0x00007ffefc050000 - 0x00007ffefc069000 	C:\Java\jdk11.0.8_10\bin\net.dll
0x00007fff23a30000 - 0x00007fff23b30000 	C:\WINDOWS\SYSTEM32\WINHTTP.dll
0x00007fff2e7e0000 - 0x00007fff2e84a000 	C:\WINDOWS\system32\mswsock.dll
0x00007ffefc000000 - 0x00007ffefc012000 	C:\Java\jdk11.0.8_10\bin\nio.dll
0x00007fff25a30000 - 0x00007fff25a4a000 	C:\Program Files\JetBrains\IntelliJ IDEA Community Edition 2020.2.3\bin\breakgen64.dll
0x00007fff25d90000 - 0x00007fff25d99000 	C:\Java\jdk11.0.8_10\bin\management.dll
0x00007fff25a20000 - 0x00007fff25a2b000 	C:\Java\jdk11.0.8_10\bin\management_ext.dll
0x00007fff141c0000 - 0x00007fff141d7000 	C:\WINDOWS\system32\napinsp.dll
0x00007fff14150000 - 0x00007fff1416b000 	C:\WINDOWS\system32\pnrpnsp.dll
0x00007fff26880000 - 0x00007fff26895000 	C:\WINDOWS\system32\wshbth.dll
0x00007fff27320000 - 0x00007fff2733d000 	C:\WINDOWS\system32\NLAapi.dll
0x00007fff2e480000 - 0x00007fff2e4bb000 	C:\WINDOWS\SYSTEM32\IPHLPAPI.DLL
0x00007fff2e4d0000 - 0x00007fff2e59b000 	C:\WINDOWS\SYSTEM32\DNSAPI.dll
0x00007fff31220000 - 0x00007fff31228000 	C:\WINDOWS\System32\NSI.dll
0x00007fff12150000 - 0x00007fff12162000 	C:\WINDOWS\System32\winrnr.dll
0x00007fff24820000 - 0x00007fff2482a000 	C:\Windows\System32\rasadhlp.dll
0x00007fff1ef70000 - 0x00007fff1efef000 	C:\WINDOWS\System32\fwpuclnt.dll
0x00007fff2f0a0000 - 0x00007fff2f0c7000 	C:\WINDOWS\System32\bcrypt.dll
0x00007fff2e9b0000 - 0x00007fff2e9c8000 	C:\WINDOWS\SYSTEM32\CRYPTSP.dll
0x00007fff2e0d0000 - 0x00007fff2e104000 	C:\WINDOWS\system32\rsaenh.dll
0x00007fff2eee0000 - 0x00007fff2ef0e000 	C:\WINDOWS\SYSTEM32\USERENV.dll
0x00007fff2e9d0000 - 0x00007fff2e9dc000 	C:\WINDOWS\SYSTEM32\CRYPTBASE.dll
0x00007fff24480000 - 0x00007fff24497000 	C:\WINDOWS\SYSTEM32\dhcpcsvc6.DLL
0x00007fff23650000 - 0x00007fff2366d000 	C:\WINDOWS\SYSTEM32\dhcpcsvc.DLL
0x00007fff23670000 - 0x00007fff2367e000 	C:\Java\jdk11.0.8_10\bin\sunmscapi.dll
0x00007fff2f730000 - 0x00007fff2f88d000 	C:\WINDOWS\System32\CRYPT32.dll
0x00007fff2ead0000 - 0x00007fff2eaf7000 	C:\WINDOWS\SYSTEM32\ncrypt.dll
0x00007fff2ea90000 - 0x00007fff2eacb000 	C:\WINDOWS\SYSTEM32\NTASN1.dll
0x00007ffeff300000 - 0x00007ffeff325000 	C:\Java\jdk11.0.8_10\bin\sunec.dll

dbghelp: loaded successfully - version: 4.0.5 - missing functions: none
symbol engine: initialized successfully - sym options: 0x614 - pdb path: .;C:\Java\jdk11.0.8_10\bin;C:\WINDOWS\SYSTEM32;C:\WINDOWS\WinSxS\amd64_microsoft.windows.common-controls_6595b64144ccf1df_6.0.19041.488_none_ca04af081b815d21;C:\Java\jdk11.0.8_10\bin\server;C:\Program Files\JetBrains\IntelliJ IDEA Community Edition 2020.2.3\bin

VM Arguments:
jvm_args: -javaagent:C:\Program Files\JetBrains\IntelliJ IDEA Community Edition 2020.2.3\lib\idea_rt.jar=62096:C:\Program Files\JetBrains\IntelliJ IDEA Community Edition 2020.2.3\bin -Dfile.encoding=UTF-8 
java_command: nu.borjessons.clubhouse.ClubhouseApplication
java_class_path (initial): C:\Users\robin\projects\clubhouse\clubhouse\target\classes;C:\Users\robin\.m2\repository\org\springframework\boot\spring-boot-starter-data-jpa\2.3.2.RELEASE\spring-boot-starter-data-jpa-2.3.2.RELEASE.jar;C:\Users\robin\.m2\repository\org\springframework\boot\spring-boot-starter-aop\2.3.2.RELEASE\spring-boot-starter-aop-2.3.2.RELEASE.jar;C:\Users\robin\.m2\repository\org\aspectj\aspectjweaver\1.9.6\aspectjweaver-1.9.6.jar;C:\Users\robin\.m2\repository\org\springframework\boot\spring-boot-starter-jdbc\2.3.2.RELEASE\spring-boot-starter-jdbc-2.3.2.RELEASE.jar;C:\Users\robin\.m2\repository\com\zaxxer\HikariCP\3.4.5\HikariCP-3.4.5.jar;C:\Users\robin\.m2\repository\org\springframework\spring-jdbc\5.2.8.RELEASE\spring-jdbc-5.2.8.RELEASE.jar;C:\Users\robin\.m2\repository\jakarta\transaction\jakarta.transaction-api\1.3.3\jakarta.transaction-api-1.3.3.jar;C:\Users\robin\.m2\repository\jakarta\persistence\jakarta.persistence-api\2.2.3\jakarta.persistence-api-2.2.3.jar;C:\Users\robin\.m2\repository\org\hibernate\hibernate-core\5.4.18.Final\hibernate-core-5.4.18.Final.jar;C:\Users\robin\.m2\repository\org\jboss\logging\jboss-logging\3.4.1.Final\jboss-logging-3.4.1.Final.jar;C:\Users\robin\.m2\repository\org\javassist\javassist\3.24.0-GA\javassist-3.24.0-GA.jar;C:\Users\robin\.m2\repository\net\bytebuddy\byte-buddy\1.10.13\byte-buddy-1.10.13.jar;C:\Users\robin\.m2\repository\antlr\antlr\2.7.7\antlr-2.7.7.jar;C:\Users\robin\.m2\repository\org\jboss\jandex\2.1.3.Final\jandex-2.1.3.Final.jar;C:\Users\robin\.m2\repository\com\fasterxml\classmate\1.5.1\classmate-1.5.1.jar;C:\Users\robin\.m2\repository\org\dom4j\dom4j\2.1.3\dom4j-2.1.3.jar;C:\Users\robin\.m2\repository\org\hibernate\common\hibernate-commons-annotations\5.1.0.Final\hibernate-commons-annotations-5.1.0.Final.jar;C:\Users\robin\.m2\repository\org\glassfish\jaxb\jaxb-runtime\2.3.3\jaxb-runtime-2.3.3.jar;C:\Users\robin\.m2\repository\org\glassfish\jaxb\txw2\2.3.3\txw2-2.3.3.jar;C:\Users\robin\.m2\
Launcher Type: SUN_STANDARD

[Global flags]
     intx CICompilerCount                          = 4                                         {product} {ergonomic}
     uint ConcGCThreads                            = 2                                         {product} {ergonomic}
     uint G1ConcRefinementThreads                  = 8                                         {product} {ergonomic}
   size_t G1HeapRegionSize                         = 1048576                                   {product} {ergonomic}
    uintx GCDrainStackTargetSize                   = 64                                        {product} {ergonomic}
   size_t InitialHeapSize                          = 266338304                                 {product} {ergonomic}
   size_t MarkStackSize                            = 4194304                                   {product} {ergonomic}
   size_t MaxHeapSize                              = 4257218560                                {product} {ergonomic}
   size_t MaxNewSize                               = 2554331136                                {product} {ergonomic}
   size_t MinHeapDeltaBytes                        = 1048576                                   {product} {ergonomic}
    uintx NonNMethodCodeHeapSize                   = 5836300                                {pd product} {ergonomic}
    uintx NonProfiledCodeHeapSize                  = 122910970                              {pd product} {ergonomic}
    uintx ProfiledCodeHeapSize                     = 122910970                              {pd product} {ergonomic}
    uintx ReservedCodeCacheSize                    = 251658240                              {pd product} {ergonomic}
     bool SegmentedCodeCache                       = true                                      {product} {ergonomic}
     bool UseCompressedClassPointers               = true                                 {lp64_product} {ergonomic}
     bool UseCompressedOops                        = true                                 {lp64_product} {ergonomic}
     bool UseG1GC                                  = true                                      {product} {ergonomic}
     bool UseLargePagesIndividualAllocation        = false                                  {pd product} {ergonomic}

Logging:
Log output configuration:
 #0: stdout all=warning uptime,level,tags
 #1: stderr all=off uptime,level,tags

Environment Variables:
JAVA_HOME=C:\Java\jdk11.0.8_10
PATH=C:\Python39\Scripts\;C:\Python39\;C:\Python38\Scripts\;C:\Python38\;C:\Program Files (x86)\Razer Chroma SDK\bin;C:\Program Files\Razer Chroma SDK\bin;C:\Java\jdk11.0.8_10\bin;C:\Program Files (x86)\Razer\ChromaBroadcast\bin;C:\Program Files\Razer\ChromaBroadcast\bin;C:\RailsInstaller\Ruby2.3.3\bin;C:\Program Files\ImageMagick-7.0.7-Q16;C:\Program Files\Microsoft MPI\Bin\;C:\Windows\system32;C:\Windows;C:\Windows\System32\Wbem;C:\Windows\System32\WindowsPowerShell\v1.0\;C:\Program Files (x86)\NVIDIA Corporation\PhysX\Common;C:\WINDOWS\system32;C:\WINDOWS;C:\WINDOWS\System32\Wbem;C:\WINDOWS\System32\WindowsPowerShell\v1.0\;C:\WINDOWS\System32\OpenSSH\;C:\ProgramData\chocolatey\bin;C:\Program Files\Microsoft VS Code\bin;C:\Program Files\NVIDIA Corporation\NVIDIA NvDLISR;C:\Users\robin\AppData\Roaming\nvm;C:\Program Files\Microsoft SQL Server\Client SDK\ODBC\130\Tools\Binn\;C:\Program Files (x86)\Microsoft SQL Server\140\Tools\Binn\;C:\Program Files\Microsoft SQL Server\140\Tools\Binn\;C:\Program Files\Microsoft SQL Server\140\DTS\Binn\;C:\Program Files (x86)\Microsoft SQL Server\Client SDK\ODBC\130\Tools\Binn\;C:\Program Files (x86)\Microsoft SQL Server\140\DTS\Binn\;C:\Program Files (x86)\Microsoft SQL Server\140\Tools\Binn\ManagementStudio\;C:\RailsInstaller\DevKit;C:\Program Files\Microsoft\Web Platform Installer\;C:\Program Files\apache-maven-3.6.0\bin;C:\Python37;C:\Python37\Scripts;C:\Octave\Octave-4.2.1\bin;C:\ProgramData\chocolatey\lib\Elixir/bin;C:\Java\jdk-14.0.1\bin;C:\Program Files\MySQL\MySQL Server 8.0\bin;C:\Program Files (x86)\Yarn\bin\;C:\Program Files (x86)\Intel\Intel(R) Management Engine Components\DAL;C:\Program Files\Intel\Intel(R) Management Engine Components\DAL;C:\WINDOWS\system32;C:\WINDOWS;C:\WINDOWS\System32\Wbem;C:\WINDOWS\System32\WindowsPowerShell\v1.0\;C:\WINDOWS\System32\OpenSSH\;C:\WINDOWS\system32\config\systemprofile\AppData\Local\Microsoft\WindowsApps;C:\Program Files\Git\cmd;C:\Program Files\nodejs\;C:\Python37\Scripts\;C:\Python
USERNAME=robin
OS=Windows_NT
PROCESSOR_IDENTIFIER=Intel64 Family 6 Model 158 Stepping 9, GenuineIntel



---------------  S Y S T E M  ---------------

OS: Windows 10 , 64 bit Build 19041 (10.0.19041.662)
OS uptime: 0 days 3:39 hours
HyperV virtualization detected

CPU:total 8 (initial active 8) (4 cores per cpu, 2 threads per core) family 6 model 158 stepping 9, cmov, cx8, fxsr, mmx, sse, sse2, sse3, ssse3, sse4.1, sse4.2, popcnt, avx, avx2, aes, clmul, erms, 3dnowpref, lzcnt, ht, tsc, tscinvbit, bmi1, bmi2, adx, fma

Memory: 4k page, system-wide physical 16235M (4643M free)
TotalPageFile size 17259M (AvailPageFile size 2M)
current process WorkingSet (physical memory assigned to process): 389M, peak: 464M
current process commit charge ("private bytes"): 519M, peak: 598M

vm_info: OpenJDK 64-Bit Server VM (11.0.8+10-LTS) for windows-amd64 JRE (11.0.8+10-LTS), built on Jul 13 2020 00:42:50 by "Administrator" with MS VC++ 15.9 (VS2017)

END.
