#
# There is insufficient memory for the Java Runtime Environment to continue.
# Native memory allocation (malloc) failed to allocate 2255376 bytes for Chunk::new
# Possible reasons:
#   The system is out of physical RAM or swap space
#   The process is running with CompressedOops enabled, and the Java Heap may be blocking the growth of the native heap
# Possible solutions:
#   Reduce memory load on the system
#   Increase physical memory or swap space
#   Check if swap backing store is full
#   Decrease Java heap size (-Xmx/-Xms)
#   Decrease number of Java threads
#   Decrease Java thread stack sizes (-Xss)
#   Set larger code cache with -XX:ReservedCodeCacheSize=
#   JVM is running with Zero Based Compressed Oops mode in which the Java heap is
#     placed in the first 32GB address space. The Java Heap base address is the
#     maximum limit for the native heap growth. Please use -XX:HeapBaseMinAddress
#     to set the Java Heap base and to place the Java Heap above 32GB virtual address.
# This output file may be truncated or incomplete.
#
#  Out of Memory Error (./src/hotspot/share/memory/arena.cpp:197), pid=20880, tid=6232
#
# JRE version: OpenJDK Runtime Environment Corretto-11.0.8.10.1 (11.0.8+10) (build 11.0.8+10-LTS)
# Java VM: OpenJDK 64-Bit Server VM Corretto-11.0.8.10.1 (11.0.8+10-LTS, mixed mode, tiered, compressed oops, g1 gc, windows-amd64)
# No core dump will be written. Minidumps are not enabled by default on client versions of Windows
#

---------------  S U M M A R Y ------------

Command Line: C:\Users\robin\AppData\Local\Temp\surefire1075750717145194664\surefirebooter7585153219711431267.jar C:\Users\robin\AppData\Local\Temp\surefire1075750717145194664 2021-03-14T14-35-05_540-jvmRun1 surefire5593681789491763244tmp surefire_014312616110472305680tmp

Host: Intel(R) Core(TM) i7-7700HQ CPU @ 2.80GHz, 8 cores, 15G,  Windows 10 , 64 bit Build 19041 (10.0.19041.804)
Time: Sun Mar 14 14:35:19 2021 Västeuropa, normaltid elapsed time: 12 seconds (0d 0h 0m 12s)

---------------  T H R E A D  ---------------

Current thread (0x00000239e2671000):  JavaThread "C2 CompilerThread1" daemon [_thread_in_native, id=6232, stack(0x0000007621400000,0x0000007621500000)]


Current CompileTask:
C2:  12895 7831       4       com.sun.beans.TypeResolver::resolve (37 bytes)

Stack: [0x0000007621400000,0x0000007621500000]
Native frames: (J=compiled Java code, j=interpreted, Vv=VM code, C=native code)
V  [jvm.dll+0x5dfc8a]
V  [jvm.dll+0x7179be]
V  [jvm.dll+0x71908f]
V  [jvm.dll+0x719753]
V  [jvm.dll+0x240e48]
V  [jvm.dll+0xb96ac]
V  [jvm.dll+0xb9dac]
V  [jvm.dll+0x346387]
V  [jvm.dll+0x314173]
V  [jvm.dll+0x3134ba]
V  [jvm.dll+0x1fa925]
V  [jvm.dll+0x1f9adf]
V  [jvm.dll+0x17e4ec]
V  [jvm.dll+0x208f27]
V  [jvm.dll+0x20710b]
V  [jvm.dll+0x6dc729]
V  [jvm.dll+0x6d57d4]
V  [jvm.dll+0x5debc6]
C  [ucrtbase.dll+0x21bb2]
C  [KERNEL32.DLL+0x17034]
C  [ntdll.dll+0x52651]


---------------  P R O C E S S  ---------------

Threads class SMR info:
_java_thread_list=0x00000239e1715a90, length=33, elements={
0x00000239b718e800, 0x00000239dad55000, 0x00000239dad56000, 0x00000239db66e800,
0x00000239db670800, 0x00000239db671800, 0x00000239db61b000, 0x00000239db623800,
0x00000239db7e9000, 0x00000239db7eb800, 0x00000239db8b9800, 0x00000239dbb07800,
0x00000239e266c000, 0x00000239e2670000, 0x00000239e266f800, 0x00000239e266d000,
0x00000239e266a800, 0x00000239e266e800, 0x00000239e2671000, 0x00000239e266b800,
0x00000239e266e000, 0x00000239dca7f800, 0x00000239dca7e000, 0x00000239dca7f000,
0x00000239dca7d800, 0x00000239dca84000, 0x00000239dca81800, 0x00000239dca86000,
0x00000239dca85800, 0x00000239dca80800, 0x00000239dca84800, 0x00000239dca87000,
0x00000239dca88000
}

Java Threads: ( => current thread )
  0x00000239b718e800 JavaThread "main" [_thread_in_Java, id=18472, stack(0x000000761fc00000,0x000000761fd00000)]
  0x00000239dad55000 JavaThread "Reference Handler" daemon [_thread_blocked, id=20832, stack(0x0000007620300000,0x0000007620400000)]
  0x00000239dad56000 JavaThread "Finalizer" daemon [_thread_blocked, id=3012, stack(0x0000007620400000,0x0000007620500000)]
  0x00000239db66e800 JavaThread "Signal Dispatcher" daemon [_thread_blocked, id=10016, stack(0x0000007620500000,0x0000007620600000)]
  0x00000239db670800 JavaThread "Attach Listener" daemon [_thread_blocked, id=5096, stack(0x0000007620600000,0x0000007620700000)]
  0x00000239db671800 JavaThread "C2 CompilerThread0" daemon [_thread_in_native, id=23544, stack(0x0000007620700000,0x0000007620800000)]
  0x00000239db61b000 JavaThread "C1 CompilerThread0" daemon [_thread_blocked, id=19744, stack(0x0000007620800000,0x0000007620900000)]
  0x00000239db623800 JavaThread "Sweeper thread" daemon [_thread_blocked, id=14764, stack(0x0000007620900000,0x0000007620a00000)]
  0x00000239db7e9000 JavaThread "Service Thread" daemon [_thread_blocked, id=21096, stack(0x0000007620a00000,0x0000007620b00000)]
  0x00000239db7eb800 JavaThread "Common-Cleaner" daemon [_thread_blocked, id=14452, stack(0x0000007620c00000,0x0000007620d00000)]
  0x00000239db8b9800 JavaThread "surefire-forkedjvm-command-thread" daemon [_thread_in_native, id=20912, stack(0x0000007620d00000,0x0000007620e00000)]
  0x00000239dbb07800 JavaThread "surefire-forkedjvm-ping-30s" daemon [_thread_blocked, id=21208, stack(0x0000007620e00000,0x0000007620f00000)]
  0x00000239e266c000 JavaThread "Catalina-utility-1" [_thread_blocked, id=11052, stack(0x0000007621800000,0x0000007621900000)]
  0x00000239e2670000 JavaThread "Catalina-utility-2" [_thread_blocked, id=11836, stack(0x0000007621900000,0x0000007621a00000)]
  0x00000239e266f800 JavaThread "container-0" [_thread_blocked, id=23428, stack(0x0000007621a00000,0x0000007621b00000)]
  0x00000239e266d000 JavaThread "HikariPool-1 housekeeper" daemon [_thread_blocked, id=22344, stack(0x0000007621b00000,0x0000007621c00000)]
  0x00000239e266a800 JavaThread "task-1" [_thread_blocked, id=19252, stack(0x0000007621c00000,0x0000007621d00000)]
  0x00000239e266e800 JavaThread "task-2" [_thread_blocked, id=14576, stack(0x0000007621f00000,0x0000007622000000)]
=>0x00000239e2671000 JavaThread "C2 CompilerThread1" daemon [_thread_in_native, id=6232, stack(0x0000007621400000,0x0000007621500000)]
  0x00000239e266b800 JavaThread "C2 CompilerThread2" daemon [_thread_in_native, id=10512, stack(0x0000007621500000,0x0000007621600000)]
  0x00000239e266e000 JavaThread "http-nio-auto-1-BlockPoller" daemon [_thread_in_native, id=8064, stack(0x0000007621d00000,0x0000007621e00000)]
  0x00000239dca7f800 JavaThread "http-nio-auto-1-exec-1" daemon [_thread_blocked, id=20012, stack(0x0000007622000000,0x0000007622100000)]
  0x00000239dca7e000 JavaThread "http-nio-auto-1-exec-2" daemon [_thread_blocked, id=23500, stack(0x0000007622100000,0x0000007622200000)]
  0x00000239dca7f000 JavaThread "http-nio-auto-1-exec-3" daemon [_thread_blocked, id=17428, stack(0x0000007622200000,0x0000007622300000)]
  0x00000239dca7d800 JavaThread "http-nio-auto-1-exec-4" daemon [_thread_blocked, id=23304, stack(0x0000007622300000,0x0000007622400000)]
  0x00000239dca84000 JavaThread "http-nio-auto-1-exec-5" daemon [_thread_blocked, id=22036, stack(0x0000007622400000,0x0000007622500000)]
  0x00000239dca81800 JavaThread "http-nio-auto-1-exec-6" daemon [_thread_blocked, id=19096, stack(0x0000007622500000,0x0000007622600000)]
  0x00000239dca86000 JavaThread "http-nio-auto-1-exec-7" daemon [_thread_blocked, id=12972, stack(0x0000007622600000,0x0000007622700000)]
  0x00000239dca85800 JavaThread "http-nio-auto-1-exec-8" daemon [_thread_blocked, id=23140, stack(0x0000007622700000,0x0000007622800000)]
  0x00000239dca80800 JavaThread "http-nio-auto-1-exec-9" daemon [_thread_blocked, id=21724, stack(0x0000007622800000,0x0000007622900000)]
  0x00000239dca84800 JavaThread "http-nio-auto-1-exec-10" daemon [_thread_blocked, id=19884, stack(0x0000007622900000,0x0000007622a00000)]
  0x00000239dca87000 JavaThread "http-nio-auto-1-ClientPoller" daemon [_thread_in_native, id=23440, stack(0x0000007622a00000,0x0000007622b00000)]
  0x00000239dca88000 JavaThread "http-nio-auto-1-Acceptor" daemon [_thread_in_native, id=14408, stack(0x0000007622b00000,0x0000007622c00000)]

Other Threads:
  0x00000239dad53000 VMThread "VM Thread" [stack: 0x0000007620200000,0x0000007620300000] [id=21036]
  0x00000239db7ff000 WatcherThread [stack: 0x0000007620b00000,0x0000007620c00000] [id=10492]
  0x00000239b71a5000 GCTaskThread "GC Thread#0" [stack: 0x000000761fd00000,0x000000761fe00000] [id=1168]
  0x00000239dbe4c000 GCTaskThread "GC Thread#1" [stack: 0x0000007620f00000,0x0000007621000000] [id=18624]
  0x00000239dbe7b000 GCTaskThread "GC Thread#2" [stack: 0x0000007621000000,0x0000007621100000] [id=6804]
  0x00000239dc266000 GCTaskThread "GC Thread#3" [stack: 0x0000007621100000,0x0000007621200000] [id=2856]
  0x00000239dc27e000 GCTaskThread "GC Thread#4" [stack: 0x0000007621200000,0x0000007621300000] [id=14112]
  0x00000239dc27e800 GCTaskThread "GC Thread#5" [stack: 0x0000007621300000,0x0000007621400000] [id=22812]
  0x00000239e1462800 GCTaskThread "GC Thread#6" [stack: 0x0000007621600000,0x0000007621700000] [id=4900]
  0x00000239e0059800 GCTaskThread "GC Thread#7" [stack: 0x0000007621e00000,0x0000007621f00000] [id=19192]
  0x00000239b7202800 ConcurrentGCThread "G1 Main Marker" [stack: 0x000000761fe00000,0x000000761ff00000] [id=14416]
  0x00000239b7205000 ConcurrentGCThread "G1 Conc#0" [stack: 0x000000761ff00000,0x0000007620000000] [id=6012]
  0x00000239df6c5000 ConcurrentGCThread "G1 Conc#1" [stack: 0x0000007621700000,0x0000007621800000] [id=22772]
  0x00000239b726e000 ConcurrentGCThread "G1 Refine#0" [stack: 0x0000007620000000,0x0000007620100000] [id=3192]
  0x00000239e14fe800 ConcurrentGCThread "G1 Refine#1" [stack: 0x0000007622c00000,0x0000007622d00000] [id=3924]
  0x00000239dac3b800 ConcurrentGCThread "G1 Young RemSet Sampling" [stack: 0x0000007620100000,0x0000007620200000] [id=7148]

Threads with active compile tasks:
C2 CompilerThread0  12921 7847       4       java.beans.MethodRef::set (58 bytes)
C2 CompilerThread1  12921 7831       4       com.sun.beans.TypeResolver::resolve (37 bytes)
C2 CompilerThread2  12922 7854       4       org.codehaus.groovy.reflection.ParameterTypes::getParameterTypes (16 bytes)

VM state:not at safepoint (normal execution)

VM Mutex/Monitor currently owned by a thread: None

Heap address: 0x0000000702400000, size: 4060 MB, Compressed Oops mode: Zero based, Oop shift amount: 3
Narrow klass base: 0x0000000800000000, Narrow klass shift: 0
Compressed class space size: 1073741824 Address: 0x0000000800000000

Heap:
 garbage-first heap   total 374784K, used 72205K [0x0000000702400000, 0x0000000800000000)
  region size 1024K, 49 young (50176K), 19 survivors (19456K)
 Metaspace       used 89473K, capacity 91980K, committed 92160K, reserved 1128448K
  class space    used 11433K, capacity 12446K, committed 12544K, reserved 1048576K
Heap Regions: E=young(eden), S=young(survivor), O=old, HS=humongous(starts), HC=humongous(continues), CS=collection set, F=free, A=archive, TAMS=top-at-mark-start (previous, next)
|   0|0x0000000702400000, 0x0000000702500000, 0x0000000702500000|100%|HS|  |TAMS 0x0000000702500000, 0x0000000702400000| Complete 
|   1|0x0000000702500000, 0x0000000702600000, 0x0000000702600000|100%| O|  |TAMS 0x0000000702600000, 0x0000000702500000| Untracked 
|   2|0x0000000702600000, 0x0000000702700000, 0x0000000702700000|100%| O|  |TAMS 0x0000000702700000, 0x0000000702600000| Untracked 
|   3|0x0000000702700000, 0x0000000702800000, 0x0000000702800000|100%| O|  |TAMS 0x0000000702800000, 0x0000000702700000| Untracked 
|   4|0x0000000702800000, 0x0000000702900000, 0x0000000702900000|100%| O|  |TAMS 0x0000000702900000, 0x0000000702800000| Untracked 
|   5|0x0000000702900000, 0x0000000702a00000, 0x0000000702a00000|100%| O|  |TAMS 0x0000000702a00000, 0x0000000702900000| Untracked 
|   6|0x0000000702a00000, 0x0000000702b00000, 0x0000000702b00000|100%| O|  |TAMS 0x0000000702b00000, 0x0000000702a00000| Untracked 
|   7|0x0000000702b00000, 0x0000000702c00000, 0x0000000702c00000|100%| O|  |TAMS 0x0000000702c00000, 0x0000000702b00000| Untracked 
|   8|0x0000000702c00000, 0x0000000702d00000, 0x0000000702d00000|100%| O|  |TAMS 0x0000000702d00000, 0x0000000702c00000| Untracked 
|   9|0x0000000702d00000, 0x0000000702e00000, 0x0000000702e00000|100%| O|  |TAMS 0x0000000702e00000, 0x0000000702d00000| Untracked 
|  10|0x0000000702e00000, 0x0000000702f00000, 0x0000000702f00000|100%| O|  |TAMS 0x0000000702f00000, 0x0000000702e00000| Untracked 
|  11|0x0000000702f00000, 0x0000000703000000, 0x0000000703000000|100%| O|  |TAMS 0x0000000703000000, 0x0000000702f00000| Untracked 
|  12|0x0000000703000000, 0x0000000703100000, 0x0000000703100000|100%| O|  |TAMS 0x000000070303a200, 0x0000000703000000| Untracked 
|  13|0x0000000703100000, 0x0000000703200000, 0x0000000703200000|100%| O|  |TAMS 0x0000000703100000, 0x0000000703100000| Untracked 
|  14|0x0000000703200000, 0x0000000703300000, 0x0000000703300000|100%| O|  |TAMS 0x0000000703200000, 0x0000000703200000| Untracked 
|  15|0x0000000703300000, 0x0000000703400000, 0x0000000703400000|100%| O|  |TAMS 0x0000000703300000, 0x0000000703300000| Untracked 
|  16|0x0000000703400000, 0x0000000703500000, 0x0000000703500000|100%| O|  |TAMS 0x0000000703400000, 0x0000000703400000| Untracked 
|  17|0x0000000703500000, 0x0000000703600000, 0x0000000703600000|100%| O|  |TAMS 0x0000000703500000, 0x0000000703500000| Untracked 
|  18|0x0000000703600000, 0x0000000703600000, 0x0000000703700000|  0%| F|  |TAMS 0x0000000703600000, 0x0000000703600000| Untracked 
|  19|0x0000000703700000, 0x0000000703700000, 0x0000000703800000|  0%| F|  |TAMS 0x0000000703700000, 0x0000000703700000| Untracked 
|  20|0x0000000703800000, 0x0000000703800000, 0x0000000703900000|  0%| F|  |TAMS 0x0000000703800000, 0x0000000703800000| Untracked 
|  21|0x0000000703900000, 0x0000000703a00000, 0x0000000703a00000|100%| O|  |TAMS 0x0000000703900000, 0x0000000703900000| Untracked 
|  22|0x0000000703a00000, 0x0000000703b00000, 0x0000000703b00000|100%| O|  |TAMS 0x0000000703a00000, 0x0000000703a00000| Untracked 
|  23|0x0000000703b00000, 0x0000000703c00000, 0x0000000703c00000|100%| O|  |TAMS 0x0000000703b00000, 0x0000000703b00000| Untracked 
|  24|0x0000000703c00000, 0x0000000703d00000, 0x0000000703d00000|100%| O|  |TAMS 0x0000000703c00000, 0x0000000703c00000| Untracked 
|  25|0x0000000703d00000, 0x0000000703d83400, 0x0000000703e00000| 51%| O|  |TAMS 0x0000000703d00000, 0x0000000703d00000| Untracked 
|  26|0x0000000703e00000, 0x0000000703e00000, 0x0000000703f00000|  0%| F|  |TAMS 0x0000000703e00000, 0x0000000703e00000| Untracked 
|  27|0x0000000703f00000, 0x0000000703f00000, 0x0000000704000000|  0%| F|  |TAMS 0x0000000703f00000, 0x0000000703f00000| Untracked 
|  28|0x0000000704000000, 0x0000000704000000, 0x0000000704100000|  0%| F|  |TAMS 0x0000000704000000, 0x0000000704000000| Untracked 
|  29|0x0000000704100000, 0x0000000704100000, 0x0000000704200000|  0%| F|  |TAMS 0x0000000704100000, 0x0000000704100000| Untracked 
|  30|0x0000000704200000, 0x0000000704200000, 0x0000000704300000|  0%| F|  |TAMS 0x0000000704200000, 0x0000000704200000| Untracked 
|  31|0x0000000704300000, 0x0000000704300000, 0x0000000704400000|  0%| F|  |TAMS 0x0000000704300000, 0x0000000704300000| Untracked 
|  32|0x0000000704400000, 0x0000000704400000, 0x0000000704500000|  0%| F|  |TAMS 0x0000000704400000, 0x0000000704400000| Untracked 
|  33|0x0000000704500000, 0x0000000704500000, 0x0000000704600000|  0%| F|  |TAMS 0x0000000704500000, 0x0000000704500000| Untracked 
|  34|0x0000000704600000, 0x0000000704600000, 0x0000000704700000|  0%| F|  |TAMS 0x0000000704600000, 0x0000000704600000| Untracked 
|  35|0x0000000704700000, 0x0000000704700000, 0x0000000704800000|  0%| F|  |TAMS 0x0000000704700000, 0x0000000704700000| Untracked 
|  36|0x0000000704800000, 0x0000000704800000, 0x0000000704900000|  0%| F|  |TAMS 0x0000000704800000, 0x0000000704800000| Untracked 
|  37|0x0000000704900000, 0x0000000704900000, 0x0000000704a00000|  0%| F|  |TAMS 0x0000000704900000, 0x0000000704900000| Untracked 
|  38|0x0000000704a00000, 0x0000000704a00000, 0x0000000704b00000|  0%| F|  |TAMS 0x0000000704a00000, 0x0000000704a00000| Untracked 
|  39|0x0000000704b00000, 0x0000000704b00000, 0x0000000704c00000|  0%| F|  |TAMS 0x0000000704b00000, 0x0000000704b00000| Untracked 
|  40|0x0000000704c00000, 0x0000000704c00000, 0x0000000704d00000|  0%| F|  |TAMS 0x0000000704c00000, 0x0000000704c00000| Untracked 
|  41|0x0000000704d00000, 0x0000000704d00000, 0x0000000704e00000|  0%| F|  |TAMS 0x0000000704d00000, 0x0000000704d00000| Untracked 
|  42|0x0000000704e00000, 0x0000000704e00000, 0x0000000704f00000|  0%| F|  |TAMS 0x0000000704e00000, 0x0000000704e00000| Untracked 
|  43|0x0000000704f00000, 0x0000000704f00000, 0x0000000705000000|  0%| F|  |TAMS 0x0000000704f00000, 0x0000000704f00000| Untracked 
|  44|0x0000000705000000, 0x0000000705000000, 0x0000000705100000|  0%| F|  |TAMS 0x0000000705000000, 0x0000000705000000| Untracked 
|  45|0x0000000705100000, 0x0000000705100000, 0x0000000705200000|  0%| F|  |TAMS 0x0000000705100000, 0x0000000705100000| Untracked 
|  46|0x0000000705200000, 0x0000000705200000, 0x0000000705300000|  0%| F|  |TAMS 0x0000000705200000, 0x0000000705200000| Untracked 
|  47|0x0000000705300000, 0x0000000705300000, 0x0000000705400000|  0%| F|  |TAMS 0x0000000705300000, 0x0000000705300000| Untracked 
|  48|0x0000000705400000, 0x0000000705400000, 0x0000000705500000|  0%| F|  |TAMS 0x0000000705400000, 0x0000000705400000| Untracked 
|  49|0x0000000705500000, 0x0000000705500000, 0x0000000705600000|  0%| F|  |TAMS 0x0000000705500000, 0x0000000705500000| Untracked 
|  50|0x0000000705600000, 0x0000000705600000, 0x0000000705700000|  0%| F|  |TAMS 0x0000000705600000, 0x0000000705600000| Untracked 
|  51|0x0000000705700000, 0x0000000705700000, 0x0000000705800000|  0%| F|  |TAMS 0x0000000705700000, 0x0000000705700000| Untracked 
|  52|0x0000000705800000, 0x0000000705800000, 0x0000000705900000|  0%| F|  |TAMS 0x0000000705800000, 0x0000000705800000| Untracked 
|  53|0x0000000705900000, 0x0000000705900000, 0x0000000705a00000|  0%| F|  |TAMS 0x0000000705900000, 0x0000000705900000| Untracked 
|  54|0x0000000705a00000, 0x0000000705a00000, 0x0000000705b00000|  0%| F|  |TAMS 0x0000000705a00000, 0x0000000705a00000| Untracked 
|  55|0x0000000705b00000, 0x0000000705b00000, 0x0000000705c00000|  0%| F|  |TAMS 0x0000000705b00000, 0x0000000705b00000| Untracked 
|  56|0x0000000705c00000, 0x0000000705c00000, 0x0000000705d00000|  0%| F|  |TAMS 0x0000000705c00000, 0x0000000705c00000| Untracked 
|  57|0x0000000705d00000, 0x0000000705d00000, 0x0000000705e00000|  0%| F|  |TAMS 0x0000000705d00000, 0x0000000705d00000| Untracked 
|  58|0x0000000705e00000, 0x0000000705e00000, 0x0000000705f00000|  0%| F|  |TAMS 0x0000000705e00000, 0x0000000705e00000| Untracked 
|  59|0x0000000705f00000, 0x0000000705f00000, 0x0000000706000000|  0%| F|  |TAMS 0x0000000705f00000, 0x0000000705f00000| Untracked 
|  60|0x0000000706000000, 0x0000000706000000, 0x0000000706100000|  0%| F|  |TAMS 0x0000000706000000, 0x0000000706000000| Untracked 
|  61|0x0000000706100000, 0x0000000706100000, 0x0000000706200000|  0%| F|  |TAMS 0x0000000706100000, 0x0000000706100000| Untracked 
|  62|0x0000000706200000, 0x0000000706200000, 0x0000000706300000|  0%| F|  |TAMS 0x0000000706200000, 0x0000000706200000| Untracked 
|  63|0x0000000706300000, 0x0000000706300000, 0x0000000706400000|  0%| F|  |TAMS 0x0000000706300000, 0x0000000706300000| Untracked 
|  64|0x0000000706400000, 0x0000000706400000, 0x0000000706500000|  0%| F|  |TAMS 0x0000000706400000, 0x0000000706400000| Untracked 
|  65|0x0000000706500000, 0x0000000706500000, 0x0000000706600000|  0%| F|  |TAMS 0x0000000706500000, 0x0000000706500000| Untracked 
|  66|0x0000000706600000, 0x0000000706600000, 0x0000000706700000|  0%| F|  |TAMS 0x0000000706600000, 0x0000000706600000| Untracked 
|  67|0x0000000706700000, 0x0000000706700000, 0x0000000706800000|  0%| F|  |TAMS 0x0000000706700000, 0x0000000706700000| Untracked 
|  68|0x0000000706800000, 0x0000000706800000, 0x0000000706900000|  0%| F|  |TAMS 0x0000000706800000, 0x0000000706800000| Untracked 
|  69|0x0000000706900000, 0x0000000706900000, 0x0000000706a00000|  0%| F|  |TAMS 0x0000000706900000, 0x0000000706900000| Untracked 
|  70|0x0000000706a00000, 0x0000000706a00000, 0x0000000706b00000|  0%| F|  |TAMS 0x0000000706a00000, 0x0000000706a00000| Untracked 
|  71|0x0000000706b00000, 0x0000000706b00000, 0x0000000706c00000|  0%| F|  |TAMS 0x0000000706b00000, 0x0000000706b00000| Untracked 
|  72|0x0000000706c00000, 0x0000000706c00000, 0x0000000706d00000|  0%| F|  |TAMS 0x0000000706c00000, 0x0000000706c00000| Untracked 
|  73|0x0000000706d00000, 0x0000000706d00000, 0x0000000706e00000|  0%| F|  |TAMS 0x0000000706d00000, 0x0000000706d00000| Untracked 
|  74|0x0000000706e00000, 0x0000000706e00000, 0x0000000706f00000|  0%| F|  |TAMS 0x0000000706e00000, 0x0000000706e00000| Untracked 
|  75|0x0000000706f00000, 0x0000000706f00000, 0x0000000707000000|  0%| F|  |TAMS 0x0000000706f00000, 0x0000000706f00000| Untracked 
|  76|0x0000000707000000, 0x0000000707000000, 0x0000000707100000|  0%| F|  |TAMS 0x0000000707000000, 0x0000000707000000| Untracked 
|  77|0x0000000707100000, 0x0000000707100000, 0x0000000707200000|  0%| F|  |TAMS 0x0000000707100000, 0x0000000707100000| Untracked 
|  78|0x0000000707200000, 0x0000000707200000, 0x0000000707300000|  0%| F|  |TAMS 0x0000000707200000, 0x0000000707200000| Untracked 
|  79|0x0000000707300000, 0x0000000707300000, 0x0000000707400000|  0%| F|  |TAMS 0x0000000707300000, 0x0000000707300000| Untracked 
|  80|0x0000000707400000, 0x0000000707400000, 0x0000000707500000|  0%| F|  |TAMS 0x0000000707400000, 0x0000000707400000| Untracked 
|  81|0x0000000707500000, 0x0000000707500000, 0x0000000707600000|  0%| F|  |TAMS 0x0000000707500000, 0x0000000707500000| Untracked 
|  82|0x0000000707600000, 0x0000000707600000, 0x0000000707700000|  0%| F|  |TAMS 0x0000000707600000, 0x0000000707600000| Untracked 
|  83|0x0000000707700000, 0x0000000707700000, 0x0000000707800000|  0%| F|  |TAMS 0x0000000707700000, 0x0000000707700000| Untracked 
|  84|0x0000000707800000, 0x0000000707800000, 0x0000000707900000|  0%| F|  |TAMS 0x0000000707800000, 0x0000000707800000| Untracked 
|  85|0x0000000707900000, 0x0000000707900000, 0x0000000707a00000|  0%| F|  |TAMS 0x0000000707900000, 0x0000000707900000| Untracked 
|  86|0x0000000707a00000, 0x0000000707a00000, 0x0000000707b00000|  0%| F|  |TAMS 0x0000000707a00000, 0x0000000707a00000| Untracked 
|  87|0x0000000707b00000, 0x0000000707b00000, 0x0000000707c00000|  0%| F|  |TAMS 0x0000000707b00000, 0x0000000707b00000| Untracked 
|  88|0x0000000707c00000, 0x0000000707c00000, 0x0000000707d00000|  0%| F|  |TAMS 0x0000000707c00000, 0x0000000707c00000| Untracked 
|  89|0x0000000707d00000, 0x0000000707d00000, 0x0000000707e00000|  0%| F|  |TAMS 0x0000000707d00000, 0x0000000707d00000| Untracked 
|  90|0x0000000707e00000, 0x0000000707e00000, 0x0000000707f00000|  0%| F|  |TAMS 0x0000000707e00000, 0x0000000707e00000| Untracked 
|  91|0x0000000707f00000, 0x0000000707f00000, 0x0000000708000000|  0%| F|  |TAMS 0x0000000707f00000, 0x0000000707f00000| Untracked 
|  92|0x0000000708000000, 0x0000000708000000, 0x0000000708100000|  0%| F|  |TAMS 0x0000000708000000, 0x0000000708000000| Untracked 
|  93|0x0000000708100000, 0x0000000708100000, 0x0000000708200000|  0%| F|  |TAMS 0x0000000708100000, 0x0000000708100000| Untracked 
|  94|0x0000000708200000, 0x0000000708200000, 0x0000000708300000|  0%| F|  |TAMS 0x0000000708200000, 0x0000000708200000| Untracked 
|  95|0x0000000708300000, 0x0000000708300000, 0x0000000708400000|  0%| F|  |TAMS 0x0000000708300000, 0x0000000708300000| Untracked 
|  96|0x0000000708400000, 0x0000000708400000, 0x0000000708500000|  0%| F|  |TAMS 0x0000000708400000, 0x0000000708400000| Untracked 
|  97|0x0000000708500000, 0x0000000708500000, 0x0000000708600000|  0%| F|  |TAMS 0x0000000708500000, 0x0000000708500000| Untracked 
|  98|0x0000000708600000, 0x0000000708600000, 0x0000000708700000|  0%| F|  |TAMS 0x0000000708600000, 0x0000000708600000| Untracked 
|  99|0x0000000708700000, 0x0000000708700000, 0x0000000708800000|  0%| F|  |TAMS 0x0000000708700000, 0x0000000708700000| Untracked 
| 100|0x0000000708800000, 0x0000000708800000, 0x0000000708900000|  0%| F|  |TAMS 0x0000000708800000, 0x0000000708800000| Untracked 
| 101|0x0000000708900000, 0x0000000708900000, 0x0000000708a00000|  0%| F|  |TAMS 0x0000000708900000, 0x0000000708900000| Untracked 
| 102|0x0000000708a00000, 0x0000000708a00000, 0x0000000708b00000|  0%| F|  |TAMS 0x0000000708a00000, 0x0000000708a00000| Untracked 
| 103|0x0000000708b00000, 0x0000000708b00000, 0x0000000708c00000|  0%| F|  |TAMS 0x0000000708b00000, 0x0000000708b00000| Untracked 
| 104|0x0000000708c00000, 0x0000000708c00000, 0x0000000708d00000|  0%| F|  |TAMS 0x0000000708c00000, 0x0000000708c00000| Untracked 
| 105|0x0000000708d00000, 0x0000000708d00000, 0x0000000708e00000|  0%| F|  |TAMS 0x0000000708d00000, 0x0000000708d00000| Untracked 
| 106|0x0000000708e00000, 0x0000000708e00000, 0x0000000708f00000|  0%| F|  |TAMS 0x0000000708e00000, 0x0000000708e00000| Untracked 
| 107|0x0000000708f00000, 0x0000000708f00000, 0x0000000709000000|  0%| F|  |TAMS 0x0000000708f00000, 0x0000000708f00000| Untracked 
| 108|0x0000000709000000, 0x0000000709000000, 0x0000000709100000|  0%| F|  |TAMS 0x0000000709000000, 0x0000000709000000| Untracked 
| 109|0x0000000709100000, 0x0000000709100000, 0x0000000709200000|  0%| F|  |TAMS 0x0000000709100000, 0x0000000709100000| Untracked 
| 110|0x0000000709200000, 0x0000000709200000, 0x0000000709300000|  0%| F|  |TAMS 0x0000000709200000, 0x0000000709200000| Untracked 
| 111|0x0000000709300000, 0x0000000709300000, 0x0000000709400000|  0%| F|  |TAMS 0x0000000709300000, 0x0000000709300000| Untracked 
| 112|0x0000000709400000, 0x0000000709400000, 0x0000000709500000|  0%| F|  |TAMS 0x0000000709400000, 0x0000000709400000| Untracked 
| 113|0x0000000709500000, 0x0000000709500000, 0x0000000709600000|  0%| F|  |TAMS 0x0000000709500000, 0x0000000709500000| Untracked 
| 114|0x0000000709600000, 0x0000000709600000, 0x0000000709700000|  0%| F|  |TAMS 0x0000000709600000, 0x0000000709600000| Untracked 
| 115|0x0000000709700000, 0x0000000709700000, 0x0000000709800000|  0%| F|  |TAMS 0x0000000709700000, 0x0000000709700000| Untracked 
| 116|0x0000000709800000, 0x0000000709800000, 0x0000000709900000|  0%| F|  |TAMS 0x0000000709800000, 0x0000000709800000| Untracked 
| 117|0x0000000709900000, 0x0000000709900000, 0x0000000709a00000|  0%| F|  |TAMS 0x0000000709900000, 0x0000000709900000| Untracked 
| 118|0x0000000709a00000, 0x0000000709a00000, 0x0000000709b00000|  0%| F|  |TAMS 0x0000000709a00000, 0x0000000709a00000| Untracked 
| 119|0x0000000709b00000, 0x0000000709b00000, 0x0000000709c00000|  0%| F|  |TAMS 0x0000000709b00000, 0x0000000709b00000| Untracked 
| 120|0x0000000709c00000, 0x0000000709c00000, 0x0000000709d00000|  0%| F|  |TAMS 0x0000000709c00000, 0x0000000709c00000| Untracked 
| 121|0x0000000709d00000, 0x0000000709d00000, 0x0000000709e00000|  0%| F|  |TAMS 0x0000000709d00000, 0x0000000709d00000| Untracked 
| 122|0x0000000709e00000, 0x0000000709e00000, 0x0000000709f00000|  0%| F|  |TAMS 0x0000000709e00000, 0x0000000709e00000| Untracked 
| 123|0x0000000709f00000, 0x0000000709f00000, 0x000000070a000000|  0%| F|  |TAMS 0x0000000709f00000, 0x0000000709f00000| Untracked 
| 124|0x000000070a000000, 0x000000070a000000, 0x000000070a100000|  0%| F|  |TAMS 0x000000070a000000, 0x000000070a000000| Untracked 
| 125|0x000000070a100000, 0x000000070a100000, 0x000000070a200000|  0%| F|  |TAMS 0x000000070a100000, 0x000000070a100000| Untracked 
| 126|0x000000070a200000, 0x000000070a200000, 0x000000070a300000|  0%| F|  |TAMS 0x000000070a200000, 0x000000070a200000| Untracked 
| 127|0x000000070a300000, 0x000000070a300000, 0x000000070a400000|  0%| F|  |TAMS 0x000000070a300000, 0x000000070a300000| Untracked 
| 128|0x000000070a400000, 0x000000070a400000, 0x000000070a500000|  0%| F|  |TAMS 0x000000070a400000, 0x000000070a400000| Untracked 
| 129|0x000000070a500000, 0x000000070a500000, 0x000000070a600000|  0%| F|  |TAMS 0x000000070a500000, 0x000000070a500000| Untracked 
| 130|0x000000070a600000, 0x000000070a600000, 0x000000070a700000|  0%| F|  |TAMS 0x000000070a600000, 0x000000070a600000| Untracked 
| 131|0x000000070a700000, 0x000000070a700000, 0x000000070a800000|  0%| F|  |TAMS 0x000000070a700000, 0x000000070a700000| Untracked 
| 132|0x000000070a800000, 0x000000070a800000, 0x000000070a900000|  0%| F|  |TAMS 0x000000070a800000, 0x000000070a800000| Untracked 
| 133|0x000000070a900000, 0x000000070a900000, 0x000000070aa00000|  0%| F|  |TAMS 0x000000070a900000, 0x000000070a900000| Untracked 
| 134|0x000000070aa00000, 0x000000070aa00000, 0x000000070ab00000|  0%| F|  |TAMS 0x000000070aa00000, 0x000000070aa00000| Untracked 
| 135|0x000000070ab00000, 0x000000070ab00000, 0x000000070ac00000|  0%| F|  |TAMS 0x000000070ab00000, 0x000000070ab00000| Untracked 
| 136|0x000000070ac00000, 0x000000070ac00000, 0x000000070ad00000|  0%| F|  |TAMS 0x000000070ac00000, 0x000000070ac00000| Untracked 
| 137|0x000000070ad00000, 0x000000070ad00000, 0x000000070ae00000|  0%| F|  |TAMS 0x000000070ad00000, 0x000000070ad00000| Untracked 
| 138|0x000000070ae00000, 0x000000070ae00000, 0x000000070af00000|  0%| F|  |TAMS 0x000000070ae00000, 0x000000070ae00000| Untracked 
| 139|0x000000070af00000, 0x000000070af00000, 0x000000070b000000|  0%| F|  |TAMS 0x000000070af00000, 0x000000070af00000| Untracked 
| 140|0x000000070b000000, 0x000000070b000000, 0x000000070b100000|  0%| F|  |TAMS 0x000000070b000000, 0x000000070b000000| Untracked 
| 141|0x000000070b100000, 0x000000070b100000, 0x000000070b200000|  0%| F|  |TAMS 0x000000070b100000, 0x000000070b100000| Untracked 
| 142|0x000000070b200000, 0x000000070b200000, 0x000000070b300000|  0%| F|  |TAMS 0x000000070b200000, 0x000000070b200000| Untracked 
| 143|0x000000070b300000, 0x000000070b300000, 0x000000070b400000|  0%| F|  |TAMS 0x000000070b300000, 0x000000070b300000| Untracked 
| 144|0x000000070b400000, 0x000000070b400000, 0x000000070b500000|  0%| F|  |TAMS 0x000000070b400000, 0x000000070b400000| Untracked 
| 145|0x000000070b500000, 0x000000070b500000, 0x000000070b600000|  0%| F|  |TAMS 0x000000070b500000, 0x000000070b500000| Untracked 
| 146|0x000000070b600000, 0x000000070b700000, 0x000000070b700000|100%| S|CS|TAMS 0x000000070b600000, 0x000000070b600000| Complete 
| 147|0x000000070b700000, 0x000000070b800000, 0x000000070b800000|100%| S|CS|TAMS 0x000000070b700000, 0x000000070b700000| Complete 
| 148|0x000000070b800000, 0x000000070b900000, 0x000000070b900000|100%| S|CS|TAMS 0x000000070b800000, 0x000000070b800000| Complete 
| 149|0x000000070b900000, 0x000000070ba00000, 0x000000070ba00000|100%| S|CS|TAMS 0x000000070b900000, 0x000000070b900000| Complete 
| 150|0x000000070ba00000, 0x000000070bb00000, 0x000000070bb00000|100%| S|CS|TAMS 0x000000070ba00000, 0x000000070ba00000| Complete 
| 151|0x000000070bb00000, 0x000000070bc00000, 0x000000070bc00000|100%| S|CS|TAMS 0x000000070bb00000, 0x000000070bb00000| Complete 
| 152|0x000000070bc00000, 0x000000070bd00000, 0x000000070bd00000|100%| S|CS|TAMS 0x000000070bc00000, 0x000000070bc00000| Complete 
| 153|0x000000070bd00000, 0x000000070be00000, 0x000000070be00000|100%| S|CS|TAMS 0x000000070bd00000, 0x000000070bd00000| Complete 
| 154|0x000000070be00000, 0x000000070bf00000, 0x000000070bf00000|100%| S|CS|TAMS 0x000000070be00000, 0x000000070be00000| Complete 
| 155|0x000000070bf00000, 0x000000070c000000, 0x000000070c000000|100%| S|CS|TAMS 0x000000070bf00000, 0x000000070bf00000| Complete 
| 156|0x000000070c000000, 0x000000070c100000, 0x000000070c100000|100%| S|CS|TAMS 0x000000070c000000, 0x000000070c000000| Complete 
| 157|0x000000070c100000, 0x000000070c200000, 0x000000070c200000|100%| S|CS|TAMS 0x000000070c100000, 0x000000070c100000| Complete 
| 158|0x000000070c200000, 0x000000070c300000, 0x000000070c300000|100%| S|CS|TAMS 0x000000070c200000, 0x000000070c200000| Complete 
| 159|0x000000070c300000, 0x000000070c400000, 0x000000070c400000|100%| S|CS|TAMS 0x000000070c300000, 0x000000070c300000| Complete 
| 160|0x000000070c400000, 0x000000070c500000, 0x000000070c500000|100%| S|CS|TAMS 0x000000070c400000, 0x000000070c400000| Complete 
| 161|0x000000070c500000, 0x000000070c600000, 0x000000070c600000|100%| S|CS|TAMS 0x000000070c500000, 0x000000070c500000| Complete 
| 162|0x000000070c600000, 0x000000070c700000, 0x000000070c700000|100%| S|CS|TAMS 0x000000070c600000, 0x000000070c600000| Complete 
| 163|0x000000070c700000, 0x000000070c800000, 0x000000070c800000|100%| S|CS|TAMS 0x000000070c700000, 0x000000070c700000| Complete 
| 164|0x000000070c800000, 0x000000070c900000, 0x000000070c900000|100%| S|CS|TAMS 0x000000070c800000, 0x000000070c800000| Complete 
| 165|0x000000070c900000, 0x000000070c900000, 0x000000070ca00000|  0%| F|  |TAMS 0x000000070c900000, 0x000000070c900000| Untracked 
| 166|0x000000070ca00000, 0x000000070ca00000, 0x000000070cb00000|  0%| F|  |TAMS 0x000000070ca00000, 0x000000070ca00000| Untracked 
| 167|0x000000070cb00000, 0x000000070cb00000, 0x000000070cc00000|  0%| F|  |TAMS 0x000000070cb00000, 0x000000070cb00000| Untracked 
| 168|0x000000070cc00000, 0x000000070cc00000, 0x000000070cd00000|  0%| F|  |TAMS 0x000000070cc00000, 0x000000070cc00000| Untracked 
| 169|0x000000070cd00000, 0x000000070cd00000, 0x000000070ce00000|  0%| F|  |TAMS 0x000000070cd00000, 0x000000070cd00000| Untracked 
| 170|0x000000070ce00000, 0x000000070ce00000, 0x000000070cf00000|  0%| F|  |TAMS 0x000000070ce00000, 0x000000070ce00000| Untracked 
| 171|0x000000070cf00000, 0x000000070cf00000, 0x000000070d000000|  0%| F|  |TAMS 0x000000070cf00000, 0x000000070cf00000| Untracked 
| 172|0x000000070d000000, 0x000000070d000000, 0x000000070d100000|  0%| F|  |TAMS 0x000000070d000000, 0x000000070d000000| Untracked 
| 173|0x000000070d100000, 0x000000070d100000, 0x000000070d200000|  0%| F|  |TAMS 0x000000070d100000, 0x000000070d100000| Untracked 
| 174|0x000000070d200000, 0x000000070d200000, 0x000000070d300000|  0%| F|  |TAMS 0x000000070d200000, 0x000000070d200000| Untracked 
| 175|0x000000070d300000, 0x000000070d300000, 0x000000070d400000|  0%| F|  |TAMS 0x000000070d300000, 0x000000070d300000| Untracked 
| 176|0x000000070d400000, 0x000000070d400000, 0x000000070d500000|  0%| F|  |TAMS 0x000000070d400000, 0x000000070d400000| Untracked 
| 177|0x000000070d500000, 0x000000070d500000, 0x000000070d600000|  0%| F|  |TAMS 0x000000070d500000, 0x000000070d500000| Untracked 
| 178|0x000000070d600000, 0x000000070d600000, 0x000000070d700000|  0%| F|  |TAMS 0x000000070d600000, 0x000000070d600000| Untracked 
| 179|0x000000070d700000, 0x000000070d700000, 0x000000070d800000|  0%| F|  |TAMS 0x000000070d700000, 0x000000070d700000| Untracked 
| 180|0x000000070d800000, 0x000000070d800000, 0x000000070d900000|  0%| F|  |TAMS 0x000000070d800000, 0x000000070d800000| Untracked 
| 181|0x000000070d900000, 0x000000070d900000, 0x000000070da00000|  0%| F|  |TAMS 0x000000070d900000, 0x000000070d900000| Untracked 
| 182|0x000000070da00000, 0x000000070da00000, 0x000000070db00000|  0%| F|  |TAMS 0x000000070da00000, 0x000000070da00000| Untracked 
| 183|0x000000070db00000, 0x000000070db00000, 0x000000070dc00000|  0%| F|  |TAMS 0x000000070db00000, 0x000000070db00000| Untracked 
| 184|0x000000070dc00000, 0x000000070dc00000, 0x000000070dd00000|  0%| F|  |TAMS 0x000000070dc00000, 0x000000070dc00000| Untracked 
| 185|0x000000070dd00000, 0x000000070dd00000, 0x000000070de00000|  0%| F|  |TAMS 0x000000070dd00000, 0x000000070dd00000| Untracked 
| 186|0x000000070de00000, 0x000000070de00000, 0x000000070df00000|  0%| F|  |TAMS 0x000000070de00000, 0x000000070de00000| Untracked 
| 187|0x000000070df00000, 0x000000070df00000, 0x000000070e000000|  0%| F|  |TAMS 0x000000070df00000, 0x000000070df00000| Untracked 
| 188|0x000000070e000000, 0x000000070e000000, 0x000000070e100000|  0%| F|  |TAMS 0x000000070e000000, 0x000000070e000000| Untracked 
| 189|0x000000070e100000, 0x000000070e100000, 0x000000070e200000|  0%| F|  |TAMS 0x000000070e100000, 0x000000070e100000| Untracked 
| 190|0x000000070e200000, 0x000000070e200000, 0x000000070e300000|  0%| F|  |TAMS 0x000000070e200000, 0x000000070e200000| Untracked 
| 191|0x000000070e300000, 0x000000070e300000, 0x000000070e400000|  0%| F|  |TAMS 0x000000070e300000, 0x000000070e300000| Untracked 
| 192|0x000000070e400000, 0x000000070e400000, 0x000000070e500000|  0%| F|  |TAMS 0x000000070e400000, 0x000000070e400000| Untracked 
| 193|0x000000070e500000, 0x000000070e500000, 0x000000070e600000|  0%| F|  |TAMS 0x000000070e500000, 0x000000070e500000| Untracked 
| 194|0x000000070e600000, 0x000000070e600000, 0x000000070e700000|  0%| F|  |TAMS 0x000000070e600000, 0x000000070e600000| Untracked 
| 195|0x000000070e700000, 0x000000070e700000, 0x000000070e800000|  0%| F|  |TAMS 0x000000070e700000, 0x000000070e700000| Untracked 
| 196|0x000000070e800000, 0x000000070e800000, 0x000000070e900000|  0%| F|  |TAMS 0x000000070e800000, 0x000000070e800000| Untracked 
| 197|0x000000070e900000, 0x000000070e900000, 0x000000070ea00000|  0%| F|  |TAMS 0x000000070e900000, 0x000000070e900000| Untracked 
| 198|0x000000070ea00000, 0x000000070ea00000, 0x000000070eb00000|  0%| F|  |TAMS 0x000000070ea00000, 0x000000070ea00000| Untracked 
| 199|0x000000070eb00000, 0x000000070eb00000, 0x000000070ec00000|  0%| F|  |TAMS 0x000000070eb00000, 0x000000070eb00000| Untracked 
| 200|0x000000070ec00000, 0x000000070ec00000, 0x000000070ed00000|  0%| F|  |TAMS 0x000000070ec00000, 0x000000070ec00000| Untracked 
| 201|0x000000070ed00000, 0x000000070ed00000, 0x000000070ee00000|  0%| F|  |TAMS 0x000000070ed00000, 0x000000070ed00000| Untracked 
| 202|0x000000070ee00000, 0x000000070ee00000, 0x000000070ef00000|  0%| F|  |TAMS 0x000000070ee00000, 0x000000070ee00000| Untracked 
| 203|0x000000070ef00000, 0x000000070ef00000, 0x000000070f000000|  0%| F|  |TAMS 0x000000070ef00000, 0x000000070ef00000| Untracked 
| 204|0x000000070f000000, 0x000000070f000000, 0x000000070f100000|  0%| F|  |TAMS 0x000000070f000000, 0x000000070f000000| Untracked 
| 205|0x000000070f100000, 0x000000070f100000, 0x000000070f200000|  0%| F|  |TAMS 0x000000070f100000, 0x000000070f100000| Untracked 
| 206|0x000000070f200000, 0x000000070f200000, 0x000000070f300000|  0%| F|  |TAMS 0x000000070f200000, 0x000000070f200000| Untracked 
| 207|0x000000070f300000, 0x000000070f300000, 0x000000070f400000|  0%| F|  |TAMS 0x000000070f300000, 0x000000070f300000| Untracked 
| 208|0x000000070f400000, 0x000000070f400000, 0x000000070f500000|  0%| F|  |TAMS 0x000000070f400000, 0x000000070f400000| Untracked 
| 209|0x000000070f500000, 0x000000070f500000, 0x000000070f600000|  0%| F|  |TAMS 0x000000070f500000, 0x000000070f500000| Untracked 
| 210|0x000000070f600000, 0x000000070f600000, 0x000000070f700000|  0%| F|  |TAMS 0x000000070f600000, 0x000000070f600000| Untracked 
| 211|0x000000070f700000, 0x000000070f700000, 0x000000070f800000|  0%| F|  |TAMS 0x000000070f700000, 0x000000070f700000| Untracked 
| 212|0x000000070f800000, 0x000000070f800000, 0x000000070f900000|  0%| F|  |TAMS 0x000000070f800000, 0x000000070f800000| Untracked 
| 213|0x000000070f900000, 0x000000070f900000, 0x000000070fa00000|  0%| F|  |TAMS 0x000000070f900000, 0x000000070f900000| Untracked 
| 214|0x000000070fa00000, 0x000000070fa00000, 0x000000070fb00000|  0%| F|  |TAMS 0x000000070fa00000, 0x000000070fa00000| Untracked 
| 215|0x000000070fb00000, 0x000000070fb00000, 0x000000070fc00000|  0%| F|  |TAMS 0x000000070fb00000, 0x000000070fb00000| Untracked 
| 216|0x000000070fc00000, 0x000000070fc00000, 0x000000070fd00000|  0%| F|  |TAMS 0x000000070fc00000, 0x000000070fc00000| Untracked 
| 217|0x000000070fd00000, 0x000000070fd00000, 0x000000070fe00000|  0%| F|  |TAMS 0x000000070fd00000, 0x000000070fd00000| Untracked 
| 218|0x000000070fe00000, 0x000000070fe00000, 0x000000070ff00000|  0%| F|  |TAMS 0x000000070fe00000, 0x000000070fe00000| Untracked 
| 219|0x000000070ff00000, 0x000000070ff00000, 0x0000000710000000|  0%| F|  |TAMS 0x000000070ff00000, 0x000000070ff00000| Untracked 
| 220|0x0000000710000000, 0x0000000710000000, 0x0000000710100000|  0%| F|  |TAMS 0x0000000710000000, 0x0000000710000000| Untracked 
| 221|0x0000000710100000, 0x0000000710100000, 0x0000000710200000|  0%| F|  |TAMS 0x0000000710100000, 0x0000000710100000| Untracked 
| 222|0x0000000710200000, 0x0000000710200000, 0x0000000710300000|  0%| F|  |TAMS 0x0000000710200000, 0x0000000710200000| Untracked 
| 223|0x0000000710300000, 0x0000000710300000, 0x0000000710400000|  0%| F|  |TAMS 0x0000000710300000, 0x0000000710300000| Untracked 
| 224|0x0000000710400000, 0x0000000710400000, 0x0000000710500000|  0%| F|  |TAMS 0x0000000710400000, 0x0000000710400000| Untracked 
| 225|0x0000000710500000, 0x0000000710500000, 0x0000000710600000|  0%| F|  |TAMS 0x0000000710500000, 0x0000000710500000| Untracked 
| 226|0x0000000710600000, 0x0000000710600000, 0x0000000710700000|  0%| F|  |TAMS 0x0000000710600000, 0x0000000710600000| Untracked 
| 227|0x0000000710700000, 0x0000000710700000, 0x0000000710800000|  0%| F|  |TAMS 0x0000000710700000, 0x0000000710700000| Untracked 
| 228|0x0000000710800000, 0x0000000710800000, 0x0000000710900000|  0%| F|  |TAMS 0x0000000710800000, 0x0000000710800000| Untracked 
| 229|0x0000000710900000, 0x0000000710900000, 0x0000000710a00000|  0%| F|  |TAMS 0x0000000710900000, 0x0000000710900000| Untracked 
| 230|0x0000000710a00000, 0x0000000710a00000, 0x0000000710b00000|  0%| F|  |TAMS 0x0000000710a00000, 0x0000000710a00000| Untracked 
| 231|0x0000000710b00000, 0x0000000710b00000, 0x0000000710c00000|  0%| F|  |TAMS 0x0000000710b00000, 0x0000000710b00000| Untracked 
| 232|0x0000000710c00000, 0x0000000710c00000, 0x0000000710d00000|  0%| F|  |TAMS 0x0000000710c00000, 0x0000000710c00000| Untracked 
| 233|0x0000000710d00000, 0x0000000710d00000, 0x0000000710e00000|  0%| F|  |TAMS 0x0000000710d00000, 0x0000000710d00000| Untracked 
| 234|0x0000000710e00000, 0x0000000710e00000, 0x0000000710f00000|  0%| F|  |TAMS 0x0000000710e00000, 0x0000000710e00000| Untracked 
| 235|0x0000000710f00000, 0x0000000710f00000, 0x0000000711000000|  0%| F|  |TAMS 0x0000000710f00000, 0x0000000710f00000| Untracked 
| 236|0x0000000711000000, 0x0000000711000000, 0x0000000711100000|  0%| F|  |TAMS 0x0000000711000000, 0x0000000711000000| Untracked 
| 237|0x0000000711100000, 0x0000000711100000, 0x0000000711200000|  0%| F|  |TAMS 0x0000000711100000, 0x0000000711100000| Untracked 
| 238|0x0000000711200000, 0x0000000711200000, 0x0000000711300000|  0%| F|  |TAMS 0x0000000711200000, 0x0000000711200000| Untracked 
| 239|0x0000000711300000, 0x0000000711300000, 0x0000000711400000|  0%| F|  |TAMS 0x0000000711300000, 0x0000000711300000| Untracked 
| 240|0x0000000711400000, 0x0000000711400000, 0x0000000711500000|  0%| F|  |TAMS 0x0000000711400000, 0x0000000711400000| Untracked 
| 241|0x0000000711500000, 0x0000000711500000, 0x0000000711600000|  0%| F|  |TAMS 0x0000000711500000, 0x0000000711500000| Untracked 
| 242|0x0000000711600000, 0x0000000711600000, 0x0000000711700000|  0%| F|  |TAMS 0x0000000711600000, 0x0000000711600000| Untracked 
| 243|0x0000000711700000, 0x0000000711700000, 0x0000000711800000|  0%| F|  |TAMS 0x0000000711700000, 0x0000000711700000| Untracked 
| 244|0x0000000711800000, 0x0000000711800000, 0x0000000711900000|  0%| F|  |TAMS 0x0000000711800000, 0x0000000711800000| Untracked 
| 245|0x0000000711900000, 0x0000000711900000, 0x0000000711a00000|  0%| F|  |TAMS 0x0000000711900000, 0x0000000711900000| Untracked 
| 246|0x0000000711a00000, 0x0000000711a00000, 0x0000000711b00000|  0%| F|  |TAMS 0x0000000711a00000, 0x0000000711a00000| Untracked 
| 247|0x0000000711b00000, 0x0000000711b00000, 0x0000000711c00000|  0%| F|  |TAMS 0x0000000711b00000, 0x0000000711b00000| Untracked 
| 248|0x0000000711c00000, 0x0000000711c00000, 0x0000000711d00000|  0%| F|  |TAMS 0x0000000711c00000, 0x0000000711c00000| Untracked 
| 249|0x0000000711d00000, 0x0000000711d00000, 0x0000000711e00000|  0%| F|  |TAMS 0x0000000711d00000, 0x0000000711d00000| Untracked 
| 250|0x0000000711e00000, 0x0000000711e00000, 0x0000000711f00000|  0%| F|  |TAMS 0x0000000711e00000, 0x0000000711e00000| Untracked 
| 251|0x0000000711f00000, 0x0000000711f00000, 0x0000000712000000|  0%| F|  |TAMS 0x0000000711f00000, 0x0000000711f00000| Untracked 
| 252|0x0000000712000000, 0x0000000712000000, 0x0000000712100000|  0%| F|  |TAMS 0x0000000712000000, 0x0000000712000000| Untracked 
| 253|0x0000000712100000, 0x0000000712100000, 0x0000000712200000|  0%| F|  |TAMS 0x0000000712100000, 0x0000000712100000| Untracked 
| 254|0x0000000712200000, 0x0000000712200000, 0x0000000712300000|  0%| F|  |TAMS 0x0000000712200000, 0x0000000712200000| Untracked 
| 255|0x0000000712300000, 0x0000000712300000, 0x0000000712400000|  0%| F|  |TAMS 0x0000000712300000, 0x0000000712300000| Untracked 
| 256|0x0000000712400000, 0x0000000712400000, 0x0000000712500000|  0%| F|  |TAMS 0x0000000712400000, 0x0000000712400000| Untracked 
| 257|0x0000000712500000, 0x0000000712500000, 0x0000000712600000|  0%| F|  |TAMS 0x0000000712500000, 0x0000000712500000| Untracked 
| 258|0x0000000712600000, 0x0000000712600000, 0x0000000712700000|  0%| F|  |TAMS 0x0000000712600000, 0x0000000712600000| Untracked 
| 259|0x0000000712700000, 0x0000000712700000, 0x0000000712800000|  0%| F|  |TAMS 0x0000000712700000, 0x0000000712700000| Untracked 
| 260|0x0000000712800000, 0x0000000712800000, 0x0000000712900000|  0%| F|  |TAMS 0x0000000712800000, 0x0000000712800000| Untracked 
| 261|0x0000000712900000, 0x0000000712900000, 0x0000000712a00000|  0%| F|  |TAMS 0x0000000712900000, 0x0000000712900000| Untracked 
| 262|0x0000000712a00000, 0x0000000712a00000, 0x0000000712b00000|  0%| F|  |TAMS 0x0000000712a00000, 0x0000000712a00000| Untracked 
| 263|0x0000000712b00000, 0x0000000712b00000, 0x0000000712c00000|  0%| F|  |TAMS 0x0000000712b00000, 0x0000000712b00000| Untracked 
| 264|0x0000000712c00000, 0x0000000712c00000, 0x0000000712d00000|  0%| F|  |TAMS 0x0000000712c00000, 0x0000000712c00000| Untracked 
| 265|0x0000000712d00000, 0x0000000712d00000, 0x0000000712e00000|  0%| F|  |TAMS 0x0000000712d00000, 0x0000000712d00000| Untracked 
| 266|0x0000000712e00000, 0x0000000712e00000, 0x0000000712f00000|  0%| F|  |TAMS 0x0000000712e00000, 0x0000000712e00000| Untracked 
| 267|0x0000000712f00000, 0x0000000712f00000, 0x0000000713000000|  0%| F|  |TAMS 0x0000000712f00000, 0x0000000712f00000| Untracked 
| 268|0x0000000713000000, 0x0000000713000000, 0x0000000713100000|  0%| F|  |TAMS 0x0000000713000000, 0x0000000713000000| Untracked 
| 269|0x0000000713100000, 0x0000000713100000, 0x0000000713200000|  0%| F|  |TAMS 0x0000000713100000, 0x0000000713100000| Untracked 
| 270|0x0000000713200000, 0x0000000713200000, 0x0000000713300000|  0%| F|  |TAMS 0x0000000713200000, 0x0000000713200000| Untracked 
| 271|0x0000000713300000, 0x0000000713300000, 0x0000000713400000|  0%| F|  |TAMS 0x0000000713300000, 0x0000000713300000| Untracked 
| 272|0x0000000713400000, 0x0000000713400000, 0x0000000713500000|  0%| F|  |TAMS 0x0000000713400000, 0x0000000713400000| Untracked 
| 273|0x0000000713500000, 0x0000000713500000, 0x0000000713600000|  0%| F|  |TAMS 0x0000000713500000, 0x0000000713500000| Untracked 
| 274|0x0000000713600000, 0x0000000713600000, 0x0000000713700000|  0%| F|  |TAMS 0x0000000713600000, 0x0000000713600000| Untracked 
| 275|0x0000000713700000, 0x0000000713700000, 0x0000000713800000|  0%| F|  |TAMS 0x0000000713700000, 0x0000000713700000| Untracked 
| 276|0x0000000713800000, 0x0000000713800000, 0x0000000713900000|  0%| F|  |TAMS 0x0000000713800000, 0x0000000713800000| Untracked 
| 277|0x0000000713900000, 0x0000000713900000, 0x0000000713a00000|  0%| F|  |TAMS 0x0000000713900000, 0x0000000713900000| Untracked 
| 278|0x0000000713a00000, 0x0000000713a00000, 0x0000000713b00000|  0%| F|  |TAMS 0x0000000713a00000, 0x0000000713a00000| Untracked 
| 279|0x0000000713b00000, 0x0000000713b00000, 0x0000000713c00000|  0%| F|  |TAMS 0x0000000713b00000, 0x0000000713b00000| Untracked 
| 280|0x0000000713c00000, 0x0000000713c00000, 0x0000000713d00000|  0%| F|  |TAMS 0x0000000713c00000, 0x0000000713c00000| Untracked 
| 281|0x0000000713d00000, 0x0000000713d00000, 0x0000000713e00000|  0%| F|  |TAMS 0x0000000713d00000, 0x0000000713d00000| Untracked 
| 282|0x0000000713e00000, 0x0000000713e00000, 0x0000000713f00000|  0%| F|  |TAMS 0x0000000713e00000, 0x0000000713e00000| Untracked 
| 283|0x0000000713f00000, 0x0000000713f00000, 0x0000000714000000|  0%| F|  |TAMS 0x0000000713f00000, 0x0000000713f00000| Untracked 
| 284|0x0000000714000000, 0x0000000714000000, 0x0000000714100000|  0%| F|  |TAMS 0x0000000714000000, 0x0000000714000000| Untracked 
| 285|0x0000000714100000, 0x0000000714100000, 0x0000000714200000|  0%| F|  |TAMS 0x0000000714100000, 0x0000000714100000| Untracked 
| 286|0x0000000714200000, 0x0000000714200000, 0x0000000714300000|  0%| F|  |TAMS 0x0000000714200000, 0x0000000714200000| Untracked 
| 287|0x0000000714300000, 0x0000000714300000, 0x0000000714400000|  0%| F|  |TAMS 0x0000000714300000, 0x0000000714300000| Untracked 
| 288|0x0000000714400000, 0x0000000714400000, 0x0000000714500000|  0%| F|  |TAMS 0x0000000714400000, 0x0000000714400000| Untracked 
| 289|0x0000000714500000, 0x0000000714500000, 0x0000000714600000|  0%| F|  |TAMS 0x0000000714500000, 0x0000000714500000| Untracked 
| 290|0x0000000714600000, 0x0000000714600000, 0x0000000714700000|  0%| F|  |TAMS 0x0000000714600000, 0x0000000714600000| Untracked 
| 291|0x0000000714700000, 0x0000000714700000, 0x0000000714800000|  0%| F|  |TAMS 0x0000000714700000, 0x0000000714700000| Untracked 
| 292|0x0000000714800000, 0x0000000714800000, 0x0000000714900000|  0%| F|  |TAMS 0x0000000714800000, 0x0000000714800000| Untracked 
| 293|0x0000000714900000, 0x0000000714900000, 0x0000000714a00000|  0%| F|  |TAMS 0x0000000714900000, 0x0000000714900000| Untracked 
| 294|0x0000000714a00000, 0x0000000714a00000, 0x0000000714b00000|  0%| F|  |TAMS 0x0000000714a00000, 0x0000000714a00000| Untracked 
| 295|0x0000000714b00000, 0x0000000714b00000, 0x0000000714c00000|  0%| F|  |TAMS 0x0000000714b00000, 0x0000000714b00000| Untracked 
| 296|0x0000000714c00000, 0x0000000714c00000, 0x0000000714d00000|  0%| F|  |TAMS 0x0000000714c00000, 0x0000000714c00000| Untracked 
| 297|0x0000000714d00000, 0x0000000714d00000, 0x0000000714e00000|  0%| F|  |TAMS 0x0000000714d00000, 0x0000000714d00000| Untracked 
| 298|0x0000000714e00000, 0x0000000714e00000, 0x0000000714f00000|  0%| F|  |TAMS 0x0000000714e00000, 0x0000000714e00000| Untracked 
| 299|0x0000000714f00000, 0x0000000714f00000, 0x0000000715000000|  0%| F|  |TAMS 0x0000000714f00000, 0x0000000714f00000| Untracked 
| 300|0x0000000715000000, 0x0000000715000000, 0x0000000715100000|  0%| F|  |TAMS 0x0000000715000000, 0x0000000715000000| Untracked 
| 301|0x0000000715100000, 0x0000000715100000, 0x0000000715200000|  0%| F|  |TAMS 0x0000000715100000, 0x0000000715100000| Untracked 
| 302|0x0000000715200000, 0x0000000715200000, 0x0000000715300000|  0%| F|  |TAMS 0x0000000715200000, 0x0000000715200000| Untracked 
| 303|0x0000000715300000, 0x0000000715300000, 0x0000000715400000|  0%| F|  |TAMS 0x0000000715300000, 0x0000000715300000| Untracked 
| 304|0x0000000715400000, 0x0000000715400000, 0x0000000715500000|  0%| F|  |TAMS 0x0000000715400000, 0x0000000715400000| Untracked 
| 305|0x0000000715500000, 0x0000000715500000, 0x0000000715600000|  0%| F|  |TAMS 0x0000000715500000, 0x0000000715500000| Untracked 
| 306|0x0000000715600000, 0x0000000715600000, 0x0000000715700000|  0%| F|  |TAMS 0x0000000715600000, 0x0000000715600000| Untracked 
| 307|0x0000000715700000, 0x0000000715700000, 0x0000000715800000|  0%| F|  |TAMS 0x0000000715700000, 0x0000000715700000| Untracked 
| 308|0x0000000715800000, 0x0000000715800000, 0x0000000715900000|  0%| F|  |TAMS 0x0000000715800000, 0x0000000715800000| Untracked 
| 309|0x0000000715900000, 0x0000000715900000, 0x0000000715a00000|  0%| F|  |TAMS 0x0000000715900000, 0x0000000715900000| Untracked 
| 310|0x0000000715a00000, 0x0000000715a00000, 0x0000000715b00000|  0%| F|  |TAMS 0x0000000715a00000, 0x0000000715a00000| Untracked 
| 311|0x0000000715b00000, 0x0000000715b00000, 0x0000000715c00000|  0%| F|  |TAMS 0x0000000715b00000, 0x0000000715b00000| Untracked 
| 312|0x0000000715c00000, 0x0000000715c00000, 0x0000000715d00000|  0%| F|  |TAMS 0x0000000715c00000, 0x0000000715c00000| Untracked 
| 313|0x0000000715d00000, 0x0000000715d00000, 0x0000000715e00000|  0%| F|  |TAMS 0x0000000715d00000, 0x0000000715d00000| Untracked 
| 314|0x0000000715e00000, 0x0000000715e00000, 0x0000000715f00000|  0%| F|  |TAMS 0x0000000715e00000, 0x0000000715e00000| Untracked 
| 315|0x0000000715f00000, 0x0000000715f00000, 0x0000000716000000|  0%| F|  |TAMS 0x0000000715f00000, 0x0000000715f00000| Untracked 
| 316|0x0000000716000000, 0x0000000716000000, 0x0000000716100000|  0%| F|  |TAMS 0x0000000716000000, 0x0000000716000000| Untracked 
| 317|0x0000000716100000, 0x0000000716100000, 0x0000000716200000|  0%| F|  |TAMS 0x0000000716100000, 0x0000000716100000| Untracked 
| 318|0x0000000716200000, 0x0000000716200000, 0x0000000716300000|  0%| F|  |TAMS 0x0000000716200000, 0x0000000716200000| Untracked 
| 319|0x0000000716300000, 0x0000000716300000, 0x0000000716400000|  0%| F|  |TAMS 0x0000000716300000, 0x0000000716300000| Untracked 
| 320|0x0000000716400000, 0x0000000716400000, 0x0000000716500000|  0%| F|  |TAMS 0x0000000716400000, 0x0000000716400000| Untracked 
| 321|0x0000000716500000, 0x0000000716500000, 0x0000000716600000|  0%| F|  |TAMS 0x0000000716500000, 0x0000000716500000| Untracked 
| 322|0x0000000716600000, 0x0000000716600000, 0x0000000716700000|  0%| F|  |TAMS 0x0000000716600000, 0x0000000716600000| Untracked 
| 323|0x0000000716700000, 0x0000000716700000, 0x0000000716800000|  0%| F|  |TAMS 0x0000000716700000, 0x0000000716700000| Untracked 
| 324|0x0000000716800000, 0x0000000716800000, 0x0000000716900000|  0%| F|  |TAMS 0x0000000716800000, 0x0000000716800000| Untracked 
| 325|0x0000000716900000, 0x0000000716900000, 0x0000000716a00000|  0%| F|  |TAMS 0x0000000716900000, 0x0000000716900000| Untracked 
| 326|0x0000000716a00000, 0x0000000716a00000, 0x0000000716b00000|  0%| F|  |TAMS 0x0000000716a00000, 0x0000000716a00000| Untracked 
| 327|0x0000000716b00000, 0x0000000716b00000, 0x0000000716c00000|  0%| F|  |TAMS 0x0000000716b00000, 0x0000000716b00000| Untracked 
| 328|0x0000000716c00000, 0x0000000716c00000, 0x0000000716d00000|  0%| F|  |TAMS 0x0000000716c00000, 0x0000000716c00000| Untracked 
| 329|0x0000000716d00000, 0x0000000716d00000, 0x0000000716e00000|  0%| F|  |TAMS 0x0000000716d00000, 0x0000000716d00000| Untracked 
| 330|0x0000000716e00000, 0x0000000716e00000, 0x0000000716f00000|  0%| F|  |TAMS 0x0000000716e00000, 0x0000000716e00000| Untracked 
| 331|0x0000000716f00000, 0x0000000716f00000, 0x0000000717000000|  0%| F|  |TAMS 0x0000000716f00000, 0x0000000716f00000| Untracked 
| 332|0x0000000717000000, 0x0000000717000000, 0x0000000717100000|  0%| F|  |TAMS 0x0000000717000000, 0x0000000717000000| Untracked 
| 333|0x0000000717100000, 0x0000000717100000, 0x0000000717200000|  0%| F|  |TAMS 0x0000000717100000, 0x0000000717100000| Untracked 
| 334|0x0000000717200000, 0x0000000717200000, 0x0000000717300000|  0%| F|  |TAMS 0x0000000717200000, 0x0000000717200000| Untracked 
| 335|0x0000000717300000, 0x0000000717400000, 0x0000000717400000|100%| E|  |TAMS 0x0000000717300000, 0x0000000717300000| Complete 
| 336|0x0000000717400000, 0x0000000717500000, 0x0000000717500000|100%| E|CS|TAMS 0x0000000717400000, 0x0000000717400000| Complete 
| 337|0x0000000717500000, 0x0000000717600000, 0x0000000717600000|100%| E|CS|TAMS 0x0000000717500000, 0x0000000717500000| Complete 
| 338|0x0000000717600000, 0x0000000717700000, 0x0000000717700000|100%| E|CS|TAMS 0x0000000717600000, 0x0000000717600000| Complete 
| 339|0x0000000717700000, 0x0000000717800000, 0x0000000717800000|100%| E|CS|TAMS 0x0000000717700000, 0x0000000717700000| Complete 
| 340|0x0000000717800000, 0x0000000717900000, 0x0000000717900000|100%| E|CS|TAMS 0x0000000717800000, 0x0000000717800000| Complete 
| 341|0x0000000717900000, 0x0000000717a00000, 0x0000000717a00000|100%| E|CS|TAMS 0x0000000717900000, 0x0000000717900000| Complete 
| 342|0x0000000717a00000, 0x0000000717b00000, 0x0000000717b00000|100%| E|CS|TAMS 0x0000000717a00000, 0x0000000717a00000| Complete 
| 343|0x0000000717b00000, 0x0000000717c00000, 0x0000000717c00000|100%| E|CS|TAMS 0x0000000717b00000, 0x0000000717b00000| Complete 
| 344|0x0000000717c00000, 0x0000000717d00000, 0x0000000717d00000|100%| E|CS|TAMS 0x0000000717c00000, 0x0000000717c00000| Complete 
| 345|0x0000000717d00000, 0x0000000717e00000, 0x0000000717e00000|100%| E|CS|TAMS 0x0000000717d00000, 0x0000000717d00000| Complete 
| 346|0x0000000717e00000, 0x0000000717f00000, 0x0000000717f00000|100%| E|CS|TAMS 0x0000000717e00000, 0x0000000717e00000| Complete 
| 347|0x0000000717f00000, 0x0000000718000000, 0x0000000718000000|100%| E|CS|TAMS 0x0000000717f00000, 0x0000000717f00000| Complete 
| 348|0x0000000718000000, 0x0000000718100000, 0x0000000718100000|100%| E|CS|TAMS 0x0000000718000000, 0x0000000718000000| Complete 
| 349|0x0000000718100000, 0x0000000718200000, 0x0000000718200000|100%| E|CS|TAMS 0x0000000718100000, 0x0000000718100000| Complete 
| 350|0x0000000718200000, 0x0000000718300000, 0x0000000718300000|100%| E|CS|TAMS 0x0000000718200000, 0x0000000718200000| Complete 
| 351|0x0000000718300000, 0x0000000718400000, 0x0000000718400000|100%| E|CS|TAMS 0x0000000718300000, 0x0000000718300000| Complete 
| 352|0x0000000718400000, 0x0000000718500000, 0x0000000718500000|100%| E|CS|TAMS 0x0000000718400000, 0x0000000718400000| Complete 
| 353|0x0000000718500000, 0x0000000718600000, 0x0000000718600000|100%| E|CS|TAMS 0x0000000718500000, 0x0000000718500000| Complete 
| 354|0x0000000718600000, 0x0000000718700000, 0x0000000718700000|100%| E|CS|TAMS 0x0000000718600000, 0x0000000718600000| Complete 
| 355|0x0000000718700000, 0x0000000718800000, 0x0000000718800000|100%| E|CS|TAMS 0x0000000718700000, 0x0000000718700000| Complete 
| 356|0x0000000718800000, 0x0000000718900000, 0x0000000718900000|100%| E|CS|TAMS 0x0000000718800000, 0x0000000718800000| Complete 
| 357|0x0000000718900000, 0x0000000718a00000, 0x0000000718a00000|100%| E|CS|TAMS 0x0000000718900000, 0x0000000718900000| Complete 
| 358|0x0000000718a00000, 0x0000000718b00000, 0x0000000718b00000|100%| E|CS|TAMS 0x0000000718a00000, 0x0000000718a00000| Complete 
| 359|0x0000000718b00000, 0x0000000718c00000, 0x0000000718c00000|100%| E|CS|TAMS 0x0000000718b00000, 0x0000000718b00000| Complete 
| 360|0x0000000718c00000, 0x0000000718d00000, 0x0000000718d00000|100%| E|CS|TAMS 0x0000000718c00000, 0x0000000718c00000| Complete 
| 361|0x0000000718d00000, 0x0000000718e00000, 0x0000000718e00000|100%| E|CS|TAMS 0x0000000718d00000, 0x0000000718d00000| Complete 
| 362|0x0000000718e00000, 0x0000000718f00000, 0x0000000718f00000|100%| E|CS|TAMS 0x0000000718e00000, 0x0000000718e00000| Complete 
| 363|0x0000000718f00000, 0x0000000719000000, 0x0000000719000000|100%| E|CS|TAMS 0x0000000718f00000, 0x0000000718f00000| Complete 
| 364|0x0000000719000000, 0x0000000719100000, 0x0000000719100000|100%| E|CS|TAMS 0x0000000719000000, 0x0000000719000000| Complete 
| 365|0x0000000719100000, 0x0000000719200000, 0x0000000719200000|100%| E|CS|TAMS 0x0000000719100000, 0x0000000719100000| Complete 

Card table byte_map: [0x00000239cf320000,0x00000239cfb10000] _byte_map_base: 0x00000239cbb0e000

Marking Bits (Prev, Next): (CMBitMap*) 0x00000239b71f1bd0, (CMBitMap*) 0x00000239b71f1b98
 Prev Bits: [0x00000239d4270000, 0x00000239d81e0000)
 Next Bits: [0x00000239d0300000, 0x00000239d4270000)

Polling page: 0x00000239b5150000

Metaspace:

Usage:
  Non-class:     77.74 MB capacity,    76.25 MB ( 98%) used,     1.19 MB (  2%) free+waste,   311.69 KB ( <1%) overhead. 
      Class:     12.19 MB capacity,    11.18 MB ( 92%) used,   888.64 KB (  7%) free+waste,   149.44 KB (  1%) overhead. 
       Both:     89.93 MB capacity,    87.43 MB ( 97%) used,     2.06 MB (  2%) free+waste,   461.13 KB ( <1%) overhead. 

Virtual space:
  Non-class space:       78.00 MB reserved,      77.75 MB (>99%) committed 
      Class space:        1.00 GB reserved,      12.25 MB (  1%) committed 
             Both:        1.08 GB reserved,      90.00 MB (  8%) committed 

Chunk freelists:
   Non-Class:  10.00 KB
       Class:  26.00 KB
        Both:  36.00 KB

MaxMetaspaceSize: 17179869184.00 GB
CompressedClassSpaceSize: 1.00 GB

CodeHeap 'non-profiled nmethods': size=120000Kb used=6159Kb max_used=6159Kb free=113840Kb
 bounds [0x00000239c72d0000, 0x00000239c78e0000, 0x00000239ce800000]
CodeHeap 'profiled nmethods': size=120000Kb used=17680Kb max_used=17680Kb free=102319Kb
 bounds [0x00000239bfda0000, 0x00000239c0ef0000, 0x00000239c72d0000]
CodeHeap 'non-nmethods': size=5760Kb used=2308Kb max_used=2357Kb free=3451Kb
 bounds [0x00000239bf800000, 0x00000239bfa70000, 0x00000239bfda0000]
 total_blobs=8430 nmethods=7529 adapters=811
 compilation: enabled
              stopped_count=0, restarted_count=0
 full_count=0

Compilation events (20 events):
Event: 12.837 Thread 0x00000239db61b000 7943       3       org.codehaus.groovy.util.SingleKeyHashMap::<init> (5 bytes)
Event: 12.837 Thread 0x00000239db61b000 nmethod 7943 0x00000239c0ed2310 code [0x00000239c0ed24e0, 0x00000239c0ed2898]
Event: 12.838 Thread 0x00000239db61b000 7946   !   3       org.codehaus.groovy.reflection.AccessPermissionChecker::checkAccessPermission (26 bytes)
Event: 12.838 Thread 0x00000239db61b000 nmethod 7946 0x00000239c0ed2a10 code [0x00000239c0ed2be0, 0x00000239c0ed2e58]
Event: 12.840 Thread 0x00000239db61b000 7948       3       groovyjarjarasm.asm.AnnotationWriter::putAnnotations (67 bytes)
Event: 12.841 Thread 0x00000239db61b000 nmethod 7948 0x00000239c0ed2f90 code [0x00000239c0ed31c0, 0x00000239c0ed35f8]
Event: 12.841 Thread 0x00000239db61b000 7949       3       org.codehaus.groovy.runtime.GroovyCategorySupport::hasCategoryInCurrentThread (32 bytes)
Event: 12.841 Thread 0x00000239db61b000 nmethod 7949 0x00000239c0ed3890 code [0x00000239c0ed3aa0, 0x00000239c0ed4138]
Event: 12.844 Thread 0x00000239db61b000 7950       3       java.util.concurrent.ConcurrentHashMap::getOrDefault (16 bytes)
Event: 12.844 Thread 0x00000239db61b000 nmethod 7950 0x00000239c0ed4310 code [0x00000239c0ed44c0, 0x00000239c0ed46e8]
Event: 12.855 Thread 0x00000239db61b000 7951   !   3       org.codehaus.groovy.reflection.stdclasses.CachedSAMClass::hasUsableImplementation (72 bytes)
Event: 12.856 Thread 0x00000239db61b000 nmethod 7951 0x00000239c0ed4790 code [0x00000239c0ed49a0, 0x00000239c0ed4f58]
Event: 12.856 Thread 0x00000239db61b000 7952       3       org.codehaus.groovy.reflection.ClassInfo::isSAM (13 bytes)
Event: 12.857 Thread 0x00000239db61b000 nmethod 7952 0x00000239c0ed5210 code [0x00000239c0ed53e0, 0x00000239c0ed55c8]
Event: 12.859 Thread 0x00000239db61b000 7953       3       java.lang.ClassValue$ClassValueMap::probeBackupLocations (151 bytes)
Event: 12.860 Thread 0x00000239db61b000 nmethod 7953 0x00000239c0ed5690 code [0x00000239c0ed5940, 0x00000239c0ed6fd8]
Event: 12.860 Thread 0x00000239db61b000 7954   !   3       java.lang.ClassValue::getFromHashMap (70 bytes)
Event: 12.861 Thread 0x00000239db61b000 nmethod 7954 0x00000239c0ed7510 code [0x00000239c0ed77a0, 0x00000239c0ed8438]
Event: 12.866 Thread 0x00000239db61b000 7955       3       java.util.LinkedList::unlink (91 bytes)
Event: 12.866 Thread 0x00000239db61b000 nmethod 7955 0x00000239c0ed8910 code [0x00000239c0ed8ae0, 0x00000239c0ed8ef8]

GC Heap History (20 events):
Event: 0.383 GC heap before
{Heap before GC invocations=0 (full 0):
 garbage-first heap   total 260096K, used 24576K [0x0000000702400000, 0x0000000800000000)
  region size 1024K, 24 young (24576K), 0 survivors (0K)
 Metaspace       used 9349K, capacity 9595K, committed 9728K, reserved 1058816K
  class space    used 840K, capacity 908K, committed 1024K, reserved 1048576K
}
Event: 0.388 GC heap after
{Heap after GC invocations=1 (full 0):
 garbage-first heap   total 260096K, used 9151K [0x0000000702400000, 0x0000000800000000)
  region size 1024K, 3 young (3072K), 3 survivors (3072K)
 Metaspace       used 9349K, capacity 9595K, committed 9728K, reserved 1058816K
  class space    used 840K, capacity 908K, committed 1024K, reserved 1048576K
}
Event: 1.550 GC heap before
{Heap before GC invocations=1 (full 0):
 garbage-first heap   total 260096K, used 77759K [0x0000000702400000, 0x0000000800000000)
  region size 1024K, 71 young (72704K), 3 survivors (3072K)
 Metaspace       used 20556K, capacity 21147K, committed 21248K, reserved 1069056K
  class space    used 2234K, capacity 2472K, committed 2560K, reserved 1048576K
}
Event: 1.557 GC heap after
{Heap after GC invocations=2 (full 0):
 garbage-first heap   total 260096K, used 11891K [0x0000000702400000, 0x0000000800000000)
  region size 1024K, 6 young (6144K), 6 survivors (6144K)
 Metaspace       used 20556K, capacity 21147K, committed 21248K, reserved 1069056K
  class space    used 2234K, capacity 2472K, committed 2560K, reserved 1048576K
}
Event: 1.895 GC heap before
{Heap before GC invocations=3 (full 0):
 garbage-first heap   total 260096K, used 47731K [0x0000000702400000, 0x0000000800000000)
  region size 1024K, 41 young (41984K), 6 survivors (6144K)
 Metaspace       used 24613K, capacity 25346K, committed 25600K, reserved 1071104K
  class space    used 2948K, capacity 3233K, committed 3328K, reserved 1048576K
}
Event: 1.900 GC heap after
{Heap after GC invocations=4 (full 0):
 garbage-first heap   total 260096K, used 12981K [0x0000000702400000, 0x0000000800000000)
  region size 1024K, 4 young (4096K), 4 survivors (4096K)
 Metaspace       used 24613K, capacity 25346K, committed 25600K, reserved 1071104K
  class space    used 2948K, capacity 3233K, committed 3328K, reserved 1048576K
}
Event: 2.877 GC heap before
{Heap before GC invocations=4 (full 0):
 garbage-first heap   total 260096K, used 92853K [0x0000000702400000, 0x0000000800000000)
  region size 1024K, 82 young (83968K), 4 survivors (4096K)
 Metaspace       used 34682K, capacity 35610K, committed 35840K, reserved 1081344K
  class space    used 4157K, capacity 4537K, committed 4608K, reserved 1048576K
}
Event: 2.884 GC heap after
{Heap after GC invocations=5 (full 0):
 garbage-first heap   total 260096K, used 16608K [0x0000000702400000, 0x0000000800000000)
  region size 1024K, 8 young (8192K), 8 survivors (8192K)
 Metaspace       used 34682K, capacity 35610K, committed 35840K, reserved 1081344K
  class space    used 4157K, capacity 4537K, committed 4608K, reserved 1048576K
}
Event: 2.906 GC heap before
{Heap before GC invocations=5 (full 0):
 garbage-first heap   total 260096K, used 19680K [0x0000000702400000, 0x0000000800000000)
  region size 1024K, 12 young (12288K), 8 survivors (8192K)
 Metaspace       used 34868K, capacity 35770K, committed 35840K, reserved 1081344K
  class space    used 4176K, capacity 4569K, committed 4608K, reserved 1048576K
}
Event: 2.916 GC heap after
{Heap after GC invocations=6 (full 0):
 garbage-first heap   total 312320K, used 16673K [0x0000000702400000, 0x0000000800000000)
  region size 1024K, 8 young (8192K), 8 survivors (8192K)
 Metaspace       used 34868K, capacity 35770K, committed 35840K, reserved 1081344K
  class space    used 4176K, capacity 4569K, committed 4608K, reserved 1048576K
}
Event: 3.565 GC heap before
{Heap before GC invocations=7 (full 0):
 garbage-first heap   total 312320K, used 141601K [0x0000000702400000, 0x0000000800000000)
  region size 1024K, 131 young (134144K), 8 survivors (8192K)
 Metaspace       used 37804K, capacity 38805K, committed 39040K, reserved 1083392K
  class space    used 4523K, capacity 4947K, committed 4992K, reserved 1048576K
}
Event: 3.571 GC heap after
{Heap after GC invocations=8 (full 0):
 garbage-first heap   total 312320K, used 18312K [0x0000000702400000, 0x0000000800000000)
  region size 1024K, 9 young (9216K), 9 survivors (9216K)
 Metaspace       used 37804K, capacity 38805K, committed 39040K, reserved 1083392K
  class space    used 4523K, capacity 4947K, committed 4992K, reserved 1048576K
}
Event: 5.804 GC heap before
{Heap before GC invocations=8 (full 0):
 garbage-first heap   total 312320K, used 195464K [0x0000000702400000, 0x0000000800000000)
  region size 1024K, 183 young (187392K), 9 survivors (9216K)
 Metaspace       used 47406K, capacity 48825K, committed 48896K, reserved 1091584K
  class space    used 5789K, capacity 6381K, committed 6400K, reserved 1048576K
}
Event: 5.815 GC heap after
{Heap after GC invocations=9 (full 0):
 garbage-first heap   total 312320K, used 24690K [0x0000000702400000, 0x0000000800000000)
  region size 1024K, 16 young (16384K), 16 survivors (16384K)
 Metaspace       used 47406K, capacity 48825K, committed 48896K, reserved 1091584K
  class space    used 5789K, capacity 6381K, committed 6400K, reserved 1048576K
}
Event: 7.103 GC heap before
{Heap before GC invocations=9 (full 0):
 garbage-first heap   total 312320K, used 117874K [0x0000000702400000, 0x0000000800000000)
  region size 1024K, 108 young (110592K), 16 survivors (16384K)
 Metaspace       used 58361K, capacity 59899K, committed 60160K, reserved 1101824K
  class space    used 7285K, capacity 7914K, committed 7936K, reserved 1048576K
}
Event: 7.119 GC heap after
{Heap after GC invocations=10 (full 0):
 garbage-first heap   total 312320K, used 29561K [0x0000000702400000, 0x0000000800000000)
  region size 1024K, 17 young (17408K), 17 survivors (17408K)
 Metaspace       used 58361K, capacity 59899K, committed 60160K, reserved 1101824K
  class space    used 7285K, capacity 7914K, committed 7936K, reserved 1048576K
}
Event: 10.359 GC heap before
{Heap before GC invocations=11 (full 0):
 garbage-first heap   total 312320K, used 198521K [0x0000000702400000, 0x0000000800000000)
  region size 1024K, 183 young (187392K), 17 survivors (17408K)
 Metaspace       used 77116K, capacity 79284K, committed 79360K, reserved 1118208K
  class space    used 9866K, capacity 10714K, committed 10752K, reserved 1048576K
}
Event: 10.377 GC heap after
{Heap after GC invocations=12 (full 0):
 garbage-first heap   total 374784K, used 36144K [0x0000000702400000, 0x0000000800000000)
  region size 1024K, 18 young (18432K), 18 survivors (18432K)
 Metaspace       used 77116K, capacity 79284K, committed 79360K, reserved 1118208K
  class space    used 9866K, capacity 10714K, committed 10752K, reserved 1048576K
}
Event: 12.559 GC heap before
{Heap before GC invocations=12 (full 0):
 garbage-first heap   total 374784K, used 244016K [0x0000000702400000, 0x0000000800000000)
  region size 1024K, 219 young (224256K), 18 survivors (18432K)
 Metaspace       used 88216K, capacity 90615K, committed 90880K, reserved 1128448K
  class space    used 11232K, capacity 12211K, committed 12288K, reserved 1048576K
}
Event: 12.575 GC heap after
{Heap after GC invocations=13 (full 0):
 garbage-first heap   total 374784K, used 42509K [0x0000000702400000, 0x0000000800000000)
  region size 1024K, 19 young (19456K), 19 survivors (19456K)
 Metaspace       used 88216K, capacity 90615K, committed 90880K, reserved 1128448K
  class space    used 11232K, capacity 12211K, committed 12288K, reserved 1048576K
}

Deoptimization events (20 events):
Event: 12.278 Thread 0x00000239b718e800 DEOPT PACKING pc=0x00000239c76982b8 sp=0x000000761fcf8950
Event: 12.278 Thread 0x00000239b718e800 DEOPT UNPACKING pc=0x00000239bf82772f sp=0x000000761fcf88e8 mode 2
Event: 12.458 Thread 0x00000239b718e800 DEOPT PACKING pc=0x00000239c0d569f6 sp=0x000000761fcf98a0
Event: 12.458 Thread 0x00000239b718e800 DEOPT UNPACKING pc=0x00000239bf82754e sp=0x000000761fcf8d90 mode 0
Event: 12.490 Thread 0x00000239b718e800 Uncommon trap: trap_request=0xffffff4d fr.pc=0x00000239c786d5c4 relative=0x00000000000012c4
Event: 12.490 Thread 0x00000239b718e800 Uncommon trap: reason=unstable_if action=reinterpret pc=0x00000239c786d5c4 method=java.lang.ClassLoader.checkCerts(Ljava/lang/String;Ljava/security/CodeSource;)V @ 9 c2
Event: 12.490 Thread 0x00000239b718e800 DEOPT PACKING pc=0x00000239c786d5c4 sp=0x000000761fcf97e0
Event: 12.490 Thread 0x00000239b718e800 DEOPT UNPACKING pc=0x00000239bf82772f sp=0x000000761fcf96f8 mode 2
Event: 12.490 Thread 0x00000239b718e800 Uncommon trap: trap_request=0xffffff4d fr.pc=0x00000239c7882964 relative=0x00000000000007e4
Event: 12.491 Thread 0x00000239b718e800 Uncommon trap: reason=unstable_if action=reinterpret pc=0x00000239c7882964 method=java.lang.Class.getPackageName()Ljava/lang/String; @ 55 c2
Event: 12.491 Thread 0x00000239b718e800 DEOPT PACKING pc=0x00000239c7882964 sp=0x000000761fcf9780
Event: 12.491 Thread 0x00000239b718e800 DEOPT UNPACKING pc=0x00000239bf82772f sp=0x000000761fcf96f8 mode 2
Event: 12.582 Thread 0x00000239b718e800 Uncommon trap: trap_request=0xffffff4d fr.pc=0x00000239c743c970 relative=0x0000000000000710
Event: 12.582 Thread 0x00000239b718e800 Uncommon trap: reason=unstable_if action=reinterpret pc=0x00000239c743c970 method=java.lang.Class.getPackageName()Ljava/lang/String; @ 55 c2
Event: 12.582 Thread 0x00000239b718e800 DEOPT PACKING pc=0x00000239c743c970 sp=0x000000761fcfa5e0
Event: 12.582 Thread 0x00000239b718e800 DEOPT UNPACKING pc=0x00000239bf82772f sp=0x000000761fcfa5a8 mode 2
Event: 12.612 Thread 0x00000239b718e800 Uncommon trap: trap_request=0xffffff4d fr.pc=0x00000239c76a930c relative=0x000000000000132c
Event: 12.612 Thread 0x00000239b718e800 Uncommon trap: reason=unstable_if action=reinterpret pc=0x00000239c76a930c method=java.lang.PublicMethods$MethodList.merge(Ljava/lang/PublicMethods$MethodList;Ljava/lang/reflect/Method;)Ljava/lang/PublicMethods$MethodList; @ 62 c2
Event: 12.612 Thread 0x00000239b718e800 DEOPT PACKING pc=0x00000239c76a930c sp=0x000000761fcfbea0
Event: 12.612 Thread 0x00000239b718e800 DEOPT UNPACKING pc=0x00000239bf82772f sp=0x000000761fcfbe08 mode 2

Classes redefined (0 events):
No events

Internal exceptions (20 events):
Event: 12.818 Thread 0x00000239b718e800 Exception <a 'java/lang/ClassNotFoundException'{0x0000000717b326a8}: io/restassured/mapper/resolver/ObjectMapperResolverCustomizer> (0x0000000717b326a8) thrown at [./src/hotspot/share/classfile/systemDictionary.cpp, line 231]
Event: 12.823 Thread 0x00000239b718e800 Exception <a 'java/lang/ClassNotFoundException'{0x0000000717b90900}: io/restassured/internal/mapping/Jackson2MapperBeanInfo> (0x0000000717b90900) thrown at [./src/hotspot/share/classfile/systemDictionary.cpp, line 231]
Event: 12.824 Thread 0x00000239b718e800 Exception <a 'java/lang/ClassNotFoundException'{0x0000000717ba78d8}: io/restassured/internal/mapping/Jackson2MapperCustomizer> (0x0000000717ba78d8) thrown at [./src/hotspot/share/classfile/systemDictionary.cpp, line 231]
Event: 12.827 Thread 0x00000239b718e800 Exception <a 'java/lang/ClassNotFoundException'{0x0000000717a04390}: io/restassured/internal/path/json/mapping/JsonPathJackson2ObjectDeserializerBeanInfo> (0x0000000717a04390) thrown at [./src/hotspot/share/classfile/systemDictionary.cpp, line 231]
Event: 12.828 Thread 0x00000239b718e800 Exception <a 'java/lang/ClassNotFoundException'{0x0000000717a21a10}: io/restassured/internal/path/json/mapping/JsonPathJackson2ObjectDeserializerCustomizer> (0x0000000717a21a10) thrown at [./src/hotspot/share/classfile/systemDictionary.cpp, line 231]
Event: 12.834 Thread 0x00000239b718e800 Exception <a 'java/lang/ClassNotFoundException'{0x0000000717a6b5e0}: com/fasterxml/jackson/core/JsonEncodingBeanInfo> (0x0000000717a6b5e0) thrown at [./src/hotspot/share/classfile/systemDictionary.cpp, line 231]
Event: 12.834 Thread 0x00000239b718e800 Exception <a 'java/lang/ClassNotFoundException'{0x0000000717a80ec0}: com/fasterxml/jackson/core/JsonEncodingCustomizer> (0x0000000717a80ec0) thrown at [./src/hotspot/share/classfile/systemDictionary.cpp, line 231]
Event: 12.836 Thread 0x00000239b718e800 Exception <a 'java/lang/ClassNotFoundException'{0x0000000717a92080}: groovy/runtime/metaclass/[Lcom/fasterxml/jackson/core/JsonEncoding;MetaClass> (0x0000000717a92080) thrown at [./src/hotspot/share/prims/jni.cpp, line 636]
Event: 12.837 Thread 0x00000239b718e800 Exception <a 'java/lang/ClassNotFoundException'{0x0000000717a98210}: [Lcom/fasterxml/jackson/core/JsonEncoding;BeanInfo> (0x0000000717a98210) thrown at [./src/hotspot/share/prims/jni.cpp, line 636]
Event: 12.837 Thread 0x00000239b718e800 Exception <a 'java/lang/ClassNotFoundException'{0x0000000717a98d38}: [Lcom/fasterxml/jackson/core/JsonEncoding;BeanInfo> (0x0000000717a98d38) thrown at [./src/hotspot/share/prims/jni.cpp, line 636]
Event: 12.837 Thread 0x00000239b718e800 Exception <a 'java/lang/ClassNotFoundException'{0x0000000717a99860}: [Lcom/fasterxml/jackson/core/JsonEncoding;BeanInfo> (0x0000000717a99860) thrown at [./src/hotspot/share/prims/jni.cpp, line 636]
Event: 12.837 Thread 0x00000239b718e800 Exception <a 'java/lang/ClassNotFoundException'{0x0000000717a9a468}: [Lcom/fasterxml/jackson/core/JsonEncoding;Customizer> (0x0000000717a9a468) thrown at [./src/hotspot/share/prims/jni.cpp, line 636]
Event: 12.837 Thread 0x00000239b718e800 Exception <a 'java/lang/ClassNotFoundException'{0x0000000717a9af90}: [Lcom/fasterxml/jackson/core/JsonEncoding;Customizer> (0x0000000717a9af90) thrown at [./src/hotspot/share/prims/jni.cpp, line 636]
Event: 12.837 Thread 0x00000239b718e800 Exception <a 'java/lang/ClassNotFoundException'{0x0000000717a9bab8}: [Lcom/fasterxml/jackson/core/JsonEncoding;Customizer> (0x0000000717a9bab8) thrown at [./src/hotspot/share/prims/jni.cpp, line 636]
Event: 12.842 Thread 0x00000239b718e800 Exception <a 'java/lang/ClassNotFoundException'{0x0000000717926bd8}: io/restassured/mapper/factory/DefaultJackson2ObjectMapperFactoryBeanInfo> (0x0000000717926bd8) thrown at [./src/hotspot/share/classfile/systemDictionary.cpp, line 231]
Event: 12.843 Thread 0x00000239b718e800 Exception <a 'java/lang/ClassNotFoundException'{0x0000000717941918}: io/restassured/mapper/factory/DefaultJackson2ObjectMapperFactoryCustomizer> (0x0000000717941918) thrown at [./src/hotspot/share/classfile/systemDictionary.cpp, line 231]
Event: 12.847 Thread 0x00000239b718e800 Exception <a 'java/lang/ClassNotFoundException'{0x000000071798c298}: java/io/ByteArrayOutputStreamBeanInfo> (0x000000071798c298) thrown at [./src/hotspot/share/classfile/systemDictionary.cpp, line 231]
Event: 12.847 Thread 0x00000239b718e800 Exception <a 'java/lang/ClassNotFoundException'{0x000000071798daa8}: java/io/OutputStreamBeanInfo> (0x000000071798daa8) thrown at [./src/hotspot/share/classfile/systemDictionary.cpp, line 231]
Event: 12.847 Thread 0x00000239b718e800 Exception <a 'java/lang/ClassNotFoundException'{0x000000071798f280}: java/io/OutputStreamCustomizer> (0x000000071798f280) thrown at [./src/hotspot/share/classfile/systemDictionary.cpp, line 231]
Event: 12.847 Thread 0x00000239b718e800 Exception <a 'java/lang/ClassNotFoundException'{0x0000000717994190}: java/io/ByteArrayOutputStreamCustomizer> (0x0000000717994190) thrown at [./src/hotspot/share/classfile/systemDictionary.cpp, line 231]

Events (20 events):
Event: 12.862 loading class com/fasterxml/jackson/databind/jsonFormatVisitors/JsonNumberFormatVisitor
Event: 12.862 loading class com/fasterxml/jackson/databind/jsonFormatVisitors/JsonNumberFormatVisitor done
Event: 12.862 loading class com/fasterxml/jackson/databind/jsonFormatVisitors/JsonArrayFormatVisitor
Event: 12.862 loading class com/fasterxml/jackson/databind/jsonFormatVisitors/JsonArrayFormatVisitor done
Event: 12.862 loading class com/fasterxml/jackson/databind/jsonFormatVisitors/JsonAnyFormatVisitor
Event: 12.862 loading class com/fasterxml/jackson/databind/jsonFormatVisitors/JsonAnyFormatVisitor done
Event: 12.863 loading class com/fasterxml/jackson/databind/jsonFormatVisitors/JsonStringFormatVisitor
Event: 12.863 loading class com/fasterxml/jackson/databind/jsonFormatVisitors/JsonStringFormatVisitor done
Event: 12.863 loading class com/fasterxml/jackson/databind/jsonFormatVisitors/JsonIntegerFormatVisitor
Event: 12.863 loading class com/fasterxml/jackson/databind/jsonFormatVisitors/JsonIntegerFormatVisitor done
Event: 12.864 loading class com/fasterxml/jackson/databind/jsontype/TypeIdResolver
Event: 12.864 loading class com/fasterxml/jackson/databind/jsontype/TypeIdResolver done
Event: 12.865 loading class com/fasterxml/jackson/annotation/JsonIgnoreProperties$Value
Event: 12.865 loading class com/fasterxml/jackson/annotation/JsonIgnoreProperties$Value done
Event: 12.866 loading class com/fasterxml/jackson/annotation/JsonAutoDetect
Event: 12.866 loading class com/fasterxml/jackson/annotation/JsonAutoDetect done
Event: 12.867 loading class com/fasterxml/jackson/databind/jsontype/TypeSerializer
Event: 12.867 loading class com/fasterxml/jackson/databind/jsontype/TypeSerializer done
Event: 12.869 loading class com/fasterxml/jackson/databind/node/JsonNodeType
Event: 12.869 loading class com/fasterxml/jackson/databind/node/JsonNodeType done


Dynamic libraries:
0x00007ff61d370000 - 0x00007ff61d37d000 	C:\Java\jdk11.0.8_10\bin\java.exe
0x00007ff9c9fb0000 - 0x00007ff9ca1a5000 	C:\WINDOWS\SYSTEM32\ntdll.dll
0x00007ff9c9940000 - 0x00007ff9c99fd000 	C:\WINDOWS\System32\KERNEL32.DLL
0x00007ff9c76f0000 - 0x00007ff9c79b9000 	C:\WINDOWS\System32\KERNELBASE.dll
0x00007ff9c79f0000 - 0x00007ff9c7af0000 	C:\WINDOWS\System32\ucrtbase.dll
0x00007ff9be5b0000 - 0x00007ff9be5c7000 	C:\Java\jdk11.0.8_10\bin\jli.dll
0x00007ff9be510000 - 0x00007ff9be525000 	C:\Java\jdk11.0.8_10\bin\VCRUNTIME140.dll
0x00007ff9c8190000 - 0x00007ff9c8330000 	C:\WINDOWS\System32\USER32.dll
0x00007ff9c79c0000 - 0x00007ff9c79e2000 	C:\WINDOWS\System32\win32u.dll
0x00007ff9a47f0000 - 0x00007ff9a4a8a000 	C:\WINDOWS\WinSxS\amd64_microsoft.windows.common-controls_6595b64144ccf1df_6.0.19041.844_none_ca00b6081b84eb1d\COMCTL32.dll
0x00007ff9c8670000 - 0x00007ff9c869a000 	C:\WINDOWS\System32\GDI32.dll
0x00007ff9c8fa0000 - 0x00007ff9c903e000 	C:\WINDOWS\System32\msvcrt.dll
0x00007ff9c7c80000 - 0x00007ff9c7d8b000 	C:\WINDOWS\System32\gdi32full.dll
0x00007ff9c7f70000 - 0x00007ff9c800d000 	C:\WINDOWS\System32\msvcp_win.dll
0x00007ff9c9a00000 - 0x00007ff9c9a30000 	C:\WINDOWS\System32\IMM32.DLL
0x00007ff9a30f0000 - 0x00007ff9a318b000 	C:\Java\jdk11.0.8_10\bin\msvcp140.dll
0x00007ff973cf0000 - 0x00007ff9747ad000 	C:\Java\jdk11.0.8_10\bin\server\jvm.dll
0x00007ff9c8010000 - 0x00007ff9c80bc000 	C:\WINDOWS\System32\ADVAPI32.dll
0x00007ff9c9a30000 - 0x00007ff9c9acc000 	C:\WINDOWS\System32\sechost.dll
0x00007ff9c84e0000 - 0x00007ff9c860b000 	C:\WINDOWS\System32\RPCRT4.dll
0x00007ff9c90c0000 - 0x00007ff9c90c8000 	C:\WINDOWS\System32\PSAPI.DLL
0x00007ff9b22c0000 - 0x00007ff9b22c9000 	C:\WINDOWS\SYSTEM32\WSOCK32.dll
0x00007ff9b4000000 - 0x00007ff9b4027000 	C:\WINDOWS\SYSTEM32\WINMM.dll
0x00007ff9c8f30000 - 0x00007ff9c8f9b000 	C:\WINDOWS\System32\WS2_32.dll
0x00007ff9bd050000 - 0x00007ff9bd05a000 	C:\WINDOWS\SYSTEM32\VERSION.dll
0x00007ff9c5fa0000 - 0x00007ff9c5fb2000 	C:\WINDOWS\SYSTEM32\kernel.appcore.dll
0x00007ff9be950000 - 0x00007ff9be960000 	C:\Java\jdk11.0.8_10\bin\verify.dll
0x00007ff9c2470000 - 0x00007ff9c2654000 	C:\WINDOWS\SYSTEM32\DBGHELP.DLL
0x00007ff9b0790000 - 0x00007ff9b07bc000 	C:\WINDOWS\SYSTEM32\dbgcore.DLL
0x00007ff9c7df0000 - 0x00007ff9c7e70000 	C:\WINDOWS\System32\bcryptPrimitives.dll
0x00007ff9be2d0000 - 0x00007ff9be2f8000 	C:\Java\jdk11.0.8_10\bin\java.dll
0x00007ff9be620000 - 0x00007ff9be62a000 	C:\Java\jdk11.0.8_10\bin\jimage.dll
0x00007ff9be3c0000 - 0x00007ff9be3d7000 	C:\Java\jdk11.0.8_10\bin\zip.dll
0x00007ff9c9140000 - 0x00007ff9c9882000 	C:\WINDOWS\System32\SHELL32.dll
0x00007ff9c2660000 - 0x00007ff9c2df0000 	C:\WINDOWS\SYSTEM32\windows.storage.dll
0x00007ff9c9ad0000 - 0x00007ff9c9e25000 	C:\WINDOWS\System32\combase.dll
0x00007ff9c7160000 - 0x00007ff9c718c000 	C:\WINDOWS\SYSTEM32\Wldp.dll
0x00007ff9c9890000 - 0x00007ff9c993e000 	C:\WINDOWS\System32\SHCORE.dll
0x00007ff9c8df0000 - 0x00007ff9c8e45000 	C:\WINDOWS\System32\shlwapi.dll
0x00007ff9c7630000 - 0x00007ff9c764f000 	C:\WINDOWS\SYSTEM32\profapi.dll
0x00007ff9be2b0000 - 0x00007ff9be2c9000 	C:\Java\jdk11.0.8_10\bin\net.dll
0x00007ff9bc180000 - 0x00007ff9bc28c000 	C:\WINDOWS\SYSTEM32\WINHTTP.dll
0x00007ff9c6ee0000 - 0x00007ff9c6f4a000 	C:\WINDOWS\system32\mswsock.dll
0x00007ff9bd030000 - 0x00007ff9bd042000 	C:\Java\jdk11.0.8_10\bin\nio.dll
0x00007ff9bd000000 - 0x00007ff9bd009000 	C:\Java\jdk11.0.8_10\bin\management.dll
0x00007ff9b20b0000 - 0x00007ff9b20bb000 	C:\Java\jdk11.0.8_10\bin\management_ext.dll
0x00007ff9afda0000 - 0x00007ff9afdb7000 	C:\WINDOWS\system32\napinsp.dll
0x00007ff9afd80000 - 0x00007ff9afd9b000 	C:\WINDOWS\system32\pnrpnsp.dll
0x00007ff9bf380000 - 0x00007ff9bf395000 	C:\WINDOWS\system32\wshbth.dll
0x00007ff9bfdc0000 - 0x00007ff9bfddd000 	C:\WINDOWS\system32\NLAapi.dll
0x00007ff9c6b60000 - 0x00007ff9c6b9b000 	C:\WINDOWS\SYSTEM32\IPHLPAPI.DLL
0x00007ff9c6bb0000 - 0x00007ff9c6c7b000 	C:\WINDOWS\SYSTEM32\DNSAPI.dll
0x00007ff9c8cf0000 - 0x00007ff9c8cf8000 	C:\WINDOWS\System32\NSI.dll
0x00007ff9af7b0000 - 0x00007ff9af7c2000 	C:\WINDOWS\System32\winrnr.dll
0x00007ff9bd2d0000 - 0x00007ff9bd2da000 	C:\Windows\System32\rasadhlp.dll
0x00007ff9b45f0000 - 0x00007ff9b466f000 	C:\WINDOWS\System32\fwpuclnt.dll
0x00007ff9c7af0000 - 0x00007ff9c7b17000 	C:\WINDOWS\System32\bcrypt.dll
0x00007ff9c70c0000 - 0x00007ff9c70d8000 	C:\WINDOWS\SYSTEM32\CRYPTSP.dll
0x00007ff9c67d0000 - 0x00007ff9c6804000 	C:\WINDOWS\system32\rsaenh.dll
0x00007ff9c75f0000 - 0x00007ff9c761e000 	C:\WINDOWS\SYSTEM32\USERENV.dll
0x00007ff9c70b0000 - 0x00007ff9c70bc000 	C:\WINDOWS\SYSTEM32\CRYPTBASE.dll
0x00007ff9ba040000 - 0x00007ff9ba057000 	C:\WINDOWS\SYSTEM32\dhcpcsvc6.DLL
0x00007ff9bb3e0000 - 0x00007ff9bb3fd000 	C:\WINDOWS\SYSTEM32\dhcpcsvc.DLL
0x00007ff9acda0000 - 0x00007ff9acdae000 	C:\Java\jdk11.0.8_10\bin\sunmscapi.dll
0x00007ff9c7b20000 - 0x00007ff9c7c7f000 	C:\WINDOWS\System32\CRYPT32.dll
0x00007ff9c71d0000 - 0x00007ff9c71f7000 	C:\WINDOWS\SYSTEM32\ncrypt.dll
0x00007ff9c7190000 - 0x00007ff9c71cb000 	C:\WINDOWS\SYSTEM32\NTASN1.dll
0x00007ff9a0950000 - 0x00007ff9a0975000 	C:\Java\jdk11.0.8_10\bin\sunec.dll

dbghelp: loaded successfully - version: 4.0.5 - missing functions: none
symbol engine: initialized successfully - sym options: 0x614 - pdb path: .;C:\Java\jdk11.0.8_10\bin;C:\WINDOWS\SYSTEM32;C:\WINDOWS\WinSxS\amd64_microsoft.windows.common-controls_6595b64144ccf1df_6.0.19041.844_none_ca00b6081b84eb1d;C:\Java\jdk11.0.8_10\bin\server

VM Arguments:
java_command: C:\Users\robin\AppData\Local\Temp\surefire1075750717145194664\surefirebooter7585153219711431267.jar C:\Users\robin\AppData\Local\Temp\surefire1075750717145194664 2021-03-14T14-35-05_540-jvmRun1 surefire5593681789491763244tmp surefire_014312616110472305680tmp
java_class_path (initial): C:\Users\robin\AppData\Local\Temp\surefire1075750717145194664\surefirebooter7585153219711431267.jar
Launcher Type: SUN_STANDARD

[Global flags]
     intx CICompilerCount                          = 4                                         {product} {ergonomic}
     uint ConcGCThreads                            = 2                                         {product} {ergonomic}
     uint G1ConcRefinementThreads                  = 8                                         {product} {ergonomic}
   size_t G1HeapRegionSize                         = 1048576                                   {product} {ergonomic}
    uintx GCDrainStackTargetSize                   = 64                                        {product} {ergonomic}
   size_t InitialHeapSize                          = 266338304                                 {product} {ergonomic}
   size_t MarkStackSize                            = 4194304                                   {product} {ergonomic}
   size_t MaxHeapSize                              = 4257218560                                {product} {ergonomic}
   size_t MaxNewSize                               = 2554331136                                {product} {ergonomic}
   size_t MinHeapDeltaBytes                        = 1048576                                   {product} {ergonomic}
    uintx NonNMethodCodeHeapSize                   = 5836300                                {pd product} {ergonomic}
    uintx NonProfiledCodeHeapSize                  = 122910970                              {pd product} {ergonomic}
    uintx ProfiledCodeHeapSize                     = 122910970                              {pd product} {ergonomic}
    uintx ReservedCodeCacheSize                    = 251658240                              {pd product} {ergonomic}
     bool SegmentedCodeCache                       = true                                      {product} {ergonomic}
     bool UseCompressedClassPointers               = true                                 {lp64_product} {ergonomic}
     bool UseCompressedOops                        = true                                 {lp64_product} {ergonomic}
     bool UseG1GC                                  = true                                      {product} {ergonomic}
     bool UseLargePagesIndividualAllocation        = false                                  {pd product} {ergonomic}

Logging:
Log output configuration:
 #0: stdout all=warning uptime,level,tags
 #1: stderr all=off uptime,level,tags

Environment Variables:
JAVA_HOME=C:\Java\jdk11.0.8_10
PATH=C:\Python39\Scripts\;C:\Python39\;C:\Python38\Scripts\;C:\Python38\;C:\Program Files (x86)\Razer Chroma SDK\bin;C:\Program Files\Razer Chroma SDK\bin;C:\Java\jdk11.0.8_10\bin;C:\Program Files (x86)\Razer\ChromaBroadcast\bin;C:\Program Files\Razer\ChromaBroadcast\bin;C:\Program Files\Microsoft MPI\Bin\;C:\Windows\system32;C:\Windows;C:\Windows\System32\Wbem;C:\Windows\System32\WindowsPowerShell\v1.0\;C:\Program Files (x86)\NVIDIA Corporation\PhysX\Common;C:\WINDOWS\system32;C:\WINDOWS;C:\WINDOWS\System32\Wbem;C:\WINDOWS\System32\WindowsPowerShell\v1.0\;C:\WINDOWS\System32\OpenSSH\;C:\ProgramData\chocolatey\bin;C:\Program Files\Microsoft VS Code\bin;C:\Program Files\NVIDIA Corporation\NVIDIA NvDLISR;C:\Users\robin\AppData\Roaming\nvm;C:\Program Files\Microsoft SQL Server\Client SDK\ODBC\130\Tools\Binn\;C:\Program Files (x86)\Microsoft SQL Server\140\Tools\Binn\;C:\Program Files\Microsoft SQL Server\140\Tools\Binn\;C:\Program Files\Microsoft SQL Server\140\DTS\Binn\;C:\RailsInstaller\DevKit;C:\Program Files\Microsoft\Web Platform Installer\;C:\Program Files\apache-maven-3.6.0\bin;C:\Python37;C:\Python37\Scripts;C:\Octave\Octave-4.2.1\bin;C:\ProgramData\chocolatey\lib\Elixir/bin;C:\Java\jdk-14.0.1\bin;C:\Program Files\MySQL\MySQL Server 8.0\bin;C:\Program Files (x86)\Yarn\bin\;C:\WINDOWS\system32;C:\WINDOWS;C:\WINDOWS\System32\Wbem;C:\WINDOWS\System32\WindowsPowerShell\v1.0\;C:\WINDOWS\System32\OpenSSH\;C:\WINDOWS\system32\config\systemprofile\AppData\Local\Microsoft\WindowsApps;C:\Program Files\nodejs\;C:\Program Files\Git\cmd;C:\Program Files (x86)\Intel\Intel(R) Management Engine Components\DAL;C:\Program Files\Intel\Intel(R) Management Engine Components\DAL;C:\Python37\Scripts\;C:\Python37\;C:\RailsInstaller\Ruby2.3.3\bin;C:\Users\robin\.conda\envs\gl-env\Anaconda2;C:\Users\robin\.conda\envs\gl-env\Anaconda2\Scripts;C:\Users\robin\.conda\envs\gl-env\Anaconda2\Library\bin;C:\Users\robin\AppData\Local\Microsoft\WindowsApps;C:\phantomjs-2.1.1-windows\bin;C:\Program F
USERNAME=robin
OS=Windows_NT
PROCESSOR_IDENTIFIER=Intel64 Family 6 Model 158 Stepping 9, GenuineIntel



---------------  S Y S T E M  ---------------

OS: Windows 10 , 64 bit Build 19041 (10.0.19041.804)
OS uptime: 2 days 1:56 hours
HyperV virtualization detected

CPU:total 8 (initial active 8) (4 cores per cpu, 2 threads per core) family 6 model 158 stepping 9, cmov, cx8, fxsr, mmx, sse, sse2, sse3, ssse3, sse4.1, sse4.2, popcnt, avx, avx2, aes, clmul, erms, 3dnowpref, lzcnt, ht, tsc, tscinvbit, bmi1, bmi2, adx, fma

Memory: 4k page, system-wide physical 16235M (4388M free)
TotalPageFile size 17259M (AvailPageFile size 19M)
current process WorkingSet (physical memory assigned to process): 553M, peak: 555M
current process commit charge ("private bytes"): 679M, peak: 681M

vm_info: OpenJDK 64-Bit Server VM (11.0.8+10-LTS) for windows-amd64 JRE (11.0.8+10-LTS), built on Jul 13 2020 00:42:50 by "Administrator" with MS VC++ 15.9 (VS2017)

END.
