#
# There is insufficient memory for the Java Runtime Environment to continue.
# Native memory allocation (mmap) failed to map 63963136 bytes for Failed to commit area from 0x0000000715500000 to 0x0000000719200000 of length 63963136.
# Possible reasons:
#   The system is out of physical RAM or swap space
#   The process is running with CompressedOops enabled, and the Java Heap may be blocking the growth of the native heap
# Possible solutions:
#   Reduce memory load on the system
#   Increase physical memory or swap space
#   Check if swap backing store is full
#   Decrease Java heap size (-Xmx/-Xms)
#   Decrease number of Java threads
#   Decrease Java thread stack sizes (-Xss)
#   Set larger code cache with -XX:ReservedCodeCacheSize=
#   JVM is running with Zero Based Compressed Oops mode in which the Java heap is
#     placed in the first 32GB address space. The Java Heap base address is the
#     maximum limit for the native heap growth. Please use -XX:HeapBaseMinAddress
#     to set the Java Heap base and to place the Java Heap above 32GB virtual address.
# This output file may be truncated or incomplete.
#
#  Out of Memory Error (./src/hotspot/os/windows/os_windows.cpp:3303), pid=3000, tid=20676
#
# JRE version: OpenJDK Runtime Environment Corretto-11.0.8.10.1 (11.0.8+10) (build 11.0.8+10-LTS)
# Java VM: OpenJDK 64-Bit Server VM Corretto-11.0.8.10.1 (11.0.8+10-LTS, mixed mode, tiered, compressed oops, g1 gc, windows-amd64)
# No core dump will be written. Minidumps are not enabled by default on client versions of Windows
#

---------------  S U M M A R Y ------------

Command Line: C:\Users\robin\AppData\Local\Temp\surefire13028712693287968642\surefirebooter1410673783123188469.jar C:\Users\robin\AppData\Local\Temp\surefire13028712693287968642 2021-03-14T14-34-13_496-jvmRun1 surefire1883793525031620116tmp surefire_05575785226540019031tmp

Host: Intel(R) Core(TM) i7-7700HQ CPU @ 2.80GHz, 8 cores, 15G,  Windows 10 , 64 bit Build 19041 (10.0.19041.804)
Time: Sun Mar 14 14:34:30 2021 Västeuropa, normaltid elapsed time: 16 seconds (0d 0h 0m 16s)

---------------  T H R E A D  ---------------

Current thread (0x0000020a1770b800):  VMThread "VM Thread" [stack: 0x000000f508400000,0x000000f508500000] [id=20676]

Stack: [0x000000f508400000,0x000000f508500000]
[error occurred during error reporting (printing stack bounds), id 0xc0000005, EXCEPTION_ACCESS_VIOLATION (0xc0000005) at pc=0x0000020a00000dad]

Native frames: (J=compiled Java code, j=interpreted, Vv=VM code, C=native code)
V  [jvm.dll+0x5dfc8a]
V  [jvm.dll+0x7179be]
V  [jvm.dll+0x71908f]
V  [jvm.dll+0x7196b5]
V  [jvm.dll+0x71966b]
V  [jvm.dll+0x5df233]
V  [jvm.dll+0x5df938]
C  [ntdll.dll+0xa1f6f]
C  [ntdll.dll+0x51454]
C  [ntdll.dll+0xa0a9e]
C  0x0000020a00000dad

VM_Operation (0x000000f507ef6f50): G1CollectForAllocation, mode: safepoint, requested by thread 0x0000020a73b0e800


---------------  P R O C E S S  ---------------

Threads class SMR info:
_java_thread_list=0x0000020a208f50d0, length=33, elements={
0x0000020a73b0e800, 0x0000020a17731000, 0x0000020a1773a000, 0x0000020a1802d800,
0x0000020a1802f800, 0x0000020a18030800, 0x0000020a17fe0800, 0x0000020a17fe5000,
0x0000020a1819a800, 0x0000020a1819f000, 0x0000020a18287000, 0x0000020a181b7800,
0x0000020a1fc6f800, 0x0000020a1e105000, 0x0000020a1be09800, 0x0000020a200bb800,
0x0000020a1fce4800, 0x0000020a1d7cd000, 0x0000020a184f9000, 0x0000020a1d5f1000,
0x0000020a1d7cc800, 0x0000020a1d7ce000, 0x0000020a1d7cf000, 0x0000020a20d75800,
0x0000020a20d76800, 0x0000020a20d77000, 0x0000020a20d78000, 0x0000020a20d79000,
0x0000020a20d73000, 0x0000020a20d75000, 0x0000020a20d79800, 0x0000020a20d74000,
0x0000020a20d7a800
}

Java Threads: ( => current thread )
  0x0000020a73b0e800 JavaThread "main" [_thread_blocked, id=4900, stack(0x000000f507e00000,0x000000f507f00000)]
  0x0000020a17731000 JavaThread "Reference Handler" daemon [_thread_blocked, id=6412, stack(0x000000f508500000,0x000000f508600000)]
  0x0000020a1773a000 JavaThread "Finalizer" daemon [_thread_blocked, id=6768, stack(0x000000f508600000,0x000000f508700000)]
  0x0000020a1802d800 JavaThread "Signal Dispatcher" daemon [_thread_blocked, id=18880, stack(0x000000f508700000,0x000000f508800000)]
  0x0000020a1802f800 JavaThread "Attach Listener" daemon [_thread_blocked, id=8080, stack(0x000000f508800000,0x000000f508900000)]
  0x0000020a18030800 JavaThread "C2 CompilerThread0" daemon [_thread_blocked, id=11200, stack(0x000000f508900000,0x000000f508a00000)]
  0x0000020a17fe0800 JavaThread "C1 CompilerThread0" daemon [_thread_blocked, id=8912, stack(0x000000f508a00000,0x000000f508b00000)]
  0x0000020a17fe5000 JavaThread "Sweeper thread" daemon [_thread_blocked, id=12408, stack(0x000000f508b00000,0x000000f508c00000)]
  0x0000020a1819a800 JavaThread "Service Thread" daemon [_thread_blocked, id=13620, stack(0x000000f508c00000,0x000000f508d00000)]
  0x0000020a1819f000 JavaThread "Common-Cleaner" daemon [_thread_blocked, id=11664, stack(0x000000f508e00000,0x000000f508f00000)]
  0x0000020a18287000 JavaThread "surefire-forkedjvm-command-thread" daemon [_thread_in_native, id=20512, stack(0x000000f508f00000,0x000000f509000000)]
  0x0000020a181b7800 JavaThread "surefire-forkedjvm-ping-30s" daemon [_thread_blocked, id=22772, stack(0x000000f509000000,0x000000f509100000)]
  0x0000020a1fc6f800 JavaThread "Catalina-utility-1" [_thread_blocked, id=17104, stack(0x000000f509a00000,0x000000f509b00000)]
  0x0000020a1e105000 JavaThread "Catalina-utility-2" [_thread_blocked, id=12368, stack(0x000000f509b00000,0x000000f509c00000)]
  0x0000020a1be09800 JavaThread "container-0" [_thread_blocked, id=21872, stack(0x000000f509c00000,0x000000f509d00000)]
  0x0000020a200bb800 JavaThread "HikariPool-1 housekeeper" daemon [_thread_blocked, id=19120, stack(0x000000f509d00000,0x000000f509e00000)]
  0x0000020a1fce4800 JavaThread "task-1" [_thread_blocked, id=2112, stack(0x000000f509e00000,0x000000f509f00000)]
  0x0000020a1d7cd000 JavaThread "task-2" [_thread_blocked, id=2756, stack(0x000000f50a100000,0x000000f50a200000)]
  0x0000020a184f9000 JavaThread "C2 CompilerThread1" daemon [_thread_blocked, id=21032, stack(0x000000f509100000,0x000000f509200000)]
  0x0000020a1d5f1000 JavaThread "C2 CompilerThread2" daemon [_thread_in_native, id=6840, stack(0x000000f509700000,0x000000f509800000)]
  0x0000020a1d7cc800 JavaThread "http-nio-auto-1-BlockPoller" daemon [_thread_in_native, id=1892, stack(0x000000f509f00000,0x000000f50a000000)]
  0x0000020a1d7ce000 JavaThread "http-nio-auto-1-exec-1" daemon [_thread_blocked, id=20120, stack(0x000000f50a200000,0x000000f50a300000)]
  0x0000020a1d7cf000 JavaThread "http-nio-auto-1-exec-2" daemon [_thread_blocked, id=11348, stack(0x000000f50a300000,0x000000f50a400000)]
  0x0000020a20d75800 JavaThread "http-nio-auto-1-exec-3" daemon [_thread_blocked, id=7544, stack(0x000000f50a400000,0x000000f50a500000)]
  0x0000020a20d76800 JavaThread "http-nio-auto-1-exec-4" daemon [_thread_blocked, id=21048, stack(0x000000f50a500000,0x000000f50a600000)]
  0x0000020a20d77000 JavaThread "http-nio-auto-1-exec-5" daemon [_thread_blocked, id=10820, stack(0x000000f50a600000,0x000000f50a700000)]
  0x0000020a20d78000 JavaThread "http-nio-auto-1-exec-6" daemon [_thread_blocked, id=12000, stack(0x000000f50a700000,0x000000f50a800000)]
  0x0000020a20d79000 JavaThread "http-nio-auto-1-exec-7" daemon [_thread_blocked, id=19200, stack(0x000000f50a800000,0x000000f50a900000)]
  0x0000020a20d73000 JavaThread "http-nio-auto-1-exec-8" daemon [_thread_blocked, id=11840, stack(0x000000f50a900000,0x000000f50aa00000)]
  0x0000020a20d75000 JavaThread "http-nio-auto-1-exec-9" daemon [_thread_blocked, id=20580, stack(0x000000f50aa00000,0x000000f50ab00000)]
  0x0000020a20d79800 JavaThread "http-nio-auto-1-exec-10" daemon [_thread_blocked, id=1568, stack(0x000000f50ab00000,0x000000f50ac00000)]
  0x0000020a20d74000 JavaThread "http-nio-auto-1-ClientPoller" daemon [_thread_in_native, id=16964, stack(0x000000f50ac00000,0x000000f50ad00000)]
  0x0000020a20d7a800 JavaThread "http-nio-auto-1-Acceptor" daemon [_thread_in_native, id=11040, stack(0x000000f50ad00000,0x000000f50ae00000)]

Other Threads:
=>0x0000020a1770b800 VMThread "VM Thread" [stack: 0x000000f508400000,0x000000f508500000] [id=20676]
  0x0000020a1819e800 WatcherThread [stack: 0x000000f508d00000,0x000000f508e00000] [id=22212]
  0x0000020a73b26000 GCTaskThread "GC Thread#0" [stack: 0x000000f507f00000,0x000000f508000000] [id=7416]
  0x0000020a18b16800 GCTaskThread "GC Thread#1" [stack: 0x000000f509200000,0x000000f509300000] [id=15588]
  0x0000020a18b17800 GCTaskThread "GC Thread#2" [stack: 0x000000f509300000,0x000000f509400000] [id=19320]
  0x0000020a18946800 GCTaskThread "GC Thread#3" [stack: 0x000000f509400000,0x000000f509500000] [id=23104]
  0x0000020a18947800 GCTaskThread "GC Thread#4" [stack: 0x000000f509500000,0x000000f509600000] [id=6224]
  0x0000020a18eab800 GCTaskThread "GC Thread#5" [stack: 0x000000f509600000,0x000000f509700000] [id=20768]
  0x0000020a19093000 GCTaskThread "GC Thread#6" [stack: 0x000000f509800000,0x000000f509900000] [id=7308]
  0x0000020a19094800 GCTaskThread "GC Thread#7" [stack: 0x000000f50a000000,0x000000f50a100000] [id=9712]
  0x0000020a73b80800 ConcurrentGCThread "G1 Main Marker" [stack: 0x000000f508000000,0x000000f508100000] [id=13188]
  0x0000020a73b83000 ConcurrentGCThread "G1 Conc#0" [stack: 0x000000f508100000,0x000000f508200000] [id=4320]
  0x0000020a1908e800 ConcurrentGCThread "G1 Conc#1" [stack: 0x000000f509900000,0x000000f509a00000] [id=21144]
  0x0000020a73bee000 ConcurrentGCThread "G1 Refine#0" [stack: 0x000000f508200000,0x000000f508300000] [id=2356]
  0x0000020a175f5800 ConcurrentGCThread "G1 Young RemSet Sampling" [stack: 0x000000f508300000,0x000000f508400000] [id=18876]

Threads with active compile tasks:
C2 CompilerThread0  16518 8437       4       java.lang.ClassLoader::preDefineClass (116 bytes)
C2 CompilerThread1  16518 8441       4       org.codehaus.groovy.runtime.metaclass.MetaMethodIndex::isMatchingMethod (65 bytes)
C2 CompilerThread2  16518 8290       4       java.lang.reflect.Field::getAnnotation (23 bytes)

VM state:at safepoint (normal execution)

VM Mutex/Monitor currently owned by a thread:  ([mutex/lock_event])
[0x0000020a73b0aef0] Threads_lock - owner thread: 0x0000020a1770b800
[0x0000020a73b0a9e0] Heap_lock - owner thread: 0x0000020a73b0e800

Heap address: 0x0000000702400000, size: 4060 MB, Compressed Oops mode: Zero based, Oop shift amount: 3
Narrow klass base: 0x0000000800000000, Narrow klass shift: 0
Compressed class space size: 1073741824 Address: 0x0000000800000000

Heap:
 garbage-first heap   total 374784K, used 54198K [0x0000000702400000, 0x0000000800000000)
  region size 1024K, 20 young (20480K), 20 survivors (20480K)
 Metaspace       used 95733K, capacity 98772K, committed 98892K, reserved 1134592K
  class space    used 12328K, capacity 13638K, committed 13696K, reserved 1048576K
Heap Regions: E=young(eden), S=young(survivor), O=old, HS=humongous(starts), HC=humongous(continues), CS=collection set, F=free, A=archive, TAMS=top-at-mark-start (previous, next)
|   0|0x0000000702400000, 0x0000000702500000, 0x0000000702500000|100%|HS|  |TAMS 0x0000000702500000, 0x0000000702400000| Complete 
|   1|0x0000000702500000, 0x0000000702600000, 0x0000000702600000|100%| O|  |TAMS 0x0000000702600000, 0x0000000702500000| Untracked 
|   2|0x0000000702600000, 0x0000000702700000, 0x0000000702700000|100%| O|  |TAMS 0x0000000702700000, 0x0000000702600000| Untracked 
|   3|0x0000000702700000, 0x0000000702800000, 0x0000000702800000|100%| O|  |TAMS 0x0000000702800000, 0x0000000702700000| Untracked 
|   4|0x0000000702800000, 0x0000000702900000, 0x0000000702900000|100%| O|  |TAMS 0x0000000702900000, 0x0000000702800000| Untracked 
|   5|0x0000000702900000, 0x0000000702a00000, 0x0000000702a00000|100%| O|  |TAMS 0x0000000702a00000, 0x0000000702900000| Untracked 
|   6|0x0000000702a00000, 0x0000000702b00000, 0x0000000702b00000|100%| O|  |TAMS 0x0000000702b00000, 0x0000000702a00000| Untracked 
|   7|0x0000000702b00000, 0x0000000702c00000, 0x0000000702c00000|100%| O|  |TAMS 0x0000000702c00000, 0x0000000702b00000| Untracked 
|   8|0x0000000702c00000, 0x0000000702d00000, 0x0000000702d00000|100%| O|  |TAMS 0x0000000702d00000, 0x0000000702c00000| Untracked 
|   9|0x0000000702d00000, 0x0000000702e00000, 0x0000000702e00000|100%| O|  |TAMS 0x0000000702e00000, 0x0000000702d00000| Untracked 
|  10|0x0000000702e00000, 0x0000000702f00000, 0x0000000702f00000|100%| O|  |TAMS 0x0000000702f00000, 0x0000000702e00000| Untracked 
|  11|0x0000000702f00000, 0x0000000703000000, 0x0000000703000000|100%| O|  |TAMS 0x0000000703000000, 0x0000000702f00000| Untracked 
|  12|0x0000000703000000, 0x0000000703100000, 0x0000000703100000|100%| O|  |TAMS 0x00000007030a8400, 0x0000000703000000| Untracked 
|  13|0x0000000703100000, 0x0000000703200000, 0x0000000703200000|100%| O|  |TAMS 0x0000000703100000, 0x0000000703100000| Untracked 
|  14|0x0000000703200000, 0x0000000703300000, 0x0000000703300000|100%| O|  |TAMS 0x0000000703200000, 0x0000000703200000| Untracked 
|  15|0x0000000703300000, 0x0000000703400000, 0x0000000703400000|100%| O|  |TAMS 0x0000000703300000, 0x0000000703300000| Untracked 
|  16|0x0000000703400000, 0x0000000703500000, 0x0000000703500000|100%| O|  |TAMS 0x0000000703400000, 0x0000000703400000| Untracked 
|  17|0x0000000703500000, 0x0000000703600000, 0x0000000703600000|100%| O|  |TAMS 0x0000000703500000, 0x0000000703500000| Untracked 
|  18|0x0000000703600000, 0x0000000703700000, 0x0000000703700000|100%| O|  |TAMS 0x0000000703600000, 0x0000000703600000| Untracked 
|  19|0x0000000703700000, 0x0000000703800000, 0x0000000703800000|100%| O|  |TAMS 0x0000000703700000, 0x0000000703700000| Untracked 
|  20|0x0000000703800000, 0x0000000703900000, 0x0000000703900000|100%| O|  |TAMS 0x0000000703800000, 0x0000000703800000| Untracked 
|  21|0x0000000703900000, 0x0000000703a00000, 0x0000000703a00000|100%| O|  |TAMS 0x0000000703900000, 0x0000000703900000| Untracked 
|  22|0x0000000703a00000, 0x0000000703b00000, 0x0000000703b00000|100%| O|  |TAMS 0x0000000703a00000, 0x0000000703a00000| Untracked 
|  23|0x0000000703b00000, 0x0000000703c00000, 0x0000000703c00000|100%| O|  |TAMS 0x0000000703b00000, 0x0000000703b00000| Untracked 
|  24|0x0000000703c00000, 0x0000000703c00000, 0x0000000703d00000|  0%| F|  |TAMS 0x0000000703c00000, 0x0000000703c00000| Untracked 
|  25|0x0000000703d00000, 0x0000000703d00000, 0x0000000703e00000|  0%| F|  |TAMS 0x0000000703d00000, 0x0000000703d00000| Untracked 
|  26|0x0000000703e00000, 0x0000000703e00000, 0x0000000703f00000|  0%| F|  |TAMS 0x0000000703e00000, 0x0000000703e00000| Untracked 
|  27|0x0000000703f00000, 0x0000000704000000, 0x0000000704000000|100%| O|  |TAMS 0x0000000703f00000, 0x0000000703f00000| Untracked 
|  28|0x0000000704000000, 0x0000000704100000, 0x0000000704100000|100%| O|  |TAMS 0x0000000704000000, 0x0000000704000000| Untracked 
|  29|0x0000000704100000, 0x0000000704200000, 0x0000000704200000|100%| O|  |TAMS 0x0000000704100000, 0x0000000704100000| Untracked 
|  30|0x0000000704200000, 0x0000000704300000, 0x0000000704300000|100%| O|  |TAMS 0x0000000704200000, 0x0000000704200000| Untracked 
|  31|0x0000000704300000, 0x0000000704400000, 0x0000000704400000|100%| O|  |TAMS 0x0000000704300000, 0x0000000704300000| Untracked 
|  32|0x0000000704400000, 0x0000000704500000, 0x0000000704500000|100%| O|  |TAMS 0x0000000704400000, 0x0000000704400000| Untracked 
|  33|0x0000000704500000, 0x0000000704600000, 0x0000000704600000|100%| O|  |TAMS 0x0000000704500000, 0x0000000704500000| Untracked 
|  34|0x0000000704600000, 0x0000000704700000, 0x0000000704700000|100%| O|  |TAMS 0x0000000704600000, 0x0000000704600000| Untracked 
|  35|0x0000000704700000, 0x00000007047ed800, 0x0000000704800000| 92%| O|  |TAMS 0x0000000704700000, 0x0000000704700000| Untracked 
|  36|0x0000000704800000, 0x0000000704800000, 0x0000000704900000|  0%| F|  |TAMS 0x0000000704800000, 0x0000000704800000| Untracked 
|  37|0x0000000704900000, 0x0000000704900000, 0x0000000704a00000|  0%| F|  |TAMS 0x0000000704900000, 0x0000000704900000| Untracked 
|  38|0x0000000704a00000, 0x0000000704a00000, 0x0000000704b00000|  0%| F|  |TAMS 0x0000000704a00000, 0x0000000704a00000| Untracked 
|  39|0x0000000704b00000, 0x0000000704b00000, 0x0000000704c00000|  0%| F|  |TAMS 0x0000000704b00000, 0x0000000704b00000| Untracked 
|  40|0x0000000704c00000, 0x0000000704c00000, 0x0000000704d00000|  0%| F|  |TAMS 0x0000000704c00000, 0x0000000704c00000| Untracked 
|  41|0x0000000704d00000, 0x0000000704d00000, 0x0000000704e00000|  0%| F|  |TAMS 0x0000000704d00000, 0x0000000704d00000| Untracked 
|  42|0x0000000704e00000, 0x0000000704e00000, 0x0000000704f00000|  0%| F|  |TAMS 0x0000000704e00000, 0x0000000704e00000| Untracked 
|  43|0x0000000704f00000, 0x0000000704f00000, 0x0000000705000000|  0%| F|  |TAMS 0x0000000704f00000, 0x0000000704f00000| Untracked 
|  44|0x0000000705000000, 0x0000000705000000, 0x0000000705100000|  0%| F|  |TAMS 0x0000000705000000, 0x0000000705000000| Untracked 
|  45|0x0000000705100000, 0x0000000705100000, 0x0000000705200000|  0%| F|  |TAMS 0x0000000705100000, 0x0000000705100000| Untracked 
|  46|0x0000000705200000, 0x0000000705200000, 0x0000000705300000|  0%| F|  |TAMS 0x0000000705200000, 0x0000000705200000| Untracked 
|  47|0x0000000705300000, 0x0000000705300000, 0x0000000705400000|  0%| F|  |TAMS 0x0000000705300000, 0x0000000705300000| Untracked 
|  48|0x0000000705400000, 0x0000000705400000, 0x0000000705500000|  0%| F|  |TAMS 0x0000000705400000, 0x0000000705400000| Untracked 
|  49|0x0000000705500000, 0x0000000705500000, 0x0000000705600000|  0%| F|  |TAMS 0x0000000705500000, 0x0000000705500000| Untracked 
|  50|0x0000000705600000, 0x0000000705600000, 0x0000000705700000|  0%| F|  |TAMS 0x0000000705600000, 0x0000000705600000| Untracked 
|  51|0x0000000705700000, 0x0000000705700000, 0x0000000705800000|  0%| F|  |TAMS 0x0000000705700000, 0x0000000705700000| Untracked 
|  52|0x0000000705800000, 0x0000000705800000, 0x0000000705900000|  0%| F|  |TAMS 0x0000000705800000, 0x0000000705800000| Untracked 
|  53|0x0000000705900000, 0x0000000705900000, 0x0000000705a00000|  0%| F|  |TAMS 0x0000000705900000, 0x0000000705900000| Untracked 
|  54|0x0000000705a00000, 0x0000000705a00000, 0x0000000705b00000|  0%| F|  |TAMS 0x0000000705a00000, 0x0000000705a00000| Untracked 
|  55|0x0000000705b00000, 0x0000000705b00000, 0x0000000705c00000|  0%| F|  |TAMS 0x0000000705b00000, 0x0000000705b00000| Untracked 
|  56|0x0000000705c00000, 0x0000000705c00000, 0x0000000705d00000|  0%| F|  |TAMS 0x0000000705c00000, 0x0000000705c00000| Untracked 
|  57|0x0000000705d00000, 0x0000000705d00000, 0x0000000705e00000|  0%| F|  |TAMS 0x0000000705d00000, 0x0000000705d00000| Untracked 
|  58|0x0000000705e00000, 0x0000000705e00000, 0x0000000705f00000|  0%| F|  |TAMS 0x0000000705e00000, 0x0000000705e00000| Untracked 
|  59|0x0000000705f00000, 0x0000000705f00000, 0x0000000706000000|  0%| F|  |TAMS 0x0000000705f00000, 0x0000000705f00000| Untracked 
|  60|0x0000000706000000, 0x0000000706000000, 0x0000000706100000|  0%| F|  |TAMS 0x0000000706000000, 0x0000000706000000| Untracked 
|  61|0x0000000706100000, 0x0000000706100000, 0x0000000706200000|  0%| F|  |TAMS 0x0000000706100000, 0x0000000706100000| Untracked 
|  62|0x0000000706200000, 0x0000000706200000, 0x0000000706300000|  0%| F|  |TAMS 0x0000000706200000, 0x0000000706200000| Untracked 
|  63|0x0000000706300000, 0x0000000706300000, 0x0000000706400000|  0%| F|  |TAMS 0x0000000706300000, 0x0000000706300000| Untracked 
|  64|0x0000000706400000, 0x0000000706400000, 0x0000000706500000|  0%| F|  |TAMS 0x0000000706400000, 0x0000000706400000| Untracked 
|  65|0x0000000706500000, 0x0000000706500000, 0x0000000706600000|  0%| F|  |TAMS 0x0000000706500000, 0x0000000706500000| Untracked 
|  66|0x0000000706600000, 0x0000000706600000, 0x0000000706700000|  0%| F|  |TAMS 0x0000000706600000, 0x0000000706600000| Untracked 
|  67|0x0000000706700000, 0x0000000706700000, 0x0000000706800000|  0%| F|  |TAMS 0x0000000706700000, 0x0000000706700000| Untracked 
|  68|0x0000000706800000, 0x0000000706800000, 0x0000000706900000|  0%| F|  |TAMS 0x0000000706800000, 0x0000000706800000| Untracked 
|  69|0x0000000706900000, 0x0000000706900000, 0x0000000706a00000|  0%| F|  |TAMS 0x0000000706900000, 0x0000000706900000| Untracked 
|  70|0x0000000706a00000, 0x0000000706a00000, 0x0000000706b00000|  0%| F|  |TAMS 0x0000000706a00000, 0x0000000706a00000| Untracked 
|  71|0x0000000706b00000, 0x0000000706b00000, 0x0000000706c00000|  0%| F|  |TAMS 0x0000000706b00000, 0x0000000706b00000| Untracked 
|  72|0x0000000706c00000, 0x0000000706c00000, 0x0000000706d00000|  0%| F|  |TAMS 0x0000000706c00000, 0x0000000706c00000| Untracked 
|  73|0x0000000706d00000, 0x0000000706d00000, 0x0000000706e00000|  0%| F|  |TAMS 0x0000000706d00000, 0x0000000706d00000| Untracked 
|  74|0x0000000706e00000, 0x0000000706e00000, 0x0000000706f00000|  0%| F|  |TAMS 0x0000000706e00000, 0x0000000706e00000| Untracked 
|  75|0x0000000706f00000, 0x0000000706f00000, 0x0000000707000000|  0%| F|  |TAMS 0x0000000706f00000, 0x0000000706f00000| Untracked 
|  76|0x0000000707000000, 0x0000000707000000, 0x0000000707100000|  0%| F|  |TAMS 0x0000000707000000, 0x0000000707000000| Untracked 
|  77|0x0000000707100000, 0x0000000707100000, 0x0000000707200000|  0%| F|  |TAMS 0x0000000707100000, 0x0000000707100000| Untracked 
|  78|0x0000000707200000, 0x0000000707200000, 0x0000000707300000|  0%| F|  |TAMS 0x0000000707200000, 0x0000000707200000| Untracked 
|  79|0x0000000707300000, 0x0000000707300000, 0x0000000707400000|  0%| F|  |TAMS 0x0000000707300000, 0x0000000707300000| Untracked 
|  80|0x0000000707400000, 0x0000000707400000, 0x0000000707500000|  0%| F|  |TAMS 0x0000000707400000, 0x0000000707400000| Untracked 
|  81|0x0000000707500000, 0x0000000707500000, 0x0000000707600000|  0%| F|  |TAMS 0x0000000707500000, 0x0000000707500000| Untracked 
|  82|0x0000000707600000, 0x0000000707600000, 0x0000000707700000|  0%| F|  |TAMS 0x0000000707600000, 0x0000000707600000| Untracked 
|  83|0x0000000707700000, 0x0000000707700000, 0x0000000707800000|  0%| F|  |TAMS 0x0000000707700000, 0x0000000707700000| Untracked 
|  84|0x0000000707800000, 0x0000000707800000, 0x0000000707900000|  0%| F|  |TAMS 0x0000000707800000, 0x0000000707800000| Untracked 
|  85|0x0000000707900000, 0x0000000707900000, 0x0000000707a00000|  0%| F|  |TAMS 0x0000000707900000, 0x0000000707900000| Untracked 
|  86|0x0000000707a00000, 0x0000000707a00000, 0x0000000707b00000|  0%| F|  |TAMS 0x0000000707a00000, 0x0000000707a00000| Untracked 
|  87|0x0000000707b00000, 0x0000000707b00000, 0x0000000707c00000|  0%| F|  |TAMS 0x0000000707b00000, 0x0000000707b00000| Untracked 
|  88|0x0000000707c00000, 0x0000000707c00000, 0x0000000707d00000|  0%| F|  |TAMS 0x0000000707c00000, 0x0000000707c00000| Untracked 
|  89|0x0000000707d00000, 0x0000000707d00000, 0x0000000707e00000|  0%| F|  |TAMS 0x0000000707d00000, 0x0000000707d00000| Untracked 
|  90|0x0000000707e00000, 0x0000000707e00000, 0x0000000707f00000|  0%| F|  |TAMS 0x0000000707e00000, 0x0000000707e00000| Untracked 
|  91|0x0000000707f00000, 0x0000000707f00000, 0x0000000708000000|  0%| F|  |TAMS 0x0000000707f00000, 0x0000000707f00000| Untracked 
|  92|0x0000000708000000, 0x0000000708000000, 0x0000000708100000|  0%| F|  |TAMS 0x0000000708000000, 0x0000000708000000| Untracked 
|  93|0x0000000708100000, 0x0000000708100000, 0x0000000708200000|  0%| F|  |TAMS 0x0000000708100000, 0x0000000708100000| Untracked 
|  94|0x0000000708200000, 0x0000000708200000, 0x0000000708300000|  0%| F|  |TAMS 0x0000000708200000, 0x0000000708200000| Untracked 
|  95|0x0000000708300000, 0x0000000708300000, 0x0000000708400000|  0%| F|  |TAMS 0x0000000708300000, 0x0000000708300000| Untracked 
|  96|0x0000000708400000, 0x0000000708400000, 0x0000000708500000|  0%| F|  |TAMS 0x0000000708400000, 0x0000000708400000| Untracked 
|  97|0x0000000708500000, 0x0000000708500000, 0x0000000708600000|  0%| F|  |TAMS 0x0000000708500000, 0x0000000708500000| Untracked 
|  98|0x0000000708600000, 0x0000000708600000, 0x0000000708700000|  0%| F|  |TAMS 0x0000000708600000, 0x0000000708600000| Untracked 
|  99|0x0000000708700000, 0x0000000708700000, 0x0000000708800000|  0%| F|  |TAMS 0x0000000708700000, 0x0000000708700000| Untracked 
| 100|0x0000000708800000, 0x0000000708800000, 0x0000000708900000|  0%| F|  |TAMS 0x0000000708800000, 0x0000000708800000| Untracked 
| 101|0x0000000708900000, 0x0000000708900000, 0x0000000708a00000|  0%| F|  |TAMS 0x0000000708900000, 0x0000000708900000| Untracked 
| 102|0x0000000708a00000, 0x0000000708a00000, 0x0000000708b00000|  0%| F|  |TAMS 0x0000000708a00000, 0x0000000708a00000| Untracked 
| 103|0x0000000708b00000, 0x0000000708b00000, 0x0000000708c00000|  0%| F|  |TAMS 0x0000000708b00000, 0x0000000708b00000| Untracked 
| 104|0x0000000708c00000, 0x0000000708c00000, 0x0000000708d00000|  0%| F|  |TAMS 0x0000000708c00000, 0x0000000708c00000| Untracked 
| 105|0x0000000708d00000, 0x0000000708d00000, 0x0000000708e00000|  0%| F|  |TAMS 0x0000000708d00000, 0x0000000708d00000| Untracked 
| 106|0x0000000708e00000, 0x0000000708e00000, 0x0000000708f00000|  0%| F|  |TAMS 0x0000000708e00000, 0x0000000708e00000| Untracked 
| 107|0x0000000708f00000, 0x0000000709000000, 0x0000000709000000|100%| S|CS|TAMS 0x0000000708f00000, 0x0000000708f00000| Complete 
| 108|0x0000000709000000, 0x0000000709100000, 0x0000000709100000|100%| S|CS|TAMS 0x0000000709000000, 0x0000000709000000| Complete 
| 109|0x0000000709100000, 0x0000000709200000, 0x0000000709200000|100%| S|CS|TAMS 0x0000000709100000, 0x0000000709100000| Complete 
| 110|0x0000000709200000, 0x0000000709300000, 0x0000000709300000|100%| S|CS|TAMS 0x0000000709200000, 0x0000000709200000| Complete 
| 111|0x0000000709300000, 0x0000000709400000, 0x0000000709400000|100%| S|CS|TAMS 0x0000000709300000, 0x0000000709300000| Complete 
| 112|0x0000000709400000, 0x0000000709500000, 0x0000000709500000|100%| S|CS|TAMS 0x0000000709400000, 0x0000000709400000| Complete 
| 113|0x0000000709500000, 0x0000000709600000, 0x0000000709600000|100%| S|CS|TAMS 0x0000000709500000, 0x0000000709500000| Complete 
| 114|0x0000000709600000, 0x0000000709700000, 0x0000000709700000|100%| S|CS|TAMS 0x0000000709600000, 0x0000000709600000| Complete 
| 115|0x0000000709700000, 0x0000000709800000, 0x0000000709800000|100%| S|CS|TAMS 0x0000000709700000, 0x0000000709700000| Complete 
| 116|0x0000000709800000, 0x0000000709900000, 0x0000000709900000|100%| S|CS|TAMS 0x0000000709800000, 0x0000000709800000| Complete 
| 117|0x0000000709900000, 0x0000000709a00000, 0x0000000709a00000|100%| S|CS|TAMS 0x0000000709900000, 0x0000000709900000| Complete 
| 118|0x0000000709a00000, 0x0000000709b00000, 0x0000000709b00000|100%| S|CS|TAMS 0x0000000709a00000, 0x0000000709a00000| Complete 
| 119|0x0000000709b00000, 0x0000000709c00000, 0x0000000709c00000|100%| S|CS|TAMS 0x0000000709b00000, 0x0000000709b00000| Complete 
| 120|0x0000000709c00000, 0x0000000709d00000, 0x0000000709d00000|100%| S|CS|TAMS 0x0000000709c00000, 0x0000000709c00000| Complete 
| 121|0x0000000709d00000, 0x0000000709e00000, 0x0000000709e00000|100%| S|CS|TAMS 0x0000000709d00000, 0x0000000709d00000| Complete 
| 122|0x0000000709e00000, 0x0000000709f00000, 0x0000000709f00000|100%| S|CS|TAMS 0x0000000709e00000, 0x0000000709e00000| Complete 
| 123|0x0000000709f00000, 0x000000070a000000, 0x000000070a000000|100%| S|CS|TAMS 0x0000000709f00000, 0x0000000709f00000| Complete 
| 124|0x000000070a000000, 0x000000070a000000, 0x000000070a100000|  0%| F|  |TAMS 0x000000070a000000, 0x000000070a000000| Untracked 
| 125|0x000000070a100000, 0x000000070a100000, 0x000000070a200000|  0%| F|  |TAMS 0x000000070a100000, 0x000000070a100000| Untracked 
| 126|0x000000070a200000, 0x000000070a200000, 0x000000070a300000|  0%| F|  |TAMS 0x000000070a200000, 0x000000070a200000| Untracked 
| 127|0x000000070a300000, 0x000000070a300000, 0x000000070a400000|  0%| F|  |TAMS 0x000000070a300000, 0x000000070a300000| Untracked 
| 128|0x000000070a400000, 0x000000070a400000, 0x000000070a500000|  0%| F|  |TAMS 0x000000070a400000, 0x000000070a400000| Untracked 
| 129|0x000000070a500000, 0x000000070a500000, 0x000000070a600000|  0%| F|  |TAMS 0x000000070a500000, 0x000000070a500000| Untracked 
| 130|0x000000070a600000, 0x000000070a600000, 0x000000070a700000|  0%| F|  |TAMS 0x000000070a600000, 0x000000070a600000| Untracked 
| 131|0x000000070a700000, 0x000000070a700000, 0x000000070a800000|  0%| F|  |TAMS 0x000000070a700000, 0x000000070a700000| Untracked 
| 132|0x000000070a800000, 0x000000070a800000, 0x000000070a900000|  0%| F|  |TAMS 0x000000070a800000, 0x000000070a800000| Untracked 
| 133|0x000000070a900000, 0x000000070a900000, 0x000000070aa00000|  0%| F|  |TAMS 0x000000070a900000, 0x000000070a900000| Untracked 
| 134|0x000000070aa00000, 0x000000070aa00000, 0x000000070ab00000|  0%| F|  |TAMS 0x000000070aa00000, 0x000000070aa00000| Untracked 
| 135|0x000000070ab00000, 0x000000070ab00000, 0x000000070ac00000|  0%| F|  |TAMS 0x000000070ab00000, 0x000000070ab00000| Untracked 
| 136|0x000000070ac00000, 0x000000070ac00000, 0x000000070ad00000|  0%| F|  |TAMS 0x000000070ac00000, 0x000000070ac00000| Untracked 
| 137|0x000000070ad00000, 0x000000070ad00000, 0x000000070ae00000|  0%| F|  |TAMS 0x000000070ad00000, 0x000000070ad00000| Untracked 
| 138|0x000000070ae00000, 0x000000070ae00000, 0x000000070af00000|  0%| F|  |TAMS 0x000000070ae00000, 0x000000070ae00000| Untracked 
| 139|0x000000070af00000, 0x000000070af00000, 0x000000070b000000|  0%| F|  |TAMS 0x000000070af00000, 0x000000070af00000| Untracked 
| 140|0x000000070b000000, 0x000000070b100000, 0x000000070b100000|100%| S|CS|TAMS 0x000000070b000000, 0x000000070b000000| Complete 
| 141|0x000000070b100000, 0x000000070b200000, 0x000000070b200000|100%| S|CS|TAMS 0x000000070b100000, 0x000000070b100000| Complete 
| 142|0x000000070b200000, 0x000000070b300000, 0x000000070b300000|100%| S|CS|TAMS 0x000000070b200000, 0x000000070b200000| Complete 
| 143|0x000000070b300000, 0x000000070b300000, 0x000000070b400000|  0%| F|  |TAMS 0x000000070b300000, 0x000000070b300000| Untracked 
| 144|0x000000070b400000, 0x000000070b400000, 0x000000070b500000|  0%| F|  |TAMS 0x000000070b400000, 0x000000070b400000| Untracked 
| 145|0x000000070b500000, 0x000000070b500000, 0x000000070b600000|  0%| F|  |TAMS 0x000000070b500000, 0x000000070b500000| Untracked 
| 146|0x000000070b600000, 0x000000070b600000, 0x000000070b700000|  0%| F|  |TAMS 0x000000070b600000, 0x000000070b600000| Untracked 
| 147|0x000000070b700000, 0x000000070b700000, 0x000000070b800000|  0%| F|  |TAMS 0x000000070b700000, 0x000000070b700000| Untracked 
| 148|0x000000070b800000, 0x000000070b800000, 0x000000070b900000|  0%| F|  |TAMS 0x000000070b800000, 0x000000070b800000| Untracked 
| 149|0x000000070b900000, 0x000000070b900000, 0x000000070ba00000|  0%| F|  |TAMS 0x000000070b900000, 0x000000070b900000| Untracked 
| 150|0x000000070ba00000, 0x000000070ba00000, 0x000000070bb00000|  0%| F|  |TAMS 0x000000070ba00000, 0x000000070ba00000| Untracked 
| 151|0x000000070bb00000, 0x000000070bb00000, 0x000000070bc00000|  0%| F|  |TAMS 0x000000070bb00000, 0x000000070bb00000| Untracked 
| 152|0x000000070bc00000, 0x000000070bc00000, 0x000000070bd00000|  0%| F|  |TAMS 0x000000070bc00000, 0x000000070bc00000| Untracked 
| 153|0x000000070bd00000, 0x000000070bd00000, 0x000000070be00000|  0%| F|  |TAMS 0x000000070bd00000, 0x000000070bd00000| Untracked 
| 154|0x000000070be00000, 0x000000070be00000, 0x000000070bf00000|  0%| F|  |TAMS 0x000000070be00000, 0x000000070be00000| Untracked 
| 155|0x000000070bf00000, 0x000000070bf00000, 0x000000070c000000|  0%| F|  |TAMS 0x000000070bf00000, 0x000000070bf00000| Untracked 
| 156|0x000000070c000000, 0x000000070c000000, 0x000000070c100000|  0%| F|  |TAMS 0x000000070c000000, 0x000000070c000000| Untracked 
| 157|0x000000070c100000, 0x000000070c100000, 0x000000070c200000|  0%| F|  |TAMS 0x000000070c100000, 0x000000070c100000| Untracked 
| 158|0x000000070c200000, 0x000000070c200000, 0x000000070c300000|  0%| F|  |TAMS 0x000000070c200000, 0x000000070c200000| Untracked 
| 159|0x000000070c300000, 0x000000070c300000, 0x000000070c400000|  0%| F|  |TAMS 0x000000070c300000, 0x000000070c300000| Untracked 
| 160|0x000000070c400000, 0x000000070c400000, 0x000000070c500000|  0%| F|  |TAMS 0x000000070c400000, 0x000000070c400000| Untracked 
| 161|0x000000070c500000, 0x000000070c500000, 0x000000070c600000|  0%| F|  |TAMS 0x000000070c500000, 0x000000070c500000| Untracked 
| 162|0x000000070c600000, 0x000000070c600000, 0x000000070c700000|  0%| F|  |TAMS 0x000000070c600000, 0x000000070c600000| Untracked 
| 163|0x000000070c700000, 0x000000070c700000, 0x000000070c800000|  0%| F|  |TAMS 0x000000070c700000, 0x000000070c700000| Untracked 
| 164|0x000000070c800000, 0x000000070c800000, 0x000000070c900000|  0%| F|  |TAMS 0x000000070c800000, 0x000000070c800000| Untracked 
| 165|0x000000070c900000, 0x000000070c900000, 0x000000070ca00000|  0%| F|  |TAMS 0x000000070c900000, 0x000000070c900000| Untracked 
| 166|0x000000070ca00000, 0x000000070ca00000, 0x000000070cb00000|  0%| F|  |TAMS 0x000000070ca00000, 0x000000070ca00000| Untracked 
| 167|0x000000070cb00000, 0x000000070cb00000, 0x000000070cc00000|  0%| F|  |TAMS 0x000000070cb00000, 0x000000070cb00000| Untracked 
| 168|0x000000070cc00000, 0x000000070cc00000, 0x000000070cd00000|  0%| F|  |TAMS 0x000000070cc00000, 0x000000070cc00000| Untracked 
| 169|0x000000070cd00000, 0x000000070cd00000, 0x000000070ce00000|  0%| F|  |TAMS 0x000000070cd00000, 0x000000070cd00000| Untracked 
| 170|0x000000070ce00000, 0x000000070ce00000, 0x000000070cf00000|  0%| F|  |TAMS 0x000000070ce00000, 0x000000070ce00000| Untracked 
| 171|0x000000070cf00000, 0x000000070cf00000, 0x000000070d000000|  0%| F|  |TAMS 0x000000070cf00000, 0x000000070cf00000| Untracked 
| 172|0x000000070d000000, 0x000000070d000000, 0x000000070d100000|  0%| F|  |TAMS 0x000000070d000000, 0x000000070d000000| Untracked 
| 173|0x000000070d100000, 0x000000070d100000, 0x000000070d200000|  0%| F|  |TAMS 0x000000070d100000, 0x000000070d100000| Untracked 
| 174|0x000000070d200000, 0x000000070d200000, 0x000000070d300000|  0%| F|  |TAMS 0x000000070d200000, 0x000000070d200000| Untracked 
| 175|0x000000070d300000, 0x000000070d300000, 0x000000070d400000|  0%| F|  |TAMS 0x000000070d300000, 0x000000070d300000| Untracked 
| 176|0x000000070d400000, 0x000000070d400000, 0x000000070d500000|  0%| F|  |TAMS 0x000000070d400000, 0x000000070d400000| Untracked 
| 177|0x000000070d500000, 0x000000070d500000, 0x000000070d600000|  0%| F|  |TAMS 0x000000070d500000, 0x000000070d500000| Untracked 
| 178|0x000000070d600000, 0x000000070d600000, 0x000000070d700000|  0%| F|  |TAMS 0x000000070d600000, 0x000000070d600000| Untracked 
| 179|0x000000070d700000, 0x000000070d700000, 0x000000070d800000|  0%| F|  |TAMS 0x000000070d700000, 0x000000070d700000| Untracked 
| 180|0x000000070d800000, 0x000000070d800000, 0x000000070d900000|  0%| F|  |TAMS 0x000000070d800000, 0x000000070d800000| Untracked 
| 181|0x000000070d900000, 0x000000070d900000, 0x000000070da00000|  0%| F|  |TAMS 0x000000070d900000, 0x000000070d900000| Untracked 
| 182|0x000000070da00000, 0x000000070da00000, 0x000000070db00000|  0%| F|  |TAMS 0x000000070da00000, 0x000000070da00000| Untracked 
| 183|0x000000070db00000, 0x000000070db00000, 0x000000070dc00000|  0%| F|  |TAMS 0x000000070db00000, 0x000000070db00000| Untracked 
| 184|0x000000070dc00000, 0x000000070dc00000, 0x000000070dd00000|  0%| F|  |TAMS 0x000000070dc00000, 0x000000070dc00000| Untracked 
| 185|0x000000070dd00000, 0x000000070dd00000, 0x000000070de00000|  0%| F|  |TAMS 0x000000070dd00000, 0x000000070dd00000| Untracked 
| 186|0x000000070de00000, 0x000000070de00000, 0x000000070df00000|  0%| F|  |TAMS 0x000000070de00000, 0x000000070de00000| Untracked 
| 187|0x000000070df00000, 0x000000070df00000, 0x000000070e000000|  0%| F|  |TAMS 0x000000070df00000, 0x000000070df00000| Untracked 
| 188|0x000000070e000000, 0x000000070e000000, 0x000000070e100000|  0%| F|  |TAMS 0x000000070e000000, 0x000000070e000000| Untracked 
| 189|0x000000070e100000, 0x000000070e100000, 0x000000070e200000|  0%| F|  |TAMS 0x000000070e100000, 0x000000070e100000| Untracked 
| 190|0x000000070e200000, 0x000000070e200000, 0x000000070e300000|  0%| F|  |TAMS 0x000000070e200000, 0x000000070e200000| Untracked 
| 191|0x000000070e300000, 0x000000070e300000, 0x000000070e400000|  0%| F|  |TAMS 0x000000070e300000, 0x000000070e300000| Untracked 
| 192|0x000000070e400000, 0x000000070e400000, 0x000000070e500000|  0%| F|  |TAMS 0x000000070e400000, 0x000000070e400000| Untracked 
| 193|0x000000070e500000, 0x000000070e500000, 0x000000070e600000|  0%| F|  |TAMS 0x000000070e500000, 0x000000070e500000| Untracked 
| 194|0x000000070e600000, 0x000000070e600000, 0x000000070e700000|  0%| F|  |TAMS 0x000000070e600000, 0x000000070e600000| Untracked 
| 195|0x000000070e700000, 0x000000070e700000, 0x000000070e800000|  0%| F|  |TAMS 0x000000070e700000, 0x000000070e700000| Untracked 
| 196|0x000000070e800000, 0x000000070e800000, 0x000000070e900000|  0%| F|  |TAMS 0x000000070e800000, 0x000000070e800000| Untracked 
| 197|0x000000070e900000, 0x000000070e900000, 0x000000070ea00000|  0%| F|  |TAMS 0x000000070e900000, 0x000000070e900000| Untracked 
| 198|0x000000070ea00000, 0x000000070ea00000, 0x000000070eb00000|  0%| F|  |TAMS 0x000000070ea00000, 0x000000070ea00000| Untracked 
| 199|0x000000070eb00000, 0x000000070eb00000, 0x000000070ec00000|  0%| F|  |TAMS 0x000000070eb00000, 0x000000070eb00000| Untracked 
| 200|0x000000070ec00000, 0x000000070ec00000, 0x000000070ed00000|  0%| F|  |TAMS 0x000000070ec00000, 0x000000070ec00000| Untracked 
| 201|0x000000070ed00000, 0x000000070ed00000, 0x000000070ee00000|  0%| F|  |TAMS 0x000000070ed00000, 0x000000070ed00000| Untracked 
| 202|0x000000070ee00000, 0x000000070ee00000, 0x000000070ef00000|  0%| F|  |TAMS 0x000000070ee00000, 0x000000070ee00000| Untracked 
| 203|0x000000070ef00000, 0x000000070ef00000, 0x000000070f000000|  0%| F|  |TAMS 0x000000070ef00000, 0x000000070ef00000| Untracked 
| 204|0x000000070f000000, 0x000000070f000000, 0x000000070f100000|  0%| F|  |TAMS 0x000000070f000000, 0x000000070f000000| Untracked 
| 205|0x000000070f100000, 0x000000070f100000, 0x000000070f200000|  0%| F|  |TAMS 0x000000070f100000, 0x000000070f100000| Untracked 
| 206|0x000000070f200000, 0x000000070f200000, 0x000000070f300000|  0%| F|  |TAMS 0x000000070f200000, 0x000000070f200000| Untracked 
| 207|0x000000070f300000, 0x000000070f300000, 0x000000070f400000|  0%| F|  |TAMS 0x000000070f300000, 0x000000070f300000| Untracked 
| 208|0x000000070f400000, 0x000000070f400000, 0x000000070f500000|  0%| F|  |TAMS 0x000000070f400000, 0x000000070f400000| Untracked 
| 209|0x000000070f500000, 0x000000070f500000, 0x000000070f600000|  0%| F|  |TAMS 0x000000070f500000, 0x000000070f500000| Untracked 
| 210|0x000000070f600000, 0x000000070f600000, 0x000000070f700000|  0%| F|  |TAMS 0x000000070f600000, 0x000000070f600000| Untracked 
| 211|0x000000070f700000, 0x000000070f700000, 0x000000070f800000|  0%| F|  |TAMS 0x000000070f700000, 0x000000070f700000| Untracked 
| 212|0x000000070f800000, 0x000000070f800000, 0x000000070f900000|  0%| F|  |TAMS 0x000000070f800000, 0x000000070f800000| Untracked 
| 213|0x000000070f900000, 0x000000070f900000, 0x000000070fa00000|  0%| F|  |TAMS 0x000000070f900000, 0x000000070f900000| Untracked 
| 214|0x000000070fa00000, 0x000000070fa00000, 0x000000070fb00000|  0%| F|  |TAMS 0x000000070fa00000, 0x000000070fa00000| Untracked 
| 215|0x000000070fb00000, 0x000000070fb00000, 0x000000070fc00000|  0%| F|  |TAMS 0x000000070fb00000, 0x000000070fb00000| Untracked 
| 216|0x000000070fc00000, 0x000000070fc00000, 0x000000070fd00000|  0%| F|  |TAMS 0x000000070fc00000, 0x000000070fc00000| Untracked 
| 217|0x000000070fd00000, 0x000000070fd00000, 0x000000070fe00000|  0%| F|  |TAMS 0x000000070fd00000, 0x000000070fd00000| Untracked 
| 218|0x000000070fe00000, 0x000000070fe00000, 0x000000070ff00000|  0%| F|  |TAMS 0x000000070fe00000, 0x000000070fe00000| Untracked 
| 219|0x000000070ff00000, 0x000000070ff00000, 0x0000000710000000|  0%| F|  |TAMS 0x000000070ff00000, 0x000000070ff00000| Untracked 
| 220|0x0000000710000000, 0x0000000710000000, 0x0000000710100000|  0%| F|  |TAMS 0x0000000710000000, 0x0000000710000000| Untracked 
| 221|0x0000000710100000, 0x0000000710100000, 0x0000000710200000|  0%| F|  |TAMS 0x0000000710100000, 0x0000000710100000| Untracked 
| 222|0x0000000710200000, 0x0000000710200000, 0x0000000710300000|  0%| F|  |TAMS 0x0000000710200000, 0x0000000710200000| Untracked 
| 223|0x0000000710300000, 0x0000000710300000, 0x0000000710400000|  0%| F|  |TAMS 0x0000000710300000, 0x0000000710300000| Untracked 
| 224|0x0000000710400000, 0x0000000710400000, 0x0000000710500000|  0%| F|  |TAMS 0x0000000710400000, 0x0000000710400000| Untracked 
| 225|0x0000000710500000, 0x0000000710500000, 0x0000000710600000|  0%| F|  |TAMS 0x0000000710500000, 0x0000000710500000| Untracked 
| 226|0x0000000710600000, 0x0000000710600000, 0x0000000710700000|  0%| F|  |TAMS 0x0000000710600000, 0x0000000710600000| Untracked 
| 227|0x0000000710700000, 0x0000000710700000, 0x0000000710800000|  0%| F|  |TAMS 0x0000000710700000, 0x0000000710700000| Untracked 
| 228|0x0000000710800000, 0x0000000710800000, 0x0000000710900000|  0%| F|  |TAMS 0x0000000710800000, 0x0000000710800000| Untracked 
| 229|0x0000000710900000, 0x0000000710900000, 0x0000000710a00000|  0%| F|  |TAMS 0x0000000710900000, 0x0000000710900000| Untracked 
| 230|0x0000000710a00000, 0x0000000710a00000, 0x0000000710b00000|  0%| F|  |TAMS 0x0000000710a00000, 0x0000000710a00000| Untracked 
| 231|0x0000000710b00000, 0x0000000710b00000, 0x0000000710c00000|  0%| F|  |TAMS 0x0000000710b00000, 0x0000000710b00000| Untracked 
| 232|0x0000000710c00000, 0x0000000710c00000, 0x0000000710d00000|  0%| F|  |TAMS 0x0000000710c00000, 0x0000000710c00000| Untracked 
| 233|0x0000000710d00000, 0x0000000710d00000, 0x0000000710e00000|  0%| F|  |TAMS 0x0000000710d00000, 0x0000000710d00000| Untracked 
| 234|0x0000000710e00000, 0x0000000710e00000, 0x0000000710f00000|  0%| F|  |TAMS 0x0000000710e00000, 0x0000000710e00000| Untracked 
| 235|0x0000000710f00000, 0x0000000710f00000, 0x0000000711000000|  0%| F|  |TAMS 0x0000000710f00000, 0x0000000710f00000| Untracked 
| 236|0x0000000711000000, 0x0000000711000000, 0x0000000711100000|  0%| F|  |TAMS 0x0000000711000000, 0x0000000711000000| Untracked 
| 237|0x0000000711100000, 0x0000000711100000, 0x0000000711200000|  0%| F|  |TAMS 0x0000000711100000, 0x0000000711100000| Untracked 
| 238|0x0000000711200000, 0x0000000711200000, 0x0000000711300000|  0%| F|  |TAMS 0x0000000711200000, 0x0000000711200000| Untracked 
| 239|0x0000000711300000, 0x0000000711300000, 0x0000000711400000|  0%| F|  |TAMS 0x0000000711300000, 0x0000000711300000| Untracked 
| 240|0x0000000711400000, 0x0000000711400000, 0x0000000711500000|  0%| F|  |TAMS 0x0000000711400000, 0x0000000711400000| Untracked 
| 241|0x0000000711500000, 0x0000000711500000, 0x0000000711600000|  0%| F|  |TAMS 0x0000000711500000, 0x0000000711500000| Untracked 
| 242|0x0000000711600000, 0x0000000711600000, 0x0000000711700000|  0%| F|  |TAMS 0x0000000711600000, 0x0000000711600000| Untracked 
| 243|0x0000000711700000, 0x0000000711700000, 0x0000000711800000|  0%| F|  |TAMS 0x0000000711700000, 0x0000000711700000| Untracked 
| 244|0x0000000711800000, 0x0000000711800000, 0x0000000711900000|  0%| F|  |TAMS 0x0000000711800000, 0x0000000711800000| Untracked 
| 245|0x0000000711900000, 0x0000000711900000, 0x0000000711a00000|  0%| F|  |TAMS 0x0000000711900000, 0x0000000711900000| Untracked 
| 246|0x0000000711a00000, 0x0000000711a00000, 0x0000000711b00000|  0%| F|  |TAMS 0x0000000711a00000, 0x0000000711a00000| Untracked 
| 247|0x0000000711b00000, 0x0000000711b00000, 0x0000000711c00000|  0%| F|  |TAMS 0x0000000711b00000, 0x0000000711b00000| Untracked 
| 248|0x0000000711c00000, 0x0000000711c00000, 0x0000000711d00000|  0%| F|  |TAMS 0x0000000711c00000, 0x0000000711c00000| Untracked 
| 249|0x0000000711d00000, 0x0000000711d00000, 0x0000000711e00000|  0%| F|  |TAMS 0x0000000711d00000, 0x0000000711d00000| Untracked 
| 250|0x0000000711e00000, 0x0000000711e00000, 0x0000000711f00000|  0%| F|  |TAMS 0x0000000711e00000, 0x0000000711e00000| Untracked 
| 251|0x0000000711f00000, 0x0000000711f00000, 0x0000000712000000|  0%| F|  |TAMS 0x0000000711f00000, 0x0000000711f00000| Untracked 
| 252|0x0000000712000000, 0x0000000712000000, 0x0000000712100000|  0%| F|  |TAMS 0x0000000712000000, 0x0000000712000000| Untracked 
| 253|0x0000000712100000, 0x0000000712100000, 0x0000000712200000|  0%| F|  |TAMS 0x0000000712100000, 0x0000000712100000| Untracked 
| 254|0x0000000712200000, 0x0000000712200000, 0x0000000712300000|  0%| F|  |TAMS 0x0000000712200000, 0x0000000712200000| Untracked 
| 255|0x0000000712300000, 0x0000000712300000, 0x0000000712400000|  0%| F|  |TAMS 0x0000000712300000, 0x0000000712300000| Untracked 
| 256|0x0000000712400000, 0x0000000712400000, 0x0000000712500000|  0%| F|  |TAMS 0x0000000712400000, 0x0000000712400000| Untracked 
| 257|0x0000000712500000, 0x0000000712500000, 0x0000000712600000|  0%| F|  |TAMS 0x0000000712500000, 0x0000000712500000| Untracked 
| 258|0x0000000712600000, 0x0000000712600000, 0x0000000712700000|  0%| F|  |TAMS 0x0000000712600000, 0x0000000712600000| Untracked 
| 259|0x0000000712700000, 0x0000000712700000, 0x0000000712800000|  0%| F|  |TAMS 0x0000000712700000, 0x0000000712700000| Untracked 
| 260|0x0000000712800000, 0x0000000712800000, 0x0000000712900000|  0%| F|  |TAMS 0x0000000712800000, 0x0000000712800000| Untracked 
| 261|0x0000000712900000, 0x0000000712900000, 0x0000000712a00000|  0%| F|  |TAMS 0x0000000712900000, 0x0000000712900000| Untracked 
| 262|0x0000000712a00000, 0x0000000712a00000, 0x0000000712b00000|  0%| F|  |TAMS 0x0000000712a00000, 0x0000000712a00000| Untracked 
| 263|0x0000000712b00000, 0x0000000712b00000, 0x0000000712c00000|  0%| F|  |TAMS 0x0000000712b00000, 0x0000000712b00000| Untracked 
| 264|0x0000000712c00000, 0x0000000712c00000, 0x0000000712d00000|  0%| F|  |TAMS 0x0000000712c00000, 0x0000000712c00000| Untracked 
| 265|0x0000000712d00000, 0x0000000712d00000, 0x0000000712e00000|  0%| F|  |TAMS 0x0000000712d00000, 0x0000000712d00000| Untracked 
| 266|0x0000000712e00000, 0x0000000712e00000, 0x0000000712f00000|  0%| F|  |TAMS 0x0000000712e00000, 0x0000000712e00000| Untracked 
| 267|0x0000000712f00000, 0x0000000712f00000, 0x0000000713000000|  0%| F|  |TAMS 0x0000000712f00000, 0x0000000712f00000| Untracked 
| 268|0x0000000713000000, 0x0000000713000000, 0x0000000713100000|  0%| F|  |TAMS 0x0000000713000000, 0x0000000713000000| Untracked 
| 269|0x0000000713100000, 0x0000000713100000, 0x0000000713200000|  0%| F|  |TAMS 0x0000000713100000, 0x0000000713100000| Untracked 
| 270|0x0000000713200000, 0x0000000713200000, 0x0000000713300000|  0%| F|  |TAMS 0x0000000713200000, 0x0000000713200000| Untracked 
| 271|0x0000000713300000, 0x0000000713300000, 0x0000000713400000|  0%| F|  |TAMS 0x0000000713300000, 0x0000000713300000| Untracked 
| 272|0x0000000713400000, 0x0000000713400000, 0x0000000713500000|  0%| F|  |TAMS 0x0000000713400000, 0x0000000713400000| Untracked 
| 273|0x0000000713500000, 0x0000000713500000, 0x0000000713600000|  0%| F|  |TAMS 0x0000000713500000, 0x0000000713500000| Untracked 
| 274|0x0000000713600000, 0x0000000713600000, 0x0000000713700000|  0%| F|  |TAMS 0x0000000713600000, 0x0000000713600000| Untracked 
| 275|0x0000000713700000, 0x0000000713700000, 0x0000000713800000|  0%| F|  |TAMS 0x0000000713700000, 0x0000000713700000| Untracked 
| 276|0x0000000713800000, 0x0000000713800000, 0x0000000713900000|  0%| F|  |TAMS 0x0000000713800000, 0x0000000713800000| Untracked 
| 277|0x0000000713900000, 0x0000000713900000, 0x0000000713a00000|  0%| F|  |TAMS 0x0000000713900000, 0x0000000713900000| Untracked 
| 278|0x0000000713a00000, 0x0000000713a00000, 0x0000000713b00000|  0%| F|  |TAMS 0x0000000713a00000, 0x0000000713a00000| Untracked 
| 279|0x0000000713b00000, 0x0000000713b00000, 0x0000000713c00000|  0%| F|  |TAMS 0x0000000713b00000, 0x0000000713b00000| Untracked 
| 280|0x0000000713c00000, 0x0000000713c00000, 0x0000000713d00000|  0%| F|  |TAMS 0x0000000713c00000, 0x0000000713c00000| Untracked 
| 281|0x0000000713d00000, 0x0000000713d00000, 0x0000000713e00000|  0%| F|  |TAMS 0x0000000713d00000, 0x0000000713d00000| Untracked 
| 282|0x0000000713e00000, 0x0000000713e00000, 0x0000000713f00000|  0%| F|  |TAMS 0x0000000713e00000, 0x0000000713e00000| Untracked 
| 283|0x0000000713f00000, 0x0000000713f00000, 0x0000000714000000|  0%| F|  |TAMS 0x0000000713f00000, 0x0000000713f00000| Untracked 
| 284|0x0000000714000000, 0x0000000714000000, 0x0000000714100000|  0%| F|  |TAMS 0x0000000714000000, 0x0000000714000000| Untracked 
| 285|0x0000000714100000, 0x0000000714100000, 0x0000000714200000|  0%| F|  |TAMS 0x0000000714100000, 0x0000000714100000| Untracked 
| 286|0x0000000714200000, 0x0000000714200000, 0x0000000714300000|  0%| F|  |TAMS 0x0000000714200000, 0x0000000714200000| Untracked 
| 287|0x0000000714300000, 0x0000000714300000, 0x0000000714400000|  0%| F|  |TAMS 0x0000000714300000, 0x0000000714300000| Untracked 
| 288|0x0000000714400000, 0x0000000714400000, 0x0000000714500000|  0%| F|  |TAMS 0x0000000714400000, 0x0000000714400000| Untracked 
| 289|0x0000000714500000, 0x0000000714500000, 0x0000000714600000|  0%| F|  |TAMS 0x0000000714500000, 0x0000000714500000| Untracked 
| 290|0x0000000714600000, 0x0000000714600000, 0x0000000714700000|  0%| F|  |TAMS 0x0000000714600000, 0x0000000714600000| Untracked 
| 291|0x0000000714700000, 0x0000000714700000, 0x0000000714800000|  0%| F|  |TAMS 0x0000000714700000, 0x0000000714700000| Untracked 
| 292|0x0000000714800000, 0x0000000714800000, 0x0000000714900000|  0%| F|  |TAMS 0x0000000714800000, 0x0000000714800000| Untracked 
| 293|0x0000000714900000, 0x0000000714900000, 0x0000000714a00000|  0%| F|  |TAMS 0x0000000714900000, 0x0000000714900000| Untracked 
| 294|0x0000000714a00000, 0x0000000714a00000, 0x0000000714b00000|  0%| F|  |TAMS 0x0000000714a00000, 0x0000000714a00000| Untracked 
| 295|0x0000000714b00000, 0x0000000714b00000, 0x0000000714c00000|  0%| F|  |TAMS 0x0000000714b00000, 0x0000000714b00000| Untracked 
| 296|0x0000000714c00000, 0x0000000714c00000, 0x0000000714d00000|  0%| F|  |TAMS 0x0000000714c00000, 0x0000000714c00000| Untracked 
| 297|0x0000000714d00000, 0x0000000714d00000, 0x0000000714e00000|  0%| F|  |TAMS 0x0000000714d00000, 0x0000000714d00000| Untracked 
| 298|0x0000000714e00000, 0x0000000714e00000, 0x0000000714f00000|  0%| F|  |TAMS 0x0000000714e00000, 0x0000000714e00000| Untracked 
| 299|0x0000000714f00000, 0x0000000714f00000, 0x0000000715000000|  0%| F|  |TAMS 0x0000000714f00000, 0x0000000714f00000| Untracked 
| 300|0x0000000715000000, 0x0000000715000000, 0x0000000715100000|  0%| F|  |TAMS 0x0000000715000000, 0x0000000715000000| Untracked 
| 301|0x0000000715100000, 0x0000000715100000, 0x0000000715200000|  0%| F|  |TAMS 0x0000000715100000, 0x0000000715100000| Untracked 
| 302|0x0000000715200000, 0x0000000715200000, 0x0000000715300000|  0%| F|  |TAMS 0x0000000715200000, 0x0000000715200000| Untracked 
| 303|0x0000000715300000, 0x0000000715300000, 0x0000000715400000|  0%| F|  |TAMS 0x0000000715300000, 0x0000000715300000| Untracked 
| 304|0x0000000715400000, 0x0000000715400000, 0x0000000715500000|  0%| F|  |TAMS 0x0000000715400000, 0x0000000715400000| Untracked 

Card table byte_map: [0x0000020a7ccb0000,0x0000020a7d4a0000] _byte_map_base: 0x0000020a7949e000

Marking Bits (Prev, Next): (CMBitMap*) 0x0000020a73b6fde0, (CMBitMap*) 0x0000020a73b6fda8
 Prev Bits: [0x0000020a12f70000, 0x0000020a16ee0000)
 Next Bits: [0x0000020a0f000000, 0x0000020a12f70000)

Polling page: 0x0000020a732f0000

Metaspace:

Usage:
  Non-class:     83.14 MB capacity,    81.45 MB ( 98%) used,     1.37 MB (  2%) free+waste,   327.50 KB ( <1%) overhead. 
      Class:     13.32 MB capacity,    12.04 MB ( 90%) used,     1.12 MB (  8%) free+waste,   160.38 KB (  1%) overhead. 
       Both:     96.46 MB capacity,    93.49 MB ( 97%) used,     2.49 MB (  3%) free+waste,   487.88 KB ( <1%) overhead. 

Virtual space:
  Non-class space:       84.00 MB reserved,      83.20 MB (>99%) committed 
      Class space:        1.00 GB reserved,      13.38 MB (  1%) committed 
             Both:        1.08 GB reserved,      96.57 MB (  9%) committed 

Chunk freelists:
   Non-Class:  2.00 KB
       Class:  0 bytes
        Both:  2.00 KB

MaxMetaspaceSize: 17179869184.00 GB
CompressedClassSpaceSize: 1.00 GB

CodeHeap 'non-profiled nmethods': size=120000Kb used=6722Kb max_used=6722Kb free=113278Kb
 bounds [0x0000020a07ad0000, 0x0000020a08170000, 0x0000020a0f000000]
CodeHeap 'profiled nmethods': size=120000Kb used=18440Kb max_used=18440Kb free=101559Kb
 bounds [0x0000020a005a0000, 0x0000020a017b0000, 0x0000020a07ad0000]
CodeHeap 'non-nmethods': size=5760Kb used=2319Kb max_used=2393Kb free=3440Kb
 bounds [0x0000020a00000000, 0x0000020a00270000, 0x0000020a005a0000]
 total_blobs=8905 nmethods=7986 adapters=829
 compilation: enabled
              stopped_count=0, restarted_count=0
 full_count=0

Compilation events (20 events):
Event: 16.445 Thread 0x0000020a17fe0800 8478       2       java.util.concurrent.atomic.AtomicInteger::getAndIncrement (12 bytes)
Event: 16.445 Thread 0x0000020a17fe0800 nmethod 8478 0x0000020a017a1790 code [0x0000020a017a1940, 0x0000020a017a1a58]
Event: 16.445 Thread 0x0000020a17fe0800 8479       2       org.codehaus.groovy.runtime.callsite.CallSiteArray::createCallSite (64 bytes)
Event: 16.447 Thread 0x0000020a17fe0800 nmethod 8479 0x0000020a017a1b10 code [0x0000020a017a1d20, 0x0000020a017a2178]
Event: 16.451 Thread 0x0000020a18030800 nmethod 8433 0x0000020a08157e10 code [0x0000020a081580c0, 0x0000020a0815aab0]
Event: 16.451 Thread 0x0000020a17fe0800 8480       2       org.codehaus.groovy.classgen.asm.BytecodeHelper::pushConstant (146 bytes)
Event: 16.451 Thread 0x0000020a18030800 8467       4       java.util.regex.Matcher::search (154 bytes)
Event: 16.452 Thread 0x0000020a17fe0800 nmethod 8480 0x0000020a017a2410 code [0x0000020a017a2660, 0x0000020a017a2aa8]
Event: 16.452 Thread 0x0000020a17fe0800 8481       2       org.codehaus.groovy.runtime.typehandling.DefaultTypeTransformation::castToType (143 bytes)
Event: 16.453 Thread 0x0000020a17fe0800 nmethod 8481 0x0000020a017a2c90 code [0x0000020a017a2f00, 0x0000020a017a33b8]
Event: 16.457 Thread 0x0000020a17fe0800 8482       2       java.util.LinkedList$ListItr::set (28 bytes)
Event: 16.457 Thread 0x0000020a18030800 nmethod 8467 0x0000020a0815bc10 code [0x0000020a0815bde0, 0x0000020a0815c178]
Event: 16.457 Thread 0x0000020a18030800 8437       4       java.lang.ClassLoader::preDefineClass (116 bytes)
Event: 16.457 Thread 0x0000020a17fe0800 nmethod 8482 0x0000020a017a3610 code [0x0000020a017a37e0, 0x0000020a017a3af8]
Event: 16.457 Thread 0x0000020a17fe0800 8484       2       org.codehaus.groovy.reflection.CachedClass$1::initValue (50 bytes)
Event: 16.457 Thread 0x0000020a17fe0800 nmethod 8484 0x0000020a017a3c90 code [0x0000020a017a3e80, 0x0000020a017a4488]
Event: 16.458 Thread 0x0000020a17fe0800 8483       2       org.codehaus.groovy.reflection.CachedClass$1::initValue (5 bytes)
Event: 16.458 Thread 0x0000020a184f9000 nmethod 8422 0x0000020a0815c410 code [0x0000020a0815c760, 0x0000020a0815f598]
Event: 16.458 Thread 0x0000020a17fe0800 nmethod 8483 0x0000020a017a4690 code [0x0000020a017a4840, 0x0000020a017a4948]
Event: 16.458 Thread 0x0000020a184f9000 8441       4       org.codehaus.groovy.runtime.metaclass.MetaMethodIndex::isMatchingMethod (65 bytes)

GC Heap History (19 events):
Event: 0.436 GC heap before
{Heap before GC invocations=0 (full 0):
 garbage-first heap   total 260096K, used 24576K [0x0000000702400000, 0x0000000800000000)
  region size 1024K, 24 young (24576K), 0 survivors (0K)
 Metaspace       used 9342K, capacity 9595K, committed 9728K, reserved 1058816K
  class space    used 841K, capacity 908K, committed 1024K, reserved 1048576K
}
Event: 0.441 GC heap after
{Heap after GC invocations=1 (full 0):
 garbage-first heap   total 260096K, used 9018K [0x0000000702400000, 0x0000000800000000)
  region size 1024K, 3 young (3072K), 3 survivors (3072K)
 Metaspace       used 9342K, capacity 9595K, committed 9728K, reserved 1058816K
  class space    used 841K, capacity 908K, committed 1024K, reserved 1048576K
}
Event: 1.795 GC heap before
{Heap before GC invocations=1 (full 0):
 garbage-first heap   total 260096K, used 77626K [0x0000000702400000, 0x0000000800000000)
  region size 1024K, 71 young (72704K), 3 survivors (3072K)
 Metaspace       used 20565K, capacity 21148K, committed 21248K, reserved 1069056K
  class space    used 2233K, capacity 2472K, committed 2560K, reserved 1048576K
}
Event: 1.805 GC heap after
{Heap after GC invocations=2 (full 0):
 garbage-first heap   total 260096K, used 11892K [0x0000000702400000, 0x0000000800000000)
  region size 1024K, 6 young (6144K), 6 survivors (6144K)
 Metaspace       used 20565K, capacity 21148K, committed 21248K, reserved 1069056K
  class space    used 2233K, capacity 2472K, committed 2560K, reserved 1048576K
}
Event: 2.315 GC heap before
{Heap before GC invocations=3 (full 0):
 garbage-first heap   total 260096K, used 65140K [0x0000000702400000, 0x0000000800000000)
  region size 1024K, 58 young (59392K), 6 survivors (6144K)
 Metaspace       used 27258K, capacity 28076K, committed 28288K, reserved 1073152K
  class space    used 3300K, capacity 3641K, committed 3712K, reserved 1048576K
}
Event: 2.322 GC heap after
{Heap after GC invocations=4 (full 0):
 garbage-first heap   total 260096K, used 13507K [0x0000000702400000, 0x0000000800000000)
  region size 1024K, 5 young (5120K), 5 survivors (5120K)
 Metaspace       used 27258K, capacity 28076K, committed 28288K, reserved 1073152K
  class space    used 3300K, capacity 3641K, committed 3712K, reserved 1048576K
}
Event: 3.288 GC heap before
{Heap before GC invocations=4 (full 0):
 garbage-first heap   total 260096K, used 76995K [0x0000000702400000, 0x0000000800000000)
  region size 1024K, 68 young (69632K), 5 survivors (5120K)
 Metaspace       used 34812K, capacity 35771K, committed 35840K, reserved 1081344K
  class space    used 4167K, capacity 4569K, committed 4608K, reserved 1048576K
}
Event: 3.299 GC heap after
{Heap after GC invocations=5 (full 0):
 garbage-first heap   total 260096K, used 16404K [0x0000000702400000, 0x0000000800000000)
  region size 1024K, 8 young (8192K), 8 survivors (8192K)
 Metaspace       used 34812K, capacity 35771K, committed 35840K, reserved 1081344K
  class space    used 4167K, capacity 4569K, committed 4608K, reserved 1048576K
}
Event: 4.013 GC heap before
{Heap before GC invocations=6 (full 0):
 garbage-first heap   total 260096K, used 109588K [0x0000000702400000, 0x0000000800000000)
  region size 1024K, 100 young (102400K), 8 survivors (8192K)
 Metaspace       used 37957K, capacity 39008K, committed 39296K, reserved 1083392K
  class space    used 4542K, capacity 4949K, committed 4992K, reserved 1048576K
}
Event: 4.024 GC heap after
{Heap after GC invocations=7 (full 0):
 garbage-first heap   total 312320K, used 18640K [0x0000000702400000, 0x0000000800000000)
  region size 1024K, 8 young (8192K), 8 survivors (8192K)
 Metaspace       used 37957K, capacity 39008K, committed 39296K, reserved 1083392K
  class space    used 4542K, capacity 4949K, committed 4992K, reserved 1048576K
}
Event: 6.830 GC heap before
{Heap before GC invocations=7 (full 0):
 garbage-first heap   total 312320K, used 196816K [0x0000000702400000, 0x0000000800000000)
  region size 1024K, 183 young (187392K), 8 survivors (8192K)
 Metaspace       used 47484K, capacity 48928K, committed 49280K, reserved 1091584K
  class space    used 5798K, capacity 6415K, committed 6528K, reserved 1048576K
}
Event: 6.845 GC heap after
{Heap after GC invocations=8 (full 0):
 garbage-first heap   total 312320K, used 24475K [0x0000000702400000, 0x0000000800000000)
  region size 1024K, 13 young (13312K), 13 survivors (13312K)
 Metaspace       used 47484K, capacity 48928K, committed 49280K, reserved 1091584K
  class space    used 5798K, capacity 6415K, committed 6528K, reserved 1048576K
}
Event: 8.279 GC heap before
{Heap before GC invocations=8 (full 0):
 garbage-first heap   total 312320K, used 115611K [0x0000000702400000, 0x0000000800000000)
  region size 1024K, 103 young (105472K), 13 survivors (13312K)
 Metaspace       used 58409K, capacity 59967K, committed 60160K, reserved 1101824K
  class space    used 7285K, capacity 7914K, committed 7936K, reserved 1048576K
}
Event: 8.295 GC heap after
{Heap after GC invocations=9 (full 0):
 garbage-first heap   total 312320K, used 29155K [0x0000000702400000, 0x0000000800000000)
  region size 1024K, 16 young (16384K), 16 survivors (16384K)
 Metaspace       used 58409K, capacity 59967K, committed 60160K, reserved 1101824K
  class space    used 7285K, capacity 7914K, committed 7936K, reserved 1048576K
}
Event: 12.064 GC heap before
{Heap before GC invocations=10 (full 0):
 garbage-first heap   total 312320K, used 197091K [0x0000000702400000, 0x0000000800000000)
  region size 1024K, 181 young (185344K), 16 survivors (16384K)
 Metaspace       used 77082K, capacity 79228K, committed 79308K, reserved 1118208K
  class space    used 9858K, capacity 10714K, committed 10752K, reserved 1048576K
}
Event: 12.079 GC heap after
{Heap after GC invocations=11 (full 0):
 garbage-first heap   total 312320K, used 35682K [0x0000000702400000, 0x0000000800000000)
  region size 1024K, 18 young (18432K), 18 survivors (18432K)
 Metaspace       used 77082K, capacity 79228K, committed 79308K, reserved 1118208K
  class space    used 9858K, capacity 10714K, committed 10752K, reserved 1048576K
}
Event: 14.034 GC heap before
{Heap before GC invocations=11 (full 0):
 garbage-first heap   total 312320K, used 204642K [0x0000000702400000, 0x0000000800000000)
  region size 1024K, 183 young (187392K), 18 survivors (18432K)
 Metaspace       used 84162K, capacity 86448K, committed 86732K, reserved 1124352K
  class space    used 10786K, capacity 11717K, committed 11776K, reserved 1048576K
}
Event: 14.051 GC heap after
{Heap after GC invocations=12 (full 0):
 garbage-first heap   total 312320K, used 45512K [0x0000000702400000, 0x0000000800000000)
  region size 1024K, 21 young (21504K), 21 survivors (21504K)
 Metaspace       used 84162K, capacity 86448K, committed 86732K, reserved 1124352K
  class space    used 10786K, capacity 11717K, committed 11776K, reserved 1048576K
}
Event: 16.459 GC heap before
{Heap before GC invocations=12 (full 0):
 garbage-first heap   total 312320K, used 213448K [0x0000000702400000, 0x0000000800000000)
  region size 1024K, 183 young (187392K), 21 survivors (21504K)
 Metaspace       used 95733K, capacity 98772K, committed 98892K, reserved 1134592K
  class space    used 12328K, capacity 13638K, committed 13696K, reserved 1048576K
}

Deoptimization events (20 events):
Event: 15.939 Thread 0x0000020a1d7ce000 DEOPT PACKING pc=0x0000020a0801f90c sp=0x000000f50a2fbb90
Event: 15.939 Thread 0x0000020a1d7ce000 DEOPT UNPACKING pc=0x0000020a0002772f sp=0x000000f50a2fba40 mode 2
Event: 15.959 Thread 0x0000020a1d7ce000 Uncommon trap: trap_request=0xffffff4d fr.pc=0x0000020a07bf55c0 relative=0x00000000000001a0
Event: 15.959 Thread 0x0000020a1d7ce000 Uncommon trap: reason=unstable_if action=reinterpret pc=0x0000020a07bf55c0 method=java.nio.Buffer.<init>(IIII)V @ 44 c2
Event: 15.959 Thread 0x0000020a1d7ce000 DEOPT PACKING pc=0x0000020a07bf55c0 sp=0x000000f50a2fba00
Event: 15.959 Thread 0x0000020a1d7ce000 DEOPT UNPACKING pc=0x0000020a0002772f sp=0x000000f50a2fb960 mode 2
Event: 16.117 Thread 0x0000020a1d7ce000 Uncommon trap: trap_request=0xffffff4d fr.pc=0x0000020a07f02a14 relative=0x0000000000000334
Event: 16.117 Thread 0x0000020a1d7ce000 Uncommon trap: reason=unstable_if action=reinterpret pc=0x0000020a07f02a14 method=org.springframework.asm.Type.getTypeInternal(Ljava/lang/String;II)Lorg/springframework/asm/Type; @ 5 c2
Event: 16.117 Thread 0x0000020a1d7ce000 DEOPT PACKING pc=0x0000020a07f02a14 sp=0x000000f50a2faec0
Event: 16.117 Thread 0x0000020a1d7ce000 DEOPT UNPACKING pc=0x0000020a0002772f sp=0x000000f50a2fae78 mode 2
Event: 16.350 Thread 0x0000020a1d7ce000 Uncommon trap: trap_request=0xffffffc6 fr.pc=0x0000020a080a1ab4 relative=0x0000000000001574
Event: 16.350 Thread 0x0000020a1d7ce000 Uncommon trap: reason=bimorphic_or_optimized_type_check action=maybe_recompile pc=0x0000020a080a1ab4 method=org.springframework.core.annotation.AnnotationsScanner.processMethodInheritedAnnotations(Ljava/lang/Object;Ljava/lang/reflect/Method;Lorg/springfra
Event: 16.351 Thread 0x0000020a1d7ce000 DEOPT PACKING pc=0x0000020a080a1ab4 sp=0x000000f50a2fe3d0
Event: 16.351 Thread 0x0000020a1d7ce000 DEOPT UNPACKING pc=0x0000020a0002772f sp=0x000000f50a2fe150 mode 2
Event: 16.365 Thread 0x0000020a73b0e800 Uncommon trap: trap_request=0xffffff4d fr.pc=0x0000020a08125db4 relative=0x00000000000006d4
Event: 16.365 Thread 0x0000020a73b0e800 Uncommon trap: reason=unstable_if action=reinterpret pc=0x0000020a08125db4 method=java.lang.ClassLoader.checkCerts(Ljava/lang/String;Ljava/security/CodeSource;)V @ 45 c2
Event: 16.365 Thread 0x0000020a73b0e800 DEOPT PACKING pc=0x0000020a08125db4 sp=0x000000f507ef6670
Event: 16.365 Thread 0x0000020a73b0e800 DEOPT UNPACKING pc=0x0000020a0002772f sp=0x000000f507ef6628 mode 2
Event: 16.423 Thread 0x0000020a73b0e800 DEOPT PACKING pc=0x0000020a00633f87 sp=0x000000f507efa020
Event: 16.423 Thread 0x0000020a73b0e800 DEOPT UNPACKING pc=0x0000020a0002754e sp=0x000000f507ef94f0 mode 0

Classes redefined (0 events):
No events

Internal exceptions (20 events):
Event: 16.410 Thread 0x0000020a73b0e800 Exception <a 'java/lang/ClassNotFoundException'{0x000000070b7c5b20}: io/restassured/internal/ValidatableResponseImplCustomizer> (0x000000070b7c5b20) thrown at [./src/hotspot/share/classfile/systemDictionary.cpp, line 231]
Event: 16.419 Thread 0x0000020a73b0e800 Exception <a 'java/lang/ClassNotFoundException'{0x000000070b652778}: org/hamcrest/MatchersBeanInfo> (0x000000070b652778) thrown at [./src/hotspot/share/classfile/systemDictionary.cpp, line 231]
Event: 16.420 Thread 0x0000020a73b0e800 Exception <a 'java/lang/ClassNotFoundException'{0x000000070b664110}: org/hamcrest/MatchersCustomizer> (0x000000070b664110) thrown at [./src/hotspot/share/classfile/systemDictionary.cpp, line 231]
Event: 16.430 Thread 0x0000020a73b0e800 Exception <a 'java/lang/ClassNotFoundException'{0x000000070b59aa78}: org/hamcrest/core/IsEqualBeanInfo> (0x000000070b59aa78) thrown at [./src/hotspot/share/classfile/systemDictionary.cpp, line 231]
Event: 16.430 Thread 0x0000020a73b0e800 Exception <a 'java/lang/ClassNotFoundException'{0x000000070b5ad1a8}: org/hamcrest/BaseMatcherBeanInfo> (0x000000070b5ad1a8) thrown at [./src/hotspot/share/classfile/systemDictionary.cpp, line 231]
Event: 16.431 Thread 0x0000020a73b0e800 Exception <a 'java/lang/ClassNotFoundException'{0x000000070b5bfd20}: org/hamcrest/BaseMatcherCustomizer> (0x000000070b5bfd20) thrown at [./src/hotspot/share/classfile/systemDictionary.cpp, line 231]
Event: 16.431 Thread 0x0000020a73b0e800 Exception <a 'java/lang/ClassNotFoundException'{0x000000070b5d6540}: org/hamcrest/core/IsEqualCustomizer> (0x000000070b5d6540) thrown at [./src/hotspot/share/classfile/systemDictionary.cpp, line 231]
Event: 16.443 Thread 0x0000020a73b0e800 Exception <a 'java/lang/ClassNotFoundException'{0x000000070b4c7af8}: io/restassured/path/json/config/JsonPathConfigBeanInfo> (0x000000070b4c7af8) thrown at [./src/hotspot/share/classfile/systemDictionary.cpp, line 231]
Event: 16.443 Thread 0x0000020a73b0e800 Exception <a 'java/lang/ClassNotFoundException'{0x000000070b4de2d8}: io/restassured/path/json/config/JsonPathConfigCustomizer> (0x000000070b4de2d8) thrown at [./src/hotspot/share/classfile/systemDictionary.cpp, line 231]
Event: 16.449 Thread 0x0000020a73b0e800 Exception <a 'java/lang/ClassNotFoundException'{0x000000070b351900}: io/restassured/config/JsonConfigBeanInfo> (0x000000070b351900) thrown at [./src/hotspot/share/classfile/systemDictionary.cpp, line 231]
Event: 16.450 Thread 0x0000020a73b0e800 Exception <a 'java/lang/ClassNotFoundException'{0x000000070b3656b0}: io/restassured/config/JsonConfigCustomizer> (0x000000070b3656b0) thrown at [./src/hotspot/share/classfile/systemDictionary.cpp, line 231]
Event: 16.452 Thread 0x0000020a73b0e800 Exception <a 'java/lang/ClassNotFoundException'{0x000000070b38f0a0}: groovy/runtime/metaclass/[BMetaClass> (0x000000070b38f0a0) thrown at [./src/hotspot/share/prims/jni.cpp, line 636]
Event: 16.453 Thread 0x0000020a73b0e800 Exception <a 'java/lang/ClassNotFoundException'{0x000000070b3932b8}: [BBeanInfo> (0x000000070b3932b8) thrown at [./src/hotspot/share/prims/jni.cpp, line 636]
Event: 16.453 Thread 0x0000020a73b0e800 Exception <a 'java/lang/ClassNotFoundException'{0x000000070b393db8}: [BBeanInfo> (0x000000070b393db8) thrown at [./src/hotspot/share/prims/jni.cpp, line 636]
Event: 16.453 Thread 0x0000020a73b0e800 Exception <a 'java/lang/ClassNotFoundException'{0x000000070b394930}: [BCustomizer> (0x000000070b394930) thrown at [./src/hotspot/share/prims/jni.cpp, line 636]
Event: 16.453 Thread 0x0000020a73b0e800 Exception <a 'java/lang/ClassNotFoundException'{0x000000070b395430}: [BCustomizer> (0x000000070b395430) thrown at [./src/hotspot/share/prims/jni.cpp, line 636]
Event: 16.455 Thread 0x0000020a73b0e800 Exception <a 'java/lang/ClassNotFoundException'{0x000000070b3c2f20}: org/apache/http/conn/EofSensorInputStreamBeanInfo> (0x000000070b3c2f20) thrown at [./src/hotspot/share/classfile/systemDictionary.cpp, line 231]
Event: 16.455 Thread 0x0000020a73b0e800 Exception <a 'java/lang/ClassNotFoundException'{0x000000070b3c4730}: java/io/InputStreamBeanInfo> (0x000000070b3c4730) thrown at [./src/hotspot/share/classfile/systemDictionary.cpp, line 231]
Event: 16.455 Thread 0x0000020a73b0e800 Exception <a 'java/lang/ClassNotFoundException'{0x000000070b3c5f08}: java/io/InputStreamCustomizer> (0x000000070b3c5f08) thrown at [./src/hotspot/share/classfile/systemDictionary.cpp, line 231]
Event: 16.456 Thread 0x0000020a73b0e800 Exception <a 'java/lang/ClassNotFoundException'{0x000000070b3e2998}: org/apache/http/conn/EofSensorInputStreamCustomizer> (0x000000070b3e2998) thrown at [./src/hotspot/share/classfile/systemDictionary.cpp, line 231]

Events (20 events):
Event: 16.455 loading class org/apache/http/conn/EofSensorInputStreamBeanInfo done
Event: 16.455 loading class java/io/InputStreamBeanInfo
Event: 16.455 loading class java/io/InputStreamBeanInfo done
Event: 16.455 loading class java/io/InputStreamBeanInfo
Event: 16.455 loading class java/io/InputStreamBeanInfo done
Event: 16.455 loading class java/io/InputStreamCustomizer
Event: 16.455 loading class java/io/InputStreamCustomizer done
Event: 16.455 loading class java/io/InputStreamCustomizer
Event: 16.455 loading class java/io/InputStreamCustomizer done
Event: 16.455 loading class org/apache/http/conn/EofSensorInputStreamCustomizer
Event: 16.455 loading class org/apache/http/conn/EofSensorInputStreamCustomizer done
Event: 16.456 loading class org/apache/http/conn/EofSensorInputStreamCustomizer
Event: 16.456 loading class org/apache/http/conn/EofSensorInputStreamCustomizer done
Event: 16.456 loading class org/apache/http/conn/EofSensorInputStreamCustomizer
Event: 16.456 loading class org/apache/http/conn/EofSensorInputStreamCustomizer done
Event: 16.459 loading class org/codehaus/groovy/runtime/typehandling/DefaultTypeTransformation
Event: 16.459 loading class org/codehaus/groovy/runtime/typehandling/DefaultTypeTransformation done
Event: 16.459 loading class groovy/lang/GroovyRuntimeException
Event: 16.459 loading class groovy/lang/GroovyRuntimeException done
Event: 16.459 Executing VM operation: G1CollectForAllocation


Dynamic libraries:
0x00007ff61d370000 - 0x00007ff61d37d000 	C:\Java\jdk11.0.8_10\bin\java.exe
0x00007ff9c9fb0000 - 0x00007ff9ca1a5000 	C:\WINDOWS\SYSTEM32\ntdll.dll
0x00007ff9c9940000 - 0x00007ff9c99fd000 	C:\WINDOWS\System32\KERNEL32.DLL
0x00007ff9c76f0000 - 0x00007ff9c79b9000 	C:\WINDOWS\System32\KERNELBASE.dll
0x00007ff9c79f0000 - 0x00007ff9c7af0000 	C:\WINDOWS\System32\ucrtbase.dll
0x00007ff9be5b0000 - 0x00007ff9be5c7000 	C:\Java\jdk11.0.8_10\bin\jli.dll
0x00007ff9be510000 - 0x00007ff9be525000 	C:\Java\jdk11.0.8_10\bin\VCRUNTIME140.dll
0x00007ff9c8190000 - 0x00007ff9c8330000 	C:\WINDOWS\System32\USER32.dll
0x00007ff9c79c0000 - 0x00007ff9c79e2000 	C:\WINDOWS\System32\win32u.dll
0x00007ff9a47f0000 - 0x00007ff9a4a8a000 	C:\WINDOWS\WinSxS\amd64_microsoft.windows.common-controls_6595b64144ccf1df_6.0.19041.844_none_ca00b6081b84eb1d\COMCTL32.dll
0x00007ff9c8670000 - 0x00007ff9c869a000 	C:\WINDOWS\System32\GDI32.dll
0x00007ff9c8fa0000 - 0x00007ff9c903e000 	C:\WINDOWS\System32\msvcrt.dll
0x00007ff9c7c80000 - 0x00007ff9c7d8b000 	C:\WINDOWS\System32\gdi32full.dll
0x00007ff9c7f70000 - 0x00007ff9c800d000 	C:\WINDOWS\System32\msvcp_win.dll
0x00007ff9c9a00000 - 0x00007ff9c9a30000 	C:\WINDOWS\System32\IMM32.DLL
0x00007ff9a30f0000 - 0x00007ff9a318b000 	C:\Java\jdk11.0.8_10\bin\msvcp140.dll
0x00007ff973cf0000 - 0x00007ff9747ad000 	C:\Java\jdk11.0.8_10\bin\server\jvm.dll
0x00007ff9c8010000 - 0x00007ff9c80bc000 	C:\WINDOWS\System32\ADVAPI32.dll
0x00007ff9c9a30000 - 0x00007ff9c9acc000 	C:\WINDOWS\System32\sechost.dll
0x00007ff9c84e0000 - 0x00007ff9c860b000 	C:\WINDOWS\System32\RPCRT4.dll
0x00007ff9c90c0000 - 0x00007ff9c90c8000 	C:\WINDOWS\System32\PSAPI.DLL
0x00007ff9b22c0000 - 0x00007ff9b22c9000 	C:\WINDOWS\SYSTEM32\WSOCK32.dll
0x00007ff9b4000000 - 0x00007ff9b4027000 	C:\WINDOWS\SYSTEM32\WINMM.dll
0x00007ff9bd050000 - 0x00007ff9bd05a000 	C:\WINDOWS\SYSTEM32\VERSION.dll
0x00007ff9c8f30000 - 0x00007ff9c8f9b000 	C:\WINDOWS\System32\WS2_32.dll
0x00007ff9c5fa0000 - 0x00007ff9c5fb2000 	C:\WINDOWS\SYSTEM32\kernel.appcore.dll
0x00007ff9be950000 - 0x00007ff9be960000 	C:\Java\jdk11.0.8_10\bin\verify.dll
0x00007ff9c2470000 - 0x00007ff9c2654000 	C:\WINDOWS\SYSTEM32\DBGHELP.DLL
0x00007ff9b0790000 - 0x00007ff9b07bc000 	C:\WINDOWS\SYSTEM32\dbgcore.DLL
0x00007ff9c7df0000 - 0x00007ff9c7e70000 	C:\WINDOWS\System32\bcryptPrimitives.dll
0x00007ff9be2d0000 - 0x00007ff9be2f8000 	C:\Java\jdk11.0.8_10\bin\java.dll
0x00007ff9be620000 - 0x00007ff9be62a000 	C:\Java\jdk11.0.8_10\bin\jimage.dll
0x00007ff9be3c0000 - 0x00007ff9be3d7000 	C:\Java\jdk11.0.8_10\bin\zip.dll
0x00007ff9c9140000 - 0x00007ff9c9882000 	C:\WINDOWS\System32\SHELL32.dll
0x00007ff9c2660000 - 0x00007ff9c2df0000 	C:\WINDOWS\SYSTEM32\windows.storage.dll
0x00007ff9c9ad0000 - 0x00007ff9c9e25000 	C:\WINDOWS\System32\combase.dll
0x00007ff9c7160000 - 0x00007ff9c718c000 	C:\WINDOWS\SYSTEM32\Wldp.dll
0x00007ff9c9890000 - 0x00007ff9c993e000 	C:\WINDOWS\System32\SHCORE.dll
0x00007ff9c8df0000 - 0x00007ff9c8e45000 	C:\WINDOWS\System32\shlwapi.dll
0x00007ff9c7630000 - 0x00007ff9c764f000 	C:\WINDOWS\SYSTEM32\profapi.dll
0x00007ff9be2b0000 - 0x00007ff9be2c9000 	C:\Java\jdk11.0.8_10\bin\net.dll
0x00007ff9bc180000 - 0x00007ff9bc28c000 	C:\WINDOWS\SYSTEM32\WINHTTP.dll
0x00007ff9c6ee0000 - 0x00007ff9c6f4a000 	C:\WINDOWS\system32\mswsock.dll
0x00007ff9bd030000 - 0x00007ff9bd042000 	C:\Java\jdk11.0.8_10\bin\nio.dll
0x00007ff9bd000000 - 0x00007ff9bd009000 	C:\Java\jdk11.0.8_10\bin\management.dll
0x00007ff9b20b0000 - 0x00007ff9b20bb000 	C:\Java\jdk11.0.8_10\bin\management_ext.dll
0x00007ff9afda0000 - 0x00007ff9afdb7000 	C:\WINDOWS\system32\napinsp.dll
0x00007ff9afd80000 - 0x00007ff9afd9b000 	C:\WINDOWS\system32\pnrpnsp.dll
0x00007ff9bf380000 - 0x00007ff9bf395000 	C:\WINDOWS\system32\wshbth.dll
0x00007ff9bfdc0000 - 0x00007ff9bfddd000 	C:\WINDOWS\system32\NLAapi.dll
0x00007ff9c6b60000 - 0x00007ff9c6b9b000 	C:\WINDOWS\SYSTEM32\IPHLPAPI.DLL
0x00007ff9c6bb0000 - 0x00007ff9c6c7b000 	C:\WINDOWS\SYSTEM32\DNSAPI.dll
0x00007ff9c8cf0000 - 0x00007ff9c8cf8000 	C:\WINDOWS\System32\NSI.dll
0x00007ff9af7b0000 - 0x00007ff9af7c2000 	C:\WINDOWS\System32\winrnr.dll
0x00007ff9bd2d0000 - 0x00007ff9bd2da000 	C:\Windows\System32\rasadhlp.dll
0x00007ff9b45f0000 - 0x00007ff9b466f000 	C:\WINDOWS\System32\fwpuclnt.dll
0x00007ff9c7af0000 - 0x00007ff9c7b17000 	C:\WINDOWS\System32\bcrypt.dll
0x00007ff9c70c0000 - 0x00007ff9c70d8000 	C:\WINDOWS\SYSTEM32\CRYPTSP.dll
0x00007ff9c67d0000 - 0x00007ff9c6804000 	C:\WINDOWS\system32\rsaenh.dll
0x00007ff9c75f0000 - 0x00007ff9c761e000 	C:\WINDOWS\SYSTEM32\USERENV.dll
0x00007ff9c70b0000 - 0x00007ff9c70bc000 	C:\WINDOWS\SYSTEM32\CRYPTBASE.dll
0x00007ff9ba040000 - 0x00007ff9ba057000 	C:\WINDOWS\SYSTEM32\dhcpcsvc6.DLL
0x00007ff9bb3e0000 - 0x00007ff9bb3fd000 	C:\WINDOWS\SYSTEM32\dhcpcsvc.DLL
0x00007ff9ad0d0000 - 0x00007ff9ad0f5000 	C:\Java\jdk11.0.8_10\bin\sunec.dll

dbghelp: loaded successfully - version: 4.0.5 - missing functions: none
symbol engine: initialized successfully - sym options: 0x614 - pdb path: .;C:\Java\jdk11.0.8_10\bin;C:\WINDOWS\SYSTEM32;C:\WINDOWS\WinSxS\amd64_microsoft.windows.common-controls_6595b64144ccf1df_6.0.19041.844_none_ca00b6081b84eb1d;C:\Java\jdk11.0.8_10\bin\server

VM Arguments:
java_command: C:\Users\robin\AppData\Local\Temp\surefire13028712693287968642\surefirebooter1410673783123188469.jar C:\Users\robin\AppData\Local\Temp\surefire13028712693287968642 2021-03-14T14-34-13_496-jvmRun1 surefire1883793525031620116tmp surefire_05575785226540019031tmp
java_class_path (initial): C:\Users\robin\AppData\Local\Temp\surefire13028712693287968642\surefirebooter1410673783123188469.jar
Launcher Type: SUN_STANDARD

[Global flags]
     intx CICompilerCount                          = 4                                         {product} {ergonomic}
     uint ConcGCThreads                            = 2                                         {product} {ergonomic}
     uint G1ConcRefinementThreads                  = 8                                         {product} {ergonomic}
   size_t G1HeapRegionSize                         = 1048576                                   {product} {ergonomic}
    uintx GCDrainStackTargetSize                   = 64                                        {product} {ergonomic}
   size_t InitialHeapSize                          = 266338304                                 {product} {ergonomic}
   size_t MarkStackSize                            = 4194304                                   {product} {ergonomic}
   size_t MaxHeapSize                              = 4257218560                                {product} {ergonomic}
   size_t MaxNewSize                               = 2554331136                                {product} {ergonomic}
   size_t MinHeapDeltaBytes                        = 1048576                                   {product} {ergonomic}
    uintx NonNMethodCodeHeapSize                   = 5836300                                {pd product} {ergonomic}
    uintx NonProfiledCodeHeapSize                  = 122910970                              {pd product} {ergonomic}
    uintx ProfiledCodeHeapSize                     = 122910970                              {pd product} {ergonomic}
    uintx ReservedCodeCacheSize                    = 251658240                              {pd product} {ergonomic}
     bool SegmentedCodeCache                       = true                                      {product} {ergonomic}
     bool UseCompressedClassPointers               = true                                 {lp64_product} {ergonomic}
     bool UseCompressedOops                        = true                                 {lp64_product} {ergonomic}
     bool UseG1GC                                  = true                                      {product} {ergonomic}
     bool UseLargePagesIndividualAllocation        = false                                  {pd product} {ergonomic}

Logging:
Log output configuration:
 #0: stdout all=warning uptime,level,tags
 #1: stderr all=off uptime,level,tags

Environment Variables:
JAVA_HOME=C:\Java\jdk11.0.8_10
PATH=C:\Python39\Scripts\;C:\Python39\;C:\Python38\Scripts\;C:\Python38\;C:\Program Files (x86)\Razer Chroma SDK\bin;C:\Program Files\Razer Chroma SDK\bin;C:\Java\jdk11.0.8_10\bin;C:\Program Files (x86)\Razer\ChromaBroadcast\bin;C:\Program Files\Razer\ChromaBroadcast\bin;C:\Program Files\Microsoft MPI\Bin\;C:\Windows\system32;C:\Windows;C:\Windows\System32\Wbem;C:\Windows\System32\WindowsPowerShell\v1.0\;C:\Program Files (x86)\NVIDIA Corporation\PhysX\Common;C:\WINDOWS\system32;C:\WINDOWS;C:\WINDOWS\System32\Wbem;C:\WINDOWS\System32\WindowsPowerShell\v1.0\;C:\WINDOWS\System32\OpenSSH\;C:\ProgramData\chocolatey\bin;C:\Program Files\Microsoft VS Code\bin;C:\Program Files\NVIDIA Corporation\NVIDIA NvDLISR;C:\Users\robin\AppData\Roaming\nvm;C:\Program Files\Microsoft SQL Server\Client SDK\ODBC\130\Tools\Binn\;C:\Program Files (x86)\Microsoft SQL Server\140\Tools\Binn\;C:\Program Files\Microsoft SQL Server\140\Tools\Binn\;C:\Program Files\Microsoft SQL Server\140\DTS\Binn\;C:\RailsInstaller\DevKit;C:\Program Files\Microsoft\Web Platform Installer\;C:\Program Files\apache-maven-3.6.0\bin;C:\Python37;C:\Python37\Scripts;C:\Octave\Octave-4.2.1\bin;C:\ProgramData\chocolatey\lib\Elixir/bin;C:\Java\jdk-14.0.1\bin;C:\Program Files\MySQL\MySQL Server 8.0\bin;C:\Program Files (x86)\Yarn\bin\;C:\WINDOWS\system32;C:\WINDOWS;C:\WINDOWS\System32\Wbem;C:\WINDOWS\System32\WindowsPowerShell\v1.0\;C:\WINDOWS\System32\OpenSSH\;C:\WINDOWS\system32\config\systemprofile\AppData\Local\Microsoft\WindowsApps;C:\Program Files\nodejs\;C:\Program Files\Git\cmd;C:\Program Files (x86)\Intel\Intel(R) Management Engine Components\DAL;C:\Program Files\Intel\Intel(R) Management Engine Components\DAL;C:\Python37\Scripts\;C:\Python37\;C:\RailsInstaller\Ruby2.3.3\bin;C:\Users\robin\.conda\envs\gl-env\Anaconda2;C:\Users\robin\.conda\envs\gl-env\Anaconda2\Scripts;C:\Users\robin\.conda\envs\gl-env\Anaconda2\Library\bin;C:\Users\robin\AppData\Local\Microsoft\WindowsApps;C:\phantomjs-2.1.1-windows\bin;C:\Program F
USERNAME=robin
OS=Windows_NT
PROCESSOR_IDENTIFIER=Intel64 Family 6 Model 158 Stepping 9, GenuineIntel



---------------  S Y S T E M  ---------------

OS: Windows 10 , 64 bit Build 19041 (10.0.19041.804)
OS uptime: 2 days 1:55 hours
HyperV virtualization detected

CPU:total 8 (initial active 8) (4 cores per cpu, 2 threads per core) family 6 model 158 stepping 9, cmov, cx8, fxsr, mmx, sse, sse2, sse3, ssse3, sse4.1, sse4.2, popcnt, avx, avx2, aes, clmul, erms, 3dnowpref, lzcnt, ht, tsc, tscinvbit, bmi1, bmi2, adx, fma

Memory: 4k page, system-wide physical 16235M (4439M free)
TotalPageFile size 17259M (AvailPageFile size 57M)
current process WorkingSet (physical memory assigned to process): 541M, peak: 541M
current process commit charge ("private bytes"): 652M, peak: 713M

vm_info: OpenJDK 64-Bit Server VM (11.0.8+10-LTS) for windows-amd64 JRE (11.0.8+10-LTS), built on Jul 13 2020 00:42:50 by "Administrator" with MS VC++ 15.9 (VS2017)

END.
