#
# There is insufficient memory for the Java Runtime Environment to continue.
# Native memory allocation (mmap) failed to map 266338304 bytes for Failed to commit area from 0x0000000702400000 to 0x0000000712200000 of length 266338304.
# Possible reasons:
#   The system is out of physical RAM or swap space
#   The process is running with CompressedOops enabled, and the Java Heap may be blocking the growth of the native heap
# Possible solutions:
#   Reduce memory load on the system
#   Increase physical memory or swap space
#   Check if swap backing store is full
#   Decrease Java heap size (-Xmx/-Xms)
#   Decrease number of Java threads
#   Decrease Java thread stack sizes (-Xss)
#   Set larger code cache with -XX:ReservedCodeCacheSize=
# This output file may be truncated or incomplete.
#
#  Out of Memory Error (./src/hotspot/os/windows/os_windows.cpp:3303), pid=3704, tid=20284
#
# JRE version:  (11.0.8+10) (build )
# Java VM: OpenJDK 64-Bit Server VM (11.0.8+10-LTS, mixed mode, sharing, tiered, compressed oops, g1 gc, windows-amd64)
# No core dump will be written. Minidumps are not enabled by default on client versions of Windows
#

---------------  S U M M A R Y ------------

Command Line: C:\Users\robin\AppData\Local\Temp\surefire4518630833584253622\surefirebooter13068945823645984077.jar C:\Users\robin\AppData\Local\Temp\surefire4518630833584253622 2021-08-07T20-03-22_822-jvmRun1 surefire16873239625174233203tmp surefire_017119246737512508898tmp

Host: Intel(R) Core(TM) i7-7700HQ CPU @ 2.80GHz, 8 cores, 15G,  Windows 10 , 64 bit Build 19041 (10.0.19041.1151)
Time: Sat Aug  7 20:03:23 2021 Västeuropa, sommartid elapsed time: 0 seconds (0d 0h 0m 0s)

---------------  T H R E A D  ---------------

Current thread (0x0000018f193af800):  JavaThread "Unknown thread" [_thread_in_vm, id=20284, stack(0x0000003878e00000,0x0000003878f00000)]

Stack: [0x0000003878e00000,0x0000003878f00000]
Native frames: (J=compiled Java code, j=interpreted, Vv=VM code, C=native code)
V  [jvm.dll+0x5dfc8a]
V  [jvm.dll+0x7179be]
V  [jvm.dll+0x71908f]
V  [jvm.dll+0x719753]
V  [jvm.dll+0x240e48]
V  [jvm.dll+0x5dcefa]
V  [jvm.dll+0x5d1b65]
V  [jvm.dll+0x2f650c]
V  [jvm.dll+0x2f6392]
V  [jvm.dll+0x2fb046]
V  [jvm.dll+0x33f06f]
V  [jvm.dll+0x33eaa0]
V  [jvm.dll+0x2d38d8]
V  [jvm.dll+0x2d4a26]
V  [jvm.dll+0x6f36b7]
V  [jvm.dll+0x6f4e3f]
V  [jvm.dll+0x34bdf9]
V  [jvm.dll+0x6d6ac0]
V  [jvm.dll+0x3b332f]
V  [jvm.dll+0x3b55e1]
C  [jli.dll+0x520b]
C  [ucrtbase.dll+0x21bb2]
C  [KERNEL32.DLL+0x17034]
C  [ntdll.dll+0x52651]


---------------  P R O C E S S  ---------------

Threads class SMR info:
_java_thread_list=0x0000018f17183900, length=0, elements={
}

Java Threads: ( => current thread )

Other Threads:
  0x0000018f193c6000 GCTaskThread "GC Thread#0" [stack: 0x0000003878f00000,0x0000003879000000] [id=10132]
  0x0000018f19423800 ConcurrentGCThread "G1 Main Marker" [stack: 0x0000003879000000,0x0000003879100000] [id=19356]
  0x0000018f19426000 ConcurrentGCThread "G1 Conc#0" [stack: 0x0000003879100000,0x0000003879200000] [id=6436]

[error occurred during error reporting (printing all threads), id 0xc0000005, EXCEPTION_ACCESS_VIOLATION (0xc0000005) at pc=0x00007fff10a02f27]

VM state:not at safepoint (not fully initialized)

VM Mutex/Monitor currently owned by a thread:  ([mutex/lock_event])
[0x0000018f193abfe0] Heap_lock - owner thread: 0x0000018f193af800

Heap address: 0x0000000702400000, size: 4060 MB, Compressed Oops mode: Non-zero based: 0x0000000702400000
Narrow klass base: 0x0000000000000000, Narrow klass shift: 0

GC Heap History (0 events):
No events

Deoptimization events (0 events):
No events

Classes redefined (0 events):
No events

Internal exceptions (0 events):
No events

Events (1 events):
Event: 0.007 Loaded shared library C:\Java\jdk11.0.8_10\bin\zip.dll


Dynamic libraries:
0x00007ff77ed30000 - 0x00007ff77ed3d000 	C:\Java\jdk11.0.8_10\bin\java.exe
0x00007fffb0750000 - 0x00007fffb0945000 	C:\WINDOWS\SYSTEM32\ntdll.dll
0x00007fffaf570000 - 0x00007fffaf62d000 	C:\WINDOWS\System32\KERNEL32.DLL
0x00007fffae0d0000 - 0x00007fffae399000 	C:\WINDOWS\System32\KERNELBASE.dll
0x00007fffae480000 - 0x00007fffae580000 	C:\WINDOWS\System32\ucrtbase.dll
0x00007fff86650000 - 0x00007fff86667000 	C:\Java\jdk11.0.8_10\bin\jli.dll
0x00007fff82670000 - 0x00007fff82685000 	C:\Java\jdk11.0.8_10\bin\VCRUNTIME140.dll
0x00007fffaebe0000 - 0x00007fffaed80000 	C:\WINDOWS\System32\USER32.dll
0x00007fffae780000 - 0x00007fffae7a2000 	C:\WINDOWS\System32\win32u.dll
0x00007fff95960000 - 0x00007fff95bfa000 	C:\WINDOWS\WinSxS\amd64_microsoft.windows.common-controls_6595b64144ccf1df_6.0.19041.1110_none_60b5254171f9507e\COMCTL32.dll
0x00007fffb0160000 - 0x00007fffb018a000 	C:\WINDOWS\System32\GDI32.dll
0x00007fffb0190000 - 0x00007fffb022e000 	C:\WINDOWS\System32\msvcrt.dll
0x00007fffadf30000 - 0x00007fffae03b000 	C:\WINDOWS\System32\gdi32full.dll
0x00007fffae580000 - 0x00007fffae61d000 	C:\WINDOWS\System32\msvcp_win.dll
0x00007fffb0680000 - 0x00007fffb06b0000 	C:\WINDOWS\System32\IMM32.DLL
0x00007fff60d70000 - 0x00007fff60e0b000 	C:\Java\jdk11.0.8_10\bin\msvcp140.dll
0x00007fff10720000 - 0x00007fff111dd000 	C:\Java\jdk11.0.8_10\bin\server\jvm.dll
0x00007fffaed80000 - 0x00007fffaee2c000 	C:\WINDOWS\System32\ADVAPI32.dll
0x00007fffb04a0000 - 0x00007fffb053b000 	C:\WINDOWS\System32\sechost.dll
0x00007fffae7d0000 - 0x00007fffae8fa000 	C:\WINDOWS\System32\RPCRT4.dll
0x00007fffae7b0000 - 0x00007fffae7b8000 	C:\WINDOWS\System32\PSAPI.DLL
0x00007fff86ad0000 - 0x00007fff86af7000 	C:\WINDOWS\SYSTEM32\WINMM.dll
0x00007fff91ac0000 - 0x00007fff91ac9000 	C:\WINDOWS\SYSTEM32\WSOCK32.dll
0x00007fffa3640000 - 0x00007fffa364a000 	C:\WINDOWS\SYSTEM32\VERSION.dll
0x00007fffaff40000 - 0x00007fffaffab000 	C:\WINDOWS\System32\WS2_32.dll
0x00007fffac6e0000 - 0x00007fffac6f2000 	C:\WINDOWS\SYSTEM32\kernel.appcore.dll
0x00007fff93ff0000 - 0x00007fff94000000 	C:\Java\jdk11.0.8_10\bin\verify.dll
0x00007fffa8bb0000 - 0x00007fffa8d94000 	C:\WINDOWS\SYSTEM32\DBGHELP.DLL
0x00007fff907e0000 - 0x00007fff9080c000 	C:\WINDOWS\SYSTEM32\dbgcore.DLL
0x00007fffae3f0000 - 0x00007fffae473000 	C:\WINDOWS\System32\bcryptPrimitives.dll
0x00007fff7f000000 - 0x00007fff7f028000 	C:\Java\jdk11.0.8_10\bin\java.dll
0x00007fff8de70000 - 0x00007fff8de7a000 	C:\Java\jdk11.0.8_10\bin\jimage.dll
0x00007fff82020000 - 0x00007fff82037000 	C:\Java\jdk11.0.8_10\bin\zip.dll

dbghelp: loaded successfully - version: 4.0.5 - missing functions: none
symbol engine: initialized successfully - sym options: 0x614 - pdb path: .;C:\Java\jdk11.0.8_10\bin;C:\WINDOWS\SYSTEM32;C:\WINDOWS\WinSxS\amd64_microsoft.windows.common-controls_6595b64144ccf1df_6.0.19041.1110_none_60b5254171f9507e;C:\Java\jdk11.0.8_10\bin\server

VM Arguments:
java_command: C:\Users\robin\AppData\Local\Temp\surefire4518630833584253622\surefirebooter13068945823645984077.jar C:\Users\robin\AppData\Local\Temp\surefire4518630833584253622 2021-08-07T20-03-22_822-jvmRun1 surefire16873239625174233203tmp surefire_017119246737512508898tmp
java_class_path (initial): C:\Users\robin\AppData\Local\Temp\surefire4518630833584253622\surefirebooter13068945823645984077.jar
Launcher Type: SUN_STANDARD

[Global flags]
     intx CICompilerCount                          = 4                                         {product} {ergonomic}
     uint ConcGCThreads                            = 2                                         {product} {ergonomic}
     uint G1ConcRefinementThreads                  = 8                                         {product} {ergonomic}
   size_t G1HeapRegionSize                         = 1048576                                   {product} {ergonomic}
    uintx GCDrainStackTargetSize                   = 64                                        {product} {ergonomic}
   size_t InitialHeapSize                          = 266338304                                 {product} {ergonomic}
   size_t MarkStackSize                            = 4194304                                   {product} {ergonomic}
   size_t MaxHeapSize                              = 4257218560                                {product} {ergonomic}
   size_t MinHeapDeltaBytes                        = 1048576                                   {product} {ergonomic}
    uintx NonNMethodCodeHeapSize                   = 5836300                                {pd product} {ergonomic}
    uintx NonProfiledCodeHeapSize                  = 122910970                              {pd product} {ergonomic}
    uintx ProfiledCodeHeapSize                     = 122910970                              {pd product} {ergonomic}
    uintx ReservedCodeCacheSize                    = 251658240                              {pd product} {ergonomic}
     bool SegmentedCodeCache                       = true                                      {product} {ergonomic}
     bool UseCompressedClassPointers               = true                                 {lp64_product} {ergonomic}
     bool UseCompressedOops                        = true                                 {lp64_product} {ergonomic}
     bool UseG1GC                                  = true                                      {product} {ergonomic}
     bool UseLargePagesIndividualAllocation        = false                                  {pd product} {ergonomic}

Logging:
Log output configuration:
 #0: stdout all=warning uptime,level,tags
 #1: stderr all=off uptime,level,tags

Environment Variables:
JAVA_HOME=C:\Java\jdk11.0.8_10
PATH=C:\Python39\Scripts\;C:\Python39\;C:\Python38\Scripts\;C:\Python38\;C:\Program Files (x86)\Razer Chroma SDK\bin;C:\Program Files\Razer Chroma SDK\bin;C:\Java\jdk11.0.8_10\bin;C:\Program Files (x86)\Razer\ChromaBroadcast\bin;C:\Program Files\Razer\ChromaBroadcast\bin;C:\Program Files\Microsoft MPI\Bin\;C:\Windows\system32;C:\Windows;C:\Windows\System32\Wbem;C:\Windows\System32\WindowsPowerShell\v1.0\;C:\Program Files (x86)\NVIDIA Corporation\PhysX\Common;C:\WINDOWS\system32;C:\WINDOWS;C:\WINDOWS\System32\Wbem;C:\WINDOWS\System32\WindowsPowerShell\v1.0\;C:\WINDOWS\System32\OpenSSH\;C:\ProgramData\chocolatey\bin;C:\Program Files\Microsoft VS Code\bin;C:\Program Files\NVIDIA Corporation\NVIDIA NvDLISR;C:\Users\robin\AppData\Roaming\nvm;C:\Program Files\Microsoft SQL Server\Client SDK\ODBC\130\Tools\Binn\;C:\Program Files (x86)\Microsoft SQL Server\140\Tools\Binn\;C:\Program Files\Microsoft SQL Server\140\Tools\Binn\;C:\Program Files\Microsoft SQL Server\140\DTS\Binn\;C:\RailsInstaller\DevKit;C:\Program Files\Microsoft\Web Platform Installer\;C:\Program Files\apache-maven-3.6.0\bin;C:\Python37;C:\Python37\Scripts;C:\ProgramData\chocolatey\lib\Elixir/bin;C:\Java\jdk-14.0.1\bin;C:\Program Files\MySQL\MySQL Server 8.0\bin;C:\WINDOWS\system32;C:\WINDOWS;C:\WINDOWS\System32\Wbem;C:\WINDOWS\System32\WindowsPowerShell\v1.0\;C:\WINDOWS\System32\OpenSSH\;C:\WINDOWS\system32\config\systemprofile\AppData\Local\Microsoft\WindowsApps;C:\Program Files\nodejs\;C:\Program Files\GNU Octave\Octave-6.2.0\mingw64\bin;C:\Program Files (x86)\Intel\Intel(R) Management Engine Components\DAL;C:\Program Files\Intel\Intel(R) Management Engine Components\DAL;C:\Program Files\Git\cmd;C:\Program Files\Docker\Docker\resources\bin;C:\ProgramData\DockerDesktop\version-bin;C:\Program Files (x86)\Yarn\bin\;C:\Python37\Scripts\;C:\Python37\;C:\RailsInstaller\Ruby2.3.3\bin;C:\Users\robin\.conda\envs\gl-env\Anaconda2;C:\Users\robin\.conda\envs\gl-env\Anaconda2\Scripts;C:\Users\robin\.conda\envs\gl-env\Anac
USERNAME=robin
OS=Windows_NT
PROCESSOR_IDENTIFIER=Intel64 Family 6 Model 158 Stepping 9, GenuineIntel



---------------  S Y S T E M  ---------------

OS: Windows 10 , 64 bit Build 19041 (10.0.19041.1151)
OS uptime: 0 days 8:42 hours
HyperV virtualization detected

CPU:total 8 (initial active 8) (4 cores per cpu, 2 threads per core) family 6 model 158 stepping 9, cmov, cx8, fxsr, mmx, sse, sse2, sse3, ssse3, sse4.1, sse4.2, popcnt, avx, avx2, aes, clmul, erms, 3dnowpref, lzcnt, ht, tsc, tscinvbit, bmi1, bmi2, adx, fma

Memory: 4k page, system-wide physical 16235M (2918M free)
TotalPageFile size 17259M (AvailPageFile size 46M)
current process WorkingSet (physical memory assigned to process): 10M, peak: 10M
current process commit charge ("private bytes"): 60M, peak: 314M

vm_info: OpenJDK 64-Bit Server VM (11.0.8+10-LTS) for windows-amd64 JRE (11.0.8+10-LTS), built on Jul 13 2020 00:42:50 by "Administrator" with MS VC++ 15.9 (VS2017)

END.
