#
# There is insufficient memory for the Java Runtime Environment to continue.
# Native memory allocation (mmap) failed to map 266338304 bytes for G1 virtual space
# Possible reasons:
#   The system is out of physical RAM or swap space
#   The process is running with CompressedOops enabled, and the Java Heap may be blocking the growth of the native heap
# Possible solutions:
#   Reduce memory load on the system
#   Increase physical memory or swap space
#   Check if swap backing store is full
#   Decrease Java heap size (-Xmx/-Xms)
#   Decrease number of Java threads
#   Decrease Java thread stack sizes (-Xss)
#   Set larger code cache with -XX:ReservedCodeCacheSize=
#   JVM is running with Zero Based Compressed Oops mode in which the Java heap is
#     placed in the first 32GB address space. The Java Heap base address is the
#     maximum limit for the native heap growth. Please use -XX:HeapBaseMinAddress
#     to set the Java Heap base and to place the Java Heap above 32GB virtual address.
# This output file may be truncated or incomplete.
#
#  Out of Memory Error (os_windows.cpp:3469), pid=13128, tid=20360
#
# JRE version:  (17.0+35) (build )
# Java VM: Java HotSpot(TM) 64-Bit Server VM (17+35-LTS-2724, mixed mode, emulated-client, sharing, tiered, compressed oops, compressed class ptrs, g1 gc, windows-amd64)
# No core dump will be written. Minidumps are not enabled by default on client versions of Windows
#

---------------  S U M M A R Y ------------

Command Line: -XX:TieredStopAtLevel=1 nu.borjessons.clubhouse.impl.ClubhouseApplication

Host: Intel(R) Core(TM) i7-7700HQ CPU @ 2.80GHz, 8 cores, 15G,  Windows 10 , 64 bit Build 19041 (10.0.19041.1348)
Time: Thu Nov 18 22:22:49 2021 Västeuropa, normaltid elapsed time: 0.018769 seconds (0d 0h 0m 0s)

---------------  T H R E A D  ---------------

Current thread (0x0000019e374ff550):  JavaThread "Unknown thread" [_thread_in_vm, id=20360, stack(0x0000009398f00000,0x0000009399000000)]

Stack: [0x0000009398f00000,0x0000009399000000]
Native frames: (J=compiled Java code, j=interpreted, Vv=VM code, C=native code)
V  [jvm.dll+0x66f8ea]
V  [jvm.dll+0x7ce224]
V  [jvm.dll+0x7cf9ce]
V  [jvm.dll+0x7d0033]
V  [jvm.dll+0x242bb5]
V  [jvm.dll+0x66c909]
V  [jvm.dll+0x6613d2]
V  [jvm.dll+0x30082b]
V  [jvm.dll+0x307db6]
V  [jvm.dll+0x357a0e]
V  [jvm.dll+0x357c3f]
V  [jvm.dll+0x2d7ae8]
V  [jvm.dll+0x2d8a54]
V  [jvm.dll+0x7a00a1]
V  [jvm.dll+0x365781]
V  [jvm.dll+0x77f59c]
V  [jvm.dll+0x3e805f]
V  [jvm.dll+0x3e9b01]
C  [jli.dll+0x527b]
C  [ucrtbase.dll+0x21bb2]
C  [KERNEL32.DLL+0x17034]
C  [ntdll.dll+0x52651]


---------------  P R O C E S S  ---------------

Threads class SMR info:
_java_thread_list=0x00007ffe7fee7818, length=0, elements={
}

Java Threads: ( => current thread )

Other Threads:
  0x0000019e3754d870 GCTaskThread "GC Thread#0" [stack: 0x0000009399000000,0x0000009399100000] [id=18144]
  0x0000019e3755e570 ConcurrentGCThread "G1 Main Marker" [stack: 0x0000009399100000,0x0000009399200000] [id=6488]
  0x0000019e37560730 ConcurrentGCThread "G1 Conc#0" [stack: 0x0000009399200000,0x0000009399300000] [id=11396]

[error occurred during error reporting (printing all threads), id 0xc0000005, EXCEPTION_ACCESS_VIOLATION (0xc0000005) at pc=0x00007ffe7f7384c7]

VM state: not at safepoint (not fully initialized)

VM Mutex/Monitor currently owned by a thread:  ([mutex/lock_event])
[0x0000019e374f8de0] Heap_lock - owner thread: 0x0000019e374ff550

Heap address: 0x0000000702400000, size: 4060 MB, Compressed Oops mode: Zero based, Oop shift amount: 3

CDS archive(s) mapped at: [0x0000000000000000-0x0000000000000000-0x0000000000000000), size 0, SharedBaseAddress: 0x0000000800000000, ArchiveRelocationMode: 0.
Narrow klass base: 0x0000000000000000, Narrow klass shift: 0, Narrow klass range: 0x0

GC Precious Log:
<Empty>

Heap:
 garbage-first heap   total 0K, used 0K [0x0000000702400000, 0x0000000800000000)
  region size 2048K, 0 young (0K), 0 survivors (0K)

[error occurred during error reporting (printing heap information), id 0xc0000005, EXCEPTION_ACCESS_VIOLATION (0xc0000005) at pc=0x00007ffe7fb18c59]

GC Heap History (0 events):
No events

Deoptimization events (0 events):
No events

Classes unloaded (0 events):
No events

Classes redefined (0 events):
No events

Internal exceptions (0 events):
No events

VM Operations (0 events):
No events

Events (1 events):
Event: 0.007 Loaded shared library C:\Java\jdk-17\bin\java.dll


Dynamic libraries:
0x00007ff743b50000 - 0x00007ff743b60000 	C:\Java\jdk-17\bin\java.exe
0x00007fff08ad0000 - 0x00007fff08cc5000 	C:\WINDOWS\SYSTEM32\ntdll.dll
0x00007fff07610000 - 0x00007fff076ce000 	C:\WINDOWS\System32\KERNEL32.DLL
0x00007fff06440000 - 0x00007fff06708000 	C:\WINDOWS\System32\KERNELBASE.dll
0x00007fff06340000 - 0x00007fff06440000 	C:\WINDOWS\System32\ucrtbase.dll
0x00007ffeb7280000 - 0x00007ffeb729a000 	C:\Java\jdk-17\bin\VCRUNTIME140.dll
0x00007ffeb77a0000 - 0x00007ffeb77b8000 	C:\Java\jdk-17\bin\jli.dll
0x00007fff06dd0000 - 0x00007fff06e7c000 	C:\WINDOWS\System32\ADVAPI32.dll
0x00007fff06b20000 - 0x00007fff06bbe000 	C:\WINDOWS\System32\msvcrt.dll
0x00007fff08910000 - 0x00007fff089ab000 	C:\WINDOWS\System32\sechost.dll
0x00007fff06f40000 - 0x00007fff0706a000 	C:\WINDOWS\System32\RPCRT4.dll
0x00007fff07cf0000 - 0x00007fff07e91000 	C:\WINDOWS\System32\USER32.dll
0x00007ffee9080000 - 0x00007ffee931a000 	C:\WINDOWS\WinSxS\amd64_microsoft.windows.common-controls_6595b64144ccf1df_6.0.19041.1110_none_60b5254171f9507e\COMCTL32.dll
0x00007fff06940000 - 0x00007fff06962000 	C:\WINDOWS\System32\win32u.dll
0x00007fff06e80000 - 0x00007fff06eab000 	C:\WINDOWS\System32\GDI32.dll
0x00007fff069d0000 - 0x00007fff06add000 	C:\WINDOWS\System32\gdi32full.dll
0x00007fff06810000 - 0x00007fff068ad000 	C:\WINDOWS\System32\msvcp_win.dll
0x00007ffefb0a0000 - 0x00007ffefb0aa000 	C:\WINDOWS\SYSTEM32\VERSION.dll
0x00007fff06eb0000 - 0x00007fff06ee0000 	C:\WINDOWS\System32\IMM32.DLL
0x00007ffec7b30000 - 0x00007ffec7b3c000 	C:\Java\jdk-17\bin\vcruntime140_1.dll
0x00007ffe892a0000 - 0x00007ffe8932d000 	C:\Java\jdk-17\bin\msvcp140.dll
0x00007ffe7f450000 - 0x00007ffe8000e000 	C:\Java\jdk-17\bin\server\jvm.dll
0x00007fff06b10000 - 0x00007fff06b18000 	C:\WINDOWS\System32\PSAPI.DLL
0x00007ffeef790000 - 0x00007ffeef799000 	C:\WINDOWS\SYSTEM32\WSOCK32.dll
0x00007ffef17c0000 - 0x00007ffef17e7000 	C:\WINDOWS\SYSTEM32\WINMM.dll
0x00007fff075a0000 - 0x00007fff0760b000 	C:\WINDOWS\System32\WS2_32.dll
0x00007fff04a50000 - 0x00007fff04a62000 	C:\WINDOWS\SYSTEM32\kernel.appcore.dll
0x00007ffec7600000 - 0x00007ffec760a000 	C:\Java\jdk-17\bin\jimage.dll
0x00007fff00ef0000 - 0x00007fff010d4000 	C:\WINDOWS\SYSTEM32\DBGHELP.DLL
0x00007ffeec950000 - 0x00007ffeec97c000 	C:\WINDOWS\SYSTEM32\dbgcore.DLL
0x00007fff068b0000 - 0x00007fff06933000 	C:\WINDOWS\System32\bcryptPrimitives.dll
0x00007ffeb6910000 - 0x00007ffeb6935000 	C:\Java\jdk-17\bin\java.dll

dbghelp: loaded successfully - version: 4.0.5 - missing functions: none
symbol engine: initialized successfully - sym options: 0x614 - pdb path: .;C:\Java\jdk-17\bin;C:\WINDOWS\SYSTEM32;C:\WINDOWS\WinSxS\amd64_microsoft.windows.common-controls_6595b64144ccf1df_6.0.19041.1110_none_60b5254171f9507e;C:\Java\jdk-17\bin\server

VM Arguments:
jvm_args: -XX:TieredStopAtLevel=1 
java_command: nu.borjessons.clubhouse.impl.ClubhouseApplication
java_class_path (initial): C:\Users\robin\projects\clubhouse\clubhouse\clubhouse-app\target\classes;C:\Users\robin\.m2\repository\nu\borjessons\clubhouse\clubhouse-impl\0-SNAPSHOT\clubhouse-impl-0-SNAPSHOT.jar;C:\Users\robin\.m2\repository\org\aspectj\aspectjweaver\1.9.7\aspectjweaver-1.9.7.jar;C:\Users\robin\.m2\repository\com\zaxxer\HikariCP\4.0.3\HikariCP-4.0.3.jar;C:\Users\robin\.m2\repository\org\springframework\spring-jdbc\5.3.9\spring-jdbc-5.3.9.jar;C:\Users\robin\.m2\repository\jakarta\transaction\jakarta.transaction-api\1.3.3\jakarta.transaction-api-1.3.3.jar;C:\Users\robin\.m2\repository\jakarta\persistence\jakarta.persistence-api\2.2.3\jakarta.persistence-api-2.2.3.jar;C:\Users\robin\.m2\repository\org\hibernate\hibernate-core\5.4.32.Final\hibernate-core-5.4.32.Final.jar;C:\Users\robin\.m2\repository\org\jboss\logging\jboss-logging\3.4.2.Final\jboss-logging-3.4.2.Final.jar;C:\Users\robin\.m2\repository\org\javassist\javassist\3.27.0-GA\javassist-3.27.0-GA.jar;C:\Users\robin\.m2\repository\net\bytebuddy\byte-buddy\1.10.22\byte-buddy-1.10.22.jar;C:\Users\robin\.m2\repository\antlr\antlr\2.7.7\antlr-2.7.7.jar;C:\Users\robin\.m2\repository\org\jboss\jandex\2.2.3.Final\jandex-2.2.3.Final.jar;C:\Users\robin\.m2\repository\com\fasterxml\classmate\1.5.1\classmate-1.5.1.jar;C:\Users\robin\.m2\repository\org\dom4j\dom4j\2.1.3\dom4j-2.1.3.jar;C:\Users\robin\.m2\repository\org\hibernate\common\hibernate-commons-annotations\5.1.2.Final\hibernate-commons-annotations-5.1.2.Final.jar;C:\Users\robin\.m2\repository\org\glassfish\jaxb\jaxb-runtime\2.3.5\jaxb-runtime-2.3.5.jar;C:\Users\robin\.m2\repository\jakarta\xml\bind\jakarta.xml.bind-api\2.3.3\jakarta.xml.bind-api-2.3.3.jar;C:\Users\robin\.m2\repository\org\glassfish\jaxb\txw2\2.3.5\txw2-2.3.5.jar;C:\Users\robin\.m2\repository\com\sun\istack\istack-commons-runtime\3.0.12\istack-commons-runtime-3.0.12.jar;C:\Users\robin\.m2\repository\com\sun\activation\jakarta.activation\1.2.2\jakarta.activation-1.2.2.jar;C:\Users\ro
Launcher Type: SUN_STANDARD

[Global flags]
     intx CICompilerCount                          = 4                                         {product} {ergonomic}
     uint ConcGCThreads                            = 2                                         {product} {ergonomic}
     uint G1ConcRefinementThreads                  = 8                                         {product} {ergonomic}
   size_t G1HeapRegionSize                         = 2097152                                   {product} {ergonomic}
    uintx GCDrainStackTargetSize                   = 64                                        {product} {ergonomic}
   size_t InitialHeapSize                          = 266338304                                 {product} {ergonomic}
   size_t MarkStackSize                            = 4194304                                   {product} {ergonomic}
   size_t MaxHeapSize                              = 4257218560                                {product} {ergonomic}
   size_t MinHeapDeltaBytes                        = 2097152                                   {product} {ergonomic}
   size_t MinHeapSize                              = 8388608                                   {product} {ergonomic}
    uintx NonProfiledCodeHeapSize                  = 0                                      {pd product} {ergonomic}
     bool ProfileInterpreter                       = false                                  {pd product} {command line}
    uintx ProfiledCodeHeapSize                     = 0                                      {pd product} {ergonomic}
   size_t SoftMaxHeapSize                          = 4257218560                             {manageable} {ergonomic}
     intx TieredStopAtLevel                        = 1                                         {product} {command line}
     bool UseCompressedClassPointers               = true                           {product lp64_product} {ergonomic}
     bool UseCompressedOops                        = true                           {product lp64_product} {ergonomic}
     bool UseG1GC                                  = true                                      {product} {ergonomic}
     bool UseLargePagesIndividualAllocation        = false                                  {pd product} {ergonomic}

Logging:
Log output configuration:
 #0: stdout all=warning uptime,level,tags
 #1: stderr all=off uptime,level,tags

Environment Variables:
JAVA_HOME=C:\Java\jdk-17
PATH=C:\Python39\Scripts\;C:\Python39\;C:\Python38\Scripts\;C:\Python38\;C:\Program Files (x86)\Razer Chroma SDK\bin;C:\Program Files\Razer Chroma SDK\bin;C:\Program Files (x86)\Razer\ChromaBroadcast\bin;C:\Program Files\Razer\ChromaBroadcast\bin;C:\Program Files\Microsoft MPI\Bin\;C:\Windows\system32;C:\Windows;C:\Windows\System32\Wbem;C:\Windows\System32\WindowsPowerShell\v1.0\;C:\Program Files (x86)\NVIDIA Corporation\PhysX\Common;C:\WINDOWS\system32;C:\WINDOWS;C:\WINDOWS\System32\Wbem;C:\WINDOWS\System32\WindowsPowerShell\v1.0\;C:\WINDOWS\System32\OpenSSH\;C:\ProgramData\chocolatey\bin;C:\Program Files\Microsoft VS Code\bin;C:\Program Files\NVIDIA Corporation\NVIDIA NvDLISR;C:\Users\robin\AppData\Roaming\nvm;C:\Program Files\Microsoft SQL Server\Client SDK\ODBC\130\Tools\Binn\;C:\Program Files (x86)\Microsoft SQL Server\140\Tools\Binn\;C:\Program Files\Microsoft SQL Server\140\Tools\Binn\;C:\Program Files\Microsoft SQL Server\140\DTS\Binn\;C:\RailsInstaller\DevKit;C:\Program Files\Microsoft\Web Platform Installer\;C:\Program Files\apache-maven-3.6.0\bin;C:\Python37;C:\Python37\Scripts;C:\ProgramData\chocolatey\lib\Elixir/bin;C:\Program Files\MySQL\MySQL Server 8.0\bin;C:\WINDOWS\system32;C:\WINDOWS;C:\WINDOWS\System32\Wbem;C:\WINDOWS\System32\WindowsPowerShell\v1.0\;C:\WINDOWS\System32\OpenSSH\;C:\WINDOWS\system32\config\systemprofile\AppData\Local\Microsoft\WindowsApps;C:\Program Files\nodejs\;C:\Program Files\GNU Octave\Octave-6.2.0\mingw64\bin;C:\Program Files (x86)\Yarn\bin\;C:\Program Files (x86)\Intel\Intel(R) Management Engine Components\DAL;C:\Program Files\Intel\Intel(R) Management Engine Components\DAL;C:\Java\jdk-17\bin;C:\Program Files\Docker\Docker\resources\bin;C:\ProgramData\DockerDesktop\version-bin;C:\Program Files\Git\cmd;C:\Python37\Scripts\;C:\Python37\;C:\RailsInstaller\Ruby2.3.3\bin;C:\Users\robin\.conda\envs\gl-env\Anaconda2;C:\Users\robin\.conda\envs\gl-env\Anaconda2\Scripts;C:\Users\robin\.conda\envs\gl-env\Anaconda2\Library\bin;C:\Users\ro
USERNAME=robin
OS=Windows_NT
PROCESSOR_IDENTIFIER=Intel64 Family 6 Model 158 Stepping 9, GenuineIntel



---------------  S Y S T E M  ---------------

OS:
 Windows 10 , 64 bit Build 19041 (10.0.19041.1348)
OS uptime: 0 days 12:23 hours
Hyper-V role detected

CPU: total 8 (initial active 8) (4 cores per cpu, 2 threads per core) family 6 model 158 stepping 9 microcode 0xea, cx8, cmov, fxsr, ht, mmx, 3dnowpref, sse, sse2, sse3, ssse3, sse4.1, sse4.2, popcnt, lzcnt, tsc, tscinvbit, avx, avx2, aes, erms, clmul, bmi1, bmi2, adx, fma, vzeroupper, clflush, clflushopt, hv

Memory: 4k page, system-wide physical 16235M (4944M free)
TotalPageFile size 17259M (AvailPageFile size 134M)
current process WorkingSet (physical memory assigned to process): 10M, peak: 10M
current process commit charge ("private bytes"): 55M, peak: 309M

vm_info: Java HotSpot(TM) 64-Bit Server VM (17+35-LTS-2724) for windows-amd64 JRE (17+35-LTS-2724), built on Aug  5 2021 23:28:28 by "mach5one" with MS VC++ 16.8 (VS2019)

END.
